Loading agnews dataset...
Loading text content...
../data/agnews/
agnews
text
label matrix shape: torch.Size([3200, 4])
done.
Loading topic content...
../data/agnews/
agnews
topic
done.
Loading entity content...
../data/agnews/
agnews
entity
done.
Building graph...
Num of edges: 326219
train, vali, test:  160 1000 2000
Transfer to be transductive.


No. 1 test.

30
30
[torch.Size([512, 6]), torch.Size([6]), torch.Size([512]), torch.Size([5126, 512]), torch.Size([4962, 512]), torch.Size([4378, 512]), torch.Size([512, 1]), torch.Size([512, 1]), torch.Size([512, 1]), torch.Size([512, 1]), torch.Size([512, 1]), torch.Size([512, 1]), torch.Size([100, 1]), torch.Size([50, 512]), torch.Size([50]), torch.Size([100, 1]), torch.Size([50, 512]), torch.Size([50]), torch.Size([100, 1]), torch.Size([50, 512]), torch.Size([50]), torch.Size([100, 1]), torch.Size([50, 6]), torch.Size([50]), torch.Size([100, 1]), torch.Size([50, 6]), torch.Size([50]), torch.Size([100, 1]), torch.Size([50, 6]), torch.Size([50])]
Epoch: 0001 | loss: 1.8447 | loss: 1.6427 Ac:  25.00 fackACC:  0.0 legACC: 25.0 | time: 0.7429s
                                                                  | loss: 1.6441 Ac:  25.00 fackACC:  0.0 legACC: 25.0 | time: 0.0287s
Epoch: 0002 | loss: 1.7492 | loss: 1.5695 Ac:  25.00 fackACC:  0.0 legACC: 25.0 | time: 0.0772s
                                                                  | loss: 1.5716 Ac:  24.95 fackACC:  0.0 legACC: 25.0 | time: 0.0282s
Epoch: 0003 | loss: 1.6760 | loss: 1.5083 Ac:  29.20 fackACC:  0.0 legACC: 27.0 | time: 0.0736s
                                                                  | loss: 1.5105 Ac:  27.90 fackACC:  0.0 legACC: 26.0 | time: 0.0281s
Epoch: 0004 | loss: 1.5678 | loss: 1.4751 Ac:  26.10 fackACC:  0.0 legACC: 15.4 | time: 0.0759s
                                                                  | loss: 1.4773 Ac:  26.30 fackACC:  0.0 legACC: 16.7 | time: 0.0279s
Epoch: 0005 | loss: 1.4798 | loss: 1.4519 Ac:  25.20 fackACC:  0.0 legACC:  0.0 | time: 0.0728s
                                                                  | loss: 1.4542 Ac:  25.15 fackACC:  0.0 legACC:  0.0 | time: 0.0279s
Epoch: 0006 | loss: 1.4883 | loss: 1.4323 Ac:  25.00 fackACC:  0.0 legACC:  0.0 | time: 0.0724s
                                                                  | loss: 1.4351 Ac:  25.05 fackACC:100.0 legACC:  0.0 | time: 0.0279s
Epoch: 0007 | loss: 1.5419 | loss: 1.4124 Ac:  25.20 fackACC:100.0 legACC:  0.0 | time: 0.0690s
                                                                  | loss: 1.4156 Ac:  25.15 fackACC: 60.0 legACC:  0.0 | time: 0.0280s
Epoch: 0008 | loss: 1.5060 | loss: 1.3903 Ac:  26.10 fackACC: 91.7 legACC:  0.0 | time: 0.0706s
                                                                  | loss: 1.3939 Ac:  25.85 fackACC: 84.2 legACC:  0.0 | time: 0.0279s
Epoch: 0009 | loss: 1.4477 | loss: 1.3683 Ac:  28.10 fackACC: 93.3 legACC:  0.0 | time: 0.0700s
                                                                  | loss: 1.3712 Ac:  27.65 fackACC: 89.1 legACC:  0.0 | time: 0.0279s
Epoch: 0010 | loss: 1.4348 | loss: 1.3481 Ac:  31.40 fackACC: 88.4 legACC:  0.0 | time: 0.0693s
                                                                  | loss: 1.3487 Ac:  30.80 fackACC: 86.7 legACC:  0.0 | time: 0.0281s
Epoch: 0011 | loss: 1.3318 | loss: 1.3283 Ac:  39.80 fackACC: 84.8 legACC:  0.0 | time: 0.0764s
                                                                  | loss: 1.3273 Ac:  40.15 fackACC: 85.3 legACC:  0.0 | time: 0.0280s
Epoch: 0012 | loss: 1.3862 | loss: 1.3040 Ac:  49.50 fackACC: 77.8 legACC:100.0 | time: 0.0742s
                                                                  | loss: 1.3030 Ac:  48.25 fackACC: 80.8 legACC: 30.0 | time: 0.0283s
Epoch: 0013 | loss: 1.3989 | loss: 1.2828 Ac:  56.50 fackACC: 73.8 legACC: 88.2 | time: 0.0751s
                                                                  | loss: 1.2829 Ac:  54.60 fackACC: 76.2 legACC: 59.4 | time: 0.0283s
Epoch: 0014 | loss: 1.3227 | loss: 1.2684 Ac:  59.50 fackACC: 71.6 legACC: 56.8 | time: 0.0772s
                                                                  | loss: 1.2682 Ac:  58.50 fackACC: 72.7 legACC: 57.0 | time: 0.0289s
Epoch: 0015 | loss: 1.2362 | loss: 1.2556 Ac:  61.30 fackACC: 71.1 legACC: 54.9 | time: 0.0855s
                                                                  | loss: 1.2552 Ac:  60.10 fackACC: 72.1 legACC: 53.1 | time: 0.0392s
Epoch: 0016 | loss: 1.2652 | loss: 1.2390 Ac:  62.50 fackACC: 70.0 legACC: 54.0 | time: 0.0805s
                                                                  | loss: 1.2390 Ac:  61.75 fackACC: 71.3 legACC: 54.7 | time: 0.0377s
Epoch: 0017 | loss: 1.2927 | loss: 1.2206 Ac:  63.30 fackACC: 70.7 legACC: 56.8 | time: 0.0764s
                                                                  | loss: 1.2215 Ac:  62.85 fackACC: 71.8 legACC: 57.0 | time: 0.0284s
Epoch: 0018 | loss: 1.2426 | loss: 1.2017 Ac:  64.90 fackACC: 72.3 legACC: 61.3 | time: 0.0784s
                                                                  | loss: 1.2036 Ac:  63.45 fackACC: 73.6 legACC: 55.8 | time: 0.0284s
Epoch: 0019 | loss: 1.1671 | loss: 1.1820 Ac:  66.70 fackACC: 72.5 legACC: 62.6 | time: 0.0781s
                                                                  | loss: 1.1848 Ac:  65.60 fackACC: 74.9 legACC: 60.3 | time: 0.0285s
Epoch: 0020 | loss: 1.1484 | loss: 1.1614 Ac:  68.10 fackACC: 74.1 legACC: 63.4 | time: 0.0788s
                                                                  | loss: 1.1652 Ac:  67.70 fackACC: 75.6 legACC: 65.2 | time: 0.0285s
Epoch: 0021 | loss: 1.0900 | loss: 1.1396 Ac:  69.60 fackACC: 73.8 legACC: 66.0 | time: 0.0781s
                                                                  | loss: 1.1441 Ac:  69.00 fackACC: 75.8 legACC: 71.4 | time: 0.0400s
Epoch: 0022 | loss: 1.1075 | loss: 1.1149 Ac:  69.10 fackACC: 73.1 legACC: 72.0 | time: 0.0771s
                                                                  | loss: 1.1203 Ac:  69.35 fackACC: 76.3 legACC: 72.4 | time: 0.0284s
Epoch: 0023 | loss: 1.0882 | loss: 1.0916 Ac:  68.70 fackACC: 74.3 legACC: 70.9 | time: 0.0741s
                                                                  | loss: 1.0986 Ac:  68.75 fackACC: 77.1 legACC: 71.2 | time: 0.0285s
Epoch: 0024 | loss: 1.0935 | loss: 1.0721 Ac:  69.20 fackACC: 75.2 legACC: 71.4 | time: 0.0703s
                                                                  | loss: 1.0800 Ac:  69.05 fackACC: 77.8 legACC: 70.7 | time: 0.0280s
Epoch: 0025 | loss: 1.0944 | loss: 1.0563 Ac:  69.60 fackACC: 75.8 legACC: 70.1 | time: 0.0700s
                                                                  | loss: 1.0647 Ac:  69.50 fackACC: 78.8 legACC: 69.6 | time: 0.0280s
Epoch: 0026 | loss: 0.9691 | loss: 1.0423 Ac:  69.50 fackACC: 76.4 legACC: 68.5 | time: 0.0708s
                                                                  | loss: 1.0512 Ac:  69.55 fackACC: 79.2 legACC: 67.8 | time: 0.0281s
Epoch: 0027 | loss: 0.9387 | loss: 1.0289 Ac:  70.40 fackACC: 78.0 legACC: 67.3 | time: 0.0721s
                                                                  | loss: 1.0381 Ac:  70.25 fackACC: 80.0 legACC: 65.8 | time: 0.0281s
Epoch: 0028 | loss: 1.0897 | loss: 1.0178 Ac:  70.70 fackACC: 78.6 legACC: 65.1 | time: 0.0757s
                                                                  | loss: 1.0266 Ac:  71.45 fackACC: 81.7 legACC: 66.1 | time: 0.0281s
Epoch: 0029 | loss: 0.9896 | loss: 1.0057 Ac:  70.70 fackACC: 78.9 legACC: 65.7 | time: 0.0770s
                                                                  | loss: 1.0146 Ac:  71.50 fackACC: 81.6 legACC: 66.1 | time: 0.0284s
Epoch: 0030 | loss: 0.9433 | loss: 0.9956 Ac:  70.50 fackACC: 78.6 legACC: 67.0 | time: 0.0704s
                                                                  | loss: 1.0044 Ac:  71.55 fackACC: 81.5 legACC: 66.8 | time: 0.0283s
Epoch: 0031 | loss: 0.9923 | loss: 0.9875 Ac:  70.60 fackACC: 78.4 legACC: 68.8 | time: 0.0703s
                                                                  | loss: 0.9959 Ac:  71.50 fackACC: 81.0 legACC: 67.9 | time: 0.0281s
Epoch: 0032 | loss: 0.9563 | loss: 0.9777 Ac:  70.70 fackACC: 78.2 legACC: 69.1 | time: 0.0702s
                                                                  | loss: 0.9857 Ac:  71.65 fackACC: 80.5 legACC: 68.8 | time: 0.0281s
Epoch: 0033 | loss: 0.9259 | loss: 0.9673 Ac:  70.70 fackACC: 77.6 legACC: 68.8 | time: 0.0733s
                                                                  | loss: 0.9750 Ac:  71.80 fackACC: 80.1 legACC: 69.1 | time: 0.0281s
Epoch: 0034 | loss: 0.7942 | loss: 0.9564 Ac:  70.30 fackACC: 75.8 legACC: 68.0 | time: 0.0699s
                                                                  | loss: 0.9637 Ac:  72.10 fackACC: 79.3 legACC: 69.2 | time: 0.0281s
Epoch: 0035 | loss: 0.8287 | loss: 0.9465 Ac:  70.30 fackACC: 75.0 legACC: 65.4 | time: 0.0722s
                                                                  | loss: 0.9530 Ac:  72.30 fackACC: 78.7 legACC: 68.7 | time: 0.0280s
Epoch: 0036 | loss: 0.8279 | loss: 0.9364 Ac:  69.90 fackACC: 74.5 legACC: 63.0 | time: 0.0700s
                                                                  | loss: 0.9420 Ac:  71.95 fackACC: 78.2 legACC: 65.3 | time: 0.0281s
Epoch: 0037 | loss: 0.7933 | loss: 0.9273 Ac:  70.00 fackACC: 74.1 legACC: 62.8 | time: 0.0699s
                                                                  | loss: 0.9319 Ac:  72.05 fackACC: 77.7 legACC: 65.3 | time: 0.0281s
Epoch: 0038 | loss: 0.7371 | loss: 0.9187 Ac:  70.60 fackACC: 73.8 legACC: 63.2 | time: 0.0727s
                                                                  | loss: 0.9217 Ac:  71.80 fackACC: 77.2 legACC: 64.6 | time: 0.0280s
Epoch: 0039 | loss: 0.7304 | loss: 0.9111 Ac:  70.10 fackACC: 73.4 legACC: 61.2 | time: 0.0703s
                                                                  | loss: 0.9126 Ac:  71.80 fackACC: 77.2 legACC: 63.3 | time: 0.0280s
Epoch: 0040 | loss: 0.7596 | loss: 0.9037 Ac:  69.90 fackACC: 73.4 legACC: 59.8 | time: 0.0704s
                                                                  | loss: 0.9037 Ac:  72.10 fackACC: 77.2 legACC: 62.9 | time: 0.0281s
Epoch: 0041 | loss: 0.7021 | loss: 0.8961 Ac:  70.00 fackACC: 73.8 legACC: 57.6 | time: 0.0697s
                                                                  | loss: 0.8947 Ac:  72.05 fackACC: 77.2 legACC: 61.6 | time: 0.0280s
Epoch: 0042 | loss: 0.6598 | loss: 0.8881 Ac:  69.80 fackACC: 74.8 legACC: 56.4 | time: 0.0700s
                                                                  | loss: 0.8854 Ac:  72.45 fackACC: 77.8 legACC: 61.2 | time: 0.0281s
Epoch: 0043 | loss: 0.5780 | loss: 0.8809 Ac:  70.30 fackACC: 75.8 legACC: 57.5 | time: 0.0754s
                                                                  | loss: 0.8772 Ac:  72.55 fackACC: 78.8 legACC: 60.8 | time: 0.0281s
Epoch: 0044 | loss: 0.6522 | loss: 0.8745 Ac:  70.00 fackACC: 76.1 legACC: 57.6 | time: 0.0697s
                                                                  | loss: 0.8697 Ac:  72.70 fackACC: 79.4 legACC: 61.3 | time: 0.0281s
Epoch: 0045 | loss: 0.6136 | loss: 0.8693 Ac:  69.70 fackACC: 75.8 legACC: 55.6 | time: 0.0698s
                                                                  | loss: 0.8638 Ac:  72.45 fackACC: 80.2 legACC: 59.5 | time: 0.0281s
Epoch: 0046 | loss: 0.6106 | loss: 0.8648 Ac:  69.90 fackACC: 76.1 legACC: 54.7 | time: 0.0698s
                                                                  | loss: 0.8585 Ac:  72.45 fackACC: 81.0 legACC: 57.6 | time: 0.0281s
Epoch: 0047 | loss: 0.6733 | loss: 0.8608 Ac:  69.30 fackACC: 76.7 legACC: 52.4 | time: 0.0700s
                                                                  | loss: 0.8541 Ac:  72.05 fackACC: 81.3 legACC: 55.6 | time: 0.0281s
Epoch: 0048 | loss: 0.5417 | loss: 0.8576 Ac:  68.90 fackACC: 77.6 legACC: 50.0 | time: 0.0698s
                                                                  | loss: 0.8503 Ac:  72.00 fackACC: 82.3 legACC: 54.3 | time: 0.0281s
Epoch: 0049 | loss: 0.5851 | loss: 0.8549 Ac:  68.90 fackACC: 78.3 legACC: 50.0 | time: 0.0731s
                                                                  | loss: 0.8472 Ac:  71.75 fackACC: 82.5 legACC: 53.3 | time: 0.0283s
Epoch: 0050 | loss: 0.5824 | loss: 0.8526 Ac:  69.20 fackACC: 78.0 legACC: 51.0 | time: 0.0698s
                                                                  | loss: 0.8444 Ac:  71.85 fackACC: 82.5 legACC: 53.2 | time: 0.0281s
Epoch: 0051 | loss: 0.6419 | loss: 0.8507 Ac:  69.50 fackACC: 78.1 legACC: 51.0 | time: 0.0698s
                                                                  | loss: 0.8417 Ac:  72.00 fackACC: 82.2 legACC: 53.9 | time: 0.0281s
Epoch: 0052 | loss: 0.5329 | loss: 0.8495 Ac:  69.50 fackACC: 76.9 legACC: 51.0 | time: 0.0697s
                                                                  | loss: 0.8395 Ac:  72.55 fackACC: 82.1 legACC: 55.8 | time: 0.0281s
Epoch: 0053 | loss: 0.4664 | loss: 0.8484 Ac:  69.60 fackACC: 77.2 legACC: 51.5 | time: 0.0729s
                                                                  | loss: 0.8374 Ac:  72.45 fackACC: 81.3 legACC: 56.1 | time: 0.0281s
Epoch: 0054 | loss: 0.4631 | loss: 0.8478 Ac:  69.70 fackACC: 76.7 legACC: 52.7 | time: 0.0732s
                                                                  | loss: 0.8357 Ac:  72.85 fackACC: 81.2 legACC: 57.1 | time: 0.0281s
Epoch: 0055 | loss: 0.4706 | loss: 0.8484 Ac:  69.60 fackACC: 76.3 legACC: 52.5 | time: 0.0727s
                                                                  | loss: 0.8349 Ac:  72.75 fackACC: 80.7 legACC: 57.6 | time: 0.0280s
Epoch: 0056 | loss: 0.4698 | loss: 0.8489 Ac:  69.60 fackACC: 76.5 legACC: 53.9 | time: 0.0723s
                                                                  | loss: 0.8343 Ac:  72.85 fackACC: 80.5 legACC: 58.7 | time: 0.0281s
Epoch: 0057 | loss: 0.4348 | loss: 0.8502 Ac:  70.50 fackACC: 76.7 legACC: 57.2 | time: 0.0722s
                                                                  | loss: 0.8344 Ac:  73.00 fackACC: 80.3 legACC: 60.2 | time: 0.0280s
Epoch: 0058 | loss: 0.4423 | loss: 0.8516 Ac:  70.50 fackACC: 76.5 legACC: 58.7 | time: 0.0721s
                                                                  | loss: 0.8347 Ac:  72.90 fackACC: 80.4 legACC: 61.5 | time: 0.0280s
Epoch: 0059 | loss: 0.4254 | loss: 0.8531 Ac:  70.50 fackACC: 76.5 legACC: 58.7 | time: 0.0721s
                                                                  | loss: 0.8348 Ac:  72.75 fackACC: 80.2 legACC: 61.6 | time: 0.0280s
Epoch: 0060 | loss: 0.4333 | loss: 0.8555 Ac:  70.70 fackACC: 76.9 legACC: 58.9 | time: 0.0727s
                                                                  | loss: 0.8360 Ac:  72.60 fackACC: 80.4 legACC: 61.5 | time: 0.0280s
Epoch: 0061 | loss: 0.4235 | loss: 0.8583 Ac:  70.60 fackACC: 76.8 legACC: 60.0 | time: 0.0727s
                                                                  | loss: 0.8384 Ac:  72.70 fackACC: 80.4 legACC: 63.0 | time: 0.0281s
Epoch: 0062 | loss: 0.4086 | loss: 0.8619 Ac:  70.50 fackACC: 76.5 legACC: 60.3 | time: 0.0727s
                                                                  | loss: 0.8410 Ac:  72.50 fackACC: 80.3 legACC: 63.2 | time: 0.0280s
Epoch: 0063 | loss: 0.3833 | loss: 0.8636 Ac:  70.40 fackACC: 76.5 legACC: 59.5 | time: 0.0729s
                                                                  | loss: 0.8418 Ac:  72.60 fackACC: 80.8 legACC: 63.0 | time: 0.0281s
Epoch: 0064 | loss: 0.3301 | loss: 0.8644 Ac:  70.10 fackACC: 76.4 legACC: 59.1 | time: 0.0719s
                                                                  | loss: 0.8418 Ac:  72.60 fackACC: 80.8 legACC: 62.9 | time: 0.0280s
Epoch: 0065 | loss: 0.3727 | loss: 0.8607 Ac:  70.70 fackACC: 77.4 legACC: 60.1 | time: 0.0730s
                                                                  | loss: 0.8377 Ac:  72.75 fackACC: 81.1 legACC: 61.7 | time: 0.0281s
Epoch: 0066 | loss: 0.4171 | loss: 0.8549 Ac:  70.60 fackACC: 77.5 legACC: 59.2 | time: 0.0724s
                                                                  | loss: 0.8318 Ac:  72.90 fackACC: 81.5 legACC: 61.5 | time: 0.0280s
Epoch: 0067 | loss: 0.3494 | loss: 0.8487 Ac:  69.90 fackACC: 77.6 legACC: 55.8 | time: 0.0726s
                                                                  | loss: 0.8260 Ac:  73.25 fackACC: 82.5 legACC: 60.9 | time: 0.0281s
Epoch: 0068 | loss: 0.3002 | loss: 0.8445 Ac:  69.30 fackACC: 77.8 legACC: 52.2 | time: 0.0697s
                                                                  | loss: 0.8218 Ac:  72.70 fackACC: 82.9 legACC: 58.2 | time: 0.0281s
Epoch: 0069 | loss: 0.3261 | loss: 0.8422 Ac:  69.70 fackACC: 78.6 legACC: 52.4 | time: 0.0726s
                                                                  | loss: 0.8195 Ac:  72.50 fackACC: 83.0 legACC: 56.7 | time: 0.0281s
Epoch: 0070 | loss: 0.3341 | loss: 0.8420 Ac:  69.90 fackACC: 78.8 legACC: 52.0 | time: 0.0727s
                                                                  | loss: 0.8191 Ac:  72.25 fackACC: 83.0 legACC: 55.6 | time: 0.0280s
Epoch: 0071 | loss: 0.3973 | loss: 0.8436 Ac:  70.10 fackACC: 78.8 legACC: 50.7 | time: 0.0718s
                                                                  | loss: 0.8198 Ac:  71.90 fackACC: 82.9 legACC: 54.0 | time: 0.0280s
Epoch: 0072 | loss: 0.3126 | loss: 0.8460 Ac:  69.80 fackACC: 78.6 legACC: 49.6 | time: 0.0719s
                                                                  | loss: 0.8211 Ac:  71.90 fackACC: 82.6 legACC: 53.4 | time: 0.0280s
Epoch: 0073 | loss: 0.3771 | loss: 0.8484 Ac:  69.10 fackACC: 78.3 legACC: 47.8 | time: 0.0728s
                                                                  | loss: 0.8228 Ac:  71.30 fackACC: 82.5 legACC: 51.2 | time: 0.0281s
Epoch: 0074 | loss: 0.3234 | loss: 0.8508 Ac:  69.10 fackACC: 78.4 legACC: 47.7 | time: 0.0728s
                                                                  | loss: 0.8248 Ac:  70.85 fackACC: 82.5 legACC: 50.1 | time: 0.0297s
Epoch: 0075 | loss: 0.3042 | loss: 0.8525 Ac:  69.00 fackACC: 78.4 legACC: 47.3 | time: 0.0729s
                                                                  | loss: 0.8260 Ac:  70.60 fackACC: 82.5 legACC: 49.4 | time: 0.0280s
Epoch: 0076 | loss: 0.2490 | loss: 0.8533 Ac:  69.00 fackACC: 78.6 legACC: 47.5 | time: 0.0723s
                                                                  | loss: 0.8258 Ac:  70.75 fackACC: 82.5 legACC: 50.0 | time: 0.0280s
Epoch: 0077 | loss: 0.2295 | loss: 0.8542 Ac:  69.20 fackACC: 78.8 legACC: 48.2 | time: 0.0724s
                                                                  | loss: 0.8259 Ac:  70.95 fackACC: 82.5 legACC: 50.5 | time: 0.0280s
Epoch: 0078 | loss: 0.2637 | loss: 0.8552 Ac:  69.60 fackACC: 78.9 legACC: 49.2 | time: 0.0730s
                                                                  | loss: 0.8263 Ac:  70.90 fackACC: 82.3 legACC: 50.6 | time: 0.0281s
Epoch: 0079 | loss: 0.3552 | loss: 0.8564 Ac:  69.40 fackACC: 78.2 legACC: 48.8 | time: 0.0715s
                                                                  | loss: 0.8268 Ac:  70.95 fackACC: 82.3 legACC: 50.8 | time: 0.0281s
Epoch: 0080 | loss: 0.2771 | loss: 0.8571 Ac:  69.40 fackACC: 78.1 legACC: 49.1 | time: 0.0707s
                                                                  | loss: 0.8269 Ac:  70.85 fackACC: 82.3 legACC: 50.7 | time: 0.0281s
Epoch: 0081 | loss: 0.3495 | loss: 0.8582 Ac:  69.80 fackACC: 78.3 legACC: 50.0 | time: 0.0722s
                                                                  | loss: 0.8274 Ac:  71.05 fackACC: 82.3 legACC: 51.6 | time: 0.0280s
Epoch: 0082 | loss: 0.2871 | loss: 0.8599 Ac:  70.30 fackACC: 78.0 legACC: 51.6 | time: 0.0726s
                                                                  | loss: 0.8287 Ac:  71.40 fackACC: 82.3 legACC: 53.0 | time: 0.0281s
Epoch: 0083 | loss: 0.2246 | loss: 0.8625 Ac:  69.90 fackACC: 78.2 legACC: 52.0 | time: 0.0724s
                                                                  | loss: 0.8307 Ac:  71.30 fackACC: 82.4 legACC: 53.9 | time: 0.0280s
Epoch: 0084 | loss: 0.2446 | loss: 0.8651 Ac:  69.60 fackACC: 78.0 legACC: 51.9 | time: 0.0725s
                                                                  | loss: 0.8326 Ac:  71.75 fackACC: 82.7 legACC: 55.8 | time: 0.0281s
Epoch: 0085 | loss: 0.2571 | loss: 0.8692 Ac:  69.60 fackACC: 77.7 legACC: 52.5 | time: 0.0727s
                                                                  | loss: 0.8358 Ac:  71.95 fackACC: 82.8 legACC: 56.8 | time: 0.0280s
Epoch: 0086 | loss: 0.2259 | loss: 0.8735 Ac:  70.20 fackACC: 78.1 legACC: 55.0 | time: 0.0713s
                                                                  | loss: 0.8392 Ac:  72.15 fackACC: 82.8 legACC: 58.3 | time: 0.0282s
Epoch: 0087 | loss: 0.2090 | loss: 0.8773 Ac:  70.20 fackACC: 78.6 legACC: 54.9 | time: 0.0713s
                                                                  | loss: 0.8427 Ac:  72.35 fackACC: 82.9 legACC: 58.9 | time: 0.0281s
Epoch: 0088 | loss: 0.2151 | loss: 0.8821 Ac:  70.30 fackACC: 78.8 legACC: 55.3 | time: 0.0714s
                                                                  | loss: 0.8471 Ac:  72.10 fackACC: 82.9 legACC: 59.0 | time: 0.0281s
Epoch: 0089 | loss: 0.1936 | loss: 0.8865 Ac:  70.20 fackACC: 78.6 legACC: 56.1 | time: 0.0713s
                                                                  | loss: 0.8516 Ac:  72.05 fackACC: 82.8 legACC: 59.5 | time: 0.0282s
Epoch: 0090 | loss: 0.2422 | loss: 0.8904 Ac:  70.00 fackACC: 78.1 legACC: 56.6 | time: 0.0713s
                                                                  | loss: 0.8553 Ac:  71.95 fackACC: 82.5 legACC: 58.9 | time: 0.0280s
Epoch: 0091 | loss: 0.2387 | loss: 0.8923 Ac:  69.90 fackACC: 77.7 legACC: 56.1 | time: 0.0726s
                                                                  | loss: 0.8581 Ac:  72.00 fackACC: 82.5 legACC: 58.7 | time: 0.0281s
Epoch: 0092 | loss: 0.2279 | loss: 0.8934 Ac:  69.70 fackACC: 77.9 legACC: 54.3 | time: 0.0713s
                                                                  | loss: 0.8598 Ac:  72.00 fackACC: 82.5 legACC: 58.6 | time: 0.0281s
Epoch: 0093 | loss: 0.2670 | loss: 0.8914 Ac:  69.90 fackACC: 77.7 legACC: 53.5 | time: 0.0726s
                                                                  | loss: 0.8591 Ac:  71.90 fackACC: 82.8 legACC: 57.6 | time: 0.0281s
Epoch: 0094 | loss: 0.2151 | loss: 0.8910 Ac:  69.90 fackACC: 77.9 legACC: 53.1 | time: 0.0726s
                                                                  | loss: 0.8597 Ac:  71.70 fackACC: 82.9 legACC: 56.3 | time: 0.0281s
Epoch: 0095 | loss: 0.1976 | loss: 0.8897 Ac:  69.20 fackACC: 77.1 legACC: 52.2 | time: 0.0725s
                                                                  | loss: 0.8593 Ac:  71.70 fackACC: 83.1 legACC: 55.7 | time: 0.0280s
Epoch: 0096 | loss: 0.2026 | loss: 0.8893 Ac:  68.50 fackACC: 77.2 legACC: 50.5 | time: 0.0732s
                                                                  | loss: 0.8598 Ac:  70.80 fackACC: 83.0 legACC: 53.1 | time: 0.0281s
Epoch: 0097 | loss: 0.1910 | loss: 0.8897 Ac:  69.00 fackACC: 77.7 legACC: 51.0 | time: 0.0712s
                                                                  | loss: 0.8609 Ac:  70.70 fackACC: 83.1 legACC: 52.9 | time: 0.0280s
Epoch: 0098 | loss: 0.1938 | loss: 0.8912 Ac:  68.90 fackACC: 77.7 legACC: 50.7 | time: 0.0726s
                                                                  | loss: 0.8625 Ac:  70.75 fackACC: 83.1 legACC: 52.4 | time: 0.0280s
Epoch: 0099 | loss: 0.1960 | loss: 0.8928 Ac:  68.70 fackACC: 77.4 legACC: 50.5 | time: 0.0727s
                                                                  | loss: 0.8644 Ac:  70.55 fackACC: 83.2 legACC: 51.5 | time: 0.0283s
Epoch: 0100 | loss: 0.2770 | loss: 0.8951 Ac:  68.70 fackACC: 77.9 legACC: 50.0 | time: 0.0715s
                                                                  | loss: 0.8668 Ac:  70.40 fackACC: 83.2 legACC: 51.2 | time: 0.0281s
Epoch: 0101 | loss: 0.1879 | loss: 0.8976 Ac:  68.60 fackACC: 77.9 legACC: 49.3 | time: 0.0726s
                                                                  | loss: 0.8692 Ac:  70.10 fackACC: 83.2 legACC: 50.4 | time: 0.0280s
Epoch: 0102 | loss: 0.1827 | loss: 0.9004 Ac:  68.90 fackACC: 77.9 legACC: 49.8 | time: 0.0727s
                                                                  | loss: 0.8718 Ac:  70.00 fackACC: 83.0 legACC: 49.9 | time: 0.0281s
Epoch: 0103 | loss: 0.1519 | loss: 0.9036 Ac:  68.60 fackACC: 77.9 legACC: 49.6 | time: 0.0713s
                                                                  | loss: 0.8746 Ac:  69.90 fackACC: 82.7 legACC: 49.6 | time: 0.0281s
Epoch: 0104 | loss: 0.1438 | loss: 0.9070 Ac:  68.70 fackACC: 78.0 legACC: 49.6 | time: 0.0713s
                                                                  | loss: 0.8777 Ac:  69.75 fackACC: 82.6 legACC: 49.6 | time: 0.0281s
Epoch: 0105 | loss: 0.2255 | loss: 0.9103 Ac:  68.50 fackACC: 78.0 legACC: 49.1 | time: 0.0726s
                                                                  | loss: 0.8806 Ac:  69.80 fackACC: 82.6 legACC: 50.0 | time: 0.0281s
Epoch: 0106 | loss: 0.1389 | loss: 0.9138 Ac:  68.60 fackACC: 77.8 legACC: 49.5 | time: 0.0698s
                                                                  | loss: 0.8835 Ac:  69.95 fackACC: 82.6 legACC: 50.5 | time: 0.0281s
Epoch: 0107 | loss: 0.1820 | loss: 0.9168 Ac:  68.60 fackACC: 77.5 legACC: 49.1 | time: 0.0714s
                                                                  | loss: 0.8858 Ac:  70.00 fackACC: 82.3 legACC: 51.0 | time: 0.0281s
Epoch: 0108 | loss: 0.1326 | loss: 0.9202 Ac:  68.50 fackACC: 77.5 legACC: 48.8 | time: 0.0724s
                                                                  | loss: 0.8885 Ac:  70.10 fackACC: 82.3 legACC: 51.3 | time: 0.0281s
Epoch: 0109 | loss: 0.1549 | loss: 0.9238 Ac:  68.60 fackACC: 77.4 legACC: 49.3 | time: 0.0698s
                                                                  | loss: 0.8913 Ac:  70.10 fackACC: 82.3 legACC: 51.7 | time: 0.0280s
Epoch: 0110 | loss: 0.1291 | loss: 0.9271 Ac:  68.70 fackACC: 77.4 legACC: 49.5 | time: 0.0717s
                                                                  | loss: 0.8935 Ac:  70.25 fackACC: 82.4 legACC: 51.7 | time: 0.0281s
Epoch: 0111 | loss: 0.1992 | loss: 0.9306 Ac:  68.60 fackACC: 77.3 legACC: 49.5 | time: 0.0727s
                                                                  | loss: 0.8959 Ac:  70.30 fackACC: 82.4 legACC: 52.2 | time: 0.0280s
Epoch: 0112 | loss: 0.1733 | loss: 0.9333 Ac:  68.60 fackACC: 77.2 legACC: 49.8 | time: 0.0699s
                                                                  | loss: 0.8979 Ac:  70.25 fackACC: 82.3 legACC: 52.2 | time: 0.0280s
Epoch: 0113 | loss: 0.1351 | loss: 0.9351 Ac:  68.40 fackACC: 77.2 legACC: 49.0 | time: 0.0714s
                                                                  | loss: 0.8996 Ac:  70.15 fackACC: 82.7 legACC: 51.8 | time: 0.0281s
Epoch: 0114 | loss: 0.1300 | loss: 0.9378 Ac:  68.50 fackACC: 77.7 legACC: 49.0 | time: 0.0727s
                                                                  | loss: 0.9022 Ac:  70.25 fackACC: 82.8 legACC: 52.2 | time: 0.0280s
Epoch: 0115 | loss: 0.1553 | loss: 0.9412 Ac:  68.40 fackACC: 77.7 legACC: 49.3 | time: 0.0725s
                                                                  | loss: 0.9053 Ac:  70.30 fackACC: 82.9 legACC: 52.4 | time: 0.0281s
Epoch: 0116 | loss: 0.1044 | loss: 0.9455 Ac:  68.60 fackACC: 77.7 legACC: 50.0 | time: 0.0727s
                                                                  | loss: 0.9092 Ac:  70.35 fackACC: 83.0 legACC: 53.0 | time: 0.0280s
Epoch: 0117 | loss: 0.1338 | loss: 0.9504 Ac:  68.50 fackACC: 78.0 legACC: 50.3 | time: 0.0712s
                                                                  | loss: 0.9135 Ac:  70.30 fackACC: 83.1 legACC: 53.1 | time: 0.0281s
Epoch: 0118 | loss: 0.1277 | loss: 0.9549 Ac:  68.70 fackACC: 78.0 legACC: 50.8 | time: 0.0714s
                                                                  | loss: 0.9176 Ac:  70.40 fackACC: 83.1 legACC: 53.6 | time: 0.0280s
Epoch: 0119 | loss: 0.1526 | loss: 0.9578 Ac:  68.60 fackACC: 78.0 legACC: 51.1 | time: 0.0713s
                                                                  | loss: 0.9199 Ac:  70.15 fackACC: 82.7 legACC: 53.5 | time: 0.0280s
Epoch: 0120 | loss: 0.1488 | loss: 0.9598 Ac:  68.80 fackACC: 77.9 legACC: 51.6 | time: 0.0719s
                                                                  | loss: 0.9215 Ac:  70.00 fackACC: 82.6 legACC: 53.3 | time: 0.0281s
Epoch: 0121 | loss: 0.1395 | loss: 0.9599 Ac:  68.60 fackACC: 77.5 legACC: 50.8 | time: 0.0738s
                                                                  | loss: 0.9215 Ac:  69.85 fackACC: 82.4 legACC: 52.9 | time: 0.0280s
Epoch: 0122 | loss: 0.1389 | loss: 0.9594 Ac:  68.50 fackACC: 77.5 legACC: 50.3 | time: 0.0713s
                                                                  | loss: 0.9211 Ac:  69.85 fackACC: 82.4 legACC: 52.9 | time: 0.0281s
Epoch: 0123 | loss: 0.1303 | loss: 0.9583 Ac:  68.40 fackACC: 77.5 legACC: 50.0 | time: 0.0726s
                                                                  | loss: 0.9204 Ac:  69.95 fackACC: 82.6 legACC: 52.9 | time: 0.0280s
Epoch: 0124 | loss: 0.1468 | loss: 0.9570 Ac:  68.60 fackACC: 77.5 legACC: 50.5 | time: 0.0702s
                                                                  | loss: 0.9198 Ac:  69.85 fackACC: 83.1 legACC: 52.6 | time: 0.0310s
Epoch: 0125 | loss: 0.1262 | loss: 0.9547 Ac:  68.90 fackACC: 78.0 legACC: 51.0 | time: 0.0756s
                                                                  | loss: 0.9183 Ac:  69.65 fackACC: 83.4 legACC: 51.8 | time: 0.0281s
Epoch: 0126 | loss: 0.1437 | loss: 0.9534 Ac:  68.10 fackACC: 77.9 legACC: 49.0 | time: 0.0704s
                                                                  | loss: 0.9177 Ac:  69.75 fackACC: 83.4 legACC: 51.4 | time: 0.0281s
Epoch: 0127 | loss: 0.1121 | loss: 0.9522 Ac:  67.90 fackACC: 78.3 legACC: 48.1 | time: 0.0696s
                                                                  | loss: 0.9174 Ac:  69.50 fackACC: 83.3 legACC: 50.2 | time: 0.0280s
Epoch: 0128 | loss: 0.1366 | loss: 0.9516 Ac:  67.80 fackACC: 78.2 legACC: 48.0 | time: 0.0698s
                                                                  | loss: 0.9180 Ac:  69.25 fackACC: 83.7 legACC: 49.4 | time: 0.0281s
Epoch: 0129 | loss: 0.1230 | loss: 0.9517 Ac:  67.70 fackACC: 78.7 legACC: 47.5 | time: 0.0732s
                                                                  | loss: 0.9189 Ac:  68.75 fackACC: 83.8 legACC: 48.2 | time: 0.0281s
Epoch: 0130 | loss: 0.1085 | loss: 0.9522 Ac:  67.20 fackACC: 78.8 legACC: 46.4 | time: 0.0712s
                                                                  | loss: 0.9202 Ac:  68.20 fackACC: 83.6 legACC: 47.0 | time: 0.0280s
Epoch: 0131 | loss: 0.1309 | loss: 0.9531 Ac:  67.00 fackACC: 78.9 legACC: 45.5 | time: 0.0713s
                                                                  | loss: 0.9217 Ac:  68.05 fackACC: 83.8 legACC: 46.5 | time: 0.0280s
Epoch: 0132 | loss: 0.1026 | loss: 0.9543 Ac:  66.80 fackACC: 79.3 legACC: 44.8 | time: 0.0714s
                                                                  | loss: 0.9250 Ac:  67.65 fackACC: 83.9 legACC: 45.9 | time: 0.0280s
Epoch: 0133 | loss: 0.1523 | loss: 0.9559 Ac:  66.60 fackACC: 79.2 legACC: 44.2 | time: 0.0728s
                                                                  | loss: 0.9282 Ac:  67.85 fackACC: 83.9 legACC: 46.1 | time: 0.0279s
Epoch: 0134 | loss: 0.0948 | loss: 0.9574 Ac:  66.60 fackACC: 79.7 legACC: 44.2 | time: 0.0716s
                                                                  | loss: 0.9311 Ac:  67.50 fackACC: 83.9 legACC: 45.6 | time: 0.0281s
Epoch: 0135 | loss: 0.0759 | loss: 0.9591 Ac:  66.40 fackACC: 79.7 legACC: 43.6 | time: 0.0696s
                                                                  | loss: 0.9339 Ac:  67.50 fackACC: 83.7 legACC: 45.5 | time: 0.0281s
Epoch: 0136 | loss: 0.1111 | loss: 0.9606 Ac:  66.10 fackACC: 79.7 legACC: 43.5 | time: 0.0712s
                                                                  | loss: 0.9362 Ac:  67.35 fackACC: 83.7 legACC: 45.3 | time: 0.0281s
Epoch: 0137 | loss: 0.0946 | loss: 0.9622 Ac:  66.10 fackACC: 79.7 legACC: 43.5 | time: 0.0727s
                                                                  | loss: 0.9388 Ac:  67.40 fackACC: 83.7 legACC: 45.3 | time: 0.0280s
Epoch: 0138 | loss: 0.0724 | loss: 0.9639 Ac:  66.40 fackACC: 79.5 legACC: 43.9 | time: 0.0700s
                                                                  | loss: 0.9413 Ac:  67.30 fackACC: 83.7 legACC: 45.0 | time: 0.0280s
Epoch: 0139 | loss: 0.1268 | loss: 0.9653 Ac:  66.40 fackACC: 79.5 legACC: 43.9 | time: 0.0718s
                                                                  | loss: 0.9432 Ac:  67.35 fackACC: 83.7 legACC: 45.2 | time: 0.0281s
Epoch: 0140 | loss: 0.1099 | loss: 0.9682 Ac:  66.60 fackACC: 79.5 legACC: 43.8 | time: 0.0726s
                                                                  | loss: 0.9465 Ac:  67.45 fackACC: 83.5 legACC: 45.2 | time: 0.0281s
Epoch: 0141 | loss: 0.1352 | loss: 0.9710 Ac:  66.60 fackACC: 79.6 legACC: 43.9 | time: 0.0697s
                                                                  | loss: 0.9493 Ac:  67.20 fackACC: 83.4 legACC: 44.9 | time: 0.0280s
Epoch: 0142 | loss: 0.0978 | loss: 0.9738 Ac:  66.80 fackACC: 79.1 legACC: 44.4 | time: 0.0726s
                                                                  | loss: 0.9514 Ac:  67.25 fackACC: 83.1 legACC: 45.0 | time: 0.0281s
Epoch: 0143 | loss: 0.1627 | loss: 0.9762 Ac:  66.50 fackACC: 78.5 legACC: 44.0 | time: 0.0725s
                                                                  | loss: 0.9541 Ac:  66.95 fackACC: 82.7 legACC: 44.6 | time: 0.0280s
Epoch: 0144 | loss: 0.1310 | loss: 0.9793 Ac:  66.50 fackACC: 77.9 legACC: 43.7 | time: 0.0698s
                                                                  | loss: 0.9574 Ac:  67.35 fackACC: 82.9 legACC: 45.1 | time: 0.0281s
Epoch: 0145 | loss: 0.0860 | loss: 0.9830 Ac:  66.90 fackACC: 77.5 legACC: 44.4 | time: 0.0726s
                                                                  | loss: 0.9610 Ac:  67.45 fackACC: 82.7 legACC: 45.2 | time: 0.0281s
Epoch: 0146 | loss: 0.1037 | loss: 0.9880 Ac:  66.60 fackACC: 77.5 legACC: 43.7 | time: 0.0727s
                                                                  | loss: 0.9651 Ac:  67.35 fackACC: 82.1 legACC: 45.2 | time: 0.0281s
Epoch: 0147 | loss: 0.1347 | loss: 0.9916 Ac:  66.70 fackACC: 77.6 legACC: 43.8 | time: 0.0726s
                                                                  | loss: 0.9670 Ac:  67.50 fackACC: 81.8 legACC: 45.4 | time: 0.0280s
Epoch: 0148 | loss: 0.0984 | loss: 0.9937 Ac:  67.00 fackACC: 77.7 legACC: 44.6 | time: 0.0697s
                                                                  | loss: 0.9674 Ac:  67.60 fackACC: 81.8 legACC: 45.7 | time: 0.0282s
Epoch: 0149 | loss: 0.0799 | loss: 0.9947 Ac:  67.10 fackACC: 77.7 legACC: 45.1 | time: 0.0727s
                                                                  | loss: 0.9666 Ac:  67.50 fackACC: 81.8 legACC: 45.6 | time: 0.0317s
Epoch: 0150 | loss: 0.0980 | loss: 0.9963 Ac:  67.20 fackACC: 77.5 legACC: 45.8 | time: 0.0729s
                                                                  | loss: 0.9666 Ac:  67.70 fackACC: 81.6 legACC: 46.0 | time: 0.0280s
Epoch: 0151 | loss: 0.1247 | loss: 0.9984 Ac:  67.20 fackACC: 77.5 legACC: 45.6 | time: 0.0699s
                                                                  | loss: 0.9673 Ac:  67.75 fackACC: 81.7 legACC: 46.1 | time: 0.0281s
Epoch: 0152 | loss: 0.0821 | loss: 1.0001 Ac:  67.20 fackACC: 77.5 legACC: 45.8 | time: 0.0714s
                                                                  | loss: 0.9681 Ac:  67.95 fackACC: 81.7 legACC: 46.3 | time: 0.0280s
Epoch: 0153 | loss: 0.0810 | loss: 1.0020 Ac:  67.40 fackACC: 77.6 legACC: 46.3 | time: 0.0703s
                                                                  | loss: 0.9693 Ac:  68.10 fackACC: 82.0 legACC: 46.7 | time: 0.0280s
Epoch: 0154 | loss: 0.1043 | loss: 1.0032 Ac:  67.20 fackACC: 77.6 legACC: 45.8 | time: 0.0698s
                                                                  | loss: 0.9698 Ac:  68.10 fackACC: 81.9 legACC: 46.7 | time: 0.0280s
Epoch: 0155 | loss: 0.0995 | loss: 1.0041 Ac:  66.90 fackACC: 77.7 legACC: 45.4 | time: 0.0713s
                                                                  | loss: 0.9699 Ac:  68.00 fackACC: 81.8 legACC: 46.6 | time: 0.0280s
Epoch: 0156 | loss: 0.1009 | loss: 1.0055 Ac:  66.80 fackACC: 77.8 legACC: 45.1 | time: 0.0726s
                                                                  | loss: 0.9706 Ac:  68.05 fackACC: 82.2 legACC: 46.5 | time: 0.0280s
Epoch: 0157 | loss: 0.0714 | loss: 1.0074 Ac:  66.50 fackACC: 77.6 legACC: 44.7 | time: 0.0726s
                                                                  | loss: 0.9717 Ac:  67.80 fackACC: 82.3 legACC: 46.1 | time: 0.0281s
Epoch: 0158 | loss: 0.0873 | loss: 1.0094 Ac:  66.80 fackACC: 77.5 legACC: 44.9 | time: 0.0713s
                                                                  | loss: 0.9732 Ac:  67.85 fackACC: 82.4 legACC: 46.2 | time: 0.0280s
Epoch: 0159 | loss: 0.1366 | loss: 1.0113 Ac:  66.30 fackACC: 77.5 legACC: 44.0 | time: 0.0712s
                                                                  | loss: 0.9756 Ac:  67.65 fackACC: 82.5 legACC: 45.7 | time: 0.0281s
Epoch: 0160 | loss: 0.1121 | loss: 1.0128 Ac:  66.20 fackACC: 77.6 legACC: 43.5 | time: 0.0713s
                                                                  | loss: 0.9776 Ac:  67.45 fackACC: 83.0 legACC: 45.3 | time: 0.0280s
Epoch: 0161 | loss: 0.0847 | loss: 1.0140 Ac:  65.90 fackACC: 77.5 legACC: 43.5 | time: 0.0698s
                                                                  | loss: 0.9795 Ac:  67.30 fackACC: 83.2 legACC: 45.1 | time: 0.0280s
Epoch: 0162 | loss: 0.0819 | loss: 1.0152 Ac:  66.00 fackACC: 77.9 legACC: 43.8 | time: 0.0713s
                                                                  | loss: 0.9815 Ac:  67.05 fackACC: 83.5 legACC: 44.7 | time: 0.0280s
Epoch: 0163 | loss: 0.0720 | loss: 1.0163 Ac:  66.10 fackACC: 78.5 legACC: 44.1 | time: 0.0725s
                                                                  | loss: 0.9832 Ac:  66.70 fackACC: 83.4 legACC: 44.4 | time: 0.0280s
Epoch: 0164 | loss: 0.1215 | loss: 1.0186 Ac:  65.80 fackACC: 79.0 legACC: 43.2 | time: 0.0750s
                                                                  | loss: 0.9862 Ac:  66.60 fackACC: 83.4 legACC: 44.2 | time: 0.0280s
Epoch: 0165 | loss: 0.0920 | loss: 1.0204 Ac:  65.90 fackACC: 79.2 legACC: 43.1 | time: 0.0730s
                                                                  | loss: 0.9885 Ac:  66.20 fackACC: 83.4 legACC: 43.3 | time: 0.0280s
Epoch: 0166 | loss: 0.0859 | loss: 1.0213 Ac:  65.80 fackACC: 79.8 legACC: 43.1 | time: 0.0701s
                                                                  | loss: 0.9907 Ac:  66.15 fackACC: 83.4 legACC: 43.4 | time: 0.0280s
Epoch: 0167 | loss: 0.1203 | loss: 1.0220 Ac:  65.80 fackACC: 79.8 legACC: 43.1 | time: 0.0702s
                                                                  | loss: 0.9925 Ac:  66.30 fackACC: 83.4 legACC: 43.6 | time: 0.0280s
Epoch: 0168 | loss: 0.0943 | loss: 1.0241 Ac:  65.80 fackACC: 80.1 legACC: 43.2 | time: 0.0698s
                                                                  | loss: 0.9948 Ac:  66.05 fackACC: 83.3 legACC: 43.3 | time: 0.0281s
Epoch: 0169 | loss: 0.0844 | loss: 1.0264 Ac:  65.80 fackACC: 80.4 legACC: 42.9 | time: 0.0728s
                                                                  | loss: 0.9972 Ac:  65.95 fackACC: 83.7 legACC: 43.0 | time: 0.0281s
Epoch: 0170 | loss: 0.0654 | loss: 1.0281 Ac:  65.50 fackACC: 80.2 legACC: 42.8 | time: 0.0698s
                                                                  | loss: 0.9995 Ac:  65.90 fackACC: 83.7 legACC: 43.0 | time: 0.0280s
Epoch: 0171 | loss: 0.0892 | loss: 1.0307 Ac:  65.40 fackACC: 80.0 legACC: 42.8 | time: 0.0728s
                                                                  | loss: 1.0023 Ac:  65.75 fackACC: 84.1 legACC: 42.8 | time: 0.0281s
Epoch: 0172 | loss: 0.0728 | loss: 1.0331 Ac:  65.30 fackACC: 80.2 legACC: 42.6 | time: 0.0703s
                                                                  | loss: 1.0048 Ac:  65.80 fackACC: 84.3 legACC: 42.7 | time: 0.0281s
Epoch: 0173 | loss: 0.0972 | loss: 1.0347 Ac:  65.40 fackACC: 80.6 legACC: 42.9 | time: 0.0726s
                                                                  | loss: 1.0064 Ac:  65.70 fackACC: 84.2 legACC: 42.6 | time: 0.0282s
Epoch: 0174 | loss: 0.0848 | loss: 1.0366 Ac:  65.10 fackACC: 80.5 legACC: 42.3 | time: 0.0727s
                                                                  | loss: 1.0086 Ac:  65.50 fackACC: 84.1 legACC: 42.4 | time: 0.0280s
Epoch: 0175 | loss: 0.1143 | loss: 1.0402 Ac:  65.00 fackACC: 80.6 legACC: 42.1 | time: 0.0736s
                                                                  | loss: 1.0116 Ac:  65.40 fackACC: 84.0 legACC: 42.3 | time: 0.0280s
Epoch: 0176 | loss: 0.1008 | loss: 1.0442 Ac:  64.90 fackACC: 80.2 legACC: 41.5 | time: 0.0704s
                                                                  | loss: 1.0149 Ac:  65.20 fackACC: 84.0 legACC: 42.1 | time: 0.0280s
Epoch: 0177 | loss: 0.1026 | loss: 1.0469 Ac:  64.90 fackACC: 80.4 legACC: 41.5 | time: 0.0697s
                                                                  | loss: 1.0173 Ac:  65.05 fackACC: 84.0 legACC: 41.8 | time: 0.0280s
Epoch: 0178 | loss: 0.0816 | loss: 1.0487 Ac:  64.80 fackACC: 80.6 legACC: 41.5 | time: 0.0715s
                                                                  | loss: 1.0190 Ac:  64.95 fackACC: 84.1 legACC: 41.7 | time: 0.0281s
Epoch: 0179 | loss: 0.1106 | loss: 1.0502 Ac:  64.70 fackACC: 80.2 legACC: 41.5 | time: 0.0729s
                                                                  | loss: 1.0205 Ac:  64.65 fackACC: 84.1 legACC: 41.1 | time: 0.0281s
Epoch: 0180 | loss: 0.1043 | loss: 1.0519 Ac:  64.60 fackACC: 80.2 legACC: 41.6 | time: 0.0731s
                                                                  | loss: 1.0226 Ac:  64.60 fackACC: 84.1 legACC: 40.8 | time: 0.0281s
Epoch: 0181 | loss: 0.1009 | loss: 1.0571 Ac:  64.10 fackACC: 79.6 legACC: 41.0 | time: 0.0726s
                                                                  | loss: 1.0282 Ac:  64.40 fackACC: 83.8 legACC: 40.8 | time: 0.0280s
Epoch: 0182 | loss: 0.0757 | loss: 1.0605 Ac:  63.80 fackACC: 79.7 legACC: 40.4 | time: 0.0702s
                                                                  | loss: 1.0319 Ac:  64.45 fackACC: 83.6 legACC: 41.0 | time: 0.0281s
Epoch: 0183 | loss: 0.0483 | loss: 1.0635 Ac:  63.50 fackACC: 79.6 legACC: 39.8 | time: 0.0711s
                                                                  | loss: 1.0353 Ac:  64.30 fackACC: 83.7 legACC: 40.7 | time: 0.0279s
Epoch: 0184 | loss: 0.0668 | loss: 1.0659 Ac:  63.40 fackACC: 79.6 legACC: 39.7 | time: 0.0713s
                                                                  | loss: 1.0384 Ac:  64.40 fackACC: 83.7 legACC: 40.7 | time: 0.0281s
Epoch: 0185 | loss: 0.0596 | loss: 1.0663 Ac:  63.60 fackACC: 79.8 legACC: 39.8 | time: 0.0720s
                                                                  | loss: 1.0393 Ac:  64.25 fackACC: 83.7 legACC: 40.5 | time: 0.0280s
Epoch: 0186 | loss: 0.0834 | loss: 1.0671 Ac:  63.90 fackACC: 79.8 legACC: 40.0 | time: 0.0714s
                                                                  | loss: 1.0401 Ac:  63.90 fackACC: 83.7 legACC: 40.2 | time: 0.0280s
Epoch: 0187 | loss: 0.0818 | loss: 1.0714 Ac:  63.70 fackACC: 80.2 legACC: 39.7 | time: 0.0729s
                                                                  | loss: 1.0466 Ac:  63.85 fackACC: 83.6 legACC: 40.1 | time: 0.0281s
Epoch: 0188 | loss: 0.1693 | loss: 1.0737 Ac:  64.00 fackACC: 79.9 legACC: 40.3 | time: 0.0713s
                                                                  | loss: 1.0517 Ac:  63.40 fackACC: 83.8 legACC: 39.6 | time: 0.0281s
Epoch: 0189 | loss: 0.0957 | loss: 1.0745 Ac:  64.10 fackACC: 80.1 legACC: 40.3 | time: 0.0726s
                                                                  | loss: 1.0550 Ac:  63.45 fackACC: 83.9 legACC: 39.8 | time: 0.0281s
Epoch: 0190 | loss: 0.0982 | loss: 1.0744 Ac:  64.10 fackACC: 80.0 legACC: 40.3 | time: 0.0727s
                                                                  | loss: 1.0581 Ac:  63.65 fackACC: 83.7 legACC: 40.1 | time: 0.0281s
Epoch: 0191 | loss: 0.1062 | loss: 1.0742 Ac:  63.90 fackACC: 80.0 legACC: 40.0 | time: 0.0697s
                                                                  | loss: 1.0610 Ac:  63.70 fackACC: 83.8 legACC: 40.1 | time: 0.0280s
Epoch: 0192 | loss: 0.0616 | loss: 1.0740 Ac:  63.80 fackACC: 80.1 legACC: 39.8 | time: 0.0726s
                                                                  | loss: 1.0632 Ac:  63.70 fackACC: 83.8 legACC: 40.0 | time: 0.0281s
Epoch: 0193 | loss: 0.0760 | loss: 1.0708 Ac:  63.80 fackACC: 79.5 legACC: 40.0 | time: 0.0736s
                                                                  | loss: 1.0606 Ac:  63.70 fackACC: 83.5 legACC: 40.0 | time: 0.0283s
Epoch: 0194 | loss: 0.0593 | loss: 1.0671 Ac:  63.90 fackACC: 79.4 legACC: 40.1 | time: 0.0700s
                                                                  | loss: 1.0569 Ac:  64.05 fackACC: 83.8 legACC: 40.3 | time: 0.0281s
Epoch: 0195 | loss: 0.0847 | loss: 1.0660 Ac:  64.20 fackACC: 79.0 legACC: 40.6 | time: 0.0714s
                                                                  | loss: 1.0559 Ac:  64.05 fackACC: 83.8 legACC: 40.3 | time: 0.0281s
Epoch: 0196 | loss: 0.0784 | loss: 1.0685 Ac:  64.30 fackACC: 79.8 legACC: 40.5 | time: 0.0728s
                                                                  | loss: 1.0571 Ac:  64.05 fackACC: 83.9 legACC: 40.2 | time: 0.0281s
Epoch: 0197 | loss: 0.0881 | loss: 1.0696 Ac:  64.50 fackACC: 79.9 legACC: 40.6 | time: 0.0719s
                                                                  | loss: 1.0553 Ac:  64.00 fackACC: 83.7 legACC: 40.3 | time: 0.0281s
Epoch: 0198 | loss: 0.0707 | loss: 1.0709 Ac:  64.20 fackACC: 79.8 legACC: 40.2 | time: 0.0728s
                                                                  | loss: 1.0538 Ac:  64.10 fackACC: 83.8 legACC: 40.4 | time: 0.0280s
Epoch: 0199 | loss: 0.0750 | loss: 1.0723 Ac:  64.30 fackACC: 79.6 legACC: 40.2 | time: 0.0742s
                                                                  | loss: 1.0522 Ac:  64.30 fackACC: 83.7 legACC: 40.6 | time: 0.0281s
Epoch: 0200 | loss: 0.0770 | loss: 1.0734 Ac:  64.40 fackACC: 79.7 legACC: 40.4 | time: 0.0754s
                                                                  | loss: 1.0502 Ac:  64.55 fackACC: 83.6 legACC: 41.0 | time: 0.0281s
Epoch: 0201 | loss: 0.1078 | loss: 1.0790 Ac:  64.20 fackACC: 79.8 legACC: 39.9 | time: 0.0703s
                                                                  | loss: 1.0530 Ac:  64.75 fackACC: 83.6 legACC: 41.3 | time: 0.0282s
Epoch: 0202 | loss: 0.0705 | loss: 1.0821 Ac:  64.40 fackACC: 79.8 legACC: 39.9 | time: 0.0699s
                                                                  | loss: 1.0528 Ac:  65.10 fackACC: 83.7 legACC: 41.7 | time: 0.0281s
Epoch: 0203 | loss: 0.0867 | loss: 1.0848 Ac:  64.50 fackACC: 79.5 legACC: 40.1 | time: 0.0697s
                                                                  | loss: 1.0539 Ac:  64.90 fackACC: 83.5 legACC: 41.4 | time: 0.0281s
Epoch: 0204 | loss: 0.0962 | loss: 1.0875 Ac:  64.10 fackACC: 79.6 legACC: 39.3 | time: 0.0698s
                                                                  | loss: 1.0554 Ac:  64.50 fackACC: 83.2 legACC: 40.9 | time: 0.0281s
Epoch: 0205 | loss: 0.0765 | loss: 1.0900 Ac:  63.80 fackACC: 78.6 legACC: 38.9 | time: 0.0699s
                                                                  | loss: 1.0559 Ac:  64.80 fackACC: 83.3 legACC: 41.4 | time: 0.0280s
Epoch: 0206 | loss: 0.0777 | loss: 1.0929 Ac:  63.50 fackACC: 78.6 legACC: 38.7 | time: 0.0701s
                                                                  | loss: 1.0571 Ac:  64.90 fackACC: 83.0 legACC: 41.5 | time: 0.0281s
Epoch: 0207 | loss: 0.0861 | loss: 1.0946 Ac:  63.70 fackACC: 78.7 legACC: 38.8 | time: 0.0731s
                                                                  | loss: 1.0576 Ac:  64.90 fackACC: 82.8 legACC: 41.5 | time: 0.0281s
Epoch: 0208 | loss: 0.0882 | loss: 1.1005 Ac:  63.80 fackACC: 78.4 legACC: 39.4 | time: 0.0703s
                                                                  | loss: 1.0622 Ac:  65.10 fackACC: 82.9 legACC: 41.9 | time: 0.0281s
Epoch: 0209 | loss: 0.0650 | loss: 1.1050 Ac:  63.60 fackACC: 77.9 legACC: 39.2 | time: 0.0699s
                                                                  | loss: 1.0657 Ac:  64.95 fackACC: 82.9 legACC: 41.6 | time: 0.0281s
Epoch: 0210 | loss: 0.0942 | loss: 1.1110 Ac:  63.10 fackACC: 77.9 legACC: 38.7 | time: 0.0700s
                                                                  | loss: 1.0713 Ac:  64.95 fackACC: 83.0 legACC: 41.6 | time: 0.0281s
Epoch: 0211 | loss: 0.0510 | loss: 1.1165 Ac:  63.00 fackACC: 77.6 legACC: 38.8 | time: 0.0698s
                                                                  | loss: 1.0760 Ac:  64.85 fackACC: 83.0 legACC: 41.5 | time: 0.0282s
Epoch: 0212 | loss: 0.0697 | loss: 1.1193 Ac:  62.90 fackACC: 77.5 legACC: 38.7 | time: 0.0699s
                                                                  | loss: 1.0780 Ac:  64.80 fackACC: 83.1 legACC: 41.5 | time: 0.0281s
Epoch: 0213 | loss: 0.0881 | loss: 1.1216 Ac:  62.90 fackACC: 77.5 legACC: 38.6 | time: 0.0698s
                                                                  | loss: 1.0794 Ac:  64.55 fackACC: 83.1 legACC: 41.1 | time: 0.0281s
Epoch: 0214 | loss: 0.1042 | loss: 1.1236 Ac:  62.90 fackACC: 77.6 legACC: 38.6 | time: 0.0699s
                                                                  | loss: 1.0803 Ac:  64.55 fackACC: 82.9 legACC: 41.1 | time: 0.0282s
Epoch: 0215 | loss: 0.0958 | loss: 1.1290 Ac:  62.80 fackACC: 77.9 legACC: 38.4 | time: 0.0697s
                                                                  | loss: 1.0845 Ac:  64.15 fackACC: 82.9 legACC: 40.6 | time: 0.0281s
Epoch: 0216 | loss: 0.1338 | loss: 1.1341 Ac:  62.90 fackACC: 77.6 legACC: 38.8 | time: 0.0702s
                                                                  | loss: 1.0885 Ac:  64.00 fackACC: 82.9 legACC: 40.5 | time: 0.0282s
Epoch: 0217 | loss: 0.0553 | loss: 1.1370 Ac:  62.50 fackACC: 77.6 legACC: 38.3 | time: 0.0698s
                                                                  | loss: 1.0906 Ac:  64.00 fackACC: 82.9 legACC: 40.5 | time: 0.0281s
Epoch: 0218 | loss: 0.0847 | loss: 1.1382 Ac:  62.40 fackACC: 77.7 legACC: 38.1 | time: 0.0699s
                                                                  | loss: 1.0912 Ac:  63.85 fackACC: 82.9 legACC: 40.5 | time: 0.0281s
Epoch: 0219 | loss: 0.0728 | loss: 1.1392 Ac:  62.70 fackACC: 77.7 legACC: 38.7 | time: 0.0703s
                                                                  | loss: 1.0913 Ac:  63.75 fackACC: 83.0 legACC: 40.4 | time: 0.0280s
Epoch: 0220 | loss: 0.1036 | loss: 1.1398 Ac:  62.70 fackACC: 77.7 legACC: 38.7 | time: 0.0697s
                                                                  | loss: 1.0914 Ac:  63.65 fackACC: 82.9 legACC: 40.4 | time: 0.0280s
Epoch: 0221 | loss: 0.0588 | loss: 1.1389 Ac:  62.80 fackACC: 77.9 legACC: 38.9 | time: 0.0698s
                                                                  | loss: 1.0894 Ac:  63.75 fackACC: 82.9 legACC: 40.6 | time: 0.0281s
Epoch: 0222 | loss: 0.0922 | loss: 1.1368 Ac:  62.90 fackACC: 78.2 legACC: 39.0 | time: 0.0699s
                                                                  | loss: 1.0862 Ac:  63.65 fackACC: 82.9 legACC: 40.5 | time: 0.0281s
Epoch: 0223 | loss: 0.0736 | loss: 1.1305 Ac:  62.90 fackACC: 78.0 legACC: 39.0 | time: 0.0702s
                                                                  | loss: 1.0775 Ac:  63.85 fackACC: 82.9 legACC: 40.7 | time: 0.0281s
Epoch: 0224 | loss: 0.0472 | loss: 1.1260 Ac:  62.70 fackACC: 77.8 legACC: 38.7 | time: 0.0697s
                                                                  | loss: 1.0706 Ac:  64.10 fackACC: 83.2 legACC: 40.9 | time: 0.0280s
Epoch: 0225 | loss: 0.0686 | loss: 1.1226 Ac:  63.10 fackACC: 78.7 legACC: 39.3 | time: 0.0783s
                                                                  | loss: 1.0653 Ac:  63.90 fackACC: 83.1 legACC: 40.5 | time: 0.0282s
Epoch: 0226 | loss: 0.0574 | loss: 1.1199 Ac:  63.00 fackACC: 78.6 legACC: 39.1 | time: 0.0721s
                                                                  | loss: 1.0610 Ac:  64.00 fackACC: 83.2 legACC: 40.5 | time: 0.0281s
Epoch: 0227 | loss: 0.0592 | loss: 1.1181 Ac:  63.00 fackACC: 78.7 legACC: 39.4 | time: 0.0726s
                                                                  | loss: 1.0578 Ac:  63.80 fackACC: 83.1 legACC: 40.4 | time: 0.0281s
Epoch: 0228 | loss: 0.0522 | loss: 1.1182 Ac:  62.80 fackACC: 78.7 legACC: 38.9 | time: 0.0721s
                                                                  | loss: 1.0572 Ac:  63.65 fackACC: 83.1 legACC: 40.3 | time: 0.0282s
Epoch: 0229 | loss: 0.1126 | loss: 1.1207 Ac:  62.30 fackACC: 78.4 legACC: 38.2 | time: 0.0727s
                                                                  | loss: 1.0596 Ac:  63.55 fackACC: 83.2 legACC: 40.2 | time: 0.0280s
Epoch: 0230 | loss: 0.0733 | loss: 1.1212 Ac:  62.40 fackACC: 78.2 legACC: 38.4 | time: 0.0727s
                                                                  | loss: 1.0597 Ac:  63.75 fackACC: 83.4 legACC: 40.5 | time: 0.0281s
Epoch: 0231 | loss: 0.0927 | loss: 1.1180 Ac:  62.40 fackACC: 78.9 legACC: 38.4 | time: 0.0699s
                                                                  | loss: 1.0559 Ac:  63.60 fackACC: 83.5 legACC: 40.3 | time: 0.0281s
Epoch: 0232 | loss: 0.0645 | loss: 1.1154 Ac:  62.60 fackACC: 79.1 legACC: 38.8 | time: 0.0733s
                                                                  | loss: 1.0529 Ac:  63.75 fackACC: 83.5 legACC: 40.4 | time: 0.0281s
Epoch: 0233 | loss: 0.0852 | loss: 1.1126 Ac:  63.00 fackACC: 78.7 legACC: 39.2 | time: 0.0741s
                                                                  | loss: 1.0490 Ac:  63.70 fackACC: 83.6 legACC: 40.1 | time: 0.0281s
Epoch: 0234 | loss: 0.0658 | loss: 1.1114 Ac:  63.40 fackACC: 78.9 legACC: 39.8 | time: 0.0702s
                                                                  | loss: 1.0468 Ac:  63.65 fackACC: 83.6 legACC: 40.1 | time: 0.0281s
Epoch: 0235 | loss: 0.0574 | loss: 1.1109 Ac:  63.60 fackACC: 79.3 legACC: 39.7 | time: 0.0699s
                                                                  | loss: 1.0455 Ac:  64.10 fackACC: 83.8 legACC: 40.7 | time: 0.0281s
Epoch: 0236 | loss: 0.0280 | loss: 1.1104 Ac:  63.30 fackACC: 78.9 legACC: 39.1 | time: 0.0700s
                                                                  | loss: 1.0442 Ac:  64.40 fackACC: 83.6 legACC: 41.3 | time: 0.0281s
Epoch: 0237 | loss: 0.0518 | loss: 1.1114 Ac:  63.50 fackACC: 79.3 legACC: 39.7 | time: 0.0728s
                                                                  | loss: 1.0446 Ac:  64.50 fackACC: 83.6 legACC: 41.6 | time: 0.0281s
Epoch: 0238 | loss: 0.0668 | loss: 1.1127 Ac:  63.50 fackACC: 78.9 legACC: 39.7 | time: 0.0729s
                                                                  | loss: 1.0453 Ac:  64.45 fackACC: 83.7 legACC: 41.6 | time: 0.0280s
Epoch: 0239 | loss: 0.1070 | loss: 1.1141 Ac:  63.40 fackACC: 78.6 legACC: 39.3 | time: 0.0729s
                                                                  | loss: 1.0461 Ac:  64.40 fackACC: 83.7 legACC: 41.6 | time: 0.0282s
Epoch: 0240 | loss: 0.0396 | loss: 1.1148 Ac:  63.50 fackACC: 78.7 legACC: 39.3 | time: 0.0734s
                                                                  | loss: 1.0461 Ac:  64.60 fackACC: 83.5 legACC: 42.0 | time: 0.0281s
Epoch: 0241 | loss: 0.0759 | loss: 1.1158 Ac:  63.50 fackACC: 78.5 legACC: 39.2 | time: 0.0729s
                                                                  | loss: 1.0467 Ac:  64.95 fackACC: 83.4 legACC: 42.6 | time: 0.0281s
Epoch: 0242 | loss: 0.0651 | loss: 1.1156 Ac:  63.60 fackACC: 78.5 legACC: 39.5 | time: 0.0730s
                                                                  | loss: 1.0463 Ac:  65.00 fackACC: 83.1 legACC: 42.8 | time: 0.0281s
Epoch: 0243 | loss: 0.0571 | loss: 1.1153 Ac:  63.80 fackACC: 78.3 legACC: 39.9 | time: 0.0728s
                                                                  | loss: 1.0458 Ac:  65.10 fackACC: 83.0 legACC: 42.9 | time: 0.0282s
Epoch: 0244 | loss: 0.0522 | loss: 1.1155 Ac:  64.30 fackACC: 78.7 legACC: 40.6 | time: 0.0726s
                                                                  | loss: 1.0456 Ac:  65.20 fackACC: 82.7 legACC: 43.1 | time: 0.0281s
Epoch: 0245 | loss: 0.0614 | loss: 1.1176 Ac:  64.00 fackACC: 78.7 legACC: 40.2 | time: 0.0724s
                                                                  | loss: 1.0481 Ac:  65.05 fackACC: 82.9 legACC: 42.9 | time: 0.0282s
Epoch: 0246 | loss: 0.0496 | loss: 1.1208 Ac:  63.80 fackACC: 78.3 legACC: 39.7 | time: 0.0752s
                                                                  | loss: 1.0519 Ac:  64.75 fackACC: 82.9 legACC: 42.5 | time: 0.0282s
Epoch: 0247 | loss: 0.0975 | loss: 1.1248 Ac:  63.50 fackACC: 77.9 legACC: 39.4 | time: 0.0728s
                                                                  | loss: 1.0553 Ac:  64.50 fackACC: 82.8 legACC: 41.8 | time: 0.0282s
Epoch: 0248 | loss: 0.0456 | loss: 1.1283 Ac:  63.20 fackACC: 77.2 legACC: 39.1 | time: 0.0729s
                                                                  | loss: 1.0586 Ac:  64.50 fackACC: 82.9 legACC: 41.7 | time: 0.0282s
Epoch: 0249 | loss: 0.0634 | loss: 1.1318 Ac:  63.30 fackACC: 78.1 legACC: 39.5 | time: 0.0699s
                                                                  | loss: 1.0623 Ac:  64.10 fackACC: 82.8 legACC: 41.0 | time: 0.0281s
Epoch: 0250 | loss: 0.0605 | loss: 1.1345 Ac:  62.90 fackACC: 77.8 legACC: 39.1 | time: 0.0709s
                                                                  | loss: 1.0649 Ac:  63.95 fackACC: 82.8 legACC: 40.8 | time: 0.0281s
Epoch: 0251 | loss: 0.0294 | loss: 1.1362 Ac:  63.10 fackACC: 78.2 legACC: 39.4 | time: 0.0700s
                                                                  | loss: 1.0669 Ac:  64.05 fackACC: 82.8 legACC: 40.9 | time: 0.0288s
Epoch: 0252 | loss: 0.0679 | loss: 1.1413 Ac:  62.60 fackACC: 78.3 legACC: 38.7 | time: 0.0705s
                                                                  | loss: 1.0727 Ac:  64.05 fackACC: 82.7 legACC: 40.9 | time: 0.0281s
Epoch: 0253 | loss: 0.0487 | loss: 1.1468 Ac:  62.00 fackACC: 78.0 legACC: 38.0 | time: 0.0704s
                                                                  | loss: 1.0793 Ac:  63.65 fackACC: 83.3 legACC: 40.4 | time: 0.0281s
Epoch: 0254 | loss: 0.0704 | loss: 1.1534 Ac:  62.00 fackACC: 78.2 legACC: 38.0 | time: 0.0704s
                                                                  | loss: 1.0869 Ac:  63.30 fackACC: 83.2 legACC: 40.1 | time: 0.0281s
Epoch: 0255 | loss: 0.0485 | loss: 1.1601 Ac:  61.80 fackACC: 78.7 legACC: 38.0 | time: 0.0706s
                                                                  | loss: 1.0944 Ac:  63.20 fackACC: 83.8 legACC: 39.8 | time: 0.0281s
Epoch: 0256 | loss: 0.0443 | loss: 1.1658 Ac:  61.60 fackACC: 78.6 legACC: 37.9 | time: 0.0721s
                                                                  | loss: 1.1009 Ac:  63.05 fackACC: 84.0 legACC: 39.6 | time: 0.0281s
Epoch: 0257 | loss: 0.0486 | loss: 1.1707 Ac:  61.70 fackACC: 78.8 legACC: 37.7 | time: 0.0700s
                                                                  | loss: 1.1065 Ac:  62.90 fackACC: 83.9 legACC: 39.4 | time: 0.0282s
Epoch: 0258 | loss: 0.0786 | loss: 1.1771 Ac:  61.50 fackACC: 79.3 legACC: 37.4 | time: 0.0700s
                                                                  | loss: 1.1153 Ac:  62.60 fackACC: 84.0 legACC: 39.0 | time: 0.0281s
Epoch: 0259 | loss: 0.0354 | loss: 1.1820 Ac:  61.30 fackACC: 80.0 legACC: 37.0 | time: 0.0699s
                                                                  | loss: 1.1224 Ac:  62.10 fackACC: 84.1 legACC: 38.3 | time: 0.0281s
Epoch: 0260 | loss: 0.0673 | loss: 1.1860 Ac:  61.20 fackACC: 79.9 legACC: 37.3 | time: 0.0699s
                                                                  | loss: 1.1284 Ac:  61.85 fackACC: 84.0 legACC: 38.1 | time: 0.0281s
Epoch: 0261 | loss: 0.0328 | loss: 1.1892 Ac:  60.90 fackACC: 79.6 legACC: 37.2 | time: 0.0701s
                                                                  | loss: 1.1330 Ac:  61.80 fackACC: 83.9 legACC: 38.2 | time: 0.0281s
Epoch: 0262 | loss: 0.0499 | loss: 1.1923 Ac:  61.00 fackACC: 79.9 legACC: 37.3 | time: 0.0739s
                                                                  | loss: 1.1373 Ac:  61.65 fackACC: 83.9 legACC: 38.1 | time: 0.0281s
Epoch: 0263 | loss: 0.0633 | loss: 1.1915 Ac:  60.90 fackACC: 79.9 legACC: 37.2 | time: 0.0700s
                                                                  | loss: 1.1379 Ac:  61.60 fackACC: 83.9 legACC: 38.1 | time: 0.0281s
Epoch: 0264 | loss: 0.0479 | loss: 1.1907 Ac:  60.90 fackACC: 79.7 legACC: 37.1 | time: 0.0701s
                                                                  | loss: 1.1384 Ac:  61.50 fackACC: 83.7 legACC: 38.1 | time: 0.0280s
Epoch: 0265 | loss: 0.0452 | loss: 1.1901 Ac:  60.90 fackACC: 79.7 legACC: 37.1 | time: 0.0698s
                                                                  | loss: 1.1385 Ac:  61.85 fackACC: 83.7 legACC: 38.3 | time: 0.0281s
Epoch: 0266 | loss: 0.0789 | loss: 1.1959 Ac:  60.90 fackACC: 80.0 legACC: 37.1 | time: 0.0699s
                                                                  | loss: 1.1458 Ac:  61.55 fackACC: 83.7 legACC: 38.0 | time: 0.0281s
Epoch: 0267 | loss: 0.0826 | loss: 1.1979 Ac:  60.90 fackACC: 79.6 legACC: 37.0 | time: 0.0701s
                                                                  | loss: 1.1491 Ac:  61.65 fackACC: 83.7 legACC: 38.1 | time: 0.0281s
Epoch: 0268 | loss: 0.0449 | loss: 1.1989 Ac:  60.90 fackACC: 79.3 legACC: 37.0 | time: 0.0707s
                                                                  | loss: 1.1509 Ac:  61.60 fackACC: 83.9 legACC: 38.1 | time: 0.0282s
Epoch: 0269 | loss: 0.0839 | loss: 1.2010 Ac:  60.90 fackACC: 78.8 legACC: 37.0 | time: 0.0704s
                                                                  | loss: 1.1549 Ac:  61.30 fackACC: 84.1 legACC: 37.7 | time: 0.0281s
Epoch: 0270 | loss: 0.0721 | loss: 1.2055 Ac:  60.70 fackACC: 79.2 legACC: 36.9 | time: 0.0698s
                                                                  | loss: 1.1605 Ac:  61.45 fackACC: 84.1 legACC: 37.8 | time: 0.0292s
Epoch: 0271 | loss: 0.0641 | loss: 1.2015 Ac:  60.80 fackACC: 78.8 legACC: 36.8 | time: 0.0759s
                                                                  | loss: 1.1566 Ac:  61.75 fackACC: 83.9 legACC: 38.0 | time: 0.0283s
Epoch: 0272 | loss: 0.0684 | loss: 1.1995 Ac:  60.80 fackACC: 78.9 legACC: 37.0 | time: 0.0708s
                                                                  | loss: 1.1551 Ac:  62.15 fackACC: 83.9 legACC: 38.5 | time: 0.0281s
Epoch: 0273 | loss: 0.0814 | loss: 1.1998 Ac:  60.90 fackACC: 78.6 legACC: 37.2 | time: 0.0737s
                                                                  | loss: 1.1557 Ac:  62.35 fackACC: 83.8 legACC: 38.7 | time: 0.0281s
Epoch: 0274 | loss: 0.0628 | loss: 1.1982 Ac:  61.00 fackACC: 78.4 legACC: 37.2 | time: 0.0705s
                                                                  | loss: 1.1541 Ac:  62.50 fackACC: 83.8 legACC: 38.8 | time: 0.0281s
Epoch: 0275 | loss: 0.0421 | loss: 1.1960 Ac:  61.20 fackACC: 78.3 legACC: 37.4 | time: 0.0707s
                                                                  | loss: 1.1524 Ac:  62.70 fackACC: 83.9 legACC: 39.0 | time: 0.0281s
Epoch: 0276 | loss: 0.0739 | loss: 1.1959 Ac:  61.50 fackACC: 78.0 legACC: 37.6 | time: 0.0738s
                                                                  | loss: 1.1529 Ac:  62.80 fackACC: 83.8 legACC: 38.9 | time: 0.0281s
Epoch: 0277 | loss: 0.0442 | loss: 1.1943 Ac:  61.70 fackACC: 78.1 legACC: 37.8 | time: 0.0715s
                                                                  | loss: 1.1522 Ac:  63.00 fackACC: 83.9 legACC: 39.2 | time: 0.0281s
Epoch: 0278 | loss: 0.0544 | loss: 1.1947 Ac:  61.60 fackACC: 77.8 legACC: 37.6 | time: 0.0732s
                                                                  | loss: 1.1535 Ac:  63.00 fackACC: 83.7 legACC: 39.1 | time: 0.0281s
Epoch: 0279 | loss: 0.0589 | loss: 1.1969 Ac:  62.00 fackACC: 78.2 legACC: 37.9 | time: 0.0692s
                                                                  | loss: 1.1566 Ac:  62.90 fackACC: 83.5 legACC: 39.0 | time: 0.0283s
Epoch: 0280 | loss: 0.0466 | loss: 1.2006 Ac:  61.80 fackACC: 78.0 legACC: 37.9 | time: 0.0720s
                                                                  | loss: 1.1610 Ac:  62.70 fackACC: 83.5 legACC: 38.8 | time: 0.0280s
Epoch: 0281 | loss: 0.0639 | loss: 1.2075 Ac:  61.90 fackACC: 77.9 legACC: 37.9 | time: 0.0691s
                                                                  | loss: 1.1691 Ac:  62.60 fackACC: 83.4 legACC: 38.8 | time: 0.0281s
Epoch: 0282 | loss: 0.0541 | loss: 1.2161 Ac:  61.80 fackACC: 77.9 legACC: 37.8 | time: 0.0696s
                                                                  | loss: 1.1794 Ac:  62.50 fackACC: 83.7 legACC: 38.8 | time: 0.0281s
Epoch: 0283 | loss: 0.0646 | loss: 1.2228 Ac:  62.00 fackACC: 78.2 legACC: 38.1 | time: 0.0692s
                                                                  | loss: 1.1873 Ac:  62.30 fackACC: 83.7 legACC: 38.6 | time: 0.0281s
Epoch: 0284 | loss: 0.0661 | loss: 1.2247 Ac:  62.00 fackACC: 77.8 legACC: 38.2 | time: 0.0692s
                                                                  | loss: 1.1901 Ac:  62.00 fackACC: 83.5 legACC: 38.4 | time: 0.0280s
Epoch: 0285 | loss: 0.0980 | loss: 1.2305 Ac:  62.10 fackACC: 77.9 legACC: 38.2 | time: 0.0693s
                                                                  | loss: 1.1942 Ac:  61.75 fackACC: 83.5 legACC: 38.1 | time: 0.0280s
Epoch: 0286 | loss: 0.0470 | loss: 1.2352 Ac:  61.70 fackACC: 77.9 legACC: 37.7 | time: 0.0692s
                                                                  | loss: 1.1977 Ac:  61.75 fackACC: 83.6 legACC: 38.2 | time: 0.0281s
Epoch: 0287 | loss: 0.0618 | loss: 1.2373 Ac:  61.90 fackACC: 77.8 legACC: 38.0 | time: 0.0720s
                                                                  | loss: 1.1986 Ac:  61.75 fackACC: 83.3 legACC: 38.2 | time: 0.0280s
Epoch: 0288 | loss: 0.0362 | loss: 1.2396 Ac:  61.40 fackACC: 77.8 legACC: 37.3 | time: 0.0690s
                                                                  | loss: 1.2000 Ac:  62.00 fackACC: 83.3 legACC: 38.4 | time: 0.0280s
Epoch: 0289 | loss: 0.0394 | loss: 1.2354 Ac:  61.80 fackACC: 77.8 legACC: 37.8 | time: 0.0690s
                                                                  | loss: 1.1952 Ac:  61.85 fackACC: 83.1 legACC: 38.2 | time: 0.0280s
Epoch: 0290 | loss: 0.0377 | loss: 1.2315 Ac:  62.00 fackACC: 78.1 legACC: 38.0 | time: 0.0740s
                                                                  | loss: 1.1909 Ac:  61.95 fackACC: 83.1 legACC: 38.3 | time: 0.0279s
Epoch: 0291 | loss: 0.0479 | loss: 1.2295 Ac:  62.10 fackACC: 78.1 legACC: 38.1 | time: 0.0691s
                                                                  | loss: 1.1888 Ac:  62.05 fackACC: 83.1 legACC: 38.3 | time: 0.0280s
Epoch: 0292 | loss: 0.0384 | loss: 1.2265 Ac:  62.60 fackACC: 77.9 legACC: 38.7 | time: 0.0690s
                                                                  | loss: 1.1850 Ac:  62.20 fackACC: 83.0 legACC: 38.4 | time: 0.0280s
Epoch: 0293 | loss: 0.0564 | loss: 1.2173 Ac:  63.00 fackACC: 77.6 legACC: 39.0 | time: 0.0696s
                                                                  | loss: 1.1745 Ac:  62.75 fackACC: 82.6 legACC: 39.0 | time: 0.0280s
Epoch: 0294 | loss: 0.0345 | loss: 1.2107 Ac:  63.80 fackACC: 77.7 legACC: 40.1 | time: 0.0770s
                                                                  | loss: 1.1680 Ac:  63.10 fackACC: 82.6 legACC: 39.4 | time: 0.0280s
Epoch: 0295 | loss: 0.0453 | loss: 1.2055 Ac:  64.00 fackACC: 77.7 legACC: 40.3 | time: 0.0741s
                                                                  | loss: 1.1633 Ac:  63.35 fackACC: 82.6 legACC: 39.6 | time: 0.0281s
Epoch: 0296 | loss: 0.0385 | loss: 1.2007 Ac:  63.80 fackACC: 77.3 legACC: 40.2 | time: 0.0699s
                                                                  | loss: 1.1582 Ac:  63.75 fackACC: 82.3 legACC: 40.2 | time: 0.0281s
Epoch: 0297 | loss: 0.0501 | loss: 1.1977 Ac:  64.10 fackACC: 77.0 legACC: 40.6 | time: 0.0699s
                                                                  | loss: 1.1549 Ac:  63.75 fackACC: 82.2 legACC: 40.3 | time: 0.0281s
Epoch: 0298 | loss: 0.0625 | loss: 1.1965 Ac:  63.90 fackACC: 77.1 legACC: 40.2 | time: 0.0711s
                                                                  | loss: 1.1535 Ac:  63.75 fackACC: 82.2 legACC: 40.2 | time: 0.0280s
Epoch: 0299 | loss: 0.0521 | loss: 1.1950 Ac:  64.10 fackACC: 77.0 legACC: 40.5 | time: 0.0747s
                                                                  | loss: 1.1517 Ac:  63.75 fackACC: 82.2 legACC: 40.1 | time: 0.0281s
Epoch: 0300 | loss: 0.0842 | loss: 1.1905 Ac:  64.20 fackACC: 77.2 legACC: 40.6 | time: 0.0727s
                                                                  | loss: 1.1467 Ac:  63.85 fackACC: 82.2 legACC: 40.1 | time: 0.0281s
Optimization Finished!
Total time elapsed: 51.9510s
The best result is: ACC: 71.4500 F1: 66.0870, where epoch is 81.66969147005445




0:	vali:  70.70000	test:  ACC: 71.4500 Trueacc: 66.0870 , fakeAcc:81.6697, epoch=28
