Loading example dataset...
Loading text content...
../data/example/
example
text
label matrix shape: torch.Size([40, 8])
done.
Loading topic content...
../data/example/
example
topic
done.
Loading entity content...
../data/example/
example
entity
done.
Building graph...
Num of edges: 917
train, vali, test:  16 16 8
Transfer to be transductive.


No. 1 test.

30
30
[torch.Size([512, 10]), torch.Size([10]), torch.Size([512]), torch.Size([25, 512]), torch.Size([25, 512]), torch.Size([16, 512]), torch.Size([512, 1]), torch.Size([512, 1]), torch.Size([512, 1]), torch.Size([512, 1]), torch.Size([512, 1]), torch.Size([512, 1]), torch.Size([100, 1]), torch.Size([50, 512]), torch.Size([50]), torch.Size([100, 1]), torch.Size([50, 512]), torch.Size([50]), torch.Size([100, 1]), torch.Size([50, 512]), torch.Size([50]), torch.Size([100, 1]), torch.Size([50, 10]), torch.Size([50]), torch.Size([100, 1]), torch.Size([50, 10]), torch.Size([50]), torch.Size([100, 1]), torch.Size([50, 10]), torch.Size([50])]
Epoch: 0001 | loss: 2.2566 Ac:  18.75 P:  16.1 R:   9.2 F1:  10.4 | loss: 2.3545 Ac:   0.00 P:   0.0 R:   0.0 F1:   0.0 | time: 0.0448s
                                                                  | loss: 2.2681 Ac:   0.00 P:   0.0 R:   0.0 F1:   0.0 | time: 0.0097s
Epoch: 0002 | loss: 2.1214 Ac:  31.25 P:   8.3 R:  16.2 F1:  10.9 | loss: 2.3658 Ac:   0.00 P:   0.0 R:   0.0 F1:   0.0 | time: 0.0292s
                                                                  | loss: 2.2668 Ac:   0.00 P:   0.0 R:   0.0 F1:   0.0 | time: 0.0095s
Epoch: 0003 | loss: 2.0378 Ac:  31.25 P:   4.8 R:  12.5 F1:   6.9 | loss: 2.3885 Ac:   0.00 P:   0.0 R:   0.0 F1:   0.0 | time: 0.0295s
                                                                  | loss: 2.2889 Ac:   0.00 P:   0.0 R:   0.0 F1:   0.0 | time: 0.0235s
Epoch: 0004 | loss: 1.8081 Ac:  43.75 P:  12.5 R:  20.8 F1:  15.5 | loss: 2.4110 Ac:   0.00 P:   0.0 R:   0.0 F1:   0.0 | time: 0.0323s
                                                                  | loss: 2.3333 Ac:  12.50 P:   6.2 R:   6.2 F1:   6.2 | time: 0.0097s
Epoch: 0005 | loss: 1.5529 Ac:  50.00 P:  12.3 R:  25.0 F1:  16.4 | loss: 2.4545 Ac:  12.50 P:  12.5 R:   8.3 F1:  10.0 | time: 0.0294s
                                                                  | loss: 2.4224 Ac:  25.00 P:   5.0 R:  12.5 F1:   7.1 | time: 0.0094s
Epoch: 0006 | loss: 1.2215 Ac:  56.25 P:  25.7 R:  31.2 F1:  25.4 | loss: 2.5081 Ac:  12.50 P:  12.5 R:   8.3 F1:  10.0 | time: 0.0365s
                                                                  | loss: 2.5459 Ac:  25.00 P:   5.0 R:  12.5 F1:   7.1 | time: 0.0095s
Epoch: 0007 | loss: 1.0424 Ac:  68.75 P:  40.2 R:  43.8 F1:  39.6 | loss: 2.5605 Ac:  18.75 P:  25.0 R:  14.6 F1:  18.3 | time: 0.0291s
                                                                  | loss: 2.6874 Ac:  25.00 P:   5.0 R:  12.5 F1:   7.1 | time: 0.0093s
Epoch: 0008 | loss: 1.1986 Ac:  50.00 P:  12.5 R:  25.0 F1:  16.4 | loss: 2.5716 Ac:  25.00 P:  20.8 R:  20.8 F1:  20.8 | time: 0.0386s
                                                                  | loss: 2.8038 Ac:  37.50 P:  17.5 R:  25.0 F1:  19.6 | time: 0.0123s
Epoch: 0009 | loss: 0.9357 Ac:  62.50 P:  38.9 R:  39.6 F1:  37.5 | loss: 2.5880 Ac:  37.50 P:  34.4 R:  31.2 F1:  31.5 | time: 0.0386s
                                                                  | loss: 2.9010 Ac:  37.50 P:  17.5 R:  25.0 F1:  19.6 | time: 0.0100s
Epoch: 0010 | loss: 0.7770 Ac:  81.25 P:  55.4 R:  52.1 F1:  51.6 | loss: 2.5984 Ac:  37.50 P:  31.2 R:  31.2 F1:  29.2 | time: 0.0377s
                                                                  | loss: 2.9720 Ac:  37.50 P:  17.5 R:  25.0 F1:  19.6 | time: 0.0094s
Epoch: 0011 | loss: 0.8442 Ac:  68.75 P:  42.2 R:  43.8 F1:  41.2 | loss: 2.5923 Ac:  37.50 P:  31.2 R:  31.2 F1:  29.2 | time: 0.0296s
                                                                  | loss: 3.0089 Ac:  37.50 P:  17.5 R:  25.0 F1:  19.6 | time: 0.0098s
Epoch: 0012 | loss: 0.6322 Ac:  75.00 P:  38.8 R:  45.8 F1:  40.2 | loss: 2.5970 Ac:  37.50 P:  18.8 R:  31.2 F1:  22.9 | time: 0.0551s
                                                                  | loss: 3.0481 Ac:  37.50 P:  11.2 R:  25.0 F1:  15.5 | time: 0.0104s
Epoch: 0013 | loss: 0.5881 Ac:  81.25 P:  53.1 R:  52.1 F1:  50.4 | loss: 2.5940 Ac:  37.50 P:  18.8 R:  31.2 F1:  22.9 | time: 0.0303s
                                                                  | loss: 3.0784 Ac:  37.50 P:  11.2 R:  25.0 F1:  15.5 | time: 0.0097s
Epoch: 0014 | loss: 0.3848 Ac:  93.75 P:  58.3 R:  62.5 F1:  60.0 | loss: 2.6033 Ac:  37.50 P:  18.8 R:  31.2 F1:  23.3 | time: 0.0460s
                                                                  | loss: 3.1183 Ac:  37.50 P:  11.2 R:  25.0 F1:  15.5 | time: 0.0094s
Epoch: 0015 | loss: 0.4797 Ac:  87.50 P:  55.2 R:  58.3 F1:  55.7 | loss: 2.6127 Ac:  37.50 P:  17.7 R:  31.2 F1:  22.5 | time: 0.0307s
                                                                  | loss: 3.1608 Ac:  37.50 P:  11.2 R:  25.0 F1:  15.5 | time: 0.0101s
Epoch: 0016 | loss: 0.3948 Ac:  87.50 P:  70.0 R:  64.6 F1:  65.2 | loss: 2.6328 Ac:  37.50 P:  17.7 R:  31.2 F1:  22.5 | time: 0.0489s
                                                                  | loss: 3.1991 Ac:  37.50 P:  11.2 R:  25.0 F1:  15.5 | time: 0.0095s
Epoch: 0017 | loss: 0.3438 Ac:  87.50 P:  53.1 R:  56.2 F1:  54.5 | loss: 2.6507 Ac:  37.50 P:  19.8 R:  31.2 F1:  23.8 | time: 0.0296s
                                                                  | loss: 3.2307 Ac:  37.50 P:   9.2 R:  25.0 F1:  13.4 | time: 0.0098s
Epoch: 0018 | loss: 0.3841 Ac:  81.25 P:  55.4 R:  52.1 F1:  51.6 | loss: 2.6763 Ac:  56.25 P:  38.3 R:  45.8 F1:  39.6 | time: 0.0446s
                                                                  | loss: 3.2712 Ac:  37.50 P:   9.2 R:  25.0 F1:  13.4 | time: 0.0093s
Epoch: 0019 | loss: 0.4974 Ac:  81.25 P:  51.2 R:  52.1 F1:  50.6 | loss: 2.7031 Ac:  56.25 P:  37.5 R:  45.8 F1:  38.8 | time: 0.0353s
                                                                  | loss: 3.3156 Ac:  50.00 P:  23.8 R:  37.5 F1:  28.0 | time: 0.0092s
Epoch: 0020 | loss: 0.3137 Ac:  93.75 P:  58.3 R:  62.5 F1:  60.0 | loss: 2.7282 Ac:  56.25 P:  41.7 R:  45.8 F1:  41.2 | time: 0.0294s
                                                                  | loss: 3.3602 Ac:  50.00 P:  23.8 R:  37.5 F1:  28.0 | time: 0.0090s
Epoch: 0021 | loss: 0.2979 Ac:  87.50 P:  57.3 R:  56.2 F1:  55.4 | loss: 2.7617 Ac:  56.25 P:  41.7 R:  45.8 F1:  41.2 | time: 0.0280s
                                                                  | loss: 3.4086 Ac:  50.00 P:  23.8 R:  37.5 F1:  28.0 | time: 0.0095s
Epoch: 0022 | loss: 0.3417 Ac:  87.50 P:  55.2 R:  56.2 F1:  54.0 | loss: 2.7997 Ac:  56.25 P:  42.5 R:  45.8 F1:  42.1 | time: 0.0428s
                                                                  | loss: 3.4546 Ac:  50.00 P:  23.8 R:  37.5 F1:  28.0 | time: 0.0124s
Epoch: 0023 | loss: 0.2308 Ac: 100.00 P:  75.0 R:  75.0 F1:  75.0 | loss: 2.8425 Ac:  56.25 P:  42.5 R:  45.8 F1:  42.1 | time: 0.0457s
                                                                  | loss: 3.4951 Ac:  50.00 P:  23.8 R:  37.5 F1:  28.0 | time: 0.0095s
Epoch: 0024 | loss: 0.1887 Ac:  93.75 P:  70.8 R:  70.8 F1:  70.0 | loss: 2.8910 Ac:  56.25 P:  42.5 R:  45.8 F1:  42.1 | time: 0.0418s
                                                                  | loss: 3.5480 Ac:  50.00 P:  23.8 R:  37.5 F1:  28.0 | time: 0.0088s
Epoch: 0025 | loss: 0.3130 Ac:  93.75 P:  68.8 R:  68.8 F1:  66.7 | loss: 2.9289 Ac:  56.25 P:  42.5 R:  45.8 F1:  43.8 | time: 0.0279s
                                                                  | loss: 3.5969 Ac:  50.00 P:  23.8 R:  37.5 F1:  28.0 | time: 0.0088s
Epoch: 0026 | loss: 0.3352 Ac:  87.50 P:  56.2 R:  58.3 F1:  55.8 | loss: 2.9602 Ac:  56.25 P:  42.5 R:  45.8 F1:  43.8 | time: 0.0400s
                                                                  | loss: 3.6398 Ac:  50.00 P:  23.8 R:  37.5 F1:  28.0 | time: 0.0128s
Epoch: 0027 | loss: 0.2958 Ac:  87.50 P:  70.0 R:  64.6 F1:  65.2 | loss: 2.9870 Ac:  56.25 P:  42.5 R:  45.8 F1:  43.8 | time: 0.0313s
                                                                  | loss: 3.6700 Ac:  50.00 P:  23.8 R:  37.5 F1:  28.0 | time: 0.0096s
Epoch: 0028 | loss: 0.1379 Ac: 100.00 P:  75.0 R:  75.0 F1:  75.0 | loss: 3.0101 Ac:  56.25 P:  42.5 R:  45.8 F1:  43.8 | time: 0.0284s
                                                                  | loss: 3.6900 Ac:  50.00 P:  23.8 R:  37.5 F1:  28.0 | time: 0.0209s
Epoch: 0029 | loss: 0.2485 Ac:  87.50 P:  54.2 R:  58.3 F1:  55.0 | loss: 3.0415 Ac:  50.00 P:  39.4 R:  39.6 F1:  37.8 | time: 0.0317s
                                                                  | loss: 3.7204 Ac:  50.00 P:  23.8 R:  37.5 F1:  28.0 | time: 0.0098s
Epoch: 0030 | loss: 0.1089 Ac:  93.75 P:  71.9 R:  68.8 F1:  69.0 | loss: 3.0707 Ac:  50.00 P:  39.4 R:  39.6 F1:  37.8 | time: 0.0308s
                                                                  | loss: 3.7480 Ac:  50.00 P:  23.8 R:  37.5 F1:  28.0 | time: 0.0100s
Epoch: 0031 | loss: 0.0581 Ac: 100.00 P:  75.0 R:  75.0 F1:  75.0 | loss: 3.0984 Ac:  50.00 P:  39.4 R:  39.6 F1:  37.8 | time: 0.0477s
                                                                  | loss: 3.7754 Ac:  50.00 P:  23.8 R:  37.5 F1:  28.0 | time: 0.0095s
Epoch: 0032 | loss: 0.1065 Ac: 100.00 P:  75.0 R:  75.0 F1:  75.0 | loss: 3.1272 Ac:  50.00 P:  38.5 R:  39.6 F1:  37.1 | time: 0.0304s
                                                                  | loss: 3.8151 Ac:  50.00 P:  23.8 R:  37.5 F1:  28.0 | time: 0.0092s
Epoch: 0033 | loss: 0.1096 Ac: 100.00 P:  75.0 R:  75.0 F1:  75.0 | loss: 3.1480 Ac:  50.00 P:  34.4 R:  39.6 F1:  34.6 | time: 0.0439s
                                                                  | loss: 3.8466 Ac:  50.00 P:  23.8 R:  37.5 F1:  28.0 | time: 0.0093s
Epoch: 0034 | loss: 0.1133 Ac: 100.00 P:  75.0 R:  75.0 F1:  75.0 | loss: 3.1628 Ac:  50.00 P:  34.4 R:  39.6 F1:  34.6 | time: 0.0301s
                                                                  | loss: 3.8647 Ac:  50.00 P:  23.8 R:  37.5 F1:  28.0 | time: 0.0091s
Epoch: 0035 | loss: 0.2608 Ac:  93.75 P:  70.8 R:  70.8 F1:  70.0 | loss: 3.1789 Ac:  50.00 P:  34.4 R:  39.6 F1:  34.6 | time: 0.0440s
                                                                  | loss: 3.8852 Ac:  50.00 P:  23.8 R:  37.5 F1:  28.0 | time: 0.0091s
Epoch: 0036 | loss: 0.0477 Ac: 100.00 P:  75.0 R:  75.0 F1:  75.0 | loss: 3.1860 Ac:  50.00 P:  38.5 R:  39.6 F1:  37.1 | time: 0.0297s
                                                                  | loss: 3.8941 Ac:  50.00 P:  23.8 R:  37.5 F1:  28.0 | time: 0.0092s
Epoch: 0037 | loss: 0.0334 Ac: 100.00 P:  75.0 R:  75.0 F1:  75.0 | loss: 3.1915 Ac:  50.00 P:  38.5 R:  39.6 F1:  37.1 | time: 0.0465s
                                                                  | loss: 3.9005 Ac:  50.00 P:  23.8 R:  37.5 F1:  28.0 | time: 0.0094s
Epoch: 0038 | loss: 0.0952 Ac: 100.00 P:  75.0 R:  75.0 F1:  75.0 | loss: 3.2056 Ac:  50.00 P:  39.4 R:  39.6 F1:  37.8 | time: 0.0302s
                                                                  | loss: 3.9194 Ac:  50.00 P:  23.8 R:  37.5 F1:  28.0 | time: 0.0097s
Epoch: 0039 | loss: 0.1361 Ac:  93.75 P:  71.9 R:  68.8 F1:  69.0 | loss: 3.2160 Ac:  50.00 P:  39.4 R:  39.6 F1:  37.8 | time: 0.0476s
                                                                  | loss: 3.9352 Ac:  50.00 P:  23.8 R:  37.5 F1:  28.0 | time: 0.0090s
Epoch: 0040 | loss: 0.0894 Ac: 100.00 P:  75.0 R:  75.0 F1:  75.0 | loss: 3.2318 Ac:  50.00 P:  39.4 R:  39.6 F1:  37.8 | time: 0.0283s
                                                                  | loss: 3.9565 Ac:  50.00 P:  23.8 R:  37.5 F1:  28.0 | time: 0.0091s
Epoch: 0041 | loss: 0.0630 Ac: 100.00 P:  75.0 R:  75.0 F1:  75.0 | loss: 3.2435 Ac:  50.00 P:  39.4 R:  39.6 F1:  37.8 | time: 0.0415s
                                                                  | loss: 3.9720 Ac:  50.00 P:  23.8 R:  37.5 F1:  28.0 | time: 0.0119s
Epoch: 0042 | loss: 0.0295 Ac: 100.00 P:  75.0 R:  75.0 F1:  75.0 | loss: 3.2574 Ac:  50.00 P:  39.4 R:  39.6 F1:  37.8 | time: 0.0280s
                                                                  | loss: 3.9888 Ac:  50.00 P:  23.8 R:  37.5 F1:  28.0 | time: 0.0088s
Epoch: 0043 | loss: 0.1019 Ac: 100.00 P:  75.0 R:  75.0 F1:  75.0 | loss: 3.2720 Ac:  50.00 P:  39.4 R:  39.6 F1:  37.8 | time: 0.0287s
                                                                  | loss: 3.9893 Ac:  50.00 P:  23.8 R:  37.5 F1:  28.0 | time: 0.0262s
Epoch: 0044 | loss: 0.0321 Ac: 100.00 P:  75.0 R:  75.0 F1:  75.0 | loss: 3.2899 Ac:  50.00 P:  39.4 R:  39.6 F1:  37.8 | time: 0.0295s
                                                                  | loss: 3.9932 Ac:  50.00 P:  23.8 R:  37.5 F1:  28.0 | time: 0.0086s
Epoch: 0045 | loss: 0.0268 Ac: 100.00 P:  75.0 R:  75.0 F1:  75.0 | loss: 3.3084 Ac:  50.00 P:  39.4 R:  39.6 F1:  37.8 | time: 0.0282s
                                                                  | loss: 3.9986 Ac:  50.00 P:  23.8 R:  37.5 F1:  28.0 | time: 0.0090s
Epoch: 0046 | loss: 0.0294 Ac: 100.00 P:  75.0 R:  75.0 F1:  75.0 | loss: 3.3283 Ac:  50.00 P:  39.4 R:  39.6 F1:  37.8 | time: 0.0420s
                                                                  | loss: 4.0049 Ac:  50.00 P:  23.8 R:  37.5 F1:  28.0 | time: 0.0093s
Epoch: 0047 | loss: 0.0247 Ac: 100.00 P:  75.0 R:  75.0 F1:  75.0 | loss: 3.3487 Ac:  50.00 P:  39.4 R:  39.6 F1:  37.8 | time: 0.0284s
                                                                  | loss: 4.0091 Ac:  50.00 P:  23.8 R:  37.5 F1:  28.0 | time: 0.0090s
Epoch: 0048 | loss: 0.1491 Ac:  93.75 P:  70.8 R:  70.8 F1:  70.0 | loss: 3.3645 Ac:  50.00 P:  34.4 R:  39.6 F1:  36.5 | time: 0.0464s
                                                                  | loss: 4.0104 Ac:  50.00 P:  23.8 R:  37.5 F1:  28.0 | time: 0.0099s
Epoch: 0049 | loss: 0.0970 Ac: 100.00 P:  75.0 R:  75.0 F1:  75.0 | loss: 3.3858 Ac:  50.00 P:  34.4 R:  39.6 F1:  36.5 | time: 0.0289s
                                                                  | loss: 4.0216 Ac:  50.00 P:  23.8 R:  37.5 F1:  28.0 | time: 0.0090s
Epoch: 0050 | loss: 0.0612 Ac: 100.00 P:  75.0 R:  75.0 F1:  75.0 | loss: 3.4019 Ac:  50.00 P:  34.4 R:  39.6 F1:  36.6 | time: 0.0453s
                                                                  | loss: 4.0280 Ac:  50.00 P:  23.8 R:  37.5 F1:  28.0 | time: 0.0096s
Epoch: 0051 | loss: 0.0419 Ac: 100.00 P:  75.0 R:  75.0 F1:  75.0 | loss: 3.4131 Ac:  50.00 P:  39.4 R:  39.6 F1:  37.8 | time: 0.0286s
                                                                  | loss: 4.0299 Ac:  50.00 P:  23.8 R:  37.5 F1:  28.0 | time: 0.0089s
Epoch: 0052 | loss: 0.0609 Ac: 100.00 P:  75.0 R:  75.0 F1:  75.0 | loss: 3.4258 Ac:  50.00 P:  39.4 R:  39.6 F1:  37.8 | time: 0.0285s
                                                                  | loss: 4.0333 Ac:  50.00 P:  23.8 R:  37.5 F1:  28.0 | time: 0.0237s
Epoch: 0053 | loss: 0.0218 Ac: 100.00 P:  75.0 R:  75.0 F1:  75.0 | loss: 3.4382 Ac:  50.00 P:  39.4 R:  39.6 F1:  37.8 | time: 0.0283s
                                                                  | loss: 4.0375 Ac:  50.00 P:  23.8 R:  37.5 F1:  28.0 | time: 0.0087s
Epoch: 0054 | loss: 0.0568 Ac: 100.00 P:  75.0 R:  75.0 F1:  75.0 | loss: 3.4495 Ac:  50.00 P:  39.4 R:  39.6 F1:  37.8 | time: 0.0275s
                                                                  | loss: 4.0455 Ac:  50.00 P:  23.8 R:  37.5 F1:  28.0 | time: 0.0083s
Epoch: 0055 | loss: 0.0198 Ac: 100.00 P:  75.0 R:  75.0 F1:  75.0 | loss: 3.4631 Ac:  50.00 P:  39.4 R:  39.6 F1:  37.8 | time: 0.0420s
                                                                  | loss: 4.0570 Ac:  50.00 P:  23.8 R:  37.5 F1:  28.0 | time: 0.0088s
Epoch: 0056 | loss: 0.0111 Ac: 100.00 P:  75.0 R:  75.0 F1:  75.0 | loss: 3.4768 Ac:  50.00 P:  39.4 R:  39.6 F1:  37.8 | time: 0.0275s
                                                                  | loss: 4.0687 Ac:  50.00 P:  23.8 R:  37.5 F1:  28.0 | time: 0.0090s
Epoch: 0057 | loss: 0.0311 Ac: 100.00 P:  75.0 R:  75.0 F1:  75.0 | loss: 3.4931 Ac:  50.00 P:  39.4 R:  39.6 F1:  37.8 | time: 0.0421s
                                                                  | loss: 4.0848 Ac:  50.00 P:  23.8 R:  37.5 F1:  28.0 | time: 0.0090s
Epoch: 0058 | loss: 0.0135 Ac: 100.00 P:  75.0 R:  75.0 F1:  75.0 | loss: 3.5089 Ac:  50.00 P:  39.4 R:  39.6 F1:  37.8 | time: 0.0277s
                                                                  | loss: 4.0995 Ac:  50.00 P:  23.8 R:  37.5 F1:  28.0 | time: 0.0088s
Epoch: 0059 | loss: 0.0320 Ac: 100.00 P:  75.0 R:  75.0 F1:  75.0 | loss: 3.5205 Ac:  50.00 P:  39.4 R:  39.6 F1:  37.8 | time: 0.0403s
                                                                  | loss: 4.1045 Ac:  50.00 P:  23.8 R:  37.5 F1:  28.0 | time: 0.0114s
Epoch: 0060 | loss: 0.0884 Ac: 100.00 P:  75.0 R:  75.0 F1:  75.0 | loss: 3.5299 Ac:  50.00 P:  39.4 R:  39.6 F1:  37.8 | time: 0.0284s
                                                                  | loss: 4.1059 Ac:  50.00 P:  23.8 R:  37.5 F1:  28.0 | time: 0.0091s
Epoch: 0061 | loss: 0.0209 Ac: 100.00 P:  75.0 R:  75.0 F1:  75.0 | loss: 3.5388 Ac:  50.00 P:  39.4 R:  39.6 F1:  37.8 | time: 0.0289s
                                                                  | loss: 4.1065 Ac:  50.00 P:  23.8 R:  37.5 F1:  28.0 | time: 0.0212s
Epoch: 0062 | loss: 0.0698 Ac: 100.00 P:  75.0 R:  75.0 F1:  75.0 | loss: 3.5482 Ac:  50.00 P:  39.4 R:  39.6 F1:  37.8 | time: 0.0338s
                                                                  | loss: 4.1118 Ac:  50.00 P:  23.8 R:  37.5 F1:  28.0 | time: 0.0094s
Epoch: 0063 | loss: 0.0152 Ac: 100.00 P:  75.0 R:  75.0 F1:  75.0 | loss: 3.5569 Ac:  50.00 P:  39.4 R:  39.6 F1:  37.8 | time: 0.0288s
                                                                  | loss: 4.1166 Ac:  50.00 P:  23.8 R:  37.5 F1:  28.0 | time: 0.0088s
Epoch: 0064 | loss: 0.0086 Ac: 100.00 P:  75.0 R:  75.0 F1:  75.0 | loss: 3.5652 Ac:  50.00 P:  39.4 R:  39.6 F1:  37.8 | time: 0.0458s
                                                                  | loss: 4.1203 Ac:  50.00 P:  23.8 R:  37.5 F1:  28.0 | time: 0.0091s
Epoch: 0065 | loss: 0.0202 Ac: 100.00 P:  75.0 R:  75.0 F1:  75.0 | loss: 3.5709 Ac:  50.00 P:  38.5 R:  39.6 F1:  37.1 | time: 0.0276s
                                                                  | loss: 4.1194 Ac:  50.00 P:  23.8 R:  37.5 F1:  28.0 | time: 0.0088s
Epoch: 0066 | loss: 0.0159 Ac: 100.00 P:  75.0 R:  75.0 F1:  75.0 | loss: 3.5767 Ac:  50.00 P:  38.5 R:  39.6 F1:  37.1 | time: 0.0475s
                                                                  | loss: 4.1204 Ac:  50.00 P:  23.8 R:  37.5 F1:  28.0 | time: 0.0090s
Epoch: 0067 | loss: 0.0251 Ac: 100.00 P:  75.0 R:  75.0 F1:  75.0 | loss: 3.5780 Ac:  50.00 P:  38.5 R:  39.6 F1:  37.1 | time: 0.0994s
                                                                  | loss: 4.1104 Ac:  50.00 P:  23.8 R:  37.5 F1:  28.0 | time: 0.0160s
Epoch: 0068 | loss: 0.0245 Ac: 100.00 P:  75.0 R:  75.0 F1:  75.0 | loss: 3.5774 Ac:  50.00 P:  38.5 R:  39.6 F1:  37.1 | time: 0.0286s
                                                                  | loss: 4.0981 Ac:  50.00 P:  23.8 R:  37.5 F1:  28.0 | time: 0.0089s
Epoch: 0069 | loss: 0.0107 Ac: 100.00 P:  75.0 R:  75.0 F1:  75.0 | loss: 3.5675 Ac:  50.00 P:  38.5 R:  39.6 F1:  37.1 | time: 0.0439s
                                                                  | loss: 4.0793 Ac:  50.00 P:  23.8 R:  37.5 F1:  28.0 | time: 0.0087s
Epoch: 0070 | loss: 0.0325 Ac: 100.00 P:  75.0 R:  75.0 F1:  75.0 | loss: 3.5617 Ac:  50.00 P:  38.5 R:  39.6 F1:  37.1 | time: 0.0259s
                                                                  | loss: 4.0638 Ac:  50.00 P:  23.8 R:  37.5 F1:  28.0 | time: 0.0083s
Epoch: 0071 | loss: 0.0103 Ac: 100.00 P:  75.0 R:  75.0 F1:  75.0 | loss: 3.5583 Ac:  50.00 P:  38.5 R:  39.6 F1:  37.1 | time: 0.0427s
                                                                  | loss: 4.0516 Ac:  50.00 P:  23.8 R:  37.5 F1:  28.0 | time: 0.0081s
Epoch: 0072 | loss: 0.0170 Ac: 100.00 P:  75.0 R:  75.0 F1:  75.0 | loss: 3.5568 Ac:  50.00 P:  38.5 R:  39.6 F1:  37.1 | time: 0.0252s
                                                                  | loss: 4.0402 Ac:  50.00 P:  23.8 R:  37.5 F1:  28.0 | time: 0.0082s
Epoch: 0073 | loss: 0.0090 Ac: 100.00 P:  75.0 R:  75.0 F1:  75.0 | loss: 3.5552 Ac:  50.00 P:  38.5 R:  39.6 F1:  37.1 | time: 0.0255s
                                                                  | loss: 4.0305 Ac:  50.00 P:  23.8 R:  37.5 F1:  28.0 | time: 0.0227s
Epoch: 0074 | loss: 0.0055 Ac: 100.00 P:  75.0 R:  75.0 F1:  75.0 | loss: 3.5537 Ac:  50.00 P:  38.5 R:  39.6 F1:  37.1 | time: 0.0296s
                                                                  | loss: 4.0216 Ac:  50.00 P:  23.8 R:  37.5 F1:  28.0 | time: 0.0084s
Epoch: 0075 | loss: 0.0434 Ac: 100.00 P:  75.0 R:  75.0 F1:  75.0 | loss: 3.5474 Ac:  50.00 P:  32.3 R:  39.6 F1:  35.0 | time: 0.0261s
                                                                  | loss: 4.0023 Ac:  50.00 P:  23.8 R:  37.5 F1:  28.0 | time: 0.0082s
Epoch: 0076 | loss: 0.0249 Ac: 100.00 P:  75.0 R:  75.0 F1:  75.0 | loss: 3.5371 Ac:  50.00 P:  32.3 R:  39.6 F1:  35.0 | time: 0.0412s
                                                                  | loss: 3.9803 Ac:  50.00 P:  23.8 R:  37.5 F1:  28.0 | time: 0.0093s
Epoch: 0077 | loss: 0.0297 Ac: 100.00 P:  75.0 R:  75.0 F1:  75.0 | loss: 3.5286 Ac:  50.00 P:  32.3 R:  39.6 F1:  35.0 | time: 0.0265s
                                                                  | loss: 3.9640 Ac:  50.00 P:  18.8 R:  37.5 F1:  25.0 | time: 0.0085s
Epoch: 0078 | loss: 0.0190 Ac: 100.00 P:  75.0 R:  75.0 F1:  75.0 | loss: 3.5217 Ac:  50.00 P:  32.3 R:  39.6 F1:  35.0 | time: 0.0249s
                                                                  | loss: 3.9500 Ac:  50.00 P:  18.8 R:  37.5 F1:  25.0 | time: 0.0228s
Epoch: 0079 | loss: 0.0074 Ac: 100.00 P:  75.0 R:  75.0 F1:  75.0 | loss: 3.5156 Ac:  50.00 P:  31.0 R:  39.6 F1:  34.5 | time: 0.0252s
                                                                  | loss: 3.9381 Ac:  50.00 P:  18.8 R:  37.5 F1:  25.0 | time: 0.0086s
Epoch: 0080 | loss: 0.0071 Ac: 100.00 P:  75.0 R:  75.0 F1:  75.0 | loss: 3.5110 Ac:  50.00 P:  31.0 R:  39.6 F1:  34.5 | time: 0.0254s
                                                                  | loss: 3.9285 Ac:  50.00 P:  18.8 R:  37.5 F1:  25.0 | time: 0.0080s
Epoch: 0081 | loss: 0.0074 Ac: 100.00 P:  75.0 R:  75.0 F1:  75.0 | loss: 3.5077 Ac:  50.00 P:  31.0 R:  39.6 F1:  34.5 | time: 0.0394s
                                                                  | loss: 3.9206 Ac:  50.00 P:  18.8 R:  37.5 F1:  25.0 | time: 0.0085s
Epoch: 0082 | loss: 0.0620 Ac:  93.75 P:  60.4 R:  62.5 F1:  61.4 | loss: 3.5126 Ac:  50.00 P:  31.0 R:  39.6 F1:  34.5 | time: 0.0253s
                                                                  | loss: 3.9275 Ac:  50.00 P:  18.8 R:  37.5 F1:  25.0 | time: 0.0083s
Epoch: 0083 | loss: 0.0093 Ac: 100.00 P:  75.0 R:  75.0 F1:  75.0 | loss: 3.5176 Ac:  50.00 P:  31.0 R:  39.6 F1:  34.5 | time: 0.0248s
                                                                  | loss: 3.9347 Ac:  50.00 P:  18.8 R:  37.5 F1:  25.0 | time: 0.0243s
Epoch: 0084 | loss: 0.0068 Ac: 100.00 P:  75.0 R:  75.0 F1:  75.0 | loss: 3.5228 Ac:  50.00 P:  31.0 R:  39.6 F1:  34.5 | time: 0.0253s
                                                                  | loss: 3.9416 Ac:  50.00 P:  18.8 R:  37.5 F1:  25.0 | time: 0.0082s
Epoch: 0085 | loss: 0.0154 Ac: 100.00 P:  75.0 R:  75.0 F1:  75.0 | loss: 3.5289 Ac:  50.00 P:  31.0 R:  39.6 F1:  34.5 | time: 0.0252s
                                                                  | loss: 3.9509 Ac:  50.00 P:  18.8 R:  37.5 F1:  24.6 | time: 0.0082s
Epoch: 0086 | loss: 0.0040 Ac: 100.00 P:  75.0 R:  75.0 F1:  75.0 | loss: 3.5351 Ac:  50.00 P:  31.0 R:  39.6 F1:  34.5 | time: 0.0393s
                                                                  | loss: 3.9599 Ac:  50.00 P:  18.8 R:  37.5 F1:  24.6 | time: 0.0086s
Epoch: 0087 | loss: 0.0069 Ac: 100.00 P:  75.0 R:  75.0 F1:  75.0 | loss: 3.5420 Ac:  50.00 P:  32.3 R:  39.6 F1:  35.0 | time: 0.0252s
                                                                  | loss: 3.9703 Ac:  50.00 P:  18.8 R:  37.5 F1:  24.6 | time: 0.0083s
Epoch: 0088 | loss: 0.0063 Ac: 100.00 P:  75.0 R:  75.0 F1:  75.0 | loss: 3.5492 Ac:  50.00 P:  32.3 R:  39.6 F1:  35.0 | time: 0.0256s
                                                                  | loss: 3.9794 Ac:  50.00 P:  18.8 R:  37.5 F1:  24.6 | time: 0.0252s
Epoch: 0089 | loss: 0.0465 Ac: 100.00 P:  75.0 R:  75.0 F1:  75.0 | loss: 3.5529 Ac:  50.00 P:  32.3 R:  39.6 F1:  35.0 | time: 0.0269s
                                                                  | loss: 3.9852 Ac:  50.00 P:  18.8 R:  37.5 F1:  25.0 | time: 0.0084s
Epoch: 0090 | loss: 0.0377 Ac: 100.00 P:  75.0 R:  75.0 F1:  75.0 | loss: 3.5554 Ac:  50.00 P:  32.3 R:  39.6 F1:  35.0 | time: 0.0255s
                                                                  | loss: 3.9883 Ac:  50.00 P:  18.8 R:  37.5 F1:  25.0 | time: 0.0086s
Epoch: 0091 | loss: 0.0122 Ac: 100.00 P:  75.0 R:  75.0 F1:  75.0 | loss: 3.5586 Ac:  50.00 P:  32.3 R:  39.6 F1:  35.0 | time: 0.0418s
                                                                  | loss: 3.9905 Ac:  50.00 P:  18.8 R:  37.5 F1:  25.0 | time: 0.0088s
Epoch: 0092 | loss: 0.0120 Ac: 100.00 P:  75.0 R:  75.0 F1:  75.0 | loss: 3.5633 Ac:  50.00 P:  32.3 R:  39.6 F1:  35.0 | time: 0.0281s
                                                                  | loss: 3.9948 Ac:  50.00 P:  18.8 R:  37.5 F1:  25.0 | time: 0.0088s
Epoch: 0093 | loss: 0.0090 Ac: 100.00 P:  75.0 R:  75.0 F1:  75.0 | loss: 3.5686 Ac:  50.00 P:  32.3 R:  39.6 F1:  35.0 | time: 0.0412s
                                                                  | loss: 4.0015 Ac:  50.00 P:  18.8 R:  37.5 F1:  25.0 | time: 0.0087s
Epoch: 0094 | loss: 0.0035 Ac: 100.00 P:  75.0 R:  75.0 F1:  75.0 | loss: 3.5737 Ac:  50.00 P:  32.3 R:  39.6 F1:  35.0 | time: 0.0283s
                                                                  | loss: 4.0082 Ac:  50.00 P:  18.8 R:  37.5 F1:  25.0 | time: 0.0088s
Epoch: 0095 | loss: 0.0199 Ac: 100.00 P:  75.0 R:  75.0 F1:  75.0 | loss: 3.5771 Ac:  50.00 P:  32.3 R:  39.6 F1:  35.0 | time: 0.0259s
                                                                  | loss: 4.0149 Ac:  50.00 P:  18.8 R:  37.5 F1:  25.0 | time: 0.0206s
Epoch: 0096 | loss: 0.0085 Ac: 100.00 P:  75.0 R:  75.0 F1:  75.0 | loss: 3.5808 Ac:  50.00 P:  32.3 R:  39.6 F1:  35.0 | time: 0.0287s
                                                                  | loss: 4.0217 Ac:  50.00 P:  18.8 R:  37.5 F1:  25.0 | time: 0.0083s
Epoch: 0097 | loss: 0.0069 Ac: 100.00 P:  75.0 R:  75.0 F1:  75.0 | loss: 3.5853 Ac:  50.00 P:  32.3 R:  39.6 F1:  35.0 | time: 0.0260s
                                                                  | loss: 4.0276 Ac:  50.00 P:  18.8 R:  37.5 F1:  25.0 | time: 0.0110s
Epoch: 0098 | loss: 0.0082 Ac: 100.00 P:  75.0 R:  75.0 F1:  75.0 | loss: 3.5901 Ac:  50.00 P:  32.3 R:  39.6 F1:  35.0 | time: 0.0422s
                                                                  | loss: 4.0344 Ac:  50.00 P:  18.8 R:  37.5 F1:  25.0 | time: 0.0088s
Epoch: 0099 | loss: 0.0070 Ac: 100.00 P:  75.0 R:  75.0 F1:  75.0 | loss: 3.5938 Ac:  50.00 P:  32.3 R:  39.6 F1:  35.0 | time: 0.0272s
                                                                  | loss: 4.0397 Ac:  50.00 P:  18.8 R:  37.5 F1:  25.0 | time: 0.0090s
Epoch: 0100 | loss: 0.0059 Ac: 100.00 P:  75.0 R:  75.0 F1:  75.0 | loss: 3.5974 Ac:  50.00 P:  32.3 R:  39.6 F1:  35.0 | time: 0.0418s
                                                                  | loss: 4.0452 Ac:  50.00 P:  18.8 R:  37.5 F1:  25.0 | time: 0.0103s
Epoch: 0101 | loss: 0.0091 Ac: 100.00 P:  75.0 R:  75.0 F1:  75.0 | loss: 3.6010 Ac:  50.00 P:  32.3 R:  39.6 F1:  35.0 | time: 0.0271s
                                                                  | loss: 4.0505 Ac:  50.00 P:  18.8 R:  37.5 F1:  25.0 | time: 0.0083s
Epoch: 0102 | loss: 0.0025 Ac: 100.00 P:  75.0 R:  75.0 F1:  75.0 | loss: 3.6042 Ac:  50.00 P:  32.3 R:  39.6 F1:  35.0 | time: 0.0247s
                                                                  | loss: 4.0552 Ac:  50.00 P:  18.8 R:  37.5 F1:  25.0 | time: 0.0081s
Epoch: 0103 | loss: 0.0087 Ac: 100.00 P:  75.0 R:  75.0 F1:  75.0 | loss: 3.6078 Ac:  50.00 P:  32.3 R:  39.6 F1:  35.0 | time: 0.0413s
                                                                  | loss: 4.0604 Ac:  50.00 P:  18.8 R:  37.5 F1:  25.0 | time: 0.0082s
Epoch: 0104 | loss: 0.0107 Ac: 100.00 P:  75.0 R:  75.0 F1:  75.0 | loss: 3.6128 Ac:  50.00 P:  32.3 R:  39.6 F1:  35.0 | time: 0.0247s
                                                                  | loss: 4.0663 Ac:  50.00 P:  18.8 R:  37.5 F1:  25.0 | time: 0.0081s
Epoch: 0105 | loss: 0.0088 Ac: 100.00 P:  75.0 R:  75.0 F1:  75.0 | loss: 3.6174 Ac:  50.00 P:  32.3 R:  39.6 F1:  35.0 | time: 0.0391s
                                                                  | loss: 4.0713 Ac:  50.00 P:  18.8 R:  37.5 F1:  25.0 | time: 0.0096s
Epoch: 0106 | loss: 0.0082 Ac: 100.00 P:  75.0 R:  75.0 F1:  75.0 | loss: 3.6225 Ac:  50.00 P:  32.3 R:  39.6 F1:  35.0 | time: 0.0259s
                                                                  | loss: 4.0754 Ac:  50.00 P:  18.8 R:  37.5 F1:  25.0 | time: 0.0080s
Epoch: 0107 | loss: 0.0030 Ac: 100.00 P:  75.0 R:  75.0 F1:  75.0 | loss: 3.6272 Ac:  50.00 P:  32.3 R:  39.6 F1:  35.0 | time: 0.0251s
                                                                  | loss: 4.0793 Ac:  50.00 P:  18.8 R:  37.5 F1:  25.0 | time: 0.0082s
Epoch: 0108 | loss: 0.0114 Ac: 100.00 P:  75.0 R:  75.0 F1:  75.0 | loss: 3.6323 Ac:  50.00 P:  32.3 R:  39.6 F1:  35.0 | time: 0.0523s
                                                                  | loss: 4.0838 Ac:  50.00 P:  18.8 R:  37.5 F1:  25.0 | time: 0.0107s
Epoch: 0109 | loss: 0.0054 Ac: 100.00 P:  75.0 R:  75.0 F1:  75.0 | loss: 3.6375 Ac:  56.25 P:  37.5 R:  45.8 F1:  40.6 | time: 0.0331s
                                                                  | loss: 4.0878 Ac:  50.00 P:  18.8 R:  37.5 F1:  25.0 | time: 0.0218s
Epoch: 0110 | loss: 0.0040 Ac: 100.00 P:  75.0 R:  75.0 F1:  75.0 | loss: 3.6423 Ac:  56.25 P:  37.5 R:  45.8 F1:  40.6 | time: 0.0280s
                                                                  | loss: 4.0907 Ac:  50.00 P:  18.8 R:  37.5 F1:  25.0 | time: 0.0084s
Epoch: 0111 | loss: 0.0047 Ac: 100.00 P:  75.0 R:  75.0 F1:  75.0 | loss: 3.6463 Ac:  56.25 P:  37.5 R:  45.8 F1:  40.6 | time: 0.0251s
                                                                  | loss: 4.0924 Ac:  50.00 P:  18.8 R:  37.5 F1:  25.0 | time: 0.0085s
Epoch: 0112 | loss: 0.0031 Ac: 100.00 P:  75.0 R:  75.0 F1:  75.0 | loss: 3.6511 Ac:  56.25 P:  37.5 R:  45.8 F1:  40.6 | time: 0.0432s
                                                                  | loss: 4.0946 Ac:  50.00 P:  18.8 R:  37.5 F1:  25.0 | time: 0.0082s
Epoch: 0113 | loss: 0.0085 Ac: 100.00 P:  75.0 R:  75.0 F1:  75.0 | loss: 3.6569 Ac:  56.25 P:  37.5 R:  45.8 F1:  40.6 | time: 0.0255s
                                                                  | loss: 4.0986 Ac:  50.00 P:  18.8 R:  37.5 F1:  25.0 | time: 0.0082s
Epoch: 0114 | loss: 0.0038 Ac: 100.00 P:  75.0 R:  75.0 F1:  75.0 | loss: 3.6621 Ac:  56.25 P:  37.5 R:  45.8 F1:  40.6 | time: 0.0253s
                                                                  | loss: 4.1022 Ac:  50.00 P:  18.8 R:  37.5 F1:  25.0 | time: 0.0223s
Epoch: 0115 | loss: 0.0034 Ac: 100.00 P:  75.0 R:  75.0 F1:  75.0 | loss: 3.6674 Ac:  56.25 P:  37.5 R:  45.8 F1:  40.6 | time: 0.0268s
                                                                  | loss: 4.1053 Ac:  50.00 P:  18.8 R:  37.5 F1:  25.0 | time: 0.0081s
Epoch: 0116 | loss: 0.0035 Ac: 100.00 P:  75.0 R:  75.0 F1:  75.0 | loss: 3.6723 Ac:  56.25 P:  37.5 R:  45.8 F1:  40.6 | time: 0.0248s
                                                                  | loss: 4.1082 Ac:  50.00 P:  18.8 R:  37.5 F1:  25.0 | time: 0.0084s
Epoch: 0117 | loss: 0.0054 Ac: 100.00 P:  75.0 R:  75.0 F1:  75.0 | loss: 3.6761 Ac:  56.25 P:  37.5 R:  45.8 F1:  40.6 | time: 0.0418s
                                                                  | loss: 4.1106 Ac:  50.00 P:  18.8 R:  37.5 F1:  25.0 | time: 0.0088s
Epoch: 0118 | loss: 0.0085 Ac: 100.00 P:  75.0 R:  75.0 F1:  75.0 | loss: 3.6805 Ac:  56.25 P:  37.5 R:  45.8 F1:  40.6 | time: 0.0268s
                                                                  | loss: 4.1135 Ac:  50.00 P:  18.8 R:  37.5 F1:  25.0 | time: 0.0088s
Epoch: 0119 | loss: 0.0180 Ac: 100.00 P:  75.0 R:  75.0 F1:  75.0 | loss: 3.6909 Ac:  56.25 P:  37.5 R:  45.8 F1:  40.6 | time: 0.0390s
                                                                  | loss: 4.1186 Ac:  50.00 P:  18.8 R:  37.5 F1:  25.0 | time: 0.0129s
Epoch: 0120 | loss: 0.0075 Ac: 100.00 P:  75.0 R:  75.0 F1:  75.0 | loss: 3.7003 Ac:  56.25 P:  37.5 R:  45.8 F1:  40.6 | time: 0.0259s
                                                                  | loss: 4.1233 Ac:  50.00 P:  18.8 R:  37.5 F1:  25.0 | time: 0.0083s
Epoch: 0121 | loss: 0.0032 Ac: 100.00 P:  75.0 R:  75.0 F1:  75.0 | loss: 3.7099 Ac:  56.25 P:  37.5 R:  45.8 F1:  40.6 | time: 0.0253s
                                                                  | loss: 4.1286 Ac:  50.00 P:  18.8 R:  37.5 F1:  25.0 | time: 0.0083s
Epoch: 0122 | loss: 0.0050 Ac: 100.00 P:  75.0 R:  75.0 F1:  75.0 | loss: 3.7194 Ac:  56.25 P:  37.5 R:  45.8 F1:  40.6 | time: 0.0414s
                                                                  | loss: 4.1347 Ac:  50.00 P:  18.8 R:  37.5 F1:  25.0 | time: 0.0082s
Epoch: 0123 | loss: 0.0605 Ac: 100.00 P:  75.0 R:  75.0 F1:  75.0 | loss: 3.7240 Ac:  56.25 P:  37.5 R:  45.8 F1:  40.6 | time: 0.0255s
                                                                  | loss: 4.1278 Ac:  50.00 P:  22.9 R:  37.5 F1:  27.1 | time: 0.0088s
Epoch: 0124 | loss: 0.0045 Ac: 100.00 P:  75.0 R:  75.0 F1:  75.0 | loss: 3.7275 Ac:  56.25 P:  37.5 R:  45.8 F1:  40.6 | time: 0.0414s
                                                                  | loss: 4.1238 Ac:  50.00 P:  22.9 R:  37.5 F1:  27.1 | time: 0.0096s
Epoch: 0125 | loss: 0.0023 Ac: 100.00 P:  75.0 R:  75.0 F1:  75.0 | loss: 3.7312 Ac:  56.25 P:  37.5 R:  45.8 F1:  40.6 | time: 0.0251s
                                                                  | loss: 4.1229 Ac:  50.00 P:  18.7 R:  37.5 F1:  24.6 | time: 0.0083s
Epoch: 0126 | loss: 0.0171 Ac: 100.00 P:  75.0 R:  75.0 F1:  75.0 | loss: 3.7430 Ac:  56.25 P:  37.5 R:  45.8 F1:  40.6 | time: 0.0256s
                                                                  | loss: 4.1309 Ac:  50.00 P:  20.8 R:  37.5 F1:  25.0 | time: 0.0204s
Epoch: 0127 | loss: 0.0094 Ac: 100.00 P:  75.0 R:  75.0 F1:  75.0 | loss: 3.7532 Ac:  56.25 P:  37.5 R:  45.8 F1:  40.6 | time: 0.0320s
                                                                  | loss: 4.1383 Ac:  50.00 P:  20.8 R:  37.5 F1:  25.0 | time: 0.0087s
Epoch: 0128 | loss: 0.0046 Ac: 100.00 P:  75.0 R:  75.0 F1:  75.0 | loss: 3.7641 Ac:  56.25 P:  37.5 R:  45.8 F1:  40.6 | time: 0.0282s
                                                                  | loss: 4.1463 Ac:  50.00 P:  20.8 R:  37.5 F1:  25.0 | time: 0.0090s
Epoch: 0129 | loss: 0.0031 Ac: 100.00 P:  75.0 R:  75.0 F1:  75.0 | loss: 3.7740 Ac:  56.25 P:  37.5 R:  45.8 F1:  40.6 | time: 0.0395s
                                                                  | loss: 4.1545 Ac:  50.00 P:  20.8 R:  37.5 F1:  25.0 | time: 0.0081s
Epoch: 0130 | loss: 0.0029 Ac: 100.00 P:  75.0 R:  75.0 F1:  75.0 | loss: 3.7842 Ac:  56.25 P:  37.5 R:  45.8 F1:  40.6 | time: 0.0249s
                                                                  | loss: 4.1636 Ac:  50.00 P:  20.8 R:  37.5 F1:  25.0 | time: 0.0081s
Epoch: 0131 | loss: 0.0083 Ac: 100.00 P:  75.0 R:  75.0 F1:  75.0 | loss: 3.7943 Ac:  56.25 P:  37.5 R:  45.8 F1:  40.6 | time: 0.0247s
                                                                  | loss: 4.1730 Ac:  50.00 P:  21.9 R:  37.5 F1:  25.8 | time: 0.0223s
Epoch: 0132 | loss: 0.0603 Ac:  93.75 P:  70.8 R:  70.8 F1:  70.0 | loss: 3.8014 Ac:  56.25 P:  37.5 R:  45.8 F1:  40.6 | time: 0.0272s
                                                                  | loss: 4.1678 Ac:  50.00 P:  27.5 R:  37.5 F1:  29.2 | time: 0.0082s
Epoch: 0133 | loss: 0.0027 Ac: 100.00 P:  75.0 R:  75.0 F1:  75.0 | loss: 3.8087 Ac:  56.25 P:  37.5 R:  45.8 F1:  40.6 | time: 0.0249s
                                                                  | loss: 4.1638 Ac:  50.00 P:  27.5 R:  37.5 F1:  29.2 | time: 0.0083s
Epoch: 0134 | loss: 0.0156 Ac: 100.00 P:  75.0 R:  75.0 F1:  75.0 | loss: 3.8127 Ac:  56.25 P:  37.5 R:  45.8 F1:  40.6 | time: 0.0423s
                                                                  | loss: 4.1603 Ac:  50.00 P:  27.5 R:  37.5 F1:  29.2 | time: 0.0087s
Epoch: 0135 | loss: 0.0177 Ac: 100.00 P:  75.0 R:  75.0 F1:  75.0 | loss: 3.8167 Ac:  56.25 P:  37.5 R:  45.8 F1:  40.6 | time: 0.0270s
                                                                  | loss: 4.1526 Ac:  50.00 P:  27.5 R:  37.5 F1:  29.2 | time: 0.0084s
Epoch: 0136 | loss: 0.0099 Ac: 100.00 P:  75.0 R:  75.0 F1:  75.0 | loss: 3.8208 Ac:  56.25 P:  37.5 R:  45.8 F1:  40.6 | time: 0.0376s
                                                                  | loss: 4.1457 Ac:  50.00 P:  27.5 R:  37.5 F1:  29.2 | time: 0.0120s
Epoch: 0137 | loss: 0.0034 Ac: 100.00 P:  75.0 R:  75.0 F1:  75.0 | loss: 3.8239 Ac:  56.25 P:  37.5 R:  45.8 F1:  40.6 | time: 0.0265s
                                                                  | loss: 4.1398 Ac:  50.00 P:  27.5 R:  37.5 F1:  29.2 | time: 0.0082s
Epoch: 0138 | loss: 0.0076 Ac: 100.00 P:  75.0 R:  75.0 F1:  75.0 | loss: 3.8267 Ac:  56.25 P:  37.5 R:  45.8 F1:  40.6 | time: 0.0255s
                                                                  | loss: 4.1343 Ac:  50.00 P:  27.5 R:  37.5 F1:  29.2 | time: 0.0082s
Epoch: 0139 | loss: 0.0027 Ac: 100.00 P:  75.0 R:  75.0 F1:  75.0 | loss: 3.8295 Ac:  56.25 P:  37.5 R:  45.8 F1:  40.6 | time: 0.0369s
                                                                  | loss: 4.1295 Ac:  50.00 P:  27.5 R:  37.5 F1:  29.2 | time: 0.0082s
Epoch: 0140 | loss: 0.0175 Ac: 100.00 P:  75.0 R:  75.0 F1:  75.0 | loss: 3.8303 Ac:  56.25 P:  37.5 R:  45.8 F1:  40.6 | time: 0.0251s
                                                                  | loss: 4.1249 Ac:  50.00 P:  27.5 R:  37.5 F1:  29.2 | time: 0.0087s
Epoch: 0141 | loss: 0.0104 Ac: 100.00 P:  75.0 R:  75.0 F1:  75.0 | loss: 3.8271 Ac:  56.25 P:  37.5 R:  45.8 F1:  40.6 | time: 0.0266s
                                                                  | loss: 4.1169 Ac:  50.00 P:  27.5 R:  37.5 F1:  29.2 | time: 0.0139s
Epoch: 0142 | loss: 0.0078 Ac: 100.00 P:  75.0 R:  75.0 F1:  75.0 | loss: 3.8219 Ac:  56.25 P:  37.5 R:  45.8 F1:  40.6 | time: 0.0265s
                                                                  | loss: 4.1067 Ac:  50.00 P:  27.5 R:  37.5 F1:  29.2 | time: 0.0085s
Epoch: 0143 | loss: 0.0034 Ac: 100.00 P:  75.0 R:  75.0 F1:  75.0 | loss: 3.8181 Ac:  56.25 P:  37.5 R:  45.8 F1:  40.6 | time: 0.0273s
                                                                  | loss: 4.0987 Ac:  50.00 P:  27.5 R:  37.5 F1:  29.2 | time: 0.0084s
Epoch: 0144 | loss: 0.0033 Ac: 100.00 P:  75.0 R:  75.0 F1:  75.0 | loss: 3.8137 Ac:  56.25 P:  37.5 R:  45.8 F1:  40.6 | time: 0.0451s
                                                                  | loss: 4.0910 Ac:  50.00 P:  27.5 R:  37.5 F1:  29.2 | time: 0.0087s
Epoch: 0145 | loss: 0.0025 Ac: 100.00 P:  75.0 R:  75.0 F1:  75.0 | loss: 3.8089 Ac:  56.25 P:  37.5 R:  45.8 F1:  40.6 | time: 0.0261s
                                                                  | loss: 4.0835 Ac:  50.00 P:  27.5 R:  37.5 F1:  29.2 | time: 0.0088s
Epoch: 0146 | loss: 0.0064 Ac: 100.00 P:  75.0 R:  75.0 F1:  75.0 | loss: 3.8051 Ac:  56.25 P:  37.5 R:  45.8 F1:  40.6 | time: 0.0435s
                                                                  | loss: 4.0769 Ac:  50.00 P:  27.5 R:  37.5 F1:  29.2 | time: 0.0085s
Epoch: 0147 | loss: 0.0100 Ac: 100.00 P:  75.0 R:  75.0 F1:  75.0 | loss: 3.8040 Ac:  56.25 P:  37.5 R:  45.8 F1:  40.6 | time: 0.0263s
                                                                  | loss: 4.0722 Ac:  50.00 P:  27.5 R:  37.5 F1:  29.2 | time: 0.0088s
Epoch: 0148 | loss: 0.0058 Ac: 100.00 P:  75.0 R:  75.0 F1:  75.0 | loss: 3.8024 Ac:  56.25 P:  37.5 R:  45.8 F1:  40.6 | time: 0.0388s
                                                                  | loss: 4.0678 Ac:  50.00 P:  27.5 R:  37.5 F1:  29.2 | time: 0.0122s
Epoch: 0149 | loss: 0.0031 Ac: 100.00 P:  75.0 R:  75.0 F1:  75.0 | loss: 3.8009 Ac:  56.25 P:  37.5 R:  45.8 F1:  40.6 | time: 0.0281s
                                                                  | loss: 4.0642 Ac:  50.00 P:  21.9 R:  37.5 F1:  25.8 | time: 0.0089s
Epoch: 0150 | loss: 0.0182 Ac: 100.00 P:  75.0 R:  75.0 F1:  75.0 | loss: 3.8009 Ac:  56.25 P:  37.5 R:  45.8 F1:  40.6 | time: 0.0269s
                                                                  | loss: 4.0664 Ac:  50.00 P:  21.9 R:  37.5 F1:  25.8 | time: 0.0086s
Epoch: 0151 | loss: 0.0026 Ac: 100.00 P:  75.0 R:  75.0 F1:  75.0 | loss: 3.8010 Ac:  56.25 P:  37.5 R:  45.8 F1:  40.6 | time: 0.0447s
                                                                  | loss: 4.0683 Ac:  50.00 P:  21.9 R:  37.5 F1:  25.8 | time: 0.0097s
Epoch: 0152 | loss: 0.0035 Ac: 100.00 P:  75.0 R:  75.0 F1:  75.0 | loss: 3.8005 Ac:  56.25 P:  37.5 R:  45.8 F1:  40.6 | time: 0.0289s
                                                                  | loss: 4.0701 Ac:  50.00 P:  20.8 R:  37.5 F1:  25.0 | time: 0.0091s
Epoch: 0153 | loss: 0.0040 Ac: 100.00 P:  75.0 R:  75.0 F1:  75.0 | loss: 3.8006 Ac:  56.25 P:  37.5 R:  45.8 F1:  40.6 | time: 0.0422s
                                                                  | loss: 4.0732 Ac:  50.00 P:  20.8 R:  37.5 F1:  25.0 | time: 0.0088s
Epoch: 0154 | loss: 0.0081 Ac: 100.00 P:  75.0 R:  75.0 F1:  75.0 | loss: 3.8027 Ac:  50.00 P:  32.3 R:  39.6 F1:  35.0 | time: 0.0268s
                                                                  | loss: 4.0798 Ac:  50.00 P:  20.8 R:  37.5 F1:  25.0 | time: 0.0087s
Epoch: 0155 | loss: 0.0078 Ac: 100.00 P:  75.0 R:  75.0 F1:  75.0 | loss: 3.7988 Ac:  50.00 P:  32.3 R:  39.6 F1:  35.0 | time: 0.0428s
                                                                  | loss: 4.0816 Ac:  50.00 P:  20.8 R:  37.5 F1:  25.0 | time: 0.0089s
Epoch: 0156 | loss: 0.0201 Ac: 100.00 P:  75.0 R:  75.0 F1:  75.0 | loss: 3.7984 Ac:  56.25 P:  37.5 R:  45.8 F1:  40.6 | time: 0.0277s
                                                                  | loss: 4.0886 Ac:  50.00 P:  20.8 R:  37.5 F1:  25.0 | time: 0.0098s
Epoch: 0157 | loss: 0.0106 Ac: 100.00 P:  75.0 R:  75.0 F1:  75.0 | loss: 3.8009 Ac:  56.25 P:  37.5 R:  45.8 F1:  40.6 | time: 0.0439s
                                                                  | loss: 4.0992 Ac:  50.00 P:  20.8 R:  37.5 F1:  25.0 | time: 0.0122s
Epoch: 0158 | loss: 0.0077 Ac: 100.00 P:  75.0 R:  75.0 F1:  75.0 | loss: 3.8035 Ac:  56.25 P:  37.5 R:  45.8 F1:  40.6 | time: 0.0264s
                                                                  | loss: 4.1104 Ac:  50.00 P:  20.8 R:  37.5 F1:  25.0 | time: 0.0090s
Epoch: 0159 | loss: 0.0006 Ac: 100.00 P:  75.0 R:  75.0 F1:  75.0 | loss: 3.8056 Ac:  56.25 P:  37.5 R:  45.8 F1:  40.6 | time: 0.0267s
                                                                  | loss: 4.1204 Ac:  50.00 P:  20.8 R:  37.5 F1:  25.0 | time: 0.0087s
Epoch: 0160 | loss: 0.0045 Ac: 100.00 P:  75.0 R:  75.0 F1:  75.0 | loss: 3.8074 Ac:  56.25 P:  37.5 R:  45.8 F1:  40.6 | time: 0.0450s
                                                                  | loss: 4.1290 Ac:  50.00 P:  21.9 R:  37.5 F1:  25.8 | time: 0.0085s
Epoch: 0161 | loss: 0.0010 Ac: 100.00 P:  75.0 R:  75.0 F1:  75.0 | loss: 3.8093 Ac:  56.25 P:  37.5 R:  45.8 F1:  40.6 | time: 0.0252s
                                                                  | loss: 4.1368 Ac:  50.00 P:  21.9 R:  37.5 F1:  25.8 | time: 0.0083s
Epoch: 0162 | loss: 0.0025 Ac: 100.00 P:  75.0 R:  75.0 F1:  75.0 | loss: 3.8117 Ac:  56.25 P:  37.5 R:  45.8 F1:  40.6 | time: 0.0417s
                                                                  | loss: 4.1442 Ac:  50.00 P:  21.9 R:  37.5 F1:  25.8 | time: 0.0084s
Epoch: 0163 | loss: 0.0060 Ac: 100.00 P:  75.0 R:  75.0 F1:  75.0 | loss: 3.8127 Ac:  56.25 P:  37.5 R:  45.8 F1:  40.6 | time: 0.0244s
                                                                  | loss: 4.1493 Ac:  50.00 P:  21.9 R:  37.5 F1:  25.8 | time: 0.0080s
Epoch: 0164 | loss: 0.0042 Ac: 100.00 P:  75.0 R:  75.0 F1:  75.0 | loss: 3.8139 Ac:  56.25 P:  37.5 R:  45.8 F1:  40.6 | time: 0.0247s
                                                                  | loss: 4.1542 Ac:  50.00 P:  21.9 R:  37.5 F1:  25.8 | time: 0.0082s
Epoch: 0165 | loss: 0.0765 Ac:  93.75 P:  71.9 R:  70.8 F1:  70.7 | loss: 3.8292 Ac:  56.25 P:  37.5 R:  45.8 F1:  40.6 | time: 0.0408s
                                                                  | loss: 4.1711 Ac:  50.00 P:  21.9 R:  37.5 F1:  25.8 | time: 0.0088s
Epoch: 0166 | loss: 0.0030 Ac: 100.00 P:  75.0 R:  75.0 F1:  75.0 | loss: 3.8433 Ac:  56.25 P:  37.5 R:  45.8 F1:  40.6 | time: 0.0253s
                                                                  | loss: 4.1877 Ac:  50.00 P:  21.9 R:  37.5 F1:  25.8 | time: 0.0079s
Epoch: 0167 | loss: 0.0021 Ac: 100.00 P:  75.0 R:  75.0 F1:  75.0 | loss: 3.8571 Ac:  56.25 P:  37.5 R:  45.8 F1:  40.6 | time: 0.0396s
                                                                  | loss: 4.2046 Ac:  50.00 P:  21.9 R:  37.5 F1:  25.8 | time: 0.0081s
Epoch: 0168 | loss: 0.0010 Ac: 100.00 P:  75.0 R:  75.0 F1:  75.0 | loss: 3.8700 Ac:  56.25 P:  37.5 R:  45.8 F1:  40.6 | time: 0.0249s
                                                                  | loss: 4.2205 Ac:  50.00 P:  21.9 R:  37.5 F1:  25.8 | time: 0.0084s
Epoch: 0169 | loss: 0.0015 Ac: 100.00 P:  75.0 R:  75.0 F1:  75.0 | loss: 3.8821 Ac:  56.25 P:  37.5 R:  45.8 F1:  40.6 | time: 0.0250s
                                                                  | loss: 4.2355 Ac:  50.00 P:  21.9 R:  37.5 F1:  25.8 | time: 0.0082s
Epoch: 0170 | loss: 0.0037 Ac: 100.00 P:  75.0 R:  75.0 F1:  75.0 | loss: 3.8926 Ac:  56.25 P:  37.5 R:  45.8 F1:  40.6 | time: 0.0423s
                                                                  | loss: 4.2484 Ac:  50.00 P:  21.9 R:  37.5 F1:  25.8 | time: 0.0082s
Epoch: 0171 | loss: 0.0022 Ac: 100.00 P:  75.0 R:  75.0 F1:  75.0 | loss: 3.9030 Ac:  56.25 P:  37.5 R:  45.8 F1:  40.6 | time: 0.0248s
                                                                  | loss: 4.2605 Ac:  50.00 P:  21.9 R:  37.5 F1:  25.8 | time: 0.0089s
Epoch: 0172 | loss: 0.0035 Ac: 100.00 P:  75.0 R:  75.0 F1:  75.0 | loss: 3.9141 Ac:  56.25 P:  37.5 R:  45.8 F1:  40.6 | time: 0.0391s
                                                                  | loss: 4.2737 Ac:  50.00 P:  21.9 R:  37.5 F1:  25.8 | time: 0.0090s
Epoch: 0173 | loss: 0.0056 Ac: 100.00 P:  75.0 R:  75.0 F1:  75.0 | loss: 3.9261 Ac:  56.25 P:  37.5 R:  45.8 F1:  40.6 | time: 0.0246s
                                                                  | loss: 4.2875 Ac:  50.00 P:  21.9 R:  37.5 F1:  25.8 | time: 0.0081s
Epoch: 0174 | loss: 0.0029 Ac: 100.00 P:  75.0 R:  75.0 F1:  75.0 | loss: 3.9367 Ac:  56.25 P:  37.5 R:  45.8 F1:  40.6 | time: 0.0251s
                                                                  | loss: 4.3005 Ac:  50.00 P:  21.9 R:  37.5 F1:  25.8 | time: 0.0081s
Epoch: 0175 | loss: 0.0075 Ac: 100.00 P:  75.0 R:  75.0 F1:  75.0 | loss: 3.9449 Ac:  56.25 P:  37.5 R:  45.8 F1:  40.6 | time: 0.0407s
                                                                  | loss: 4.3101 Ac:  50.00 P:  18.8 R:  37.5 F1:  24.6 | time: 0.0082s
Epoch: 0176 | loss: 0.0033 Ac: 100.00 P:  75.0 R:  75.0 F1:  75.0 | loss: 3.9522 Ac:  56.25 P:  37.5 R:  45.8 F1:  40.6 | time: 0.0245s
                                                                  | loss: 4.3187 Ac:  50.00 P:  18.8 R:  37.5 F1:  24.6 | time: 0.0080s
Epoch: 0177 | loss: 0.0139 Ac: 100.00 P:  75.0 R:  75.0 F1:  75.0 | loss: 3.9521 Ac:  56.25 P:  37.5 R:  45.8 F1:  40.6 | time: 0.0386s
                                                                  | loss: 4.3216 Ac:  50.00 P:  21.9 R:  37.5 F1:  25.8 | time: 0.0101s
Epoch: 0178 | loss: 0.0028 Ac: 100.00 P:  75.0 R:  75.0 F1:  75.0 | loss: 3.9514 Ac:  56.25 P:  37.5 R:  45.8 F1:  40.6 | time: 0.0247s
                                                                  | loss: 4.3237 Ac:  50.00 P:  21.9 R:  37.5 F1:  25.8 | time: 0.0081s
Epoch: 0179 | loss: 0.0158 Ac: 100.00 P:  75.0 R:  75.0 F1:  75.0 | loss: 3.9555 Ac:  56.25 P:  36.2 R:  45.8 F1:  39.6 | time: 0.0247s
                                                                  | loss: 4.3218 Ac:  50.00 P:  21.9 R:  37.5 F1:  25.8 | time: 0.0081s
Epoch: 0180 | loss: 0.0870 Ac:  93.75 P:  58.3 R:  62.5 F1:  60.0 | loss: 3.9669 Ac:  56.25 P:  37.5 R:  45.8 F1:  40.6 | time: 0.0431s
                                                                  | loss: 4.3241 Ac:  50.00 P:  18.8 R:  37.5 F1:  24.6 | time: 0.0082s
Epoch: 0181 | loss: 0.0044 Ac: 100.00 P:  75.0 R:  75.0 F1:  75.0 | loss: 3.9794 Ac:  56.25 P:  37.5 R:  45.8 F1:  40.6 | time: 0.0247s
                                                                  | loss: 4.3276 Ac:  50.00 P:  18.8 R:  37.5 F1:  25.0 | time: 0.0082s
Epoch: 0182 | loss: 0.0078 Ac: 100.00 P:  75.0 R:  75.0 F1:  75.0 | loss: 3.9907 Ac:  56.25 P:  37.5 R:  45.8 F1:  40.6 | time: 0.0390s
                                                                  | loss: 4.3314 Ac:  50.00 P:  18.8 R:  37.5 F1:  25.0 | time: 0.0095s
Epoch: 0183 | loss: 0.0019 Ac: 100.00 P:  75.0 R:  75.0 F1:  75.0 | loss: 4.0038 Ac:  56.25 P:  37.5 R:  45.8 F1:  40.6 | time: 0.0248s
                                                                  | loss: 4.3377 Ac:  50.00 P:  18.8 R:  37.5 F1:  25.0 | time: 0.0081s
Epoch: 0184 | loss: 0.0224 Ac: 100.00 P:  75.0 R:  75.0 F1:  75.0 | loss: 4.0127 Ac:  50.00 P:  32.3 R:  39.6 F1:  35.0 | time: 0.0244s
                                                                  | loss: 4.3369 Ac:  50.00 P:  18.8 R:  37.5 F1:  25.0 | time: 0.0078s
Epoch: 0185 | loss: 0.0202 Ac: 100.00 P:  75.0 R:  75.0 F1:  75.0 | loss: 4.0204 Ac:  50.00 P:  32.3 R:  39.6 F1:  35.0 | time: 0.0421s
                                                                  | loss: 4.3299 Ac:  50.00 P:  18.8 R:  37.5 F1:  25.0 | time: 0.0080s
Epoch: 0186 | loss: 0.0025 Ac: 100.00 P:  75.0 R:  75.0 F1:  75.0 | loss: 4.0278 Ac:  50.00 P:  32.3 R:  39.6 F1:  35.0 | time: 0.0251s
                                                                  | loss: 4.3235 Ac:  50.00 P:  22.9 R:  37.5 F1:  27.1 | time: 0.0083s
Epoch: 0187 | loss: 0.0019 Ac: 100.00 P:  75.0 R:  75.0 F1:  75.0 | loss: 4.0355 Ac:  50.00 P:  32.3 R:  39.6 F1:  35.0 | time: 0.0360s
                                                                  | loss: 4.3188 Ac:  50.00 P:  22.9 R:  37.5 F1:  27.1 | time: 0.0112s
Epoch: 0188 | loss: 0.0053 Ac: 100.00 P:  75.0 R:  75.0 F1:  75.0 | loss: 4.0421 Ac:  50.00 P:  32.3 R:  39.6 F1:  35.0 | time: 0.0257s
                                                                  | loss: 4.3159 Ac:  50.00 P:  22.9 R:  37.5 F1:  27.1 | time: 0.0084s
Epoch: 0189 | loss: 0.0018 Ac: 100.00 P:  75.0 R:  75.0 F1:  75.0 | loss: 4.0483 Ac:  50.00 P:  32.3 R:  39.6 F1:  35.0 | time: 0.0245s
                                                                  | loss: 4.3136 Ac:  50.00 P:  22.9 R:  37.5 F1:  27.1 | time: 0.0081s
Epoch: 0190 | loss: 0.0014 Ac: 100.00 P:  75.0 R:  75.0 F1:  75.0 | loss: 4.0545 Ac:  50.00 P:  32.3 R:  39.6 F1:  35.0 | time: 0.0360s
                                                                  | loss: 4.3121 Ac:  50.00 P:  22.9 R:  37.5 F1:  27.1 | time: 0.0080s
Epoch: 0191 | loss: 0.0029 Ac: 100.00 P:  75.0 R:  75.0 F1:  75.0 | loss: 4.0609 Ac:  50.00 P:  32.3 R:  39.6 F1:  35.0 | time: 0.0238s
                                                                  | loss: 4.3119 Ac:  50.00 P:  22.9 R:  37.5 F1:  27.1 | time: 0.0079s
Epoch: 0192 | loss: 0.0024 Ac: 100.00 P:  75.0 R:  75.0 F1:  75.0 | loss: 4.0672 Ac:  50.00 P:  32.3 R:  39.6 F1:  35.0 | time: 0.0245s
                                                                  | loss: 4.3123 Ac:  50.00 P:  22.9 R:  37.5 F1:  27.1 | time: 0.0079s
Epoch: 0193 | loss: 0.0149 Ac: 100.00 P:  75.0 R:  75.0 F1:  75.0 | loss: 4.0781 Ac:  50.00 P:  32.3 R:  39.6 F1:  35.0 | time: 0.0390s
                                                                  | loss: 4.3230 Ac:  50.00 P:  22.9 R:  37.5 F1:  27.1 | time: 0.0080s
Epoch: 0194 | loss: 0.0015 Ac: 100.00 P:  75.0 R:  75.0 F1:  75.0 | loss: 4.0882 Ac:  50.00 P:  32.3 R:  39.6 F1:  35.0 | time: 0.0245s
                                                                  | loss: 4.3326 Ac:  50.00 P:  22.9 R:  37.5 F1:  27.1 | time: 0.0081s
Epoch: 0195 | loss: 0.0022 Ac: 100.00 P:  75.0 R:  75.0 F1:  75.0 | loss: 4.0971 Ac:  50.00 P:  32.3 R:  39.6 F1:  35.0 | time: 0.0404s
                                                                  | loss: 4.3409 Ac:  50.00 P:  22.9 R:  37.5 F1:  27.1 | time: 0.0081s
Epoch: 0196 | loss: 0.0205 Ac: 100.00 P:  75.0 R:  75.0 F1:  75.0 | loss: 4.1030 Ac:  50.00 P:  32.3 R:  39.6 F1:  35.0 | time: 0.0243s
                                                                  | loss: 4.3472 Ac:  50.00 P:  22.9 R:  37.5 F1:  27.1 | time: 0.0080s
Epoch: 0197 | loss: 0.0045 Ac: 100.00 P:  75.0 R:  75.0 F1:  75.0 | loss: 4.1106 Ac:  50.00 P:  37.9 R:  39.6 F1:  36.5 | time: 0.0243s
                                                                  | loss: 4.3539 Ac:  50.00 P:  22.9 R:  37.5 F1:  27.1 | time: 0.0084s
Epoch: 0198 | loss: 0.0031 Ac: 100.00 P:  75.0 R:  75.0 F1:  75.0 | loss: 4.1180 Ac:  50.00 P:  37.9 R:  39.6 F1:  36.5 | time: 0.0404s
                                                                  | loss: 4.3618 Ac:  50.00 P:  22.9 R:  37.5 F1:  27.1 | time: 0.0081s
Epoch: 0199 | loss: 0.0337 Ac: 100.00 P:  75.0 R:  75.0 F1:  75.0 | loss: 4.1255 Ac:  50.00 P:  37.9 R:  39.6 F1:  36.5 | time: 0.0246s
                                                                  | loss: 4.3808 Ac:  50.00 P:  22.9 R:  37.5 F1:  27.1 | time: 0.0083s
Epoch: 0200 | loss: 0.0078 Ac: 100.00 P:  75.0 R:  75.0 F1:  75.0 | loss: 4.1341 Ac:  50.00 P:  37.9 R:  39.6 F1:  36.5 | time: 0.0386s
                                                                  | loss: 4.4017 Ac:  50.00 P:  22.9 R:  37.5 F1:  27.1 | time: 0.0117s
Epoch: 0201 | loss: 0.0006 Ac: 100.00 P:  75.0 R:  75.0 F1:  75.0 | loss: 4.1418 Ac:  50.00 P:  37.9 R:  39.6 F1:  36.5 | time: 0.0251s
                                                                  | loss: 4.4229 Ac:  50.00 P:  22.9 R:  37.5 F1:  27.1 | time: 0.0083s
Epoch: 0202 | loss: 0.0020 Ac: 100.00 P:  75.0 R:  75.0 F1:  75.0 | loss: 4.1490 Ac:  50.00 P:  37.9 R:  39.6 F1:  36.5 | time: 0.0246s
                                                                  | loss: 4.4427 Ac:  50.00 P:  22.9 R:  37.5 F1:  27.1 | time: 0.0082s
Epoch: 0203 | loss: 0.0056 Ac: 100.00 P:  75.0 R:  75.0 F1:  75.0 | loss: 4.1554 Ac:  50.00 P:  37.9 R:  39.6 F1:  36.5 | time: 0.0402s
                                                                  | loss: 4.4605 Ac:  50.00 P:  22.9 R:  37.5 F1:  27.1 | time: 0.0083s
Epoch: 0204 | loss: 0.0091 Ac: 100.00 P:  75.0 R:  75.0 F1:  75.0 | loss: 4.1579 Ac:  50.00 P:  37.9 R:  39.6 F1:  36.5 | time: 0.0255s
                                                                  | loss: 4.4723 Ac:  50.00 P:  22.9 R:  37.5 F1:  27.1 | time: 0.0082s
Epoch: 0205 | loss: 0.0083 Ac: 100.00 P:  75.0 R:  75.0 F1:  75.0 | loss: 4.1608 Ac:  50.00 P:  37.9 R:  39.6 F1:  36.5 | time: 0.0385s
                                                                  | loss: 4.4818 Ac:  50.00 P:  22.9 R:  37.5 F1:  27.1 | time: 0.0115s
Epoch: 0206 | loss: 0.0009 Ac: 100.00 P:  75.0 R:  75.0 F1:  75.0 | loss: 4.1639 Ac:  50.00 P:  37.9 R:  39.6 F1:  36.5 | time: 0.0251s
                                                                  | loss: 4.4906 Ac:  50.00 P:  22.9 R:  37.5 F1:  27.1 | time: 0.0084s
Epoch: 0207 | loss: 0.0039 Ac: 100.00 P:  75.0 R:  75.0 F1:  75.0 | loss: 4.1680 Ac:  50.00 P:  37.9 R:  39.6 F1:  36.5 | time: 0.0257s
                                                                  | loss: 4.4995 Ac:  50.00 P:  22.9 R:  37.5 F1:  27.1 | time: 0.0084s
Epoch: 0208 | loss: 0.0027 Ac: 100.00 P:  75.0 R:  75.0 F1:  75.0 | loss: 4.1716 Ac:  50.00 P:  37.9 R:  39.6 F1:  36.5 | time: 0.0388s
                                                                  | loss: 4.5077 Ac:  50.00 P:  22.9 R:  37.5 F1:  27.1 | time: 0.0084s
Epoch: 0209 | loss: 0.0011 Ac: 100.00 P:  75.0 R:  75.0 F1:  75.0 | loss: 4.1742 Ac:  50.00 P:  37.9 R:  39.6 F1:  36.5 | time: 0.0249s
                                                                  | loss: 4.5148 Ac:  50.00 P:  22.9 R:  37.5 F1:  27.1 | time: 0.0083s
Epoch: 0210 | loss: 0.0012 Ac: 100.00 P:  75.0 R:  75.0 F1:  75.0 | loss: 4.1763 Ac:  50.00 P:  37.9 R:  39.6 F1:  36.5 | time: 0.0390s
                                                                  | loss: 4.5208 Ac:  50.00 P:  22.9 R:  37.5 F1:  27.1 | time: 0.0106s
Epoch: 0211 | loss: 0.0020 Ac: 100.00 P:  75.0 R:  75.0 F1:  75.0 | loss: 4.1771 Ac:  50.00 P:  37.9 R:  39.6 F1:  36.5 | time: 0.0253s
                                                                  | loss: 4.5255 Ac:  50.00 P:  22.9 R:  37.5 F1:  27.1 | time: 0.0085s
Epoch: 0212 | loss: 0.0029 Ac: 100.00 P:  75.0 R:  75.0 F1:  75.0 | loss: 4.1776 Ac:  50.00 P:  37.9 R:  39.6 F1:  36.5 | time: 0.0250s
                                                                  | loss: 4.5289 Ac:  50.00 P:  22.9 R:  37.5 F1:  27.1 | time: 0.0090s
Epoch: 0213 | loss: 0.0004 Ac: 100.00 P:  75.0 R:  75.0 F1:  75.0 | loss: 4.1783 Ac:  50.00 P:  37.9 R:  39.6 F1:  36.5 | time: 0.0396s
                                                                  | loss: 4.5323 Ac:  50.00 P:  22.9 R:  37.5 F1:  27.1 | time: 0.0082s
Epoch: 0214 | loss: 0.0033 Ac: 100.00 P:  75.0 R:  75.0 F1:  75.0 | loss: 4.1772 Ac:  50.00 P:  37.9 R:  39.6 F1:  36.5 | time: 0.0248s
                                                                  | loss: 4.5333 Ac:  50.00 P:  22.9 R:  37.5 F1:  27.1 | time: 0.0085s
Epoch: 0215 | loss: 0.0042 Ac: 100.00 P:  75.0 R:  75.0 F1:  75.0 | loss: 4.1748 Ac:  50.00 P:  32.3 R:  39.6 F1:  35.0 | time: 0.0378s
                                                                  | loss: 4.5336 Ac:  50.00 P:  22.9 R:  37.5 F1:  27.1 | time: 0.0114s
Epoch: 0216 | loss: 0.0039 Ac: 100.00 P:  75.0 R:  75.0 F1:  75.0 | loss: 4.1718 Ac:  50.00 P:  32.3 R:  39.6 F1:  35.0 | time: 0.0257s
                                                                  | loss: 4.5349 Ac:  50.00 P:  22.9 R:  37.5 F1:  27.1 | time: 0.0081s
Epoch: 0217 | loss: 0.0052 Ac: 100.00 P:  75.0 R:  75.0 F1:  75.0 | loss: 4.1678 Ac:  50.00 P:  32.3 R:  39.6 F1:  35.0 | time: 0.0250s
                                                                  | loss: 4.5368 Ac:  50.00 P:  22.9 R:  37.5 F1:  27.1 | time: 0.0081s
Epoch: 0218 | loss: 0.0103 Ac: 100.00 P:  75.0 R:  75.0 F1:  75.0 | loss: 4.1589 Ac:  50.00 P:  32.3 R:  39.6 F1:  35.0 | time: 0.0370s
                                                                  | loss: 4.5331 Ac:  50.00 P:  22.9 R:  37.5 F1:  27.1 | time: 0.0084s
Epoch: 0219 | loss: 0.0007 Ac: 100.00 P:  75.0 R:  75.0 F1:  75.0 | loss: 4.1513 Ac:  50.00 P:  32.3 R:  39.6 F1:  35.0 | time: 0.0258s
                                                                  | loss: 4.5299 Ac:  50.00 P:  22.9 R:  37.5 F1:  27.1 | time: 0.0089s
Epoch: 0220 | loss: 0.0006 Ac: 100.00 P:  75.0 R:  75.0 F1:  75.0 | loss: 4.1445 Ac:  50.00 P:  32.3 R:  39.6 F1:  35.0 | time: 0.0380s
                                                                  | loss: 4.5270 Ac:  50.00 P:  22.9 R:  37.5 F1:  27.1 | time: 0.0130s
Epoch: 0221 | loss: 0.0019 Ac: 100.00 P:  75.0 R:  75.0 F1:  75.0 | loss: 4.1403 Ac:  50.00 P:  32.3 R:  39.6 F1:  35.0 | time: 0.0252s
                                                                  | loss: 4.5267 Ac:  50.00 P:  22.9 R:  37.5 F1:  27.1 | time: 0.0089s
Epoch: 0222 | loss: 0.0020 Ac: 100.00 P:  75.0 R:  75.0 F1:  75.0 | loss: 4.1368 Ac:  50.00 P:  32.3 R:  39.6 F1:  35.0 | time: 0.0251s
                                                                  | loss: 4.5269 Ac:  50.00 P:  22.9 R:  37.5 F1:  27.1 | time: 0.0081s
Epoch: 0223 | loss: 0.0034 Ac: 100.00 P:  75.0 R:  75.0 F1:  75.0 | loss: 4.1320 Ac:  50.00 P:  32.3 R:  39.6 F1:  35.0 | time: 0.0425s
                                                                  | loss: 4.5248 Ac:  50.00 P:  22.9 R:  37.5 F1:  27.1 | time: 0.0087s
Epoch: 0224 | loss: 0.0040 Ac: 100.00 P:  75.0 R:  75.0 F1:  75.0 | loss: 4.1214 Ac:  50.00 P:  32.3 R:  39.6 F1:  35.0 | time: 0.0408s
                                                                  | loss: 4.5176 Ac:  50.00 P:  22.9 R:  37.5 F1:  27.1 | time: 0.0087s
Epoch: 0225 | loss: 0.0229 Ac: 100.00 P:  75.0 R:  75.0 F1:  75.0 | loss: 4.1074 Ac:  50.00 P:  32.3 R:  39.6 F1:  35.0 | time: 0.0405s
                                                                  | loss: 4.4968 Ac:  50.00 P:  22.9 R:  37.5 F1:  27.1 | time: 0.0081s
Epoch: 0226 | loss: 0.0332 Ac: 100.00 P:  75.0 R:  75.0 F1:  75.0 | loss: 4.0706 Ac:  50.00 P:  32.3 R:  39.6 F1:  35.0 | time: 0.0246s
                                                                  | loss: 4.4606 Ac:  50.00 P:  18.8 R:  37.5 F1:  25.0 | time: 0.0083s
Epoch: 0227 | loss: 0.0132 Ac: 100.00 P:  75.0 R:  75.0 F1:  75.0 | loss: 4.0468 Ac:  50.00 P:  32.3 R:  39.6 F1:  35.0 | time: 0.0368s
                                                                  | loss: 4.4345 Ac:  50.00 P:  18.8 R:  37.5 F1:  25.0 | time: 0.0114s
Epoch: 0228 | loss: 0.0018 Ac: 100.00 P:  75.0 R:  75.0 F1:  75.0 | loss: 4.0287 Ac:  50.00 P:  32.3 R:  39.6 F1:  35.0 | time: 0.0240s
                                                                  | loss: 4.4138 Ac:  50.00 P:  18.8 R:  37.5 F1:  25.0 | time: 0.0078s
Epoch: 0229 | loss: 0.0197 Ac: 100.00 P:  75.0 R:  75.0 F1:  75.0 | loss: 4.0315 Ac:  50.00 P:  31.0 R:  39.6 F1:  34.5 | time: 0.0241s
                                                                  | loss: 4.4105 Ac:  50.00 P:  18.8 R:  37.5 F1:  25.0 | time: 0.0081s
Epoch: 0230 | loss: 0.0044 Ac: 100.00 P:  75.0 R:  75.0 F1:  75.0 | loss: 4.0322 Ac:  50.00 P:  31.0 R:  39.6 F1:  34.5 | time: 0.0388s
                                                                  | loss: 4.4046 Ac:  50.00 P:  18.8 R:  37.5 F1:  25.0 | time: 0.0078s
Epoch: 0231 | loss: 0.0010 Ac: 100.00 P:  75.0 R:  75.0 F1:  75.0 | loss: 4.0329 Ac:  50.00 P:  31.0 R:  39.6 F1:  34.5 | time: 0.0243s
                                                                  | loss: 4.3993 Ac:  50.00 P:  18.8 R:  37.5 F1:  25.0 | time: 0.0083s
Epoch: 0232 | loss: 0.0067 Ac: 100.00 P:  75.0 R:  75.0 F1:  75.0 | loss: 4.0248 Ac:  50.00 P:  31.0 R:  39.6 F1:  34.5 | time: 0.0259s
                                                                  | loss: 4.3850 Ac:  50.00 P:  18.8 R:  37.5 F1:  25.0 | time: 0.0231s
Epoch: 0233 | loss: 0.0267 Ac: 100.00 P:  75.0 R:  75.0 F1:  75.0 | loss: 4.0266 Ac:  50.00 P:  31.0 R:  39.6 F1:  34.5 | time: 0.0276s
                                                                  | loss: 4.3812 Ac:  50.00 P:  18.8 R:  37.5 F1:  25.0 | time: 0.0084s
Epoch: 0234 | loss: 0.0029 Ac: 100.00 P:  75.0 R:  75.0 F1:  75.0 | loss: 4.0290 Ac:  50.00 P:  31.0 R:  39.6 F1:  34.5 | time: 0.0257s
                                                                  | loss: 4.3782 Ac:  50.00 P:  18.8 R:  37.5 F1:  25.0 | time: 0.0084s
Epoch: 0235 | loss: 0.0030 Ac: 100.00 P:  75.0 R:  75.0 F1:  75.0 | loss: 4.0298 Ac:  50.00 P:  31.0 R:  39.6 F1:  34.5 | time: 0.0416s
                                                                  | loss: 4.3744 Ac:  50.00 P:  18.8 R:  37.5 F1:  25.0 | time: 0.0085s
Epoch: 0236 | loss: 0.0022 Ac: 100.00 P:  75.0 R:  75.0 F1:  75.0 | loss: 4.0306 Ac:  50.00 P:  31.0 R:  39.6 F1:  34.5 | time: 0.0262s
                                                                  | loss: 4.3704 Ac:  50.00 P:  18.8 R:  37.5 F1:  25.0 | time: 0.0086s
Epoch: 0237 | loss: 0.0045 Ac: 100.00 P:  75.0 R:  75.0 F1:  75.0 | loss: 4.0318 Ac:  50.00 P:  31.0 R:  39.6 F1:  34.5 | time: 0.0380s
                                                                  | loss: 4.3675 Ac:  50.00 P:  18.8 R:  37.5 F1:  25.0 | time: 0.0110s
Epoch: 0238 | loss: 0.0034 Ac: 100.00 P:  75.0 R:  75.0 F1:  75.0 | loss: 4.0332 Ac:  50.00 P:  31.0 R:  39.6 F1:  34.5 | time: 0.0253s
                                                                  | loss: 4.3664 Ac:  50.00 P:  18.8 R:  37.5 F1:  25.0 | time: 0.0080s
Epoch: 0239 | loss: 0.0012 Ac: 100.00 P:  75.0 R:  75.0 F1:  75.0 | loss: 4.0346 Ac:  50.00 P:  31.0 R:  39.6 F1:  34.5 | time: 0.0246s
                                                                  | loss: 4.3656 Ac:  50.00 P:  18.8 R:  37.5 F1:  25.0 | time: 0.0082s
Epoch: 0240 | loss: 0.0010 Ac: 100.00 P:  75.0 R:  75.0 F1:  75.0 | loss: 4.0361 Ac:  50.00 P:  31.0 R:  39.6 F1:  34.5 | time: 0.0399s
                                                                  | loss: 4.3653 Ac:  50.00 P:  18.8 R:  37.5 F1:  25.0 | time: 0.0080s
Epoch: 0241 | loss: 0.0032 Ac: 100.00 P:  75.0 R:  75.0 F1:  75.0 | loss: 4.0379 Ac:  50.00 P:  31.0 R:  39.6 F1:  34.5 | time: 0.0246s
                                                                  | loss: 4.3662 Ac:  50.00 P:  18.8 R:  37.5 F1:  25.0 | time: 0.0081s
Epoch: 0242 | loss: 0.0074 Ac: 100.00 P:  75.0 R:  75.0 F1:  75.0 | loss: 4.0388 Ac:  50.00 P:  32.3 R:  39.6 F1:  35.0 | time: 0.0243s
                                                                  | loss: 4.3673 Ac:  50.00 P:  18.8 R:  37.5 F1:  25.0 | time: 0.0218s
Epoch: 0243 | loss: 0.0066 Ac: 100.00 P:  75.0 R:  75.0 F1:  75.0 | loss: 4.0414 Ac:  50.00 P:  32.3 R:  39.6 F1:  35.0 | time: 0.0265s
                                                                  | loss: 4.3696 Ac:  50.00 P:  18.8 R:  37.5 F1:  25.0 | time: 0.0082s
Epoch: 0244 | loss: 0.0039 Ac: 100.00 P:  75.0 R:  75.0 F1:  75.0 | loss: 4.0440 Ac:  50.00 P:  32.3 R:  39.6 F1:  35.0 | time: 0.0249s
                                                                  | loss: 4.3738 Ac:  50.00 P:  18.8 R:  37.5 F1:  25.0 | time: 0.0082s
Epoch: 0245 | loss: 0.0011 Ac: 100.00 P:  75.0 R:  75.0 F1:  75.0 | loss: 4.0469 Ac:  50.00 P:  32.3 R:  39.6 F1:  35.0 | time: 0.0419s
                                                                  | loss: 4.3782 Ac:  50.00 P:  18.8 R:  37.5 F1:  25.0 | time: 0.0086s
Epoch: 0246 | loss: 0.0065 Ac: 100.00 P:  75.0 R:  75.0 F1:  75.0 | loss: 4.0489 Ac:  50.00 P:  32.3 R:  39.6 F1:  35.0 | time: 0.0258s
                                                                  | loss: 4.3810 Ac:  50.00 P:  18.8 R:  37.5 F1:  25.0 | time: 0.0082s
Epoch: 0247 | loss: 0.0473 Ac: 100.00 P:  75.0 R:  75.0 F1:  75.0 | loss: 4.0432 Ac:  50.00 P:  32.3 R:  39.6 F1:  35.0 | time: 0.0255s
                                                                  | loss: 4.3645 Ac:  50.00 P:  18.8 R:  37.5 F1:  25.0 | time: 0.0241s
Epoch: 0248 | loss: 0.0013 Ac: 100.00 P:  75.0 R:  75.0 F1:  75.0 | loss: 4.0388 Ac:  50.00 P:  32.3 R:  39.6 F1:  35.0 | time: 0.0268s
                                                                  | loss: 4.3496 Ac:  50.00 P:  18.8 R:  37.5 F1:  25.0 | time: 0.0090s
Epoch: 0249 | loss: 0.0019 Ac: 100.00 P:  75.0 R:  75.0 F1:  75.0 | loss: 4.0352 Ac:  50.00 P:  32.3 R:  39.6 F1:  35.0 | time: 0.0256s
                                                                  | loss: 4.3373 Ac:  50.00 P:  18.8 R:  37.5 F1:  25.0 | time: 0.0082s
Epoch: 0250 | loss: 0.0046 Ac: 100.00 P:  75.0 R:  75.0 F1:  75.0 | loss: 4.0331 Ac:  50.00 P:  32.3 R:  39.6 F1:  35.0 | time: 0.0397s
                                                                  | loss: 4.3263 Ac:  50.00 P:  18.8 R:  37.5 F1:  25.0 | time: 0.0080s
Epoch: 0251 | loss: 0.0120 Ac: 100.00 P:  75.0 R:  75.0 F1:  75.0 | loss: 4.0306 Ac:  50.00 P:  32.3 R:  39.6 F1:  35.0 | time: 0.0244s
                                                                  | loss: 4.3214 Ac:  50.00 P:  18.8 R:  37.5 F1:  25.0 | time: 0.0082s
Epoch: 0252 | loss: 0.0009 Ac: 100.00 P:  75.0 R:  75.0 F1:  75.0 | loss: 4.0284 Ac:  50.00 P:  32.3 R:  39.6 F1:  35.0 | time: 0.0251s
                                                                  | loss: 4.3169 Ac:  50.00 P:  18.8 R:  37.5 F1:  25.0 | time: 0.0249s
Epoch: 0253 | loss: 0.0026 Ac: 100.00 P:  75.0 R:  75.0 F1:  75.0 | loss: 4.0268 Ac:  50.00 P:  32.3 R:  39.6 F1:  35.0 | time: 0.0260s
                                                                  | loss: 4.3133 Ac:  50.00 P:  18.8 R:  37.5 F1:  25.0 | time: 0.0080s
Epoch: 0254 | loss: 0.0020 Ac: 100.00 P:  75.0 R:  75.0 F1:  75.0 | loss: 4.0252 Ac:  50.00 P:  32.3 R:  39.6 F1:  35.0 | time: 0.0255s
                                                                  | loss: 4.3098 Ac:  50.00 P:  18.8 R:  37.5 F1:  25.0 | time: 0.0084s
Epoch: 0255 | loss: 0.0020 Ac: 100.00 P:  75.0 R:  75.0 F1:  75.0 | loss: 4.0241 Ac:  50.00 P:  32.3 R:  39.6 F1:  35.0 | time: 0.0413s
                                                                  | loss: 4.3073 Ac:  50.00 P:  22.9 R:  37.5 F1:  27.1 | time: 0.0082s
Epoch: 0256 | loss: 0.0051 Ac: 100.00 P:  75.0 R:  75.0 F1:  75.0 | loss: 4.0237 Ac:  50.00 P:  32.3 R:  39.6 F1:  35.0 | time: 0.0246s
                                                                  | loss: 4.3075 Ac:  50.00 P:  22.9 R:  37.5 F1:  27.1 | time: 0.0079s
Epoch: 0257 | loss: 0.0027 Ac: 100.00 P:  75.0 R:  75.0 F1:  75.0 | loss: 4.0225 Ac:  50.00 P:  32.3 R:  39.6 F1:  35.0 | time: 0.0240s
                                                                  | loss: 4.3080 Ac:  50.00 P:  22.9 R:  37.5 F1:  27.1 | time: 0.0250s
Epoch: 0258 | loss: 0.0062 Ac: 100.00 P:  75.0 R:  75.0 F1:  75.0 | loss: 4.0222 Ac:  50.00 P:  32.3 R:  39.6 F1:  35.0 | time: 0.0265s
                                                                  | loss: 4.3085 Ac:  50.00 P:  22.9 R:  37.5 F1:  27.1 | time: 0.0079s
Epoch: 0259 | loss: 0.0028 Ac: 100.00 P:  75.0 R:  75.0 F1:  75.0 | loss: 4.0232 Ac:  50.00 P:  32.3 R:  39.6 F1:  35.0 | time: 0.0238s
                                                                  | loss: 4.3112 Ac:  50.00 P:  22.9 R:  37.5 F1:  27.1 | time: 0.0080s
Epoch: 0260 | loss: 0.0019 Ac: 100.00 P:  75.0 R:  75.0 F1:  75.0 | loss: 4.0246 Ac:  50.00 P:  32.3 R:  39.6 F1:  35.0 | time: 0.0414s
                                                                  | loss: 4.3146 Ac:  50.00 P:  22.9 R:  37.5 F1:  27.1 | time: 0.0088s
Epoch: 0261 | loss: 0.0071 Ac: 100.00 P:  75.0 R:  75.0 F1:  75.0 | loss: 4.0272 Ac:  50.00 P:  32.3 R:  39.6 F1:  35.0 | time: 0.0276s
                                                                  | loss: 4.3226 Ac:  50.00 P:  22.9 R:  37.5 F1:  27.1 | time: 0.0083s
Epoch: 0262 | loss: 0.0006 Ac: 100.00 P:  75.0 R:  75.0 F1:  75.0 | loss: 4.0296 Ac:  50.00 P:  32.3 R:  39.6 F1:  35.0 | time: 0.0401s
                                                                  | loss: 4.3300 Ac:  50.00 P:  22.9 R:  37.5 F1:  27.1 | time: 0.0118s
Epoch: 0263 | loss: 0.0035 Ac: 100.00 P:  75.0 R:  75.0 F1:  75.0 | loss: 4.0314 Ac:  50.00 P:  32.3 R:  39.6 F1:  35.0 | time: 0.0240s
                                                                  | loss: 4.3373 Ac:  50.00 P:  22.9 R:  37.5 F1:  27.1 | time: 0.0082s
Epoch: 0264 | loss: 0.0015 Ac: 100.00 P:  75.0 R:  75.0 F1:  75.0 | loss: 4.0335 Ac:  50.00 P:  32.3 R:  39.6 F1:  35.0 | time: 0.0243s
                                                                  | loss: 4.3444 Ac:  50.00 P:  22.9 R:  37.5 F1:  27.1 | time: 0.0079s
Epoch: 0265 | loss: 0.0075 Ac: 100.00 P:  75.0 R:  75.0 F1:  75.0 | loss: 4.0352 Ac:  50.00 P:  32.3 R:  39.6 F1:  35.0 | time: 0.0409s
                                                                  | loss: 4.3493 Ac:  50.00 P:  22.9 R:  37.5 F1:  27.1 | time: 0.0079s
Epoch: 0266 | loss: 0.0023 Ac: 100.00 P:  75.0 R:  75.0 F1:  75.0 | loss: 4.0373 Ac:  50.00 P:  32.3 R:  39.6 F1:  35.0 | time: 0.0239s
                                                                  | loss: 4.3546 Ac:  50.00 P:  22.9 R:  37.5 F1:  27.1 | time: 0.0083s
Epoch: 0267 | loss: 0.0042 Ac: 100.00 P:  75.0 R:  75.0 F1:  75.0 | loss: 4.0389 Ac:  50.00 P:  32.3 R:  39.6 F1:  35.0 | time: 0.0246s
                                                                  | loss: 4.3614 Ac:  50.00 P:  22.9 R:  37.5 F1:  27.1 | time: 0.0183s
Epoch: 0268 | loss: 0.0021 Ac: 100.00 P:  75.0 R:  75.0 F1:  75.0 | loss: 4.0404 Ac:  50.00 P:  32.3 R:  39.6 F1:  35.0 | time: 0.0263s
                                                                  | loss: 4.3677 Ac:  50.00 P:  22.9 R:  37.5 F1:  27.1 | time: 0.0079s
Epoch: 0269 | loss: 0.0023 Ac: 100.00 P:  75.0 R:  75.0 F1:  75.0 | loss: 4.0421 Ac:  50.00 P:  32.3 R:  39.6 F1:  35.0 | time: 0.0245s
                                                                  | loss: 4.3743 Ac:  50.00 P:  22.9 R:  37.5 F1:  27.1 | time: 0.0083s
Epoch: 0270 | loss: 0.0057 Ac: 100.00 P:  75.0 R:  75.0 F1:  75.0 | loss: 4.0462 Ac:  50.00 P:  37.9 R:  39.6 F1:  36.5 | time: 0.0417s
                                                                  | loss: 4.3837 Ac:  50.00 P:  22.9 R:  37.5 F1:  27.1 | time: 0.0081s
Epoch: 0271 | loss: 0.0021 Ac: 100.00 P:  75.0 R:  75.0 F1:  75.0 | loss: 4.0514 Ac:  50.00 P:  37.9 R:  39.6 F1:  36.5 | time: 0.0246s
                                                                  | loss: 4.3946 Ac:  50.00 P:  22.9 R:  37.5 F1:  27.1 | time: 0.0085s
Epoch: 0272 | loss: 0.0031 Ac: 100.00 P:  75.0 R:  75.0 F1:  75.0 | loss: 4.0555 Ac:  50.00 P:  37.9 R:  39.6 F1:  36.5 | time: 0.0254s
                                                                  | loss: 4.4046 Ac:  50.00 P:  22.9 R:  37.5 F1:  27.1 | time: 0.0218s
Epoch: 0273 | loss: 0.0010 Ac: 100.00 P:  75.0 R:  75.0 F1:  75.0 | loss: 4.0597 Ac:  50.00 P:  37.9 R:  39.6 F1:  36.5 | time: 0.0286s
                                                                  | loss: 4.4141 Ac:  50.00 P:  22.9 R:  37.5 F1:  27.1 | time: 0.0080s
Epoch: 0274 | loss: 0.0109 Ac: 100.00 P:  75.0 R:  75.0 F1:  75.0 | loss: 4.0591 Ac:  50.00 P:  37.9 R:  39.6 F1:  36.5 | time: 0.0243s
                                                                  | loss: 4.4179 Ac:  50.00 P:  22.9 R:  37.5 F1:  27.1 | time: 0.0079s
Epoch: 0275 | loss: 0.0073 Ac: 100.00 P:  75.0 R:  75.0 F1:  75.0 | loss: 4.0586 Ac:  50.00 P:  37.9 R:  39.6 F1:  36.5 | time: 0.0384s
                                                                  | loss: 4.4228 Ac:  50.00 P:  22.9 R:  37.5 F1:  27.1 | time: 0.0086s
Epoch: 0276 | loss: 0.0286 Ac: 100.00 P:  75.0 R:  75.0 F1:  75.0 | loss: 4.0568 Ac:  50.00 P:  37.9 R:  39.6 F1:  36.5 | time: 0.0252s
                                                                  | loss: 4.4206 Ac:  50.00 P:  22.9 R:  37.5 F1:  27.1 | time: 0.0080s
Epoch: 0277 | loss: 0.0011 Ac: 100.00 P:  75.0 R:  75.0 F1:  75.0 | loss: 4.0557 Ac:  50.00 P:  37.9 R:  39.6 F1:  36.5 | time: 0.0246s
                                                                  | loss: 4.4201 Ac:  50.00 P:  22.9 R:  37.5 F1:  27.1 | time: 0.0081s
Epoch: 0278 | loss: 0.0099 Ac: 100.00 P:  75.0 R:  75.0 F1:  75.0 | loss: 4.0583 Ac:  50.00 P:  32.3 R:  39.6 F1:  35.0 | time: 0.0399s
                                                                  | loss: 4.4170 Ac:  50.00 P:  22.9 R:  37.5 F1:  27.1 | time: 0.0082s
Epoch: 0279 | loss: 0.0017 Ac: 100.00 P:  75.0 R:  75.0 F1:  75.0 | loss: 4.0609 Ac:  50.00 P:  32.3 R:  39.6 F1:  35.0 | time: 0.0251s
                                                                  | loss: 4.4152 Ac:  50.00 P:  22.9 R:  37.5 F1:  27.1 | time: 0.0083s
Epoch: 0280 | loss: 0.0003 Ac: 100.00 P:  75.0 R:  75.0 F1:  75.0 | loss: 4.0634 Ac:  50.00 P:  32.3 R:  39.6 F1:  35.0 | time: 0.0407s
                                                                  | loss: 4.4142 Ac:  50.00 P:  22.9 R:  37.5 F1:  27.1 | time: 0.0098s
Epoch: 0281 | loss: 0.0018 Ac: 100.00 P:  75.0 R:  75.0 F1:  75.0 | loss: 4.0662 Ac:  50.00 P:  32.3 R:  39.6 F1:  35.0 | time: 0.0247s
                                                                  | loss: 4.4138 Ac:  50.00 P:  22.9 R:  37.5 F1:  27.1 | time: 0.0083s
Epoch: 0282 | loss: 0.0016 Ac: 100.00 P:  75.0 R:  75.0 F1:  75.0 | loss: 4.0693 Ac:  50.00 P:  32.3 R:  39.6 F1:  35.0 | time: 0.0250s
                                                                  | loss: 4.4147 Ac:  50.00 P:  22.9 R:  37.5 F1:  27.1 | time: 0.0081s
Epoch: 0283 | loss: 0.0027 Ac: 100.00 P:  75.0 R:  75.0 F1:  75.0 | loss: 4.0735 Ac:  50.00 P:  32.3 R:  39.6 F1:  35.0 | time: 0.0399s
                                                                  | loss: 4.4172 Ac:  50.00 P:  24.0 R:  37.5 F1:  27.5 | time: 0.0082s
Epoch: 0284 | loss: 0.0016 Ac: 100.00 P:  75.0 R:  75.0 F1:  75.0 | loss: 4.0788 Ac:  50.00 P:  32.3 R:  39.6 F1:  35.0 | time: 0.0243s
                                                                  | loss: 4.4213 Ac:  50.00 P:  27.5 R:  37.5 F1:  29.2 | time: 0.0088s
Epoch: 0285 | loss: 0.0024 Ac: 100.00 P:  75.0 R:  75.0 F1:  75.0 | loss: 4.0849 Ac:  50.00 P:  32.3 R:  39.6 F1:  35.0 | time: 0.0409s
                                                                  | loss: 4.4273 Ac:  50.00 P:  27.5 R:  37.5 F1:  29.2 | time: 0.0099s
Epoch: 0286 | loss: 0.0047 Ac: 100.00 P:  75.0 R:  75.0 F1:  75.0 | loss: 4.0914 Ac:  50.00 P:  32.3 R:  39.6 F1:  35.0 | time: 0.0248s
                                                                  | loss: 4.4344 Ac:  50.00 P:  27.5 R:  37.5 F1:  29.2 | time: 0.0081s
Epoch: 0287 | loss: 0.0008 Ac: 100.00 P:  75.0 R:  75.0 F1:  75.0 | loss: 4.0977 Ac:  50.00 P:  32.3 R:  39.6 F1:  35.0 | time: 0.0250s
                                                                  | loss: 4.4417 Ac:  50.00 P:  27.5 R:  37.5 F1:  29.2 | time: 0.0084s
Epoch: 0288 | loss: 0.0008 Ac: 100.00 P:  75.0 R:  75.0 F1:  75.0 | loss: 4.1038 Ac:  50.00 P:  32.3 R:  39.6 F1:  35.0 | time: 0.0436s
                                                                  | loss: 4.4490 Ac:  50.00 P:  27.5 R:  37.5 F1:  29.2 | time: 0.0082s
Epoch: 0289 | loss: 0.0008 Ac: 100.00 P:  75.0 R:  75.0 F1:  75.0 | loss: 4.1093 Ac:  50.00 P:  32.3 R:  39.6 F1:  35.0 | time: 0.0250s
                                                                  | loss: 4.4570 Ac:  50.00 P:  21.9 R:  37.5 F1:  25.8 | time: 0.0082s
Epoch: 0290 | loss: 0.0003 Ac: 100.00 P:  75.0 R:  75.0 F1:  75.0 | loss: 4.1143 Ac:  50.00 P:  32.3 R:  39.6 F1:  35.0 | time: 0.0400s
                                                                  | loss: 4.4646 Ac:  50.00 P:  21.9 R:  37.5 F1:  25.8 | time: 0.0080s
Epoch: 0291 | loss: 0.0164 Ac: 100.00 P:  75.0 R:  75.0 F1:  75.0 | loss: 4.1209 Ac:  50.00 P:  32.3 R:  39.6 F1:  35.0 | time: 0.0261s
                                                                  | loss: 4.4754 Ac:  50.00 P:  27.5 R:  37.5 F1:  29.2 | time: 0.0082s
Epoch: 0292 | loss: 0.0011 Ac: 100.00 P:  75.0 R:  75.0 F1:  75.0 | loss: 4.1278 Ac:  50.00 P:  32.3 R:  39.6 F1:  35.0 | time: 0.0240s
                                                                  | loss: 4.4846 Ac:  50.00 P:  27.5 R:  37.5 F1:  29.2 | time: 0.0079s
Epoch: 0293 | loss: 0.0012 Ac: 100.00 P:  75.0 R:  75.0 F1:  75.0 | loss: 4.1338 Ac:  50.00 P:  32.3 R:  39.6 F1:  35.0 | time: 0.0398s
                                                                  | loss: 4.4927 Ac:  50.00 P:  27.5 R:  37.5 F1:  29.2 | time: 0.0082s
Epoch: 0294 | loss: 0.0008 Ac: 100.00 P:  75.0 R:  75.0 F1:  75.0 | loss: 4.1392 Ac:  50.00 P:  32.3 R:  39.6 F1:  35.0 | time: 0.0246s
                                                                  | loss: 4.5001 Ac:  50.00 P:  27.5 R:  37.5 F1:  29.2 | time: 0.0081s
Epoch: 0295 | loss: 0.0014 Ac: 100.00 P:  75.0 R:  75.0 F1:  75.0 | loss: 4.1439 Ac:  50.00 P:  32.3 R:  39.6 F1:  35.0 | time: 0.0401s
                                                                  | loss: 4.5071 Ac:  50.00 P:  27.5 R:  37.5 F1:  29.2 | time: 0.0107s
Epoch: 0296 | loss: 0.0027 Ac: 100.00 P:  75.0 R:  75.0 F1:  75.0 | loss: 4.1477 Ac:  50.00 P:  32.3 R:  39.6 F1:  35.0 | time: 0.0258s
                                                                  | loss: 4.5129 Ac:  50.00 P:  27.5 R:  37.5 F1:  29.2 | time: 0.0082s
Epoch: 0297 | loss: 0.0066 Ac: 100.00 P:  75.0 R:  75.0 F1:  75.0 | loss: 4.1438 Ac:  50.00 P:  32.3 R:  39.6 F1:  35.0 | time: 0.0249s
                                                                  | loss: 4.5133 Ac:  50.00 P:  27.5 R:  37.5 F1:  29.2 | time: 0.0082s
Epoch: 0298 | loss: 0.0017 Ac: 100.00 P:  75.0 R:  75.0 F1:  75.0 | loss: 4.1412 Ac:  50.00 P:  32.3 R:  39.6 F1:  35.0 | time: 0.0385s
                                                                  | loss: 4.5146 Ac:  50.00 P:  27.5 R:  37.5 F1:  29.2 | time: 0.0082s
Epoch: 0299 | loss: 0.0003 Ac: 100.00 P:  75.0 R:  75.0 F1:  75.0 | loss: 4.1390 Ac:  50.00 P:  32.3 R:  39.6 F1:  35.0 | time: 0.0259s
                                                                  | loss: 4.5161 Ac:  50.00 P:  27.5 R:  37.5 F1:  29.2 | time: 0.0085s
Epoch: 0300 | loss: 0.0005 Ac: 100.00 P:  75.0 R:  75.0 F1:  75.0 | loss: 4.1373 Ac:  50.00 P:  32.3 R:  39.6 F1:  35.0 | time: 0.0387s
                                                                  | loss: 4.5174 Ac:  50.00 P:  27.5 R:  37.5 F1:  29.2 | time: 0.0099s
Optimization Finished!
Total time elapsed: 17.2577s
The best result is: ACC: 37.5000 F1: 0.1339, where epoch is 18




0:	vali:  56.25000	test:  ACC: 37.5000 F1: 0.1339, epoch=18
