Loading gossipcop dataset...
Loading text content...
../data/gossipcop/
gossipcop
text
label matrix shape: torch.Size([5000, 2])
done.
Loading topic content...
../data/gossipcop/
gossipcop
topic
done.
Loading entity content...
../data/gossipcop/
gossipcop
entity
done.
Building graph...
Num of edges: 3966517
train, vali, test:  800 800 3400
Transfer to be transductive.


No. 1 test.

30
30
[torch.Size([512, 4]), torch.Size([4]), torch.Size([512]), torch.Size([13293, 512]), torch.Size([13293, 512]), torch.Size([20028, 512]), torch.Size([512, 1]), torch.Size([512, 1]), torch.Size([512, 1]), torch.Size([512, 1]), torch.Size([512, 1]), torch.Size([512, 1]), torch.Size([100, 1]), torch.Size([50, 512]), torch.Size([50]), torch.Size([100, 1]), torch.Size([50, 512]), torch.Size([50]), torch.Size([100, 1]), torch.Size([50, 512]), torch.Size([50]), torch.Size([100, 1]), torch.Size([50, 4]), torch.Size([50]), torch.Size([100, 1]), torch.Size([50, 4]), torch.Size([50]), torch.Size([100, 1]), torch.Size([50, 4]), torch.Size([50])]
Epoch: 0001 | loss: 2.0890 | loss: 1.6339 Ac:  23.12 fackACC:  0.0 legACC: 23.1 | time: 0.8266s
                                                                  | loss: 1.6226 Ac:  24.18 fackACC:100.0 legACC: 24.2 | time: 0.0693s
Epoch: 0002 | loss: 1.5489 | loss: 0.9440 Ac:  49.88 fackACC: 77.2 legACC: 23.4 | time: 0.1847s
                                                                  | loss: 0.9638 Ac:  46.26 fackACC: 73.5 legACC: 22.1 | time: 0.0697s
Epoch: 0003 | loss: 1.0501 | loss: 0.7817 Ac:  71.75 fackACC: 77.0 legACC: 24.1 | time: 0.1809s
                                                                  | loss: 0.8195 Ac:  71.24 fackACC: 76.1 legACC: 26.4 | time: 0.0688s
Epoch: 0004 | loss: 0.8953 | loss: 0.8380 Ac:  76.50 fackACC: 77.1 legACC: 38.5 | time: 0.1806s
                                                                  | loss: 0.8823 Ac:  75.21 fackACC: 76.2 legACC: 36.6 | time: 0.0684s
Epoch: 0005 | loss: 0.9265 | loss: 0.8483 Ac:  76.88 fackACC: 76.9 legACC: 50.0 | time: 0.1822s
                                                                  | loss: 0.8924 Ac:  75.50 fackACC: 76.0 legACC: 35.7 | time: 0.0689s
Epoch: 0006 | loss: 0.9378 | loss: 0.8242 Ac:  76.75 fackACC: 76.8 legACC:  0.0 | time: 0.1805s
                                                                  | loss: 0.8669 Ac:  75.65 fackACC: 76.0 legACC: 37.9 | time: 0.0685s
Epoch: 0007 | loss: 0.8500 | loss: 0.7682 Ac:  76.88 fackACC: 76.9 legACC: 50.0 | time: 0.1799s
                                                                  | loss: 0.8075 Ac:  75.74 fackACC: 76.1 legACC: 44.4 | time: 0.0682s
Epoch: 0008 | loss: 0.8474 | loss: 0.6984 Ac:  77.00 fackACC: 77.1 legACC: 60.0 | time: 0.1782s
                                                                  | loss: 0.7333 Ac:  75.50 fackACC: 76.2 legACC: 40.6 | time: 0.0685s
Epoch: 0009 | loss: 0.6938 | loss: 0.6359 Ac:  76.75 fackACC: 77.5 legACC: 47.4 | time: 0.1855s
                                                                  | loss: 0.6662 Ac:  75.38 fackACC: 76.4 legACC: 42.5 | time: 0.0701s
Epoch: 0010 | loss: 0.6801 | loss: 0.5921 Ac:  76.00 fackACC: 77.9 legACC: 41.9 | time: 0.1792s
                                                                  | loss: 0.6172 Ac:  74.85 fackACC: 77.0 legACC: 41.8 | time: 0.0682s
Epoch: 0011 | loss: 0.5878 | loss: 0.5755 Ac:  74.00 fackACC: 78.8 legACC: 37.6 | time: 0.1783s
                                                                  | loss: 0.5950 Ac:  73.38 fackACC: 77.8 legACC: 39.2 | time: 0.0683s
Epoch: 0012 | loss: 0.5981 | loss: 0.5734 Ac:  72.25 fackACC: 79.8 legACC: 36.9 | time: 0.1757s
                                                                  | loss: 0.5887 Ac:  72.21 fackACC: 78.9 legACC: 39.2 | time: 0.0682s
Epoch: 0013 | loss: 0.5709 | loss: 0.5662 Ac:  73.62 fackACC: 80.3 legACC: 40.3 | time: 0.1781s
                                                                  | loss: 0.5795 Ac:  73.06 fackACC: 79.6 legACC: 41.9 | time: 0.0681s
Epoch: 0014 | loss: 0.5912 | loss: 0.5457 Ac:  75.12 fackACC: 80.3 legACC: 43.9 | time: 0.1760s
                                                                  | loss: 0.5598 Ac:  74.00 fackACC: 78.9 legACC: 43.3 | time: 0.0693s
Epoch: 0015 | loss: 0.5824 | loss: 0.5208 Ac:  76.38 fackACC: 79.3 legACC: 47.3 | time: 0.1805s
                                                                  | loss: 0.5380 Ac:  75.21 fackACC: 77.9 legACC: 46.2 | time: 0.0682s
Epoch: 0016 | loss: 0.5503 | loss: 0.5095 Ac:  76.12 fackACC: 78.3 legACC: 44.0 | time: 0.1795s
                                                                  | loss: 0.5294 Ac:  75.79 fackACC: 77.5 legACC: 49.5 | time: 0.0683s
Epoch: 0017 | loss: 0.5087 | loss: 0.5048 Ac:  76.88 fackACC: 78.1 legACC: 50.0 | time: 0.1789s
                                                                  | loss: 0.5276 Ac:  76.26 fackACC: 77.4 legACC: 54.3 | time: 0.0682s
Epoch: 0018 | loss: 0.5749 | loss: 0.5077 Ac:  77.38 fackACC: 77.8 legACC: 60.0 | time: 0.1767s
                                                                  | loss: 0.5337 Ac:  76.18 fackACC: 76.9 legACC: 55.0 | time: 0.0681s
Epoch: 0019 | loss: 0.5264 | loss: 0.5149 Ac:  77.12 fackACC: 77.5 legACC: 57.1 | time: 0.1812s
                                                                  | loss: 0.5434 Ac:  76.09 fackACC: 76.6 legACC: 54.8 | time: 0.0694s
Epoch: 0020 | loss: 0.5703 | loss: 0.5144 Ac:  77.38 fackACC: 77.7 legACC: 62.5 | time: 0.1763s
                                                                  | loss: 0.5433 Ac:  76.21 fackACC: 76.7 legACC: 57.0 | time: 0.0682s
Epoch: 0021 | loss: 0.5301 | loss: 0.5083 Ac:  77.12 fackACC: 77.7 legACC: 55.0 | time: 0.1765s
                                                                  | loss: 0.5365 Ac:  76.41 fackACC: 77.0 legACC: 58.4 | time: 0.0686s
Epoch: 0022 | loss: 0.4886 | loss: 0.5055 Ac:  77.38 fackACC: 78.0 legACC: 58.3 | time: 0.1767s
                                                                  | loss: 0.5333 Ac:  76.29 fackACC: 77.1 legACC: 55.9 | time: 0.0682s
Epoch: 0023 | loss: 0.5195 | loss: 0.4951 Ac:  77.25 fackACC: 78.4 legACC: 53.8 | time: 0.1783s
                                                                  | loss: 0.5203 Ac:  76.50 fackACC: 77.5 legACC: 56.6 | time: 0.0682s
Epoch: 0024 | loss: 0.5123 | loss: 0.4877 Ac:  77.50 fackACC: 79.5 legACC: 54.0 | time: 0.1764s
                                                                  | loss: 0.5095 Ac:  76.44 fackACC: 78.3 legACC: 53.8 | time: 0.0681s
Epoch: 0025 | loss: 0.4833 | loss: 0.4869 Ac:  77.00 fackACC: 80.5 legACC: 50.5 | time: 0.1804s
                                                                  | loss: 0.5051 Ac:  75.74 fackACC: 79.3 legACC: 49.5 | time: 0.0683s
Epoch: 0026 | loss: 0.4944 | loss: 0.4910 Ac:  77.75 fackACC: 82.5 legACC: 52.8 | time: 0.1763s
                                                                  | loss: 0.5061 Ac:  75.47 fackACC: 80.3 legACC: 48.7 | time: 0.0684s
Epoch: 0027 | loss: 0.4803 | loss: 0.5010 Ac:  75.88 fackACC: 83.4 legACC: 47.6 | time: 0.1810s
                                                                  | loss: 0.5128 Ac:  75.06 fackACC: 81.7 legACC: 48.0 | time: 0.0680s
Epoch: 0028 | loss: 0.4736 | loss: 0.5081 Ac:  75.62 fackACC: 84.7 legACC: 47.4 | time: 0.1765s
                                                                  | loss: 0.5180 Ac:  75.03 fackACC: 83.2 legACC: 48.2 | time: 0.0683s
Epoch: 0029 | loss: 0.4682 | loss: 0.5056 Ac:  75.88 fackACC: 84.5 legACC: 47.9 | time: 0.1766s
                                                                  | loss: 0.5153 Ac:  75.06 fackACC: 82.8 legACC: 48.2 | time: 0.0683s
Epoch: 0030 | loss: 0.4771 | loss: 0.4955 Ac:  76.50 fackACC: 82.8 legACC: 49.0 | time: 0.1793s
                                                                  | loss: 0.5068 Ac:  75.32 fackACC: 81.4 legACC: 48.6 | time: 0.0683s
Epoch: 0031 | loss: 0.4559 | loss: 0.4858 Ac:  77.88 fackACC: 82.0 legACC: 53.4 | time: 0.1761s
                                                                  | loss: 0.4998 Ac:  75.44 fackACC: 79.8 legACC: 48.5 | time: 0.0682s
Epoch: 0032 | loss: 0.4407 | loss: 0.4830 Ac:  77.88 fackACC: 80.6 legACC: 54.8 | time: 0.1815s
                                                                  | loss: 0.5000 Ac:  76.18 fackACC: 79.1 legACC: 51.5 | time: 0.0682s
Epoch: 0033 | loss: 0.4301 | loss: 0.4846 Ac:  78.62 fackACC: 80.4 legACC: 60.0 | time: 0.1767s
                                                                  | loss: 0.5032 Ac:  76.32 fackACC: 78.4 legACC: 52.9 | time: 0.0682s
Epoch: 0034 | loss: 0.4174 | loss: 0.4871 Ac:  78.62 fackACC: 79.9 legACC: 62.1 | time: 0.1853s
                                                                  | loss: 0.5067 Ac:  76.26 fackACC: 77.9 legACC: 53.0 | time: 0.0681s
Epoch: 0035 | loss: 0.4262 | loss: 0.4873 Ac:  78.12 fackACC: 79.5 legACC: 59.3 | time: 0.1791s
                                                                  | loss: 0.5071 Ac:  76.21 fackACC: 77.8 legACC: 52.8 | time: 0.0682s
Epoch: 0036 | loss: 0.4155 | loss: 0.4855 Ac:  78.00 fackACC: 79.5 legACC: 58.2 | time: 0.1763s
                                                                  | loss: 0.5047 Ac:  76.15 fackACC: 77.8 legACC: 52.3 | time: 0.0682s
Epoch: 0037 | loss: 0.4194 | loss: 0.4814 Ac:  78.62 fackACC: 80.0 legACC: 61.7 | time: 0.1791s
                                                                  | loss: 0.4990 Ac:  76.35 fackACC: 78.0 legACC: 53.6 | time: 0.0731s
Epoch: 0038 | loss: 0.4441 | loss: 0.4782 Ac:  78.50 fackACC: 80.6 legACC: 58.4 | time: 0.1765s
                                                                  | loss: 0.4927 Ac:  76.47 fackACC: 78.7 legACC: 53.5 | time: 0.0683s
Epoch: 0039 | loss: 0.3916 | loss: 0.4801 Ac:  78.25 fackACC: 81.0 legACC: 56.2 | time: 0.1790s
                                                                  | loss: 0.4914 Ac:  76.35 fackACC: 79.3 legACC: 52.3 | time: 0.0682s
Epoch: 0040 | loss: 0.3988 | loss: 0.4861 Ac:  78.75 fackACC: 82.1 legACC: 57.0 | time: 0.1767s
                                                                  | loss: 0.4944 Ac:  76.44 fackACC: 80.1 legACC: 52.2 | time: 0.0681s
Epoch: 0041 | loss: 0.3967 | loss: 0.4918 Ac:  79.12 fackACC: 82.9 legACC: 57.5 | time: 0.1809s
                                                                  | loss: 0.4982 Ac:  76.44 fackACC: 80.7 legACC: 52.0 | time: 0.0685s
Epoch: 0042 | loss: 0.3869 | loss: 0.4921 Ac:  78.75 fackACC: 82.8 legACC: 56.2 | time: 0.1809s
                                                                  | loss: 0.4982 Ac:  76.44 fackACC: 80.7 legACC: 52.0 | time: 0.0693s
Epoch: 0043 | loss: 0.3867 | loss: 0.4879 Ac:  78.62 fackACC: 82.1 legACC: 56.5 | time: 0.1764s
                                                                  | loss: 0.4952 Ac:  76.44 fackACC: 80.1 legACC: 52.2 | time: 0.0682s
Epoch: 0044 | loss: 0.3866 | loss: 0.4819 Ac:  78.62 fackACC: 81.3 legACC: 57.8 | time: 0.1765s
                                                                  | loss: 0.4919 Ac:  76.53 fackACC: 79.4 legACC: 53.1 | time: 0.0682s
Epoch: 0045 | loss: 0.3796 | loss: 0.4810 Ac:  79.00 fackACC: 81.1 legACC: 60.5 | time: 0.1766s
                                                                  | loss: 0.4923 Ac:  76.62 fackACC: 79.0 legACC: 54.0 | time: 0.0682s
Epoch: 0046 | loss: 0.3667 | loss: 0.4806 Ac:  79.00 fackACC: 80.7 legACC: 62.0 | time: 0.1766s
                                                                  | loss: 0.4938 Ac:  76.44 fackACC: 78.4 legACC: 53.7 | time: 0.0682s
Epoch: 0047 | loss: 0.3606 | loss: 0.4803 Ac:  78.88 fackACC: 80.4 legACC: 62.1 | time: 0.1765s
                                                                  | loss: 0.4944 Ac:  76.71 fackACC: 78.3 legACC: 56.0 | time: 0.0682s
Epoch: 0048 | loss: 0.3578 | loss: 0.4803 Ac:  78.50 fackACC: 80.1 legACC: 60.3 | time: 0.1780s
                                                                  | loss: 0.4951 Ac:  76.53 fackACC: 78.0 legACC: 55.3 | time: 0.0683s
Epoch: 0049 | loss: 0.3179 | loss: 0.4789 Ac:  78.50 fackACC: 80.0 legACC: 60.7 | time: 0.1765s
                                                                  | loss: 0.4937 Ac:  76.50 fackACC: 77.9 legACC: 55.2 | time: 0.0683s
Epoch: 0050 | loss: 0.3587 | loss: 0.4740 Ac:  79.12 fackACC: 80.6 legACC: 63.2 | time: 0.1792s
                                                                  | loss: 0.4865 Ac:  76.62 fackACC: 78.3 legACC: 55.3 | time: 0.0682s
Epoch: 0051 | loss: 0.3231 | loss: 0.4700 Ac:  79.25 fackACC: 80.8 legACC: 63.4 | time: 0.1790s
                                                                  | loss: 0.4802 Ac:  76.85 fackACC: 78.8 legACC: 55.9 | time: 0.0682s
Epoch: 0052 | loss: 0.3101 | loss: 0.4673 Ac:  79.00 fackACC: 81.1 legACC: 60.5 | time: 0.1811s
                                                                  | loss: 0.4753 Ac:  77.06 fackACC: 79.2 legACC: 56.4 | time: 0.0687s
Epoch: 0053 | loss: 0.3140 | loss: 0.4662 Ac:  79.75 fackACC: 82.1 legACC: 62.1 | time: 0.1785s
                                                                  | loss: 0.4712 Ac:  77.00 fackACC: 79.8 legACC: 55.1 | time: 0.0723s
Epoch: 0054 | loss: 0.3174 | loss: 0.4662 Ac:  80.00 fackACC: 82.7 legACC: 61.9 | time: 0.1943s
                                                                  | loss: 0.4690 Ac:  77.15 fackACC: 80.4 legACC: 55.0 | time: 0.0741s
Epoch: 0055 | loss: 0.3187 | loss: 0.4665 Ac:  79.62 fackACC: 82.9 legACC: 59.6 | time: 0.1798s
                                                                  | loss: 0.4679 Ac:  77.50 fackACC: 81.0 legACC: 55.9 | time: 0.0684s
Epoch: 0056 | loss: 0.2986 | loss: 0.4652 Ac:  79.75 fackACC: 83.1 legACC: 60.0 | time: 0.1791s
                                                                  | loss: 0.4662 Ac:  77.71 fackACC: 81.1 legACC: 56.7 | time: 0.0683s
Epoch: 0057 | loss: 0.2941 | loss: 0.4622 Ac:  80.25 fackACC: 82.7 legACC: 63.4 | time: 0.1758s
                                                                  | loss: 0.4647 Ac:  77.38 fackACC: 80.3 legACC: 56.3 | time: 0.0682s
Epoch: 0058 | loss: 0.2905 | loss: 0.4624 Ac:  80.12 fackACC: 82.7 legACC: 62.7 | time: 0.1833s
                                                                  | loss: 0.4648 Ac:  77.26 fackACC: 80.2 legACC: 55.9 | time: 0.0683s
Epoch: 0059 | loss: 0.3098 | loss: 0.4630 Ac:  80.12 fackACC: 82.4 legACC: 63.5 | time: 0.1785s
                                                                  | loss: 0.4666 Ac:  77.44 fackACC: 79.7 legACC: 57.8 | time: 0.0682s
Epoch: 0060 | loss: 0.2610 | loss: 0.4649 Ac:  79.88 fackACC: 81.4 legACC: 65.4 | time: 0.1759s
                                                                  | loss: 0.4711 Ac:  77.50 fackACC: 79.1 legACC: 59.9 | time: 0.0681s
Epoch: 0061 | loss: 0.2899 | loss: 0.4706 Ac:  78.88 fackACC: 80.3 legACC: 62.5 | time: 0.1768s
                                                                  | loss: 0.4798 Ac:  76.91 fackACC: 78.3 legACC: 57.8 | time: 0.0683s
Epoch: 0062 | loss: 0.2803 | loss: 0.4742 Ac:  79.12 fackACC: 79.9 legACC: 67.3 | time: 0.1758s
                                                                  | loss: 0.4844 Ac:  77.00 fackACC: 78.1 legACC: 59.5 | time: 0.0683s
Epoch: 0063 | loss: 0.2547 | loss: 0.4727 Ac:  79.12 fackACC: 80.1 legACC: 66.1 | time: 0.1763s
                                                                  | loss: 0.4815 Ac:  76.97 fackACC: 78.3 legACC: 58.6 | time: 0.0682s
Epoch: 0064 | loss: 0.2443 | loss: 0.4675 Ac:  79.25 fackACC: 81.1 legACC: 62.0 | time: 0.1784s
                                                                  | loss: 0.4728 Ac:  77.32 fackACC: 78.8 legACC: 59.5 | time: 0.0682s
Epoch: 0065 | loss: 0.2528 | loss: 0.4676 Ac:  79.25 fackACC: 82.5 legACC: 58.7 | time: 0.1757s
                                                                  | loss: 0.4667 Ac:  77.85 fackACC: 80.6 legACC: 58.1 | time: 0.0682s
Epoch: 0066 | loss: 0.2252 | loss: 0.4783 Ac:  78.88 fackACC: 84.2 legACC: 55.4 | time: 0.1756s
                                                                  | loss: 0.4726 Ac:  77.82 fackACC: 82.9 legACC: 55.4 | time: 0.0682s
Epoch: 0067 | loss: 0.2626 | loss: 0.4803 Ac:  78.88 fackACC: 84.2 legACC: 55.4 | time: 0.1783s
                                                                  | loss: 0.4744 Ac:  77.68 fackACC: 82.9 legACC: 54.9 | time: 0.0682s
Epoch: 0068 | loss: 0.2605 | loss: 0.4712 Ac:  78.75 fackACC: 82.3 legACC: 56.8 | time: 0.1760s
                                                                  | loss: 0.4697 Ac:  78.00 fackACC: 81.0 legACC: 58.1 | time: 0.0683s
Epoch: 0069 | loss: 0.2274 | loss: 0.4705 Ac:  79.75 fackACC: 81.7 legACC: 63.5 | time: 0.1787s
                                                                  | loss: 0.4735 Ac:  77.41 fackACC: 79.3 legACC: 58.6 | time: 0.0682s
Epoch: 0070 | loss: 0.1991 | loss: 0.4753 Ac:  79.00 fackACC: 80.3 legACC: 63.5 | time: 0.1789s
                                                                  | loss: 0.4821 Ac:  77.29 fackACC: 78.6 legACC: 60.3 | time: 0.0683s
Epoch: 0071 | loss: 0.2188 | loss: 0.4806 Ac:  79.12 fackACC: 79.9 legACC: 67.3 | time: 0.1762s
                                                                  | loss: 0.4909 Ac:  76.79 fackACC: 78.0 legACC: 58.1 | time: 0.0682s
Epoch: 0072 | loss: 0.2237 | loss: 0.4816 Ac:  79.12 fackACC: 79.9 legACC: 67.3 | time: 0.1756s
                                                                  | loss: 0.4931 Ac:  76.85 fackACC: 77.9 legACC: 58.9 | time: 0.0681s
Epoch: 0073 | loss: 0.2056 | loss: 0.4744 Ac:  79.00 fackACC: 80.3 legACC: 63.5 | time: 0.1788s
                                                                  | loss: 0.4842 Ac:  77.32 fackACC: 78.4 legACC: 61.4 | time: 0.0682s
Epoch: 0074 | loss: 0.2168 | loss: 0.4642 Ac:  79.38 fackACC: 81.5 legACC: 61.6 | time: 0.1783s
                                                                  | loss: 0.4692 Ac:  77.76 fackACC: 79.7 legACC: 59.8 | time: 0.0682s
Epoch: 0075 | loss: 0.1958 | loss: 0.4629 Ac:  79.75 fackACC: 83.7 legACC: 59.1 | time: 0.1786s
                                                                  | loss: 0.4614 Ac:  78.00 fackACC: 81.9 legACC: 56.9 | time: 0.0682s
Epoch: 0076 | loss: 0.1966 | loss: 0.4673 Ac:  78.62 fackACC: 84.0 legACC: 54.7 | time: 0.1759s
                                                                  | loss: 0.4626 Ac:  77.62 fackACC: 82.9 legACC: 54.7 | time: 0.0683s
Epoch: 0077 | loss: 0.1879 | loss: 0.4654 Ac:  79.00 fackACC: 83.9 legACC: 56.0 | time: 0.1778s
                                                                  | loss: 0.4615 Ac:  77.68 fackACC: 82.7 legACC: 55.0 | time: 0.0683s
Epoch: 0078 | loss: 0.1913 | loss: 0.4620 Ac:  80.00 fackACC: 83.3 legACC: 60.7 | time: 0.1766s
                                                                  | loss: 0.4618 Ac:  78.21 fackACC: 81.7 legACC: 58.0 | time: 0.0682s
Epoch: 0079 | loss: 0.1750 | loss: 0.4652 Ac:  78.88 fackACC: 81.2 legACC: 59.3 | time: 0.1788s
                                                                  | loss: 0.4709 Ac:  77.68 fackACC: 79.9 legACC: 58.7 | time: 0.0683s
Epoch: 0080 | loss: 0.1774 | loss: 0.4766 Ac:  79.38 fackACC: 80.8 legACC: 64.3 | time: 0.1801s
                                                                  | loss: 0.4879 Ac:  77.03 fackACC: 78.4 legACC: 58.4 | time: 0.0682s
Epoch: 0081 | loss: 0.1778 | loss: 0.4740 Ac:  79.25 fackACC: 80.8 legACC: 63.4 | time: 0.1787s
                                                                  | loss: 0.4855 Ac:  77.06 fackACC: 78.6 legACC: 58.1 | time: 0.0682s
Epoch: 0082 | loss: 0.1597 | loss: 0.4625 Ac:  78.75 fackACC: 81.3 legACC: 58.4 | time: 0.1789s
                                                                  | loss: 0.4712 Ac:  77.50 fackACC: 80.0 legACC: 57.5 | time: 0.0682s
Epoch: 0083 | loss: 0.1721 | loss: 0.4625 Ac:  79.12 fackACC: 83.6 legACC: 56.7 | time: 0.1784s
                                                                  | loss: 0.4668 Ac:  77.38 fackACC: 82.0 legACC: 54.6 | time: 0.0685s
Epoch: 0084 | loss: 0.1797 | loss: 0.4695 Ac:  78.88 fackACC: 84.3 legACC: 55.3 | time: 0.1761s
                                                                  | loss: 0.4714 Ac:  77.53 fackACC: 82.6 legACC: 54.6 | time: 0.0685s
Epoch: 0085 | loss: 0.1388 | loss: 0.4741 Ac:  78.75 fackACC: 84.5 legACC: 54.8 | time: 0.1784s
                                                                  | loss: 0.4744 Ac:  77.29 fackACC: 82.9 legACC: 53.8 | time: 0.0684s
Epoch: 0086 | loss: 0.1576 | loss: 0.4691 Ac:  79.00 fackACC: 83.2 legACC: 56.7 | time: 0.1766s
                                                                  | loss: 0.4712 Ac:  77.44 fackACC: 81.7 legACC: 55.0 | time: 0.0683s
Epoch: 0087 | loss: 0.1360 | loss: 0.4686 Ac:  78.62 fackACC: 81.7 legACC: 57.0 | time: 0.1776s
                                                                  | loss: 0.4734 Ac:  77.59 fackACC: 80.5 legACC: 56.9 | time: 0.0683s
Epoch: 0088 | loss: 0.1462 | loss: 0.4743 Ac:  78.62 fackACC: 80.9 legACC: 58.5 | time: 0.1783s
                                                                  | loss: 0.4824 Ac:  77.44 fackACC: 79.4 legACC: 58.5 | time: 0.0683s
Epoch: 0089 | loss: 0.1286 | loss: 0.4834 Ac:  79.00 fackACC: 80.7 legACC: 62.0 | time: 0.1762s
                                                                  | loss: 0.4939 Ac:  77.35 fackACC: 78.8 legACC: 59.7 | time: 0.0681s
Epoch: 0090 | loss: 0.1725 | loss: 0.4770 Ac:  78.62 fackACC: 80.9 legACC: 58.5 | time: 0.1772s
                                                                  | loss: 0.4847 Ac:  77.41 fackACC: 79.5 legACC: 58.1 | time: 0.0682s
Epoch: 0091 | loss: 0.1293 | loss: 0.4708 Ac:  79.25 fackACC: 82.4 legACC: 58.9 | time: 0.1762s
                                                                  | loss: 0.4746 Ac:  78.12 fackACC: 80.9 legACC: 59.0 | time: 0.0682s
Epoch: 0092 | loss: 0.1193 | loss: 0.4693 Ac:  80.25 fackACC: 83.7 legACC: 61.2 | time: 0.1780s
                                                                  | loss: 0.4710 Ac:  78.00 fackACC: 81.6 legACC: 57.3 | time: 0.0682s
Epoch: 0093 | loss: 0.1303 | loss: 0.4692 Ac:  79.88 fackACC: 84.0 legACC: 59.1 | time: 0.1777s
                                                                  | loss: 0.4691 Ac:  77.79 fackACC: 82.2 legACC: 55.8 | time: 0.0682s
Epoch: 0094 | loss: 0.1244 | loss: 0.4712 Ac:  79.50 fackACC: 83.3 legACC: 58.5 | time: 0.1762s
                                                                  | loss: 0.4740 Ac:  77.76 fackACC: 81.7 legACC: 56.2 | time: 0.0681s
Epoch: 0095 | loss: 0.1209 | loss: 0.4790 Ac:  80.25 fackACC: 83.1 legACC: 62.4 | time: 0.1755s
                                                                  | loss: 0.4866 Ac:  77.94 fackACC: 80.9 legACC: 58.1 | time: 0.0683s
Epoch: 0096 | loss: 0.1185 | loss: 0.4840 Ac:  79.75 fackACC: 82.4 legACC: 61.4 | time: 0.1764s
                                                                  | loss: 0.4942 Ac:  77.79 fackACC: 80.4 legACC: 58.2 | time: 0.0682s
Epoch: 0097 | loss: 0.1068 | loss: 0.4770 Ac:  79.62 fackACC: 82.9 legACC: 59.6 | time: 0.1779s
                                                                  | loss: 0.4855 Ac:  77.68 fackACC: 81.2 legACC: 56.4 | time: 0.0681s
Epoch: 0098 | loss: 0.1109 | loss: 0.4741 Ac:  79.38 fackACC: 83.4 legACC: 57.9 | time: 0.1756s
                                                                  | loss: 0.4817 Ac:  77.59 fackACC: 81.9 legACC: 55.4 | time: 0.0682s
Epoch: 0099 | loss: 0.1143 | loss: 0.5414 Ac:  79.12 fackACC: 82.4 legACC: 58.3 | time: 0.1756s
                                                                  | loss: 0.5693 Ac:  77.41 fackACC: 80.6 legACC: 56.0 | time: 0.0682s
Epoch: 0100 | loss: 0.0781 | loss: 0.5976 Ac:  78.88 fackACC: 81.4 legACC: 58.9 | time: 0.1765s
                                                                  | loss: 0.6278 Ac:  77.26 fackACC: 79.7 legACC: 56.7 | time: 0.0684s
Epoch: 0101 | loss: 0.0584 | loss: 0.5972 Ac:  78.62 fackACC: 81.4 legACC: 57.6 | time: 0.1787s
                                                                  | loss: 0.6282 Ac:  77.35 fackACC: 79.8 legACC: 56.9 | time: 0.0686s
Epoch: 0102 | loss: 0.0529 | loss: 0.5929 Ac:  78.75 fackACC: 81.7 legACC: 57.6 | time: 0.1767s
                                                                  | loss: 0.6246 Ac:  77.15 fackACC: 79.9 legACC: 55.7 | time: 0.0687s
Epoch: 0103 | loss: 0.0617 | loss: 0.5892 Ac:  78.62 fackACC: 81.8 legACC: 56.9 | time: 0.1787s
                                                                  | loss: 0.6196 Ac:  77.26 fackACC: 80.4 legACC: 55.6 | time: 0.0717s
Epoch: 0104 | loss: 0.0529 | loss: 0.5799 Ac:  78.88 fackACC: 82.4 legACC: 57.1 | time: 0.1805s
                                                                  | loss: 0.6112 Ac:  77.38 fackACC: 80.7 legACC: 55.7 | time: 0.0683s
Epoch: 0105 | loss: 0.0503 | loss: 0.5766 Ac:  79.38 fackACC: 83.1 legACC: 58.3 | time: 0.1796s
                                                                  | loss: 0.6075 Ac:  77.26 fackACC: 81.0 legACC: 54.9 | time: 0.0683s
Epoch: 0106 | loss: 0.0422 | loss: 0.5770 Ac:  79.00 fackACC: 83.0 legACC: 56.9 | time: 0.1803s
                                                                  | loss: 0.6064 Ac:  77.50 fackACC: 81.3 legACC: 55.5 | time: 0.0685s
Epoch: 0107 | loss: 0.0416 | loss: 0.5844 Ac:  79.25 fackACC: 83.2 legACC: 57.7 | time: 0.1839s
                                                                  | loss: 0.6089 Ac:  77.56 fackACC: 81.3 legACC: 55.8 | time: 0.0683s
Epoch: 0108 | loss: 0.0436 | loss: 0.5842 Ac:  79.00 fackACC: 83.1 legACC: 56.8 | time: 0.1781s
                                                                  | loss: 0.6054 Ac:  77.50 fackACC: 81.4 legACC: 55.4 | time: 0.0683s
Epoch: 0109 | loss: 0.0472 | loss: 0.5839 Ac:  78.62 fackACC: 83.0 legACC: 55.5 | time: 0.1791s
                                                                  | loss: 0.6013 Ac:  77.71 fackACC: 81.8 legACC: 55.9 | time: 0.0682s
Epoch: 0110 | loss: 0.0514 | loss: 0.5870 Ac:  78.88 fackACC: 83.4 legACC: 56.1 | time: 0.1764s
                                                                  | loss: 0.6016 Ac:  77.76 fackACC: 81.8 legACC: 56.1 | time: 0.0683s
Epoch: 0111 | loss: 0.0417 | loss: 0.5914 Ac:  79.00 fackACC: 83.3 legACC: 56.6 | time: 0.1763s
                                                                  | loss: 0.6046 Ac:  77.97 fackACC: 82.0 legACC: 56.7 | time: 0.0682s
Epoch: 0112 | loss: 0.0329 | loss: 0.5998 Ac:  79.00 fackACC: 83.1 legACC: 56.8 | time: 0.1764s
                                                                  | loss: 0.6119 Ac:  77.91 fackACC: 81.7 legACC: 56.8 | time: 0.0682s
Epoch: 0113 | loss: 0.0334 | loss: 0.6019 Ac:  79.00 fackACC: 83.3 legACC: 56.6 | time: 0.1766s
                                                                  | loss: 0.6122 Ac:  77.82 fackACC: 81.8 legACC: 56.3 | time: 0.0685s
Epoch: 0114 | loss: 0.0300 | loss: 0.6017 Ac:  78.88 fackACC: 83.4 legACC: 56.1 | time: 0.1774s
                                                                  | loss: 0.6103 Ac:  77.65 fackACC: 81.9 legACC: 55.5 | time: 0.0683s
Epoch: 0115 | loss: 0.0386 | loss: 0.6040 Ac:  79.00 fackACC: 83.7 legACC: 56.2 | time: 0.1780s
                                                                  | loss: 0.6113 Ac:  77.74 fackACC: 82.1 legACC: 55.7 | time: 0.0683s
Epoch: 0116 | loss: 0.0323 | loss: 0.5976 Ac:  78.00 fackACC: 83.8 legACC: 53.0 | time: 0.1767s
                                                                  | loss: 0.6028 Ac:  77.35 fackACC: 82.5 legACC: 54.1 | time: 0.0683s
Epoch: 0117 | loss: 0.0330 | loss: 0.5958 Ac:  78.12 fackACC: 84.3 legACC: 53.2 | time: 0.1766s
                                                                  | loss: 0.5999 Ac:  77.47 fackACC: 83.0 legACC: 54.2 | time: 0.0683s
Epoch: 0118 | loss: 0.0325 | loss: 0.5984 Ac:  77.75 fackACC: 84.2 legACC: 52.2 | time: 0.1762s
                                                                  | loss: 0.6024 Ac:  77.56 fackACC: 83.1 legACC: 54.4 | time: 0.0682s
Epoch: 0119 | loss: 0.0334 | loss: 0.6068 Ac:  78.38 fackACC: 84.2 legACC: 53.9 | time: 0.1765s
                                                                  | loss: 0.6119 Ac:  77.18 fackACC: 82.6 legACC: 53.5 | time: 0.0683s
Epoch: 0120 | loss: 0.0220 | loss: 0.6181 Ac:  78.00 fackACC: 83.5 legACC: 53.1 | time: 0.1765s
                                                                  | loss: 0.6247 Ac:  77.41 fackACC: 82.3 legACC: 54.4 | time: 0.0684s
Epoch: 0121 | loss: 0.0203 | loss: 0.6281 Ac:  78.25 fackACC: 83.6 legACC: 53.8 | time: 0.1759s
                                                                  | loss: 0.6361 Ac:  77.53 fackACC: 82.1 legACC: 54.9 | time: 0.0685s
Epoch: 0122 | loss: 0.0271 | loss: 0.6322 Ac:  79.25 fackACC: 83.8 legACC: 57.0 | time: 0.1757s
                                                                  | loss: 0.6406 Ac:  77.65 fackACC: 82.1 legACC: 55.4 | time: 0.0682s
Epoch: 0123 | loss: 0.0348 | loss: 0.6240 Ac:  78.38 fackACC: 83.8 legACC: 54.1 | time: 0.1755s
                                                                  | loss: 0.6310 Ac:  77.24 fackACC: 82.2 legACC: 53.9 | time: 0.0684s
Epoch: 0124 | loss: 0.0197 | loss: 0.6175 Ac:  78.00 fackACC: 83.8 legACC: 53.0 | time: 0.1757s
                                                                  | loss: 0.6232 Ac:  77.35 fackACC: 82.7 legACC: 54.0 | time: 0.0687s
Epoch: 0125 | loss: 0.0219 | loss: 0.6124 Ac:  77.62 fackACC: 84.2 legACC: 51.9 | time: 0.1842s
                                                                  | loss: 0.6173 Ac:  77.50 fackACC: 83.3 legACC: 54.1 | time: 0.0703s
Epoch: 0126 | loss: 0.0211 | loss: 0.6121 Ac:  77.75 fackACC: 84.4 legACC: 52.1 | time: 0.1762s
                                                                  | loss: 0.6166 Ac:  77.47 fackACC: 83.4 legACC: 54.0 | time: 0.0683s
Epoch: 0127 | loss: 0.0212 | loss: 0.6158 Ac:  77.75 fackACC: 84.1 legACC: 52.2 | time: 0.1754s
                                                                  | loss: 0.6202 Ac:  77.44 fackACC: 83.3 legACC: 54.0 | time: 0.0683s
Epoch: 0128 | loss: 0.0181 | loss: 0.6163 Ac:  77.50 fackACC: 84.3 legACC: 51.5 | time: 0.1750s
                                                                  | loss: 0.6202 Ac:  77.50 fackACC: 83.4 legACC: 54.1 | time: 0.0682s
Epoch: 0129 | loss: 0.0220 | loss: 0.6228 Ac:  78.00 fackACC: 84.1 legACC: 52.9 | time: 0.1772s
                                                                  | loss: 0.6264 Ac:  77.65 fackACC: 83.3 legACC: 54.6 | time: 0.0681s
Epoch: 0130 | loss: 0.0221 | loss: 0.6366 Ac:  78.88 fackACC: 84.1 legACC: 55.5 | time: 0.1762s
                                                                  | loss: 0.6393 Ac:  77.68 fackACC: 82.7 legACC: 55.0 | time: 0.0683s
Epoch: 0131 | loss: 0.0215 | loss: 0.6576 Ac:  79.25 fackACC: 84.0 legACC: 56.8 | time: 0.1755s
                                                                  | loss: 0.6614 Ac:  77.44 fackACC: 81.9 legACC: 54.8 | time: 0.0681s
Epoch: 0132 | loss: 0.0211 | loss: 0.6827 Ac:  79.38 fackACC: 83.3 legACC: 58.1 | time: 0.1758s
                                                                  | loss: 0.6889 Ac:  77.47 fackACC: 81.3 legACC: 55.4 | time: 0.0682s
Epoch: 0133 | loss: 0.0169 | loss: 0.7119 Ac:  79.38 fackACC: 83.0 legACC: 58.5 | time: 0.1758s
                                                                  | loss: 0.7224 Ac:  77.47 fackACC: 80.8 legACC: 56.0 | time: 0.0681s
Epoch: 0134 | loss: 0.0170 | loss: 0.7299 Ac:  79.25 fackACC: 82.7 legACC: 58.4 | time: 0.1783s
                                                                  | loss: 0.7431 Ac:  77.53 fackACC: 80.6 legACC: 56.5 | time: 0.0682s
Epoch: 0135 | loss: 0.0213 | loss: 0.7157 Ac:  79.50 fackACC: 83.1 legACC: 58.8 | time: 0.1760s
                                                                  | loss: 0.7245 Ac:  77.53 fackACC: 81.0 legACC: 56.1 | time: 0.0681s
Epoch: 0136 | loss: 0.0129 | loss: 0.7057 Ac:  79.50 fackACC: 83.3 legACC: 58.5 | time: 0.1781s
                                                                  | loss: 0.7113 Ac:  77.38 fackACC: 81.2 legACC: 55.2 | time: 0.0682s
Epoch: 0137 | loss: 0.0184 | loss: 0.6961 Ac:  79.62 fackACC: 83.7 legACC: 58.5 | time: 0.1769s
                                                                  | loss: 0.6989 Ac:  77.62 fackACC: 81.7 legACC: 55.6 | time: 0.0682s
Epoch: 0138 | loss: 0.0207 | loss: 0.6835 Ac:  79.25 fackACC: 84.1 legACC: 56.7 | time: 0.1807s
                                                                  | loss: 0.6832 Ac:  77.50 fackACC: 82.2 legACC: 54.8 | time: 0.0682s
Epoch: 0139 | loss: 0.0114 | loss: 0.6762 Ac:  78.75 fackACC: 84.1 legACC: 55.1 | time: 0.1758s
                                                                  | loss: 0.6739 Ac:  77.65 fackACC: 82.6 legACC: 55.0 | time: 0.0682s
Epoch: 0140 | loss: 0.0189 | loss: 0.6772 Ac:  78.75 fackACC: 84.1 legACC: 55.1 | time: 0.1754s
                                                                  | loss: 0.6741 Ac:  77.79 fackACC: 82.8 legACC: 55.3 | time: 0.0681s
Epoch: 0141 | loss: 0.0159 | loss: 0.6810 Ac:  78.75 fackACC: 84.1 legACC: 55.1 | time: 0.1785s
                                                                  | loss: 0.6776 Ac:  77.76 fackACC: 82.8 legACC: 55.3 | time: 0.0683s
Epoch: 0142 | loss: 0.0180 | loss: 0.6971 Ac:  79.38 fackACC: 84.1 legACC: 57.1 | time: 0.1759s
                                                                  | loss: 0.6957 Ac:  77.62 fackACC: 82.2 legACC: 55.2 | time: 0.0683s
Epoch: 0143 | loss: 0.0194 | loss: 0.7139 Ac:  79.62 fackACC: 83.8 legACC: 58.3 | time: 0.1776s
                                                                  | loss: 0.7150 Ac:  77.65 fackACC: 81.9 legACC: 55.6 | time: 0.0683s
Epoch: 0144 | loss: 0.0137 | loss: 0.7285 Ac:  79.50 fackACC: 83.7 legACC: 58.0 | time: 0.1772s
                                                                  | loss: 0.7314 Ac:  77.50 fackACC: 81.6 legACC: 55.3 | time: 0.0681s
Epoch: 0145 | loss: 0.0152 | loss: 0.7251 Ac:  79.50 fackACC: 83.8 legACC: 57.9 | time: 0.1769s
                                                                  | loss: 0.7256 Ac:  77.62 fackACC: 81.8 legACC: 55.5 | time: 0.0683s
Epoch: 0146 | loss: 0.0158 | loss: 0.7252 Ac:  79.50 fackACC: 84.0 legACC: 57.7 | time: 0.1783s
                                                                  | loss: 0.7243 Ac:  77.76 fackACC: 82.0 legACC: 55.9 | time: 0.0681s
Epoch: 0147 | loss: 0.0200 | loss: 0.7158 Ac:  79.88 fackACC: 84.3 legACC: 58.7 | time: 0.1759s
                                                                  | loss: 0.7170 Ac:  77.68 fackACC: 82.1 legACC: 55.5 | time: 0.0680s
Epoch: 0148 | loss: 0.0179 | loss: 0.7037 Ac:  79.00 fackACC: 84.2 legACC: 55.8 | time: 0.1757s
                                                                  | loss: 0.7051 Ac:  77.65 fackACC: 82.6 legACC: 55.0 | time: 0.0715s
Epoch: 0149 | loss: 0.0436 | loss: 0.6795 Ac:  77.88 fackACC: 84.9 legACC: 52.3 | time: 0.1760s
                                                                  | loss: 0.6757 Ac:  77.74 fackACC: 83.6 legACC: 54.6 | time: 0.0689s
Epoch: 0150 | loss: 0.0333 | loss: 0.6602 Ac:  77.25 fackACC: 85.6 legACC: 50.8 | time: 0.1755s
                                                                  | loss: 0.6548 Ac:  77.56 fackACC: 84.3 legACC: 53.8 | time: 0.0682s
Epoch: 0151 | loss: 0.0176 | loss: 0.6518 Ac:  77.38 fackACC: 86.2 legACC: 51.0 | time: 0.1782s
                                                                  | loss: 0.6476 Ac:  77.47 fackACC: 84.6 legACC: 53.5 | time: 0.0683s
Epoch: 0152 | loss: 0.0341 | loss: 0.6480 Ac:  77.00 fackACC: 85.7 legACC: 50.3 | time: 0.1755s
                                                                  | loss: 0.6449 Ac:  77.29 fackACC: 84.5 legACC: 53.1 | time: 0.0683s
Epoch: 0153 | loss: 0.0293 | loss: 0.6444 Ac:  76.62 fackACC: 85.5 legACC: 49.5 | time: 0.1757s
                                                                  | loss: 0.6433 Ac:  77.15 fackACC: 84.5 legACC: 52.8 | time: 0.0683s
Epoch: 0154 | loss: 0.0159 | loss: 0.6456 Ac:  77.25 fackACC: 85.4 legACC: 50.8 | time: 0.1766s
                                                                  | loss: 0.6470 Ac:  77.35 fackACC: 84.1 legACC: 53.4 | time: 0.0680s
Epoch: 0155 | loss: 0.0298 | loss: 0.6477 Ac:  76.88 fackACC: 84.9 legACC: 50.0 | time: 0.1755s
                                                                  | loss: 0.6514 Ac:  77.50 fackACC: 83.9 legACC: 53.8 | time: 0.0683s
Epoch: 0156 | loss: 0.0379 | loss: 0.6650 Ac:  79.12 fackACC: 84.6 legACC: 55.9 | time: 0.1757s
                                                                  | loss: 0.6745 Ac:  77.21 fackACC: 82.4 legACC: 53.7 | time: 0.0681s
Epoch: 0157 | loss: 0.0189 | loss: 0.6896 Ac:  79.12 fackACC: 83.5 legACC: 56.8 | time: 0.1757s
                                                                  | loss: 0.7050 Ac:  77.32 fackACC: 81.5 legACC: 54.8 | time: 0.0688s
Epoch: 0158 | loss: 0.0239 | loss: 0.6958 Ac:  78.75 fackACC: 83.0 legACC: 56.0 | time: 0.1797s
                                                                  | loss: 0.7137 Ac:  77.26 fackACC: 81.1 legACC: 54.8 | time: 0.0687s
Epoch: 0159 | loss: 0.0254 | loss: 0.6725 Ac:  78.62 fackACC: 83.6 legACC: 55.0 | time: 0.1754s
                                                                  | loss: 0.6889 Ac:  77.32 fackACC: 81.7 legACC: 54.5 | time: 0.0682s
Epoch: 0160 | loss: 0.0187 | loss: 0.6507 Ac:  78.88 fackACC: 84.4 legACC: 55.3 | time: 0.1781s
                                                                  | loss: 0.6657 Ac:  77.21 fackACC: 82.4 legACC: 53.7 | time: 0.0682s
Epoch: 0161 | loss: 0.0295 | loss: 0.6483 Ac:  78.88 fackACC: 84.4 legACC: 55.3 | time: 0.1761s
                                                                  | loss: 0.6629 Ac:  77.26 fackACC: 82.5 legACC: 53.8 | time: 0.0682s
Epoch: 0162 | loss: 0.0244 | loss: 0.6583 Ac:  78.88 fackACC: 84.2 legACC: 55.4 | time: 0.1754s
                                                                  | loss: 0.6733 Ac:  77.32 fackACC: 82.0 legACC: 54.3 | time: 0.0681s
Epoch: 0163 | loss: 0.0194 | loss: 0.6843 Ac:  79.38 fackACC: 83.6 legACC: 57.7 | time: 0.1769s
                                                                  | loss: 0.7006 Ac:  77.32 fackACC: 81.5 legACC: 54.7 | time: 0.0682s
Epoch: 0164 | loss: 0.0218 | loss: 0.7328 Ac:  79.50 fackACC: 82.8 legACC: 59.3 | time: 0.1756s
                                                                  | loss: 0.7521 Ac:  77.21 fackACC: 80.5 legACC: 55.2 | time: 0.0682s
Epoch: 0165 | loss: 0.0219 | loss: 0.7870 Ac:  78.88 fackACC: 81.9 legACC: 57.8 | time: 0.1758s
                                                                  | loss: 0.8121 Ac:  77.18 fackACC: 80.0 legACC: 55.7 | time: 0.0681s
Epoch: 0166 | loss: 0.0123 | loss: 0.8439 Ac:  78.50 fackACC: 81.3 legACC: 57.0 | time: 0.1754s
                                                                  | loss: 0.8782 Ac:  76.97 fackACC: 79.4 legACC: 55.5 | time: 0.0682s
Epoch: 0167 | loss: 0.0132 | loss: 0.8845 Ac:  79.00 fackACC: 81.3 legACC: 60.0 | time: 0.1753s
                                                                  | loss: 0.9285 Ac:  76.97 fackACC: 79.2 legACC: 55.8 | time: 0.0680s
Epoch: 0168 | loss: 0.0304 | loss: 0.8461 Ac:  79.12 fackACC: 81.8 legACC: 59.4 | time: 0.1754s
                                                                  | loss: 0.8833 Ac:  77.09 fackACC: 79.7 legACC: 55.6 | time: 0.0682s
Epoch: 0169 | loss: 0.0228 | loss: 0.7603 Ac:  79.38 fackACC: 83.0 legACC: 58.5 | time: 0.1756s
                                                                  | loss: 0.7803 Ac:  77.44 fackACC: 81.0 legACC: 55.7 | time: 0.0681s
Epoch: 0170 | loss: 0.0156 | loss: 0.6968 Ac:  79.12 fackACC: 84.3 legACC: 56.2 | time: 0.1756s
                                                                  | loss: 0.7061 Ac:  77.50 fackACC: 82.6 legACC: 54.6 | time: 0.0682s
Epoch: 0171 | loss: 0.0186 | loss: 0.6574 Ac:  77.00 fackACC: 85.3 legACC: 50.3 | time: 0.1775s
                                                                  | loss: 0.6608 Ac:  77.41 fackACC: 84.2 legACC: 53.5 | time: 0.0681s
Epoch: 0172 | loss: 0.0212 | loss: 0.6445 Ac:  77.00 fackACC: 86.3 legACC: 50.2 | time: 0.1760s
                                                                  | loss: 0.6455 Ac:  77.06 fackACC: 85.1 legACC: 52.5 | time: 0.0716s
Epoch: 0173 | loss: 0.0155 | loss: 0.6418 Ac:  76.62 fackACC: 86.4 legACC: 49.5 | time: 0.1762s
                                                                  | loss: 0.6420 Ac:  76.79 fackACC: 85.3 legACC: 51.8 | time: 0.0682s
Epoch: 0174 | loss: 0.0115 | loss: 0.6425 Ac:  76.62 fackACC: 86.4 legACC: 49.5 | time: 0.1776s
                                                                  | loss: 0.6426 Ac:  76.88 fackACC: 85.4 legACC: 52.0 | time: 0.0682s
Epoch: 0175 | loss: 0.0204 | loss: 0.6511 Ac:  76.88 fackACC: 85.8 legACC: 50.0 | time: 0.1760s
                                                                  | loss: 0.6525 Ac:  76.94 fackACC: 84.6 legACC: 52.3 | time: 0.0681s
Epoch: 0176 | loss: 0.0164 | loss: 0.6815 Ac:  78.12 fackACC: 84.3 legACC: 53.2 | time: 0.1760s
                                                                  | loss: 0.6874 Ac:  77.59 fackACC: 83.2 legACC: 54.4 | time: 0.0682s
Epoch: 0177 | loss: 0.0141 | loss: 0.7171 Ac:  79.12 fackACC: 83.9 legACC: 56.4 | time: 0.1754s
                                                                  | loss: 0.7288 Ac:  77.44 fackACC: 82.1 legACC: 54.7 | time: 0.0681s
Epoch: 0178 | loss: 0.0148 | loss: 0.7648 Ac:  79.38 fackACC: 83.0 legACC: 58.5 | time: 0.1761s
                                                                  | loss: 0.7848 Ac:  77.18 fackACC: 80.8 legACC: 54.7 | time: 0.0682s
Epoch: 0179 | loss: 0.0167 | loss: 0.7975 Ac:  79.25 fackACC: 82.5 legACC: 58.7 | time: 0.1779s
                                                                  | loss: 0.8231 Ac:  77.00 fackACC: 80.3 legACC: 54.5 | time: 0.0682s
Epoch: 0180 | loss: 0.0147 | loss: 0.8212 Ac:  79.25 fackACC: 82.3 legACC: 59.0 | time: 0.1770s
                                                                  | loss: 0.8513 Ac:  77.06 fackACC: 80.1 legACC: 55.0 | time: 0.0682s
Epoch: 0181 | loss: 0.0124 | loss: 0.8394 Ac:  79.12 fackACC: 82.0 legACC: 59.0 | time: 0.1760s
                                                                  | loss: 0.8727 Ac:  77.18 fackACC: 80.1 legACC: 55.6 | time: 0.0682s
Epoch: 0182 | loss: 0.0186 | loss: 0.8309 Ac:  79.25 fackACC: 82.1 legACC: 59.4 | time: 0.1774s
                                                                  | loss: 0.8615 Ac:  77.09 fackACC: 80.1 legACC: 55.1 | time: 0.0682s
Epoch: 0183 | loss: 0.0272 | loss: 0.7705 Ac:  78.88 fackACC: 82.9 legACC: 56.6 | time: 0.1760s
                                                                  | loss: 0.7859 Ac:  77.32 fackACC: 80.9 legACC: 55.2 | time: 0.0684s
Epoch: 0184 | loss: 0.0083 | loss: 0.7268 Ac:  79.50 fackACC: 84.0 legACC: 57.7 | time: 0.1756s
                                                                  | loss: 0.7321 Ac:  77.94 fackACC: 82.2 legACC: 56.3 | time: 0.0683s
Epoch: 0185 | loss: 0.0130 | loss: 0.6792 Ac:  78.12 fackACC: 84.6 legACC: 53.0 | time: 0.1762s
                                                                  | loss: 0.6755 Ac:  77.68 fackACC: 83.3 legACC: 54.6 | time: 0.0682s
Epoch: 0186 | loss: 0.0177 | loss: 0.6563 Ac:  77.00 fackACC: 85.2 legACC: 50.3 | time: 0.1774s
                                                                  | loss: 0.6496 Ac:  77.41 fackACC: 84.1 legACC: 53.5 | time: 0.0681s
Epoch: 0187 | loss: 0.0165 | loss: 0.6545 Ac:  77.12 fackACC: 85.3 legACC: 50.5 | time: 0.1784s
                                                                  | loss: 0.6475 Ac:  77.32 fackACC: 84.2 legACC: 53.3 | time: 0.0682s
Epoch: 0188 | loss: 0.0228 | loss: 0.6529 Ac:  77.25 fackACC: 85.4 legACC: 50.8 | time: 0.1781s
                                                                  | loss: 0.6456 Ac:  77.41 fackACC: 84.3 legACC: 53.5 | time: 0.0681s
Epoch: 0189 | loss: 0.0371 | loss: 0.6587 Ac:  77.12 fackACC: 85.0 legACC: 50.5 | time: 0.1757s
                                                                  | loss: 0.6538 Ac:  77.59 fackACC: 83.9 legACC: 54.1 | time: 0.0681s
Epoch: 0190 | loss: 0.0178 | loss: 0.6720 Ac:  78.12 fackACC: 84.5 legACC: 53.1 | time: 0.1761s
                                                                  | loss: 0.6706 Ac:  77.65 fackACC: 83.3 legACC: 54.6 | time: 0.0682s
Epoch: 0191 | loss: 0.0179 | loss: 0.6934 Ac:  78.75 fackACC: 84.0 legACC: 55.2 | time: 0.1782s
                                                                  | loss: 0.6976 Ac:  77.85 fackACC: 82.6 legACC: 55.7 | time: 0.0683s
Epoch: 0192 | loss: 0.0161 | loss: 0.7358 Ac:  79.88 fackACC: 83.7 legACC: 59.5 | time: 0.1757s
                                                                  | loss: 0.7485 Ac:  77.47 fackACC: 81.4 legACC: 55.4 | time: 0.0681s
Epoch: 0193 | loss: 0.0139 | loss: 0.7801 Ac:  79.25 fackACC: 82.7 legACC: 58.4 | time: 0.1756s
                                                                  | loss: 0.8016 Ac:  77.15 fackACC: 80.5 legACC: 55.0 | time: 0.0682s
Epoch: 0194 | loss: 0.0163 | loss: 0.8188 Ac:  79.00 fackACC: 82.1 legACC: 58.3 | time: 0.1757s
                                                                  | loss: 0.8479 Ac:  77.15 fackACC: 80.0 legACC: 55.6 | time: 0.0681s
Epoch: 0195 | loss: 0.0165 | loss: 0.8433 Ac:  78.38 fackACC: 81.5 legACC: 56.1 | time: 0.1754s
                                                                  | loss: 0.8772 Ac:  77.03 fackACC: 79.7 legACC: 55.3 | time: 0.0682s
Epoch: 0196 | loss: 0.0107 | loss: 0.8723 Ac:  78.50 fackACC: 81.4 legACC: 56.8 | time: 0.1757s
                                                                  | loss: 0.9119 Ac:  76.88 fackACC: 79.5 legACC: 54.8 | time: 0.0681s
Epoch: 0197 | loss: 0.0096 | loss: 0.9014 Ac:  78.75 fackACC: 81.4 legACC: 58.2 | time: 0.1761s
                                                                  | loss: 0.9469 Ac:  76.97 fackACC: 79.5 legACC: 55.4 | time: 0.0680s
Epoch: 0198 | loss: 0.0125 | loss: 0.9005 Ac:  78.62 fackACC: 81.4 legACC: 57.6 | time: 0.1753s
                                                                  | loss: 0.9456 Ac:  76.88 fackACC: 79.5 legACC: 54.8 | time: 0.0681s
Epoch: 0199 | loss: 0.0257 | loss: 0.8524 Ac:  78.75 fackACC: 81.8 legACC: 57.4 | time: 0.1760s
                                                                  | loss: 0.8866 Ac:  77.12 fackACC: 80.1 legACC: 55.3 | time: 0.0682s
Epoch: 0200 | loss: 0.0132 | loss: 0.7859 Ac:  79.12 fackACC: 83.0 legACC: 57.4 | time: 0.1755s
                                                                  | loss: 0.8062 Ac:  77.26 fackACC: 81.1 legACC: 54.8 | time: 0.0682s
Epoch: 0201 | loss: 0.0121 | loss: 0.7339 Ac:  78.38 fackACC: 83.7 legACC: 54.2 | time: 0.1759s
                                                                  | loss: 0.7439 Ac:  77.82 fackACC: 82.4 legACC: 55.7 | time: 0.0683s
Epoch: 0202 | loss: 0.0162 | loss: 0.7096 Ac:  78.12 fackACC: 84.2 legACC: 53.2 | time: 0.1757s
                                                                  | loss: 0.7145 Ac:  77.88 fackACC: 83.0 legACC: 55.4 | time: 0.0682s
Epoch: 0203 | loss: 0.0109 | loss: 0.6893 Ac:  78.00 fackACC: 84.6 legACC: 52.7 | time: 0.1772s
                                                                  | loss: 0.6898 Ac:  77.62 fackACC: 83.6 legACC: 54.3 | time: 0.0681s
Epoch: 0204 | loss: 0.0141 | loss: 0.6822 Ac:  77.50 fackACC: 84.8 legACC: 51.4 | time: 0.1756s
                                                                  | loss: 0.6804 Ac:  77.41 fackACC: 83.7 legACC: 53.7 | time: 0.0681s
Epoch: 0205 | loss: 0.0135 | loss: 0.6895 Ac:  77.75 fackACC: 84.6 legACC: 52.1 | time: 0.1781s
                                                                  | loss: 0.6875 Ac:  77.53 fackACC: 83.6 legACC: 54.1 | time: 0.0682s
Epoch: 0206 | loss: 0.0147 | loss: 0.7111 Ac:  78.75 fackACC: 84.6 legACC: 54.8 | time: 0.1753s
                                                                  | loss: 0.7113 Ac:  77.91 fackACC: 83.2 legACC: 55.4 | time: 0.0683s
Epoch: 0207 | loss: 0.0172 | loss: 0.7561 Ac:  78.75 fackACC: 83.7 legACC: 55.4 | time: 0.1769s
                                                                  | loss: 0.7635 Ac:  77.76 fackACC: 82.1 legACC: 55.8 | time: 0.0683s
Epoch: 0208 | loss: 0.0100 | loss: 0.8116 Ac:  79.00 fackACC: 82.9 legACC: 57.0 | time: 0.1762s
                                                                  | loss: 0.8293 Ac:  77.41 fackACC: 81.0 legACC: 55.6 | time: 0.0682s
Epoch: 0209 | loss: 0.0114 | loss: 0.8740 Ac:  78.75 fackACC: 81.9 legACC: 57.3 | time: 0.1765s
                                                                  | loss: 0.9053 Ac:  77.21 fackACC: 80.2 legACC: 55.6 | time: 0.0681s
Epoch: 0210 | loss: 0.0185 | loss: 0.9158 Ac:  79.12 fackACC: 81.9 legACC: 59.2 | time: 0.1756s
                                                                  | loss: 0.9579 Ac:  77.21 fackACC: 79.9 legACC: 56.1 | time: 0.0687s
Epoch: 0211 | loss: 0.0140 | loss: 0.9270 Ac:  78.88 fackACC: 81.7 legACC: 58.3 | time: 0.1761s
                                                                  | loss: 0.9727 Ac:  77.06 fackACC: 79.7 legACC: 55.5 | time: 0.0681s
Epoch: 0212 | loss: 0.0145 | loss: 0.9005 Ac:  78.62 fackACC: 81.7 legACC: 57.0 | time: 0.1761s
                                                                  | loss: 0.9403 Ac:  77.15 fackACC: 80.0 legACC: 55.6 | time: 0.0681s
Epoch: 0213 | loss: 0.0203 | loss: 0.8371 Ac:  78.88 fackACC: 82.6 legACC: 56.9 | time: 0.1756s
                                                                  | loss: 0.8617 Ac:  77.12 fackACC: 80.5 legACC: 54.8 | time: 0.0681s
Epoch: 0214 | loss: 0.0119 | loss: 0.7781 Ac:  79.38 fackACC: 83.7 legACC: 57.6 | time: 0.1755s
                                                                  | loss: 0.7906 Ac:  77.47 fackACC: 81.6 legACC: 55.2 | time: 0.0682s
Epoch: 0215 | loss: 0.0066 | loss: 0.7345 Ac:  78.75 fackACC: 84.0 legACC: 55.2 | time: 0.1755s
                                                                  | loss: 0.7391 Ac:  78.06 fackACC: 82.7 legACC: 56.2 | time: 0.0693s
Epoch: 0216 | loss: 0.0115 | loss: 0.7069 Ac:  77.75 fackACC: 84.5 legACC: 52.1 | time: 0.1756s
                                                                  | loss: 0.7071 Ac:  77.62 fackACC: 83.3 legACC: 54.5 | time: 0.0682s
Epoch: 0217 | loss: 0.0146 | loss: 0.7020 Ac:  77.62 fackACC: 84.7 legACC: 51.7 | time: 0.1758s
                                                                  | loss: 0.7014 Ac:  77.79 fackACC: 83.6 legACC: 54.8 | time: 0.0683s
Epoch: 0218 | loss: 0.0107 | loss: 0.7046 Ac:  77.62 fackACC: 84.7 legACC: 51.7 | time: 0.1758s
                                                                  | loss: 0.7038 Ac:  77.82 fackACC: 83.7 legACC: 54.8 | time: 0.0682s
Epoch: 0219 | loss: 0.0103 | loss: 0.7180 Ac:  77.38 fackACC: 84.3 legACC: 51.2 | time: 0.1762s
                                                                  | loss: 0.7185 Ac:  77.91 fackACC: 83.5 legACC: 55.2 | time: 0.0682s
Epoch: 0220 | loss: 0.0093 | loss: 0.7509 Ac:  78.38 fackACC: 83.8 legACC: 54.1 | time: 0.1759s
                                                                  | loss: 0.7567 Ac:  77.88 fackACC: 82.7 legACC: 55.7 | time: 0.0684s
Epoch: 0221 | loss: 0.0159 | loss: 0.7841 Ac:  78.75 fackACC: 83.8 legACC: 55.3 | time: 0.1761s
                                                                  | loss: 0.7959 Ac:  77.74 fackACC: 82.1 legACC: 55.7 | time: 0.0681s
Epoch: 0222 | loss: 0.0066 | loss: 0.8224 Ac:  78.88 fackACC: 83.2 legACC: 56.2 | time: 0.1770s
                                                                  | loss: 0.8418 Ac:  77.50 fackACC: 81.4 legACC: 55.4 | time: 0.0680s
Epoch: 0223 | loss: 0.0111 | loss: 0.8502 Ac:  79.00 fackACC: 82.9 legACC: 57.0 | time: 0.1763s
                                                                  | loss: 0.8748 Ac:  77.15 fackACC: 80.9 legACC: 54.5 | time: 0.0682s
Epoch: 0224 | loss: 0.0264 | loss: 0.8245 Ac:  78.50 fackACC: 83.2 legACC: 54.9 | time: 0.1760s
                                                                  | loss: 0.8405 Ac:  77.44 fackACC: 81.7 legACC: 55.0 | time: 0.0681s
Epoch: 0225 | loss: 0.0090 | loss: 0.8023 Ac:  78.62 fackACC: 83.7 legACC: 54.9 | time: 0.1754s
                                                                  | loss: 0.8111 Ac:  77.79 fackACC: 82.3 legACC: 55.7 | time: 0.0698s
Epoch: 0226 | loss: 0.0190 | loss: 0.7398 Ac:  77.88 fackACC: 84.9 legACC: 52.3 | time: 0.1759s
                                                                  | loss: 0.7345 Ac:  77.85 fackACC: 83.9 legACC: 54.8 | time: 0.0682s
Epoch: 0227 | loss: 0.0092 | loss: 0.7095 Ac:  77.25 fackACC: 86.4 legACC: 50.7 | time: 0.1763s
                                                                  | loss: 0.6969 Ac:  77.03 fackACC: 84.8 legACC: 52.4 | time: 0.0683s
Epoch: 0228 | loss: 0.0096 | loss: 0.6983 Ac:  76.88 fackACC: 87.1 legACC: 50.0 | time: 0.1758s
                                                                  | loss: 0.6822 Ac:  77.21 fackACC: 86.0 legACC: 52.6 | time: 0.0683s
Epoch: 0229 | loss: 0.0154 | loss: 0.6900 Ac:  75.75 fackACC: 87.8 legACC: 48.1 | time: 0.1754s
                                                                  | loss: 0.6711 Ac:  77.00 fackACC: 86.8 legACC: 52.0 | time: 0.0683s
Epoch: 0230 | loss: 0.0137 | loss: 0.6887 Ac:  75.62 fackACC: 87.8 legACC: 48.0 | time: 0.1755s
                                                                  | loss: 0.6695 Ac:  77.09 fackACC: 86.9 legACC: 52.2 | time: 0.0681s
Epoch: 0231 | loss: 0.0269 | loss: 0.7154 Ac:  77.38 fackACC: 86.0 legACC: 51.0 | time: 0.1757s
                                                                  | loss: 0.7044 Ac:  77.38 fackACC: 84.6 legACC: 53.3 | time: 0.0682s
Epoch: 0232 | loss: 0.0132 | loss: 0.7545 Ac:  78.25 fackACC: 84.6 legACC: 53.4 | time: 0.1756s
                                                                  | loss: 0.7542 Ac:  77.76 fackACC: 83.4 legACC: 54.9 | time: 0.0682s
Epoch: 0233 | loss: 0.0096 | loss: 0.8063 Ac:  79.12 fackACC: 83.9 legACC: 56.4 | time: 0.1757s
                                                                  | loss: 0.8195 Ac:  77.65 fackACC: 81.9 legACC: 55.5 | time: 0.0682s
Epoch: 0234 | loss: 0.0194 | loss: 0.8574 Ac:  78.50 fackACC: 82.6 legACC: 55.4 | time: 0.1754s
                                                                  | loss: 0.8845 Ac:  77.44 fackACC: 80.9 legACC: 55.8 | time: 0.0680s
Epoch: 0235 | loss: 0.0181 | loss: 0.8527 Ac:  78.50 fackACC: 82.6 legACC: 55.4 | time: 0.1758s
                                                                  | loss: 0.8817 Ac:  77.32 fackACC: 80.9 legACC: 55.3 | time: 0.0681s
Epoch: 0236 | loss: 0.0123 | loss: 0.8144 Ac:  79.38 fackACC: 83.7 legACC: 57.6 | time: 0.1782s
                                                                  | loss: 0.8364 Ac:  77.59 fackACC: 81.4 legACC: 55.8 | time: 0.0681s
Epoch: 0237 | loss: 0.0158 | loss: 0.7468 Ac:  78.88 fackACC: 84.1 legACC: 55.5 | time: 0.1755s
                                                                  | loss: 0.7558 Ac:  77.68 fackACC: 82.7 legACC: 55.0 | time: 0.0683s
Epoch: 0238 | loss: 0.0118 | loss: 0.7116 Ac:  78.25 fackACC: 84.7 legACC: 53.3 | time: 0.1753s
                                                                  | loss: 0.7139 Ac:  77.59 fackACC: 83.4 legACC: 54.3 | time: 0.0681s
Epoch: 0239 | loss: 0.0101 | loss: 0.6824 Ac:  77.25 fackACC: 85.4 legACC: 50.8 | time: 0.1759s
                                                                  | loss: 0.6788 Ac:  77.53 fackACC: 84.1 legACC: 53.8 | time: 0.0680s
Epoch: 0240 | loss: 0.0098 | loss: 0.6699 Ac:  77.38 fackACC: 86.0 legACC: 51.0 | time: 0.1777s
                                                                  | loss: 0.6632 Ac:  77.53 fackACC: 84.9 legACC: 53.6 | time: 0.0683s
Epoch: 0241 | loss: 0.0266 | loss: 0.7069 Ac:  78.00 fackACC: 84.8 legACC: 52.7 | time: 0.1756s
                                                                  | loss: 0.7068 Ac:  77.53 fackACC: 83.6 legACC: 54.1 | time: 0.0682s
Epoch: 0242 | loss: 0.0159 | loss: 0.7716 Ac:  78.88 fackACC: 83.8 legACC: 55.7 | time: 0.1755s
                                                                  | loss: 0.7848 Ac:  77.85 fackACC: 82.4 legACC: 55.9 | time: 0.0681s
Epoch: 0243 | loss: 0.0140 | loss: 0.8617 Ac:  78.12 fackACC: 82.2 legACC: 54.3 | time: 0.1754s
                                                                  | loss: 0.8954 Ac:  77.24 fackACC: 80.7 legACC: 55.1 | time: 0.0681s
Epoch: 0244 | loss: 0.0113 | loss: 0.9463 Ac:  78.62 fackACC: 81.6 legACC: 57.1 | time: 0.1761s
                                                                  | loss: 0.9997 Ac:  77.29 fackACC: 80.1 legACC: 56.1 | time: 0.0682s
Epoch: 0245 | loss: 0.0075 | loss: 1.0087 Ac:  78.88 fackACC: 81.5 legACC: 58.7 | time: 0.1780s
                                                                  | loss: 1.0765 Ac:  77.26 fackACC: 79.8 legACC: 56.5 | time: 0.0681s
Epoch: 0246 | loss: 0.0209 | loss: 0.9695 Ac:  78.75 fackACC: 81.7 legACC: 57.7 | time: 0.1758s
                                                                  | loss: 1.0279 Ac:  77.26 fackACC: 80.1 legACC: 56.1 | time: 0.0681s
Epoch: 0247 | loss: 0.0127 | loss: 0.8760 Ac:  78.38 fackACC: 82.5 legACC: 55.0 | time: 0.1758s
                                                                  | loss: 0.9094 Ac:  77.47 fackACC: 80.9 legACC: 55.8 | time: 0.0682s
Epoch: 0248 | loss: 0.0094 | loss: 0.8057 Ac:  79.12 fackACC: 84.1 legACC: 56.2 | time: 0.1757s
                                                                  | loss: 0.8188 Ac:  77.74 fackACC: 82.2 legACC: 55.6 | time: 0.0689s
Epoch: 0249 | loss: 0.0088 | loss: 0.7516 Ac:  78.50 fackACC: 84.9 legACC: 53.9 | time: 0.1757s
                                                                  | loss: 0.7485 Ac:  78.03 fackACC: 83.7 legACC: 55.4 | time: 0.0681s
Epoch: 0250 | loss: 0.0159 | loss: 0.7077 Ac:  77.25 fackACC: 86.1 legACC: 50.7 | time: 0.1756s
                                                                  | loss: 0.6919 Ac:  77.32 fackACC: 84.9 legACC: 53.1 | time: 0.0686s
Epoch: 0251 | loss: 0.0164 | loss: 0.6911 Ac:  76.88 fackACC: 86.8 legACC: 50.0 | time: 0.1753s
                                                                  | loss: 0.6704 Ac:  77.47 fackACC: 85.9 legACC: 53.1 | time: 0.0681s
Epoch: 0252 | loss: 0.0120 | loss: 0.6854 Ac:  76.75 fackACC: 87.3 legACC: 49.8 | time: 0.1770s
                                                                  | loss: 0.6635 Ac:  77.32 fackACC: 86.2 legACC: 52.8 | time: 0.0699s
Epoch: 0253 | loss: 0.0148 | loss: 0.6879 Ac:  77.00 fackACC: 86.8 legACC: 50.2 | time: 0.1758s
                                                                  | loss: 0.6677 Ac:  77.41 fackACC: 85.8 legACC: 53.0 | time: 0.0683s
Epoch: 0254 | loss: 0.0140 | loss: 0.7036 Ac:  77.00 fackACC: 85.7 legACC: 50.3 | time: 0.1759s
                                                                  | loss: 0.6887 Ac:  77.50 fackACC: 84.7 legACC: 53.6 | time: 0.0697s
Epoch: 0255 | loss: 0.0151 | loss: 0.7536 Ac:  78.38 fackACC: 84.5 legACC: 53.8 | time: 0.1755s
                                                                  | loss: 0.7531 Ac:  78.03 fackACC: 83.2 legACC: 55.8 | time: 0.0682s
Epoch: 0256 | loss: 0.0234 | loss: 0.7887 Ac:  79.50 fackACC: 84.1 legACC: 57.6 | time: 0.1781s
                                                                  | loss: 0.7979 Ac:  78.00 fackACC: 82.2 legACC: 56.5 | time: 0.0682s
Epoch: 0257 | loss: 0.0099 | loss: 0.8173 Ac:  79.12 fackACC: 83.3 legACC: 57.0 | time: 0.1754s
                                                                  | loss: 0.8343 Ac:  77.82 fackACC: 81.6 legACC: 56.5 | time: 0.0680s
Epoch: 0258 | loss: 0.0122 | loss: 0.8571 Ac:  78.50 fackACC: 82.3 legACC: 55.7 | time: 0.1757s
                                                                  | loss: 0.8837 Ac:  77.44 fackACC: 80.8 legACC: 55.9 | time: 0.0683s
Epoch: 0259 | loss: 0.0263 | loss: 0.8678 Ac:  78.12 fackACC: 81.9 legACC: 54.5 | time: 0.1759s
                                                                  | loss: 0.8974 Ac:  77.32 fackACC: 80.6 legACC: 55.7 | time: 0.0682s
Epoch: 0260 | loss: 0.0091 | loss: 0.8736 Ac:  78.00 fackACC: 81.8 legACC: 54.1 | time: 0.1761s
                                                                  | loss: 0.9049 Ac:  77.35 fackACC: 80.5 legACC: 55.9 | time: 0.0691s
Epoch: 0261 | loss: 0.0098 | loss: 0.8753 Ac:  78.12 fackACC: 81.9 legACC: 54.5 | time: 0.1758s
                                                                  | loss: 0.9074 Ac:  77.38 fackACC: 80.5 legACC: 56.0 | time: 0.0682s
Epoch: 0262 | loss: 0.0118 | loss: 0.8551 Ac:  78.50 fackACC: 82.2 legACC: 55.8 | time: 0.1757s
                                                                  | loss: 0.8827 Ac:  77.41 fackACC: 80.7 legACC: 55.9 | time: 0.0684s
Epoch: 0263 | loss: 0.0084 | loss: 0.8301 Ac:  78.88 fackACC: 83.0 legACC: 56.5 | time: 0.1759s
                                                                  | loss: 0.8519 Ac:  77.68 fackACC: 81.2 legACC: 56.4 | time: 0.0680s
Epoch: 0264 | loss: 0.0105 | loss: 0.8118 Ac:  79.00 fackACC: 83.3 legACC: 56.6 | time: 0.1756s
                                                                  | loss: 0.8289 Ac:  77.56 fackACC: 81.5 legACC: 55.6 | time: 0.0683s
Epoch: 0265 | loss: 0.0152 | loss: 0.7882 Ac:  79.62 fackACC: 84.2 legACC: 57.9 | time: 0.1756s
                                                                  | loss: 0.7997 Ac:  77.53 fackACC: 81.9 legACC: 55.2 | time: 0.0682s
Epoch: 0266 | loss: 0.0082 | loss: 0.7698 Ac:  79.12 fackACC: 84.3 legACC: 56.2 | time: 0.1758s
                                                                  | loss: 0.7770 Ac:  77.88 fackACC: 82.5 legACC: 55.9 | time: 0.0683s
Epoch: 0267 | loss: 0.0177 | loss: 0.7410 Ac:  78.38 fackACC: 84.4 legACC: 53.8 | time: 0.1758s
                                                                  | loss: 0.7415 Ac:  77.65 fackACC: 83.1 legACC: 54.7 | time: 0.0681s
Epoch: 0268 | loss: 0.0111 | loss: 0.7175 Ac:  77.75 fackACC: 85.3 legACC: 51.9 | time: 0.1764s
                                                                  | loss: 0.7115 Ac:  77.41 fackACC: 83.9 legACC: 53.7 | time: 0.0680s
Epoch: 0269 | loss: 0.0107 | loss: 0.7142 Ac:  77.88 fackACC: 85.7 legACC: 52.2 | time: 0.1757s
                                                                  | loss: 0.7062 Ac:  77.26 fackACC: 84.1 legACC: 53.2 | time: 0.0682s
Epoch: 0270 | loss: 0.0061 | loss: 0.7201 Ac:  77.75 fackACC: 85.5 legACC: 51.9 | time: 0.1792s
                                                                  | loss: 0.7120 Ac:  77.24 fackACC: 84.0 legACC: 53.1 | time: 0.0683s
Epoch: 0271 | loss: 0.0111 | loss: 0.7436 Ac:  77.88 fackACC: 85.0 legACC: 52.3 | time: 0.1761s
                                                                  | loss: 0.7398 Ac:  77.53 fackACC: 83.6 legACC: 54.1 | time: 0.0681s
Epoch: 0272 | loss: 0.0059 | loss: 0.7750 Ac:  78.38 fackACC: 84.7 legACC: 53.7 | time: 0.1770s
                                                                  | loss: 0.7775 Ac:  77.74 fackACC: 83.2 legACC: 54.9 | time: 0.0682s
Epoch: 0273 | loss: 0.0096 | loss: 0.8152 Ac:  79.00 fackACC: 84.2 legACC: 55.8 | time: 0.1756s
                                                                  | loss: 0.8267 Ac:  77.41 fackACC: 82.2 legACC: 54.5 | time: 0.0683s
Epoch: 0274 | loss: 0.0094 | loss: 0.8749 Ac:  78.50 fackACC: 82.9 legACC: 55.1 | time: 0.1758s
                                                                  | loss: 0.9003 Ac:  77.53 fackACC: 81.5 legACC: 55.4 | time: 0.0682s
Epoch: 0275 | loss: 0.0109 | loss: 0.9072 Ac:  78.62 fackACC: 82.8 legACC: 55.6 | time: 0.1756s
                                                                  | loss: 0.9395 Ac:  77.53 fackACC: 81.3 legACC: 55.7 | time: 0.0682s
Epoch: 0276 | loss: 0.0058 | loss: 0.9447 Ac:  78.62 fackACC: 82.5 legACC: 56.0 | time: 0.1756s
                                                                  | loss: 0.9851 Ac:  77.47 fackACC: 80.9 legACC: 55.8 | time: 0.0681s
Epoch: 0277 | loss: 0.0179 | loss: 0.9112 Ac:  78.75 fackACC: 83.0 legACC: 56.0 | time: 0.1758s
                                                                  | loss: 0.9421 Ac:  77.38 fackACC: 81.4 legACC: 55.0 | time: 0.0681s
Epoch: 0278 | loss: 0.0108 | loss: 0.8638 Ac:  78.00 fackACC: 83.8 legACC: 53.0 | time: 0.1758s
                                                                  | loss: 0.8812 Ac:  77.41 fackACC: 82.3 legACC: 54.5 | time: 0.0681s
Epoch: 0279 | loss: 0.0136 | loss: 0.8168 Ac:  77.62 fackACC: 84.7 legACC: 51.7 | time: 0.1756s
                                                                  | loss: 0.8197 Ac:  77.71 fackACC: 83.4 legACC: 54.7 | time: 0.0683s
Epoch: 0280 | loss: 0.0073 | loss: 0.7820 Ac:  76.88 fackACC: 85.4 legACC: 50.0 | time: 0.1758s
                                                                  | loss: 0.7737 Ac:  77.56 fackACC: 84.4 legACC: 53.8 | time: 0.0681s
Epoch: 0281 | loss: 0.0090 | loss: 0.7769 Ac:  76.75 fackACC: 85.5 legACC: 49.7 | time: 0.1759s
                                                                  | loss: 0.7678 Ac:  77.47 fackACC: 84.5 legACC: 53.5 | time: 0.0682s
Epoch: 0282 | loss: 0.0082 | loss: 0.7846 Ac:  76.75 fackACC: 85.2 legACC: 49.7 | time: 0.1761s
                                                                  | loss: 0.7790 Ac:  77.62 fackACC: 84.4 legACC: 54.0 | time: 0.0683s
Epoch: 0283 | loss: 0.0121 | loss: 0.8239 Ac:  77.25 fackACC: 84.5 legACC: 50.9 | time: 0.1759s
                                                                  | loss: 0.8321 Ac:  77.82 fackACC: 83.5 legACC: 55.0 | time: 0.0681s
Epoch: 0284 | loss: 0.0102 | loss: 0.8856 Ac:  78.62 fackACC: 83.8 legACC: 54.9 | time: 0.1756s
                                                                  | loss: 0.9137 Ac:  77.50 fackACC: 82.2 legACC: 54.8 | time: 0.0681s
Epoch: 0285 | loss: 0.0091 | loss: 0.9631 Ac:  78.38 fackACC: 82.3 legACC: 55.2 | time: 0.1762s
                                                                  | loss: 1.0140 Ac:  77.41 fackACC: 81.1 legACC: 55.4 | time: 0.0682s
Epoch: 0286 | loss: 0.0194 | loss: 0.9401 Ac:  78.25 fackACC: 82.7 legACC: 54.4 | time: 0.1759s
                                                                  | loss: 0.9860 Ac:  77.44 fackACC: 81.3 legACC: 55.3 | time: 0.0680s
Epoch: 0287 | loss: 0.0207 | loss: 0.8407 Ac:  78.50 fackACC: 84.4 legACC: 54.1 | time: 0.1757s
                                                                  | loss: 0.8590 Ac:  77.65 fackACC: 82.6 legACC: 55.0 | time: 0.0682s
Epoch: 0288 | loss: 0.0083 | loss: 0.7659 Ac:  77.00 fackACC: 85.0 legACC: 50.3 | time: 0.1760s
                                                                  | loss: 0.7650 Ac:  77.35 fackACC: 83.9 legACC: 53.5 | time: 0.0683s
Epoch: 0289 | loss: 0.0097 | loss: 0.7236 Ac:  76.75 fackACC: 85.9 legACC: 49.8 | time: 0.1755s
                                                                  | loss: 0.7135 Ac:  77.44 fackACC: 85.0 legACC: 53.3 | time: 0.0681s
Epoch: 0290 | loss: 0.0081 | loss: 0.7002 Ac:  76.25 fackACC: 86.3 legACC: 48.8 | time: 0.1756s
                                                                  | loss: 0.6869 Ac:  77.09 fackACC: 85.4 legACC: 52.4 | time: 0.0682s
Epoch: 0291 | loss: 0.0181 | loss: 0.7164 Ac:  77.38 fackACC: 85.8 legACC: 51.0 | time: 0.1753s
                                                                  | loss: 0.7104 Ac:  77.12 fackACC: 84.1 legACC: 52.8 | time: 0.0681s
Epoch: 0292 | loss: 0.0188 | loss: 0.7962 Ac:  79.00 fackACC: 83.8 legACC: 56.1 | time: 0.1757s
                                                                  | loss: 0.8100 Ac:  77.65 fackACC: 82.0 legACC: 55.5 | time: 0.0681s
Epoch: 0293 | loss: 0.0089 | loss: 0.8957 Ac:  77.62 fackACC: 81.5 legACC: 52.8 | time: 0.1757s
                                                                  | loss: 0.9317 Ac:  77.38 fackACC: 80.5 legACC: 56.0 | time: 0.0688s
Epoch: 0294 | loss: 0.0157 | loss: 0.9690 Ac:  78.38 fackACC: 81.3 legACC: 56.4 | time: 0.1760s
                                                                  | loss: 1.0199 Ac:  77.06 fackACC: 79.8 legACC: 55.4 | time: 0.0680s
Epoch: 0295 | loss: 0.0218 | loss: 0.9370 Ac:  77.38 fackACC: 81.1 legACC: 52.0 | time: 0.1756s
                                                                  | loss: 0.9784 Ac:  77.21 fackACC: 80.1 legACC: 55.7 | time: 0.0681s
Epoch: 0296 | loss: 0.0121 | loss: 0.8806 Ac:  78.25 fackACC: 82.0 legACC: 55.0 | time: 0.1773s
                                                                  | loss: 0.9067 Ac:  77.50 fackACC: 80.7 legACC: 56.3 | time: 0.0683s
Epoch: 0297 | loss: 0.0165 | loss: 0.8117 Ac:  78.62 fackACC: 83.3 legACC: 55.2 | time: 0.1757s
                                                                  | loss: 0.8210 Ac:  77.74 fackACC: 81.9 legACC: 55.9 | time: 0.0681s
Epoch: 0298 | loss: 0.0090 | loss: 0.7698 Ac:  78.50 fackACC: 84.4 legACC: 54.1 | time: 0.1772s
                                                                  | loss: 0.7690 Ac:  78.03 fackACC: 82.9 legACC: 56.0 | time: 0.0681s
Epoch: 0299 | loss: 0.0086 | loss: 0.7505 Ac:  77.62 fackACC: 84.5 legACC: 51.8 | time: 0.1757s
                                                                  | loss: 0.7440 Ac:  77.59 fackACC: 83.2 legACC: 54.5 | time: 0.0681s
Epoch: 0300 | loss: 0.0074 | loss: 0.7455 Ac:  77.62 fackACC: 84.9 legACC: 51.7 | time: 0.1754s
                                                                  | loss: 0.7362 Ac:  77.59 fackACC: 83.3 legACC: 54.4 | time: 0.0684s
Optimization Finished!
Total time elapsed: 116.8012s
The best result is: ACC: 77.3824 F1: 56.2802, where epoch is 80.30810448760884




0:	vali:  80.25000	test:  ACC: 77.3824 Trueacc: 56.2802 , fakeAcc:80.3081, epoch=57
