Loading gossipcop_story dataset...
Loading text content...
../data/gossipcop_story/
gossipcop_story
text
label matrix shape: torch.Size([5000, 2])
done.
Loading topic content...
../data/gossipcop_story/
gossipcop_story
topic
done.
Loading entity content...
../data/gossipcop_story/
gossipcop_story
entity
done.
Building graph...
Num of edges: 2064372
train, vali, test:  800 800 3400
Transfer to be transductive.


No. 1 test.

30
30
[torch.Size([512, 4]), torch.Size([4]), torch.Size([512]), torch.Size([6201, 512]), torch.Size([6201, 512]), torch.Size([16323, 512]), torch.Size([512, 1]), torch.Size([512, 1]), torch.Size([512, 1]), torch.Size([512, 1]), torch.Size([512, 1]), torch.Size([512, 1]), torch.Size([100, 1]), torch.Size([50, 512]), torch.Size([50]), torch.Size([100, 1]), torch.Size([50, 512]), torch.Size([50]), torch.Size([100, 1]), torch.Size([50, 512]), torch.Size([50]), torch.Size([100, 1]), torch.Size([50, 4]), torch.Size([50]), torch.Size([100, 1]), torch.Size([50, 4]), torch.Size([50]), torch.Size([100, 1]), torch.Size([50, 4]), torch.Size([50])]
Epoch: 0001 | loss: 1.4733 | loss: 1.0469 Ac:  73.50 fackACC:  0.0 legACC: 73.5 | time: 0.8575s
                                                                  | loss: 1.0491 Ac:  73.85 fackACC:  0.0 legACC: 73.9 | time: 0.0478s
Epoch: 0002 | loss: 1.0742 | loss: 0.7642 Ac:  73.50 fackACC:  0.0 legACC: 73.5 | time: 0.1438s
                                                                  | loss: 0.7653 Ac:  73.85 fackACC:  0.0 legACC: 73.9 | time: 0.0534s
Epoch: 0003 | loss: 0.7961 | loss: 0.6552 Ac:  73.50 fackACC:  0.0 legACC: 73.5 | time: 0.1350s
                                                                  | loss: 0.6511 Ac:  73.85 fackACC:  0.0 legACC: 73.9 | time: 0.0523s
Epoch: 0004 | loss: 0.6894 | loss: 0.6253 Ac:  73.50 fackACC:  0.0 legACC: 73.5 | time: 0.1363s
                                                                  | loss: 0.6189 Ac:  73.85 fackACC:  0.0 legACC: 73.9 | time: 0.0522s
Epoch: 0005 | loss: 0.6458 | loss: 0.5938 Ac:  73.50 fackACC:  0.0 legACC: 73.5 | time: 0.1357s
                                                                  | loss: 0.5890 Ac:  73.85 fackACC:  0.0 legACC: 73.9 | time: 0.0520s
Epoch: 0006 | loss: 0.6310 | loss: 0.5673 Ac:  73.50 fackACC:  0.0 legACC: 73.5 | time: 0.1379s
                                                                  | loss: 0.5648 Ac:  73.85 fackACC:  0.0 legACC: 73.9 | time: 0.0521s
Epoch: 0007 | loss: 0.5951 | loss: 0.5462 Ac:  73.50 fackACC:  0.0 legACC: 73.5 | time: 0.1343s
                                                                  | loss: 0.5451 Ac:  73.85 fackACC:  0.0 legACC: 73.9 | time: 0.0521s
Epoch: 0008 | loss: 0.5896 | loss: 0.5328 Ac:  73.50 fackACC:  0.0 legACC: 73.5 | time: 0.1340s
                                                                  | loss: 0.5331 Ac:  73.85 fackACC:  0.0 legACC: 73.9 | time: 0.0520s
Epoch: 0009 | loss: 0.5601 | loss: 0.5196 Ac:  73.75 fackACC:100.0 legACC: 73.7 | time: 0.1350s
                                                                  | loss: 0.5207 Ac:  74.03 fackACC: 75.0 legACC: 74.0 | time: 0.0520s
Epoch: 0010 | loss: 0.5168 | loss: 0.5060 Ac:  73.88 fackACC:100.0 legACC: 73.8 | time: 0.1418s
                                                                  | loss: 0.5075 Ac:  74.29 fackACC: 74.2 legACC: 74.3 | time: 0.0521s
Epoch: 0011 | loss: 0.5067 | loss: 0.4951 Ac:  74.00 fackACC: 83.3 legACC: 73.9 | time: 0.1411s
                                                                  | loss: 0.4968 Ac:  74.47 fackACC: 75.6 legACC: 74.5 | time: 0.0518s
Epoch: 0012 | loss: 0.4851 | loss: 0.4874 Ac:  74.25 fackACC: 80.0 legACC: 74.2 | time: 0.1428s
                                                                  | loss: 0.4892 Ac:  74.62 fackACC: 72.4 legACC: 74.7 | time: 0.0533s
Epoch: 0013 | loss: 0.4929 | loss: 0.4813 Ac:  75.12 fackACC: 78.3 legACC: 75.0 | time: 0.1410s
                                                                  | loss: 0.4835 Ac:  74.62 fackACC: 65.1 legACC: 74.9 | time: 0.0534s
Epoch: 0014 | loss: 0.4636 | loss: 0.4765 Ac:  75.25 fackACC: 73.3 legACC: 75.3 | time: 0.1409s
                                                                  | loss: 0.4793 Ac:  75.18 fackACC: 68.3 legACC: 75.4 | time: 0.0517s
Epoch: 0015 | loss: 0.4561 | loss: 0.4693 Ac:  75.62 fackACC: 64.9 legACC: 76.4 | time: 0.1410s
                                                                  | loss: 0.4733 Ac:  76.26 fackACC: 67.5 legACC: 76.9 | time: 0.0533s
Epoch: 0016 | loss: 0.4357 | loss: 0.4625 Ac:  76.88 fackACC: 63.6 legACC: 78.7 | time: 0.1398s
                                                                  | loss: 0.4684 Ac:  76.85 fackACC: 62.3 legACC: 78.9 | time: 0.0520s
Epoch: 0017 | loss: 0.4157 | loss: 0.4592 Ac:  78.12 fackACC: 63.5 legACC: 81.1 | time: 0.1385s
                                                                  | loss: 0.4668 Ac:  76.85 fackACC: 58.9 legACC: 80.5 | time: 0.0532s
Epoch: 0018 | loss: 0.4233 | loss: 0.4568 Ac:  78.75 fackACC: 64.4 legACC: 82.0 | time: 0.1427s
                                                                  | loss: 0.4656 Ac:  77.09 fackACC: 58.5 legACC: 81.4 | time: 0.0533s
Epoch: 0019 | loss: 0.4023 | loss: 0.4546 Ac:  79.00 fackACC: 64.3 legACC: 82.5 | time: 0.1440s
                                                                  | loss: 0.4642 Ac:  77.21 fackACC: 58.5 legACC: 81.8 | time: 0.0535s
Epoch: 0020 | loss: 0.4048 | loss: 0.4522 Ac:  78.62 fackACC: 64.5 legACC: 81.6 | time: 0.1420s
                                                                  | loss: 0.4615 Ac:  77.18 fackACC: 59.5 legACC: 80.9 | time: 0.0523s
Epoch: 0021 | loss: 0.4120 | loss: 0.4536 Ac:  77.00 fackACC: 63.0 legACC: 79.2 | time: 0.1348s
                                                                  | loss: 0.4620 Ac:  77.18 fackACC: 62.0 legACC: 79.6 | time: 0.0522s
Epoch: 0022 | loss: 0.3747 | loss: 0.4574 Ac:  77.38 fackACC: 67.0 legACC: 78.7 | time: 0.1367s
                                                                  | loss: 0.4652 Ac:  77.09 fackACC: 64.0 legACC: 78.8 | time: 0.0523s
Epoch: 0023 | loss: 0.3919 | loss: 0.4557 Ac:  77.38 fackACC: 66.3 legACC: 78.9 | time: 0.1381s
                                                                  | loss: 0.4640 Ac:  77.18 fackACC: 63.6 legACC: 79.1 | time: 0.0523s
Epoch: 0024 | loss: 0.3569 | loss: 0.4503 Ac:  77.88 fackACC: 64.5 legACC: 80.3 | time: 0.1372s
                                                                  | loss: 0.4600 Ac:  77.15 fackACC: 61.2 legACC: 79.9 | time: 0.0522s
Epoch: 0025 | loss: 0.3497 | loss: 0.4455 Ac:  79.12 fackACC: 64.7 legACC: 82.5 | time: 0.1365s
                                                                  | loss: 0.4574 Ac:  77.74 fackACC: 60.1 legACC: 81.9 | time: 0.0521s
Epoch: 0026 | loss: 0.3258 | loss: 0.4460 Ac:  79.25 fackACC: 62.5 legACC: 84.3 | time: 0.1407s
                                                                  | loss: 0.4598 Ac:  77.44 fackACC: 57.7 legACC: 83.5 | time: 0.0535s
Epoch: 0027 | loss: 0.3246 | loss: 0.4469 Ac:  79.00 fackACC: 61.0 legACC: 85.0 | time: 0.1403s
                                                                  | loss: 0.4616 Ac:  76.94 fackACC: 56.1 legACC: 84.1 | time: 0.0532s
Epoch: 0028 | loss: 0.3252 | loss: 0.4451 Ac:  79.00 fackACC: 61.2 legACC: 84.8 | time: 0.1362s
                                                                  | loss: 0.4600 Ac:  77.18 fackACC: 56.7 legACC: 84.0 | time: 0.0520s
Epoch: 0029 | loss: 0.3292 | loss: 0.4419 Ac:  79.00 fackACC: 62.9 legACC: 83.3 | time: 0.1339s
                                                                  | loss: 0.4555 Ac:  78.03 fackACC: 60.1 legACC: 82.7 | time: 0.0521s
Epoch: 0030 | loss: 0.3079 | loss: 0.4427 Ac:  79.25 fackACC: 66.0 legACC: 82.2 | time: 0.1349s
                                                                  | loss: 0.4549 Ac:  77.88 fackACC: 61.6 legACC: 81.3 | time: 0.0520s
Epoch: 0031 | loss: 0.3051 | loss: 0.4454 Ac:  79.12 fackACC: 67.7 legACC: 81.3 | time: 0.1344s
                                                                  | loss: 0.4566 Ac:  77.71 fackACC: 62.5 legACC: 80.5 | time: 0.0523s
Epoch: 0032 | loss: 0.2917 | loss: 0.4462 Ac:  79.00 fackACC: 67.5 legACC: 81.2 | time: 0.1341s
                                                                  | loss: 0.4570 Ac:  77.65 fackACC: 62.7 legACC: 80.3 | time: 0.0521s
Epoch: 0033 | loss: 0.2857 | loss: 0.4435 Ac:  79.38 fackACC: 67.9 legACC: 81.6 | time: 0.1345s
                                                                  | loss: 0.4548 Ac:  77.76 fackACC: 62.1 legACC: 80.8 | time: 0.0520s
Epoch: 0034 | loss: 0.2767 | loss: 0.4404 Ac:  78.88 fackACC: 64.2 legACC: 82.3 | time: 0.1399s
                                                                  | loss: 0.4527 Ac:  78.06 fackACC: 61.1 legACC: 82.0 | time: 0.0521s
Epoch: 0035 | loss: 0.2737 | loss: 0.4398 Ac:  79.00 fackACC: 62.6 legACC: 83.5 | time: 0.1341s
                                                                  | loss: 0.4534 Ac:  78.32 fackACC: 60.1 legACC: 83.5 | time: 0.0522s
Epoch: 0036 | loss: 0.2588 | loss: 0.4411 Ac:  79.12 fackACC: 61.8 legACC: 84.6 | time: 0.1342s
                                                                  | loss: 0.4557 Ac:  77.91 fackACC: 58.4 legACC: 84.2 | time: 0.0520s
Epoch: 0037 | loss: 0.2472 | loss: 0.4409 Ac:  79.25 fackACC: 62.0 legACC: 84.7 | time: 0.1331s
                                                                  | loss: 0.4557 Ac:  77.94 fackACC: 58.4 legACC: 84.3 | time: 0.0520s
Epoch: 0038 | loss: 0.2520 | loss: 0.4388 Ac:  78.88 fackACC: 62.3 legACC: 83.5 | time: 0.1345s
                                                                  | loss: 0.4528 Ac:  78.71 fackACC: 61.1 legACC: 83.7 | time: 0.0527s
Epoch: 0039 | loss: 0.2434 | loss: 0.4383 Ac:  79.25 fackACC: 64.6 legACC: 82.9 | time: 0.1375s
                                                                  | loss: 0.4516 Ac:  78.65 fackACC: 62.1 legACC: 82.8 | time: 0.0518s
Epoch: 0040 | loss: 0.2351 | loss: 0.4403 Ac:  79.50 fackACC: 66.7 legACC: 82.3 | time: 0.1348s
                                                                  | loss: 0.4523 Ac:  78.18 fackACC: 63.0 legACC: 81.2 | time: 0.0521s
Epoch: 0041 | loss: 0.2357 | loss: 0.4442 Ac:  79.38 fackACC: 68.8 legACC: 81.3 | time: 0.1417s
                                                                  | loss: 0.4550 Ac:  77.76 fackACC: 63.3 legACC: 80.3 | time: 0.0538s
Epoch: 0042 | loss: 0.2274 | loss: 0.4457 Ac:  79.75 fackACC: 70.2 legACC: 81.5 | time: 0.1376s
                                                                  | loss: 0.4558 Ac:  77.82 fackACC: 63.7 legACC: 80.2 | time: 0.0519s
Epoch: 0043 | loss: 0.2222 | loss: 0.4470 Ac:  79.50 fackACC: 69.0 legACC: 81.5 | time: 0.1418s
                                                                  | loss: 0.4560 Ac:  77.85 fackACC: 63.8 legACC: 80.2 | time: 0.0528s
Epoch: 0044 | loss: 0.2063 | loss: 0.4475 Ac:  79.00 fackACC: 66.4 legACC: 81.5 | time: 0.1340s
                                                                  | loss: 0.4557 Ac:  77.97 fackACC: 63.8 legACC: 80.4 | time: 0.0521s
Epoch: 0045 | loss: 0.2089 | loss: 0.4479 Ac:  79.00 fackACC: 66.4 legACC: 81.5 | time: 0.1346s
                                                                  | loss: 0.4555 Ac:  78.26 fackACC: 64.0 legACC: 80.9 | time: 0.0522s
Epoch: 0046 | loss: 0.1999 | loss: 0.4485 Ac:  79.50 fackACC: 67.1 legACC: 82.1 | time: 0.1346s
                                                                  | loss: 0.4555 Ac:  78.03 fackACC: 62.6 legACC: 81.1 | time: 0.0519s
Epoch: 0047 | loss: 0.2033 | loss: 0.4488 Ac:  79.25 fackACC: 65.5 legACC: 82.4 | time: 0.1341s
                                                                  | loss: 0.4559 Ac:  78.38 fackACC: 62.7 legACC: 81.8 | time: 0.0521s
Epoch: 0048 | loss: 0.1900 | loss: 0.4498 Ac:  78.88 fackACC: 62.7 legACC: 83.2 | time: 0.1349s
                                                                  | loss: 0.4568 Ac:  78.53 fackACC: 61.8 legACC: 82.6 | time: 0.0520s
Epoch: 0049 | loss: 0.1756 | loss: 0.4525 Ac:  78.38 fackACC: 60.7 legACC: 83.6 | time: 0.1342s
                                                                  | loss: 0.4592 Ac:  78.71 fackACC: 61.2 legACC: 83.6 | time: 0.0521s
Epoch: 0050 | loss: 0.1744 | loss: 0.4539 Ac:  78.50 fackACC: 61.5 legACC: 83.2 | time: 0.1345s
                                                                  | loss: 0.4607 Ac:  78.38 fackACC: 60.9 legACC: 83.0 | time: 0.0521s
Epoch: 0051 | loss: 0.1639 | loss: 0.4607 Ac:  79.50 fackACC: 64.3 legACC: 83.5 | time: 0.1356s
                                                                  | loss: 0.4703 Ac:  78.38 fackACC: 61.9 legACC: 82.3 | time: 0.0522s
Epoch: 0052 | loss: 0.1406 | loss: 0.4862 Ac:  79.12 fackACC: 61.5 legACC: 84.8 | time: 0.1340s
                                                                  | loss: 0.5025 Ac:  77.62 fackACC: 58.2 legACC: 83.4 | time: 0.0522s
Epoch: 0053 | loss: 0.1175 | loss: 0.5039 Ac:  80.25 fackACC: 66.3 legACC: 83.9 | time: 0.1367s
                                                                  | loss: 0.5278 Ac:  77.03 fackACC: 58.1 legACC: 81.6 | time: 0.0520s
Epoch: 0054 | loss: 0.0916 | loss: 0.5615 Ac:  79.00 fackACC: 68.0 legACC: 81.0 | time: 0.1421s
                                                                  | loss: 0.5848 Ac:  76.44 fackACC: 59.4 legACC: 79.1 | time: 0.0525s
Epoch: 0055 | loss: 0.0751 | loss: 0.6303 Ac:  77.88 fackACC: 69.7 legACC: 78.9 | time: 0.1373s
                                                                  | loss: 0.6528 Ac:  76.29 fackACC: 63.3 legACC: 77.6 | time: 0.0519s
Epoch: 0056 | loss: 0.0871 | loss: 0.6519 Ac:  78.00 fackACC: 71.4 legACC: 78.8 | time: 0.1343s
                                                                  | loss: 0.6746 Ac:  76.26 fackACC: 64.0 legACC: 77.4 | time: 0.0517s
Epoch: 0057 | loss: 0.0749 | loss: 0.6308 Ac:  78.00 fackACC: 70.0 legACC: 79.0 | time: 0.1343s
                                                                  | loss: 0.6537 Ac:  76.32 fackACC: 62.1 legACC: 77.9 | time: 0.0519s
Epoch: 0058 | loss: 0.0744 | loss: 0.5931 Ac:  78.88 fackACC: 66.9 legACC: 81.1 | time: 0.1335s
                                                                  | loss: 0.6154 Ac:  76.35 fackACC: 58.6 legACC: 79.4 | time: 0.0522s
Epoch: 0059 | loss: 0.0685 | loss: 0.5711 Ac:  79.50 fackACC: 64.5 legACC: 83.4 | time: 0.1342s
                                                                  | loss: 0.5924 Ac:  76.50 fackACC: 56.6 legACC: 81.5 | time: 0.0519s
Epoch: 0060 | loss: 0.0561 | loss: 0.5711 Ac:  78.62 fackACC: 60.2 legACC: 84.8 | time: 0.1346s
                                                                  | loss: 0.5927 Ac:  76.53 fackACC: 55.6 legACC: 83.2 | time: 0.0521s
Epoch: 0061 | loss: 0.0599 | loss: 0.5762 Ac:  78.75 fackACC: 60.1 legACC: 85.3 | time: 0.1368s
                                                                  | loss: 0.5985 Ac:  76.24 fackACC: 54.8 legACC: 83.4 | time: 0.0521s
Epoch: 0062 | loss: 0.0660 | loss: 0.5791 Ac:  78.62 fackACC: 61.0 legACC: 84.0 | time: 0.1337s
                                                                  | loss: 0.6022 Ac:  76.26 fackACC: 55.4 legACC: 82.3 | time: 0.0520s
Epoch: 0063 | loss: 0.0536 | loss: 0.5959 Ac:  79.12 fackACC: 64.5 legACC: 82.6 | time: 0.1346s
                                                                  | loss: 0.6200 Ac:  76.06 fackACC: 56.0 legACC: 80.6 | time: 0.0521s
Epoch: 0064 | loss: 0.0479 | loss: 0.6275 Ac:  78.00 fackACC: 64.3 legACC: 80.6 | time: 0.1340s
                                                                  | loss: 0.6526 Ac:  76.21 fackACC: 58.2 legACC: 79.2 | time: 0.0524s
Epoch: 0065 | loss: 0.0452 | loss: 0.6574 Ac:  77.75 fackACC: 66.3 legACC: 79.5 | time: 0.1345s
                                                                  | loss: 0.6831 Ac:  76.18 fackACC: 59.5 legACC: 78.5 | time: 0.0522s
Epoch: 0066 | loss: 0.0431 | loss: 0.6725 Ac:  77.38 fackACC: 65.7 legACC: 79.0 | time: 0.1349s
                                                                  | loss: 0.6986 Ac:  76.15 fackACC: 59.9 legACC: 78.3 | time: 0.0520s
Epoch: 0067 | loss: 0.0515 | loss: 0.6620 Ac:  77.50 fackACC: 64.8 legACC: 79.5 | time: 0.1339s
                                                                  | loss: 0.6883 Ac:  76.18 fackACC: 59.0 legACC: 78.7 | time: 0.0520s
Epoch: 0068 | loss: 0.0399 | loss: 0.6405 Ac:  78.00 fackACC: 63.8 legACC: 80.7 | time: 0.1344s
                                                                  | loss: 0.6667 Ac:  76.41 fackACC: 58.5 legACC: 79.6 | time: 0.0521s
Epoch: 0069 | loss: 0.0375 | loss: 0.6228 Ac:  78.88 fackACC: 63.7 legACC: 82.6 | time: 0.1361s
                                                                  | loss: 0.6491 Ac:  76.03 fackACC: 56.0 legACC: 80.4 | time: 0.0519s
Epoch: 0070 | loss: 0.0387 | loss: 0.6139 Ac:  78.88 fackACC: 62.4 legACC: 83.4 | time: 0.1342s
                                                                  | loss: 0.6408 Ac:  76.06 fackACC: 55.3 legACC: 81.4 | time: 0.0518s
Epoch: 0071 | loss: 0.0330 | loss: 0.6115 Ac:  78.62 fackACC: 61.1 legACC: 83.9 | time: 0.1341s
                                                                  | loss: 0.6398 Ac:  76.26 fackACC: 55.4 legACC: 82.3 | time: 0.0524s
Epoch: 0072 | loss: 0.0316 | loss: 0.6134 Ac:  78.62 fackACC: 61.0 legACC: 84.0 | time: 0.1362s
                                                                  | loss: 0.6429 Ac:  76.18 fackACC: 55.0 legACC: 82.5 | time: 0.0519s
Epoch: 0073 | loss: 0.0361 | loss: 0.6184 Ac:  78.38 fackACC: 60.7 legACC: 83.6 | time: 0.1353s
                                                                  | loss: 0.6484 Ac:  76.15 fackACC: 55.2 legACC: 82.1 | time: 0.0519s
Epoch: 0074 | loss: 0.0300 | loss: 0.6266 Ac:  78.75 fackACC: 62.2 legACC: 83.3 | time: 0.1338s
                                                                  | loss: 0.6569 Ac:  76.15 fackACC: 55.6 legACC: 81.4 | time: 0.0521s
Epoch: 0075 | loss: 0.0244 | loss: 0.6406 Ac:  78.62 fackACC: 62.9 legACC: 82.5 | time: 0.1340s
                                                                  | loss: 0.6710 Ac:  76.06 fackACC: 55.9 legACC: 80.6 | time: 0.0521s
Epoch: 0076 | loss: 0.0287 | loss: 0.6580 Ac:  78.38 fackACC: 63.4 legACC: 81.7 | time: 0.1340s
                                                                  | loss: 0.6883 Ac:  76.26 fackACC: 57.2 legACC: 80.1 | time: 0.0521s
Epoch: 0077 | loss: 0.0259 | loss: 0.6726 Ac:  77.75 fackACC: 62.7 legACC: 80.8 | time: 0.1343s
                                                                  | loss: 0.7028 Ac:  76.21 fackACC: 57.6 legACC: 79.6 | time: 0.0520s
Epoch: 0078 | loss: 0.0256 | loss: 0.6808 Ac:  78.00 fackACC: 63.8 legACC: 80.7 | time: 0.1348s
                                                                  | loss: 0.7108 Ac:  76.24 fackACC: 58.0 legACC: 79.5 | time: 0.0519s
Epoch: 0079 | loss: 0.0246 | loss: 0.6810 Ac:  77.75 fackACC: 62.7 legACC: 80.8 | time: 0.1343s
                                                                  | loss: 0.7108 Ac:  76.35 fackACC: 58.2 legACC: 79.6 | time: 0.0520s
Epoch: 0080 | loss: 0.0231 | loss: 0.6750 Ac:  78.25 fackACC: 63.4 legACC: 81.5 | time: 0.1348s
                                                                  | loss: 0.7046 Ac:  76.15 fackACC: 57.1 legACC: 79.8 | time: 0.0522s
Epoch: 0081 | loss: 0.0242 | loss: 0.6667 Ac:  78.50 fackACC: 63.2 legACC: 82.1 | time: 0.1343s
                                                                  | loss: 0.6960 Ac:  76.06 fackACC: 56.4 legACC: 80.1 | time: 0.0520s
Epoch: 0082 | loss: 0.0201 | loss: 0.6594 Ac:  78.62 fackACC: 62.9 legACC: 82.5 | time: 0.1335s
                                                                  | loss: 0.6887 Ac:  76.35 fackACC: 56.8 legACC: 80.8 | time: 0.0520s
Epoch: 0083 | loss: 0.0208 | loss: 0.6547 Ac:  78.38 fackACC: 61.8 legACC: 82.7 | time: 0.1342s
                                                                  | loss: 0.6840 Ac:  76.41 fackACC: 56.4 legACC: 81.4 | time: 0.0520s
Epoch: 0084 | loss: 0.0206 | loss: 0.6529 Ac:  78.12 fackACC: 60.5 legACC: 83.1 | time: 0.1344s
                                                                  | loss: 0.6826 Ac:  76.12 fackACC: 55.4 legACC: 81.6 | time: 0.0520s
Epoch: 0085 | loss: 0.0213 | loss: 0.6544 Ac:  78.12 fackACC: 60.5 legACC: 83.1 | time: 0.1338s
                                                                  | loss: 0.6838 Ac:  76.15 fackACC: 55.4 legACC: 81.7 | time: 0.0522s
Epoch: 0086 | loss: 0.0183 | loss: 0.6575 Ac:  77.88 fackACC: 60.0 legACC: 82.9 | time: 0.1363s
                                                                  | loss: 0.6866 Ac:  76.35 fackACC: 56.0 legACC: 81.7 | time: 0.0521s
Epoch: 0087 | loss: 0.0188 | loss: 0.6623 Ac:  78.12 fackACC: 60.7 legACC: 82.9 | time: 0.1348s
                                                                  | loss: 0.6910 Ac:  76.38 fackACC: 56.3 legACC: 81.5 | time: 0.0520s
Epoch: 0088 | loss: 0.0176 | loss: 0.6702 Ac:  78.50 fackACC: 62.2 legACC: 82.7 | time: 0.1368s
                                                                  | loss: 0.6985 Ac:  76.41 fackACC: 56.7 legACC: 81.1 | time: 0.0517s
Epoch: 0089 | loss: 0.0181 | loss: 0.6785 Ac:  78.38 fackACC: 62.1 legACC: 82.5 | time: 0.1342s
                                                                  | loss: 0.7066 Ac:  76.24 fackACC: 56.5 legACC: 80.7 | time: 0.0521s
Epoch: 0090 | loss: 0.0154 | loss: 0.6875 Ac:  78.88 fackACC: 64.2 legACC: 82.3 | time: 0.1345s
                                                                  | loss: 0.7153 Ac:  75.82 fackACC: 55.7 legACC: 80.0 | time: 0.0520s
Epoch: 0091 | loss: 0.0173 | loss: 0.6951 Ac:  78.50 fackACC: 63.7 legACC: 81.8 | time: 0.1346s
                                                                  | loss: 0.7228 Ac:  76.03 fackACC: 56.5 legACC: 80.0 | time: 0.0521s
Epoch: 0092 | loss: 0.0147 | loss: 0.7012 Ac:  78.38 fackACC: 63.4 legACC: 81.7 | time: 0.1348s
                                                                  | loss: 0.7289 Ac:  75.97 fackACC: 56.4 legACC: 79.8 | time: 0.0521s
Epoch: 0093 | loss: 0.0169 | loss: 0.7062 Ac:  78.25 fackACC: 63.2 legACC: 81.6 | time: 0.1348s
                                                                  | loss: 0.7338 Ac:  75.94 fackACC: 56.4 legACC: 79.7 | time: 0.0520s
Epoch: 0094 | loss: 0.0164 | loss: 0.7069 Ac:  78.25 fackACC: 63.0 legACC: 81.7 | time: 0.1342s
                                                                  | loss: 0.7342 Ac:  75.88 fackACC: 56.2 legACC: 79.7 | time: 0.0520s
Epoch: 0095 | loss: 0.0154 | loss: 0.7052 Ac:  78.38 fackACC: 63.3 legACC: 81.8 | time: 0.1340s
                                                                  | loss: 0.7325 Ac:  75.94 fackACC: 56.3 legACC: 79.9 | time: 0.0518s
Epoch: 0096 | loss: 0.0170 | loss: 0.6999 Ac:  78.50 fackACC: 63.2 legACC: 82.1 | time: 0.1345s
                                                                  | loss: 0.7272 Ac:  75.94 fackACC: 56.0 legACC: 80.2 | time: 0.0522s
Epoch: 0097 | loss: 0.0146 | loss: 0.6963 Ac:  78.38 fackACC: 62.6 legACC: 82.2 | time: 0.1341s
                                                                  | loss: 0.7241 Ac:  75.97 fackACC: 55.8 legACC: 80.5 | time: 0.0520s
Epoch: 0098 | loss: 0.0133 | loss: 0.6947 Ac:  78.25 fackACC: 62.0 legACC: 82.2 | time: 0.1342s
                                                                  | loss: 0.7229 Ac:  76.06 fackACC: 55.9 legACC: 80.8 | time: 0.0520s
Epoch: 0099 | loss: 0.0153 | loss: 0.6945 Ac:  78.12 fackACC: 61.5 legACC: 82.3 | time: 0.1353s
                                                                  | loss: 0.7234 Ac:  76.00 fackACC: 55.6 legACC: 80.8 | time: 0.0518s
Epoch: 0100 | loss: 0.0110 | loss: 0.6956 Ac:  78.00 fackACC: 61.0 legACC: 82.4 | time: 0.1368s
                                                                  | loss: 0.7244 Ac:  75.97 fackACC: 55.5 legACC: 80.8 | time: 0.0521s
Epoch: 0101 | loss: 0.0138 | loss: 0.6972 Ac:  77.88 fackACC: 60.6 legACC: 82.4 | time: 0.1374s
                                                                  | loss: 0.7257 Ac:  76.06 fackACC: 55.7 legACC: 81.0 | time: 0.0535s
Epoch: 0102 | loss: 0.0136 | loss: 0.6979 Ac:  77.88 fackACC: 60.6 legACC: 82.4 | time: 0.1359s
                                                                  | loss: 0.7271 Ac:  76.09 fackACC: 55.8 legACC: 81.0 | time: 0.0521s
Epoch: 0103 | loss: 0.0135 | loss: 0.6999 Ac:  78.12 fackACC: 61.3 legACC: 82.4 | time: 0.1361s
                                                                  | loss: 0.7297 Ac:  75.94 fackACC: 55.5 legACC: 80.8 | time: 0.0522s
Epoch: 0104 | loss: 0.0144 | loss: 0.7014 Ac:  78.25 fackACC: 61.7 legACC: 82.4 | time: 0.1367s
                                                                  | loss: 0.7313 Ac:  76.00 fackACC: 55.6 legACC: 80.8 | time: 0.0532s
Epoch: 0105 | loss: 0.0120 | loss: 0.7036 Ac:  78.12 fackACC: 61.6 legACC: 82.2 | time: 0.1383s
                                                                  | loss: 0.7335 Ac:  75.94 fackACC: 55.5 legACC: 80.7 | time: 0.0524s
Epoch: 0106 | loss: 0.0117 | loss: 0.7076 Ac:  78.75 fackACC: 63.6 legACC: 82.4 | time: 0.1421s
                                                                  | loss: 0.7376 Ac:  75.97 fackACC: 55.7 legACC: 80.6 | time: 0.0534s
Epoch: 0107 | loss: 0.0110 | loss: 0.7120 Ac:  78.75 fackACC: 63.8 legACC: 82.3 | time: 0.1432s
                                                                  | loss: 0.7423 Ac:  76.09 fackACC: 56.2 legACC: 80.5 | time: 0.0526s
Epoch: 0108 | loss: 0.0128 | loss: 0.7168 Ac:  78.75 fackACC: 63.8 legACC: 82.3 | time: 0.1417s
                                                                  | loss: 0.7474 Ac:  75.79 fackACC: 55.5 legACC: 80.1 | time: 0.0535s
Epoch: 0109 | loss: 0.0130 | loss: 0.7231 Ac:  78.62 fackACC: 63.8 legACC: 82.0 | time: 0.1380s
                                                                  | loss: 0.7539 Ac:  75.88 fackACC: 56.0 legACC: 79.9 | time: 0.0519s
Epoch: 0110 | loss: 0.0131 | loss: 0.7275 Ac:  78.62 fackACC: 63.8 legACC: 82.0 | time: 0.1340s
                                                                  | loss: 0.7580 Ac:  75.85 fackACC: 56.0 legACC: 79.9 | time: 0.0519s
Epoch: 0111 | loss: 0.0133 | loss: 0.7295 Ac:  78.50 fackACC: 63.3 legACC: 82.0 | time: 0.1354s
                                                                  | loss: 0.7583 Ac:  75.76 fackACC: 55.7 legACC: 79.8 | time: 0.0521s
Epoch: 0112 | loss: 0.0122 | loss: 0.7266 Ac:  78.50 fackACC: 63.2 legACC: 82.1 | time: 0.1382s
                                                                  | loss: 0.7547 Ac:  75.88 fackACC: 55.8 legACC: 80.1 | time: 0.0519s
Epoch: 0113 | loss: 0.0104 | loss: 0.7240 Ac:  78.50 fackACC: 62.8 legACC: 82.3 | time: 0.1360s
                                                                  | loss: 0.7518 Ac:  76.06 fackACC: 56.1 legACC: 80.5 | time: 0.0519s
Epoch: 0114 | loss: 0.0112 | loss: 0.7199 Ac:  78.38 fackACC: 62.1 legACC: 82.5 | time: 0.1368s
                                                                  | loss: 0.7480 Ac:  76.12 fackACC: 56.1 legACC: 80.7 | time: 0.0521s
Epoch: 0115 | loss: 0.0106 | loss: 0.7171 Ac:  78.50 fackACC: 62.3 legACC: 82.6 | time: 0.1364s
                                                                  | loss: 0.7459 Ac:  76.15 fackACC: 56.0 legACC: 80.9 | time: 0.0522s
Epoch: 0116 | loss: 0.0099 | loss: 0.7150 Ac:  78.50 fackACC: 62.0 legACC: 82.8 | time: 0.1365s
                                                                  | loss: 0.7445 Ac:  76.50 fackACC: 56.8 legACC: 81.2 | time: 0.0520s
Epoch: 0117 | loss: 0.0097 | loss: 0.7154 Ac:  78.50 fackACC: 62.0 legACC: 82.8 | time: 0.1367s
                                                                  | loss: 0.7454 Ac:  76.53 fackACC: 56.9 legACC: 81.2 | time: 0.0522s
Epoch: 0118 | loss: 0.0114 | loss: 0.7186 Ac:  78.50 fackACC: 62.3 legACC: 82.6 | time: 0.1355s
                                                                  | loss: 0.7486 Ac:  76.29 fackACC: 56.4 legACC: 81.0 | time: 0.0520s
Epoch: 0119 | loss: 0.0101 | loss: 0.7230 Ac:  78.50 fackACC: 62.5 legACC: 82.5 | time: 0.1339s
                                                                  | loss: 0.7526 Ac:  76.24 fackACC: 56.4 legACC: 80.7 | time: 0.0519s
Epoch: 0120 | loss: 0.0102 | loss: 0.7278 Ac:  78.88 fackACC: 63.9 legACC: 82.5 | time: 0.1366s
                                                                  | loss: 0.7568 Ac:  76.24 fackACC: 56.5 legACC: 80.6 | time: 0.0520s
Epoch: 0121 | loss: 0.0101 | loss: 0.7327 Ac:  79.25 fackACC: 65.1 legACC: 82.6 | time: 0.1364s
                                                                  | loss: 0.7611 Ac:  76.18 fackACC: 56.4 legACC: 80.5 | time: 0.0522s
Epoch: 0122 | loss: 0.0111 | loss: 0.7358 Ac:  79.00 fackACC: 64.7 legACC: 82.3 | time: 0.1338s
                                                                  | loss: 0.7637 Ac:  76.12 fackACC: 56.3 legACC: 80.4 | time: 0.0521s
Epoch: 0123 | loss: 0.0096 | loss: 0.7391 Ac:  78.88 fackACC: 64.6 legACC: 82.1 | time: 0.1371s
                                                                  | loss: 0.7668 Ac:  76.26 fackACC: 56.8 legACC: 80.5 | time: 0.0520s
Epoch: 0124 | loss: 0.0117 | loss: 0.7397 Ac:  79.00 fackACC: 64.9 legACC: 82.2 | time: 0.1357s
                                                                  | loss: 0.7674 Ac:  76.29 fackACC: 56.9 legACC: 80.5 | time: 0.0521s
Epoch: 0125 | loss: 0.0100 | loss: 0.7399 Ac:  79.00 fackACC: 64.9 legACC: 82.2 | time: 0.1344s
                                                                  | loss: 0.7679 Ac:  76.21 fackACC: 56.6 legACC: 80.4 | time: 0.0519s
Epoch: 0126 | loss: 0.0096 | loss: 0.7395 Ac:  79.25 fackACC: 65.3 legACC: 82.5 | time: 0.1373s
                                                                  | loss: 0.7679 Ac:  76.06 fackACC: 56.1 legACC: 80.4 | time: 0.0520s
Epoch: 0127 | loss: 0.0099 | loss: 0.7384 Ac:  79.12 fackACC: 64.7 legACC: 82.5 | time: 0.1337s
                                                                  | loss: 0.7673 Ac:  76.15 fackACC: 56.3 legACC: 80.6 | time: 0.0521s
Epoch: 0128 | loss: 0.0090 | loss: 0.7376 Ac:  79.12 fackACC: 64.7 legACC: 82.5 | time: 0.1363s
                                                                  | loss: 0.7671 Ac:  76.18 fackACC: 56.3 legACC: 80.6 | time: 0.0520s
Epoch: 0129 | loss: 0.0103 | loss: 0.7359 Ac:  78.88 fackACC: 63.9 legACC: 82.5 | time: 0.1367s
                                                                  | loss: 0.7660 Ac:  76.18 fackACC: 56.3 legACC: 80.7 | time: 0.0520s
Epoch: 0130 | loss: 0.0093 | loss: 0.7366 Ac:  78.75 fackACC: 63.5 legACC: 82.5 | time: 0.1338s
                                                                  | loss: 0.7669 Ac:  76.18 fackACC: 56.3 legACC: 80.7 | time: 0.0521s
Epoch: 0131 | loss: 0.0093 | loss: 0.7360 Ac:  78.88 fackACC: 63.4 legACC: 82.8 | time: 0.1362s
                                                                  | loss: 0.7667 Ac:  76.15 fackACC: 56.2 legACC: 80.7 | time: 0.0518s
Epoch: 0132 | loss: 0.0090 | loss: 0.7372 Ac:  78.88 fackACC: 63.4 legACC: 82.8 | time: 0.1343s
                                                                  | loss: 0.7680 Ac:  76.12 fackACC: 56.1 legACC: 80.7 | time: 0.0520s
Epoch: 0133 | loss: 0.0096 | loss: 0.7391 Ac:  78.88 fackACC: 63.4 legACC: 82.8 | time: 0.1347s
                                                                  | loss: 0.7699 Ac:  76.18 fackACC: 56.3 legACC: 80.7 | time: 0.0521s
Epoch: 0134 | loss: 0.0093 | loss: 0.7409 Ac:  78.88 fackACC: 63.5 legACC: 82.7 | time: 0.1362s
                                                                  | loss: 0.7716 Ac:  76.18 fackACC: 56.3 legACC: 80.7 | time: 0.0521s
Epoch: 0135 | loss: 0.0103 | loss: 0.7410 Ac:  78.75 fackACC: 63.1 legACC: 82.7 | time: 0.1349s
                                                                  | loss: 0.7718 Ac:  76.18 fackACC: 56.3 legACC: 80.7 | time: 0.0525s
Epoch: 0136 | loss: 0.0095 | loss: 0.7418 Ac:  78.88 fackACC: 63.5 legACC: 82.7 | time: 0.1342s
                                                                  | loss: 0.7726 Ac:  76.18 fackACC: 56.3 legACC: 80.7 | time: 0.0520s
Epoch: 0137 | loss: 0.0084 | loss: 0.7448 Ac:  78.62 fackACC: 63.2 legACC: 82.3 | time: 0.1357s
                                                                  | loss: 0.7754 Ac:  76.29 fackACC: 56.7 legACC: 80.7 | time: 0.0520s
Epoch: 0138 | loss: 0.0078 | loss: 0.7477 Ac:  79.25 fackACC: 65.3 legACC: 82.5 | time: 0.1380s
                                                                  | loss: 0.7781 Ac:  76.26 fackACC: 56.7 legACC: 80.6 | time: 0.0522s
Epoch: 0139 | loss: 0.0090 | loss: 0.7519 Ac:  79.38 fackACC: 66.0 legACC: 82.4 | time: 0.1337s
                                                                  | loss: 0.7821 Ac:  76.09 fackACC: 56.3 legACC: 80.4 | time: 0.0521s
Epoch: 0140 | loss: 0.0085 | loss: 0.7550 Ac:  78.88 fackACC: 65.0 legACC: 81.9 | time: 0.1344s
                                                                  | loss: 0.7851 Ac:  75.97 fackACC: 56.1 legACC: 80.1 | time: 0.0522s
Epoch: 0141 | loss: 0.0093 | loss: 0.7566 Ac:  78.88 fackACC: 65.2 legACC: 81.8 | time: 0.1371s
                                                                  | loss: 0.7867 Ac:  75.94 fackACC: 56.0 legACC: 80.1 | time: 0.0519s
Epoch: 0142 | loss: 0.0080 | loss: 0.7567 Ac:  79.00 fackACC: 65.5 legACC: 81.9 | time: 0.1366s
                                                                  | loss: 0.7871 Ac:  76.00 fackACC: 56.2 legACC: 80.2 | time: 0.0520s
Epoch: 0143 | loss: 0.0086 | loss: 0.7544 Ac:  79.25 fackACC: 65.5 legACC: 82.4 | time: 0.1364s
                                                                  | loss: 0.7848 Ac:  76.09 fackACC: 56.3 legACC: 80.3 | time: 0.0522s
Epoch: 0144 | loss: 0.0088 | loss: 0.7500 Ac:  79.25 fackACC: 64.9 legACC: 82.7 | time: 0.1343s
                                                                  | loss: 0.7807 Ac:  76.29 fackACC: 56.7 legACC: 80.7 | time: 0.0520s
Epoch: 0145 | loss: 0.0086 | loss: 0.7441 Ac:  78.62 fackACC: 62.7 legACC: 82.6 | time: 0.1363s
                                                                  | loss: 0.7751 Ac:  76.18 fackACC: 56.1 legACC: 80.8 | time: 0.0520s
Epoch: 0146 | loss: 0.0089 | loss: 0.7421 Ac:  78.75 fackACC: 63.0 legACC: 82.8 | time: 0.1337s
                                                                  | loss: 0.7734 Ac:  76.24 fackACC: 56.2 legACC: 81.0 | time: 0.0521s
Epoch: 0147 | loss: 0.0093 | loss: 0.7426 Ac:  78.75 fackACC: 63.0 legACC: 82.8 | time: 0.1370s
                                                                  | loss: 0.7743 Ac:  76.12 fackACC: 55.8 legACC: 81.0 | time: 0.0520s
Epoch: 0148 | loss: 0.0086 | loss: 0.7433 Ac:  78.75 fackACC: 62.8 legACC: 82.9 | time: 0.1371s
                                                                  | loss: 0.7753 Ac:  76.12 fackACC: 55.9 legACC: 81.0 | time: 0.0522s
Epoch: 0149 | loss: 0.0083 | loss: 0.7473 Ac:  78.50 fackACC: 62.3 legACC: 82.6 | time: 0.1348s
                                                                  | loss: 0.7795 Ac:  76.06 fackACC: 55.9 legACC: 80.8 | time: 0.0518s
Epoch: 0150 | loss: 0.0084 | loss: 0.7540 Ac:  79.25 fackACC: 64.9 legACC: 82.7 | time: 0.1359s
                                                                  | loss: 0.7856 Ac:  76.15 fackACC: 56.3 legACC: 80.6 | time: 0.0521s
Epoch: 0151 | loss: 0.0114 | loss: 0.7618 Ac:  79.12 fackACC: 66.0 legACC: 81.9 | time: 0.1367s
                                                                  | loss: 0.7927 Ac:  76.09 fackACC: 56.5 legACC: 80.2 | time: 0.0521s
Epoch: 0152 | loss: 0.0074 | loss: 0.7686 Ac:  79.12 fackACC: 66.4 legACC: 81.7 | time: 0.1346s
                                                                  | loss: 0.7993 Ac:  75.85 fackACC: 56.0 legACC: 79.8 | time: 0.0520s
Epoch: 0153 | loss: 0.0094 | loss: 0.7690 Ac:  78.88 fackACC: 65.9 legACC: 81.5 | time: 0.1348s
                                                                  | loss: 0.8013 Ac:  75.74 fackACC: 55.8 legACC: 79.6 | time: 0.0520s
Epoch: 0154 | loss: 0.0079 | loss: 0.7663 Ac:  78.88 fackACC: 65.9 legACC: 81.5 | time: 0.1341s
                                                                  | loss: 0.8019 Ac:  75.76 fackACC: 55.9 legACC: 79.6 | time: 0.0520s
Epoch: 0155 | loss: 0.0078 | loss: 0.7601 Ac:  78.88 fackACC: 65.9 legACC: 81.5 | time: 0.1344s
                                                                  | loss: 0.7999 Ac:  75.97 fackACC: 56.4 legACC: 79.9 | time: 0.0520s
Epoch: 0156 | loss: 0.0083 | loss: 0.7496 Ac:  79.12 fackACC: 65.3 legACC: 82.2 | time: 0.1373s
                                                                  | loss: 0.7923 Ac:  76.03 fackACC: 56.3 legACC: 80.2 | time: 0.0520s
Epoch: 0157 | loss: 0.0086 | loss: 0.7428 Ac:  78.88 fackACC: 63.5 legACC: 82.7 | time: 0.1380s
                                                                  | loss: 0.7853 Ac:  76.21 fackACC: 56.3 legACC: 80.7 | time: 0.0519s
Epoch: 0158 | loss: 0.0083 | loss: 0.7401 Ac:  78.88 fackACC: 63.0 legACC: 83.0 | time: 0.1345s
                                                                  | loss: 0.7817 Ac:  76.18 fackACC: 56.1 legACC: 80.9 | time: 0.0520s
Epoch: 0159 | loss: 0.0081 | loss: 0.7406 Ac:  78.75 fackACC: 62.5 legACC: 83.1 | time: 0.1385s
                                                                  | loss: 0.7803 Ac:  75.97 fackACC: 55.4 legACC: 81.0 | time: 0.0520s
Epoch: 0160 | loss: 0.0072 | loss: 0.7438 Ac:  78.75 fackACC: 62.5 legACC: 83.1 | time: 0.1366s
                                                                  | loss: 0.7821 Ac:  76.00 fackACC: 55.5 legACC: 81.0 | time: 0.0522s
Epoch: 0161 | loss: 0.0084 | loss: 0.7474 Ac:  78.62 fackACC: 62.3 legACC: 82.9 | time: 0.1365s
                                                                  | loss: 0.7846 Ac:  76.15 fackACC: 55.9 legACC: 81.0 | time: 0.0518s
Epoch: 0162 | loss: 0.0078 | loss: 0.7517 Ac:  78.75 fackACC: 62.7 legACC: 83.0 | time: 0.1370s
                                                                  | loss: 0.7882 Ac:  76.21 fackACC: 56.2 legACC: 80.9 | time: 0.0520s
Epoch: 0163 | loss: 0.0074 | loss: 0.7568 Ac:  78.38 fackACC: 62.1 legACC: 82.5 | time: 0.1343s
                                                                  | loss: 0.7926 Ac:  76.15 fackACC: 56.2 legACC: 80.7 | time: 0.0521s
Epoch: 0164 | loss: 0.0088 | loss: 0.7618 Ac:  78.75 fackACC: 63.8 legACC: 82.3 | time: 0.1362s
                                                                  | loss: 0.7972 Ac:  76.06 fackACC: 56.1 legACC: 80.4 | time: 0.0519s
Epoch: 0165 | loss: 0.0075 | loss: 0.7640 Ac:  78.62 fackACC: 63.6 legACC: 82.1 | time: 0.1367s
                                                                  | loss: 0.7990 Ac:  76.00 fackACC: 56.0 legACC: 80.3 | time: 0.0520s
Epoch: 0166 | loss: 0.0074 | loss: 0.7664 Ac:  78.62 fackACC: 63.6 legACC: 82.1 | time: 0.1363s
                                                                  | loss: 0.8012 Ac:  76.00 fackACC: 56.1 legACC: 80.3 | time: 0.0521s
Epoch: 0167 | loss: 0.0109 | loss: 0.7662 Ac:  78.75 fackACC: 63.8 legACC: 82.3 | time: 0.1346s
                                                                  | loss: 0.8004 Ac:  76.03 fackACC: 56.1 legACC: 80.4 | time: 0.0520s
Epoch: 0168 | loss: 0.0086 | loss: 0.7665 Ac:  79.00 fackACC: 64.5 legACC: 82.4 | time: 0.1353s
                                                                  | loss: 0.7998 Ac:  76.09 fackACC: 56.2 legACC: 80.4 | time: 0.0521s
Epoch: 0169 | loss: 0.0075 | loss: 0.7679 Ac:  79.00 fackACC: 64.7 legACC: 82.3 | time: 0.1338s
                                                                  | loss: 0.8006 Ac:  76.06 fackACC: 56.2 legACC: 80.4 | time: 0.0520s
Epoch: 0170 | loss: 0.0072 | loss: 0.7690 Ac:  79.00 fackACC: 64.7 legACC: 82.3 | time: 0.1368s
                                                                  | loss: 0.8014 Ac:  76.06 fackACC: 56.2 legACC: 80.3 | time: 0.0519s
Epoch: 0171 | loss: 0.0082 | loss: 0.7678 Ac:  79.00 fackACC: 64.5 legACC: 82.4 | time: 0.1369s
                                                                  | loss: 0.8000 Ac:  76.18 fackACC: 56.5 legACC: 80.5 | time: 0.0517s
Epoch: 0172 | loss: 0.0072 | loss: 0.7661 Ac:  79.25 fackACC: 64.7 legACC: 82.8 | time: 0.1395s
                                                                  | loss: 0.7983 Ac:  76.24 fackACC: 56.6 legACC: 80.5 | time: 0.0520s
Epoch: 0173 | loss: 0.0073 | loss: 0.7678 Ac:  79.38 fackACC: 65.2 legACC: 82.8 | time: 0.1370s
                                                                  | loss: 0.8001 Ac:  76.18 fackACC: 56.5 legACC: 80.5 | time: 0.0521s
Epoch: 0174 | loss: 0.0078 | loss: 0.7698 Ac:  79.25 fackACC: 65.3 legACC: 82.5 | time: 0.1341s
                                                                  | loss: 0.8027 Ac:  76.26 fackACC: 56.8 legACC: 80.5 | time: 0.0519s
Epoch: 0175 | loss: 0.0074 | loss: 0.7719 Ac:  79.25 fackACC: 65.5 legACC: 82.4 | time: 0.1361s
                                                                  | loss: 0.8054 Ac:  76.21 fackACC: 56.8 legACC: 80.3 | time: 0.0520s
Epoch: 0176 | loss: 0.0073 | loss: 0.7720 Ac:  79.25 fackACC: 65.5 legACC: 82.4 | time: 0.1365s
                                                                  | loss: 0.8056 Ac:  76.24 fackACC: 56.8 legACC: 80.3 | time: 0.0520s
Epoch: 0177 | loss: 0.0066 | loss: 0.7720 Ac:  79.38 fackACC: 65.8 legACC: 82.5 | time: 0.1368s
                                                                  | loss: 0.8059 Ac:  76.29 fackACC: 57.0 legACC: 80.4 | time: 0.0520s
Epoch: 0178 | loss: 0.0062 | loss: 0.7716 Ac:  79.62 fackACC: 66.2 legACC: 82.7 | time: 0.1373s
                                                                  | loss: 0.8057 Ac:  76.32 fackACC: 57.0 legACC: 80.5 | time: 0.0520s
Epoch: 0179 | loss: 0.0072 | loss: 0.7705 Ac:  79.62 fackACC: 66.0 legACC: 82.8 | time: 0.1378s
                                                                  | loss: 0.8048 Ac:  76.26 fackACC: 56.8 legACC: 80.5 | time: 0.0521s
Epoch: 0180 | loss: 0.0066 | loss: 0.7673 Ac:  79.50 fackACC: 65.2 legACC: 83.0 | time: 0.1362s
                                                                  | loss: 0.8019 Ac:  76.35 fackACC: 56.8 legACC: 80.7 | time: 0.0520s
Epoch: 0181 | loss: 0.0059 | loss: 0.7653 Ac:  79.38 fackACC: 64.8 legACC: 83.0 | time: 0.1345s
                                                                  | loss: 0.8003 Ac:  76.09 fackACC: 56.0 legACC: 80.7 | time: 0.0519s
Epoch: 0182 | loss: 0.0067 | loss: 0.7661 Ac:  79.38 fackACC: 64.8 legACC: 83.0 | time: 0.1366s
                                                                  | loss: 0.8018 Ac:  76.09 fackACC: 56.0 legACC: 80.7 | time: 0.0522s
Epoch: 0183 | loss: 0.0064 | loss: 0.7689 Ac:  79.38 fackACC: 65.0 legACC: 82.9 | time: 0.1342s
                                                                  | loss: 0.8047 Ac:  76.21 fackACC: 56.3 legACC: 80.7 | time: 0.0520s
Epoch: 0184 | loss: 0.0068 | loss: 0.7725 Ac:  79.38 fackACC: 65.0 legACC: 82.9 | time: 0.1341s
                                                                  | loss: 0.8084 Ac:  76.26 fackACC: 56.6 legACC: 80.6 | time: 0.0521s
Epoch: 0185 | loss: 0.0068 | loss: 0.7745 Ac:  79.25 fackACC: 64.9 legACC: 82.7 | time: 0.1356s
                                                                  | loss: 0.8105 Ac:  76.32 fackACC: 56.8 legACC: 80.6 | time: 0.0524s
Epoch: 0186 | loss: 0.0073 | loss: 0.7752 Ac:  79.25 fackACC: 64.9 legACC: 82.7 | time: 0.1365s
                                                                  | loss: 0.8114 Ac:  76.32 fackACC: 56.8 legACC: 80.6 | time: 0.0520s
Epoch: 0187 | loss: 0.0077 | loss: 0.7765 Ac:  79.50 fackACC: 65.8 legACC: 82.7 | time: 0.1367s
                                                                  | loss: 0.8116 Ac:  76.24 fackACC: 56.7 legACC: 80.4 | time: 0.0518s
Epoch: 0188 | loss: 0.0068 | loss: 0.7772 Ac:  79.50 fackACC: 65.8 legACC: 82.7 | time: 0.1365s
                                                                  | loss: 0.8114 Ac:  76.41 fackACC: 57.3 legACC: 80.5 | time: 0.0521s
Epoch: 0189 | loss: 0.0090 | loss: 0.7754 Ac:  79.62 fackACC: 66.2 legACC: 82.7 | time: 0.1372s
                                                                  | loss: 0.8089 Ac:  76.38 fackACC: 57.2 legACC: 80.5 | time: 0.0520s
Epoch: 0190 | loss: 0.0060 | loss: 0.7744 Ac:  79.50 fackACC: 65.8 legACC: 82.7 | time: 0.1385s
                                                                  | loss: 0.8074 Ac:  76.35 fackACC: 57.1 legACC: 80.5 | time: 0.0520s
Epoch: 0191 | loss: 0.0066 | loss: 0.7728 Ac:  79.25 fackACC: 64.9 legACC: 82.7 | time: 0.1371s
                                                                  | loss: 0.8052 Ac:  76.32 fackACC: 56.9 legACC: 80.5 | time: 0.0519s
Epoch: 0192 | loss: 0.0066 | loss: 0.7714 Ac:  79.38 fackACC: 65.2 legACC: 82.8 | time: 0.1344s
                                                                  | loss: 0.8036 Ac:  76.38 fackACC: 57.1 legACC: 80.6 | time: 0.0521s
Epoch: 0193 | loss: 0.0077 | loss: 0.7692 Ac:  79.50 fackACC: 65.4 legACC: 82.9 | time: 0.1347s
                                                                  | loss: 0.8014 Ac:  76.29 fackACC: 56.7 legACC: 80.7 | time: 0.0524s
Epoch: 0194 | loss: 0.0072 | loss: 0.7716 Ac:  79.25 fackACC: 64.9 legACC: 82.7 | time: 0.1339s
                                                                  | loss: 0.8036 Ac:  76.41 fackACC: 57.2 legACC: 80.6 | time: 0.0518s
Epoch: 0195 | loss: 0.0069 | loss: 0.7754 Ac:  79.50 fackACC: 66.0 legACC: 82.6 | time: 0.1344s
                                                                  | loss: 0.8074 Ac:  76.47 fackACC: 57.6 legACC: 80.4 | time: 0.0519s
Epoch: 0196 | loss: 0.0091 | loss: 0.7730 Ac:  79.12 fackACC: 64.7 legACC: 82.5 | time: 0.1353s
                                                                  | loss: 0.8052 Ac:  76.35 fackACC: 57.0 legACC: 80.5 | time: 0.0519s
Epoch: 0197 | loss: 0.0079 | loss: 0.7708 Ac:  79.12 fackACC: 64.5 legACC: 82.6 | time: 0.1371s
                                                                  | loss: 0.8033 Ac:  76.26 fackACC: 56.7 legACC: 80.6 | time: 0.0520s
Epoch: 0198 | loss: 0.0067 | loss: 0.7682 Ac:  79.25 fackACC: 64.7 legACC: 82.8 | time: 0.1373s
                                                                  | loss: 0.8011 Ac:  76.24 fackACC: 56.4 legACC: 80.7 | time: 0.0521s
Epoch: 0199 | loss: 0.0070 | loss: 0.7677 Ac:  79.38 fackACC: 65.0 legACC: 82.9 | time: 0.1335s
                                                                  | loss: 0.8010 Ac:  76.21 fackACC: 56.3 legACC: 80.8 | time: 0.0520s
Epoch: 0200 | loss: 0.0074 | loss: 0.7687 Ac:  79.25 fackACC: 64.7 legACC: 82.8 | time: 0.1347s
                                                                  | loss: 0.8026 Ac:  76.18 fackACC: 56.2 legACC: 80.7 | time: 0.0519s
Epoch: 0201 | loss: 0.0066 | loss: 0.7718 Ac:  79.00 fackACC: 64.3 legACC: 82.5 | time: 0.1346s
                                                                  | loss: 0.8062 Ac:  76.24 fackACC: 56.5 legACC: 80.6 | time: 0.0519s
Epoch: 0202 | loss: 0.0072 | loss: 0.7754 Ac:  79.12 fackACC: 64.7 legACC: 82.5 | time: 0.1368s
                                                                  | loss: 0.8101 Ac:  76.21 fackACC: 56.6 legACC: 80.4 | time: 0.0521s
Epoch: 0203 | loss: 0.0066 | loss: 0.7781 Ac:  79.12 fackACC: 64.7 legACC: 82.5 | time: 0.1367s
                                                                  | loss: 0.8130 Ac:  76.24 fackACC: 56.8 legACC: 80.4 | time: 0.0519s
Epoch: 0204 | loss: 0.0057 | loss: 0.7802 Ac:  79.00 fackACC: 64.7 legACC: 82.3 | time: 0.1354s
                                                                  | loss: 0.8151 Ac:  76.18 fackACC: 56.7 legACC: 80.3 | time: 0.0518s
Epoch: 0205 | loss: 0.0064 | loss: 0.7819 Ac:  78.88 fackACC: 64.4 legACC: 82.2 | time: 0.1368s
                                                                  | loss: 0.8171 Ac:  76.12 fackACC: 56.5 legACC: 80.2 | time: 0.0519s
Epoch: 0206 | loss: 0.0080 | loss: 0.7801 Ac:  79.00 fackACC: 64.5 legACC: 82.4 | time: 0.1344s
                                                                  | loss: 0.8156 Ac:  76.15 fackACC: 56.4 legACC: 80.4 | time: 0.0519s
Epoch: 0207 | loss: 0.0073 | loss: 0.7780 Ac:  79.00 fackACC: 64.3 legACC: 82.5 | time: 0.1342s
                                                                  | loss: 0.8141 Ac:  76.06 fackACC: 56.0 legACC: 80.6 | time: 0.0521s
Epoch: 0208 | loss: 0.0057 | loss: 0.7780 Ac:  79.00 fackACC: 64.3 legACC: 82.5 | time: 0.1347s
                                                                  | loss: 0.8145 Ac:  75.94 fackACC: 55.6 legACC: 80.6 | time: 0.0521s
Epoch: 0209 | loss: 0.0070 | loss: 0.7783 Ac:  78.88 fackACC: 63.9 legACC: 82.5 | time: 0.1339s
                                                                  | loss: 0.8152 Ac:  75.94 fackACC: 55.6 legACC: 80.6 | time: 0.0521s
Epoch: 0210 | loss: 0.0068 | loss: 0.7799 Ac:  78.88 fackACC: 63.9 legACC: 82.5 | time: 0.1345s
                                                                  | loss: 0.8172 Ac:  75.94 fackACC: 55.6 legACC: 80.6 | time: 0.0520s
Epoch: 0211 | loss: 0.0056 | loss: 0.7813 Ac:  78.75 fackACC: 63.6 legACC: 82.4 | time: 0.1344s
                                                                  | loss: 0.8188 Ac:  75.91 fackACC: 55.5 legACC: 80.6 | time: 0.0519s
Epoch: 0212 | loss: 0.0084 | loss: 0.7802 Ac:  79.00 fackACC: 64.1 legACC: 82.6 | time: 0.1374s
                                                                  | loss: 0.8181 Ac:  75.94 fackACC: 55.6 legACC: 80.7 | time: 0.0520s
Epoch: 0213 | loss: 0.0070 | loss: 0.7816 Ac:  78.75 fackACC: 63.6 legACC: 82.4 | time: 0.1370s
                                                                  | loss: 0.8200 Ac:  75.97 fackACC: 55.7 legACC: 80.6 | time: 0.0521s
Epoch: 0214 | loss: 0.0059 | loss: 0.7835 Ac:  78.75 fackACC: 63.6 legACC: 82.4 | time: 0.1360s
                                                                  | loss: 0.8222 Ac:  75.97 fackACC: 55.8 legACC: 80.5 | time: 0.0530s
Epoch: 0215 | loss: 0.0083 | loss: 0.7825 Ac:  78.75 fackACC: 63.6 legACC: 82.4 | time: 0.1467s
                                                                  | loss: 0.8219 Ac:  75.88 fackACC: 55.5 legACC: 80.5 | time: 0.0613s
Epoch: 0216 | loss: 0.0060 | loss: 0.7826 Ac:  78.75 fackACC: 63.6 legACC: 82.4 | time: 0.1542s
                                                                  | loss: 0.8224 Ac:  75.88 fackACC: 55.5 legACC: 80.5 | time: 0.0544s
Epoch: 0217 | loss: 0.0056 | loss: 0.7847 Ac:  78.75 fackACC: 63.6 legACC: 82.4 | time: 0.1355s
                                                                  | loss: 0.8249 Ac:  75.94 fackACC: 55.8 legACC: 80.4 | time: 0.0522s
Epoch: 0218 | loss: 0.0063 | loss: 0.7880 Ac:  78.62 fackACC: 63.6 legACC: 82.1 | time: 0.1412s
                                                                  | loss: 0.8286 Ac:  75.88 fackACC: 55.7 legACC: 80.3 | time: 0.0561s
Epoch: 0219 | loss: 0.0083 | loss: 0.7913 Ac:  78.50 fackACC: 63.5 legACC: 81.9 | time: 0.1414s
                                                                  | loss: 0.8321 Ac:  75.91 fackACC: 55.9 legACC: 80.2 | time: 0.0567s
Epoch: 0220 | loss: 0.0061 | loss: 0.7933 Ac:  78.50 fackACC: 63.5 legACC: 81.9 | time: 0.1412s
                                                                  | loss: 0.8343 Ac:  75.85 fackACC: 55.7 legACC: 80.1 | time: 0.0569s
Epoch: 0221 | loss: 0.0057 | loss: 0.7952 Ac:  78.38 fackACC: 63.3 legACC: 81.8 | time: 0.1414s
                                                                  | loss: 0.8363 Ac:  75.85 fackACC: 55.8 legACC: 80.0 | time: 0.0582s
Epoch: 0222 | loss: 0.0049 | loss: 0.7983 Ac:  78.25 fackACC: 63.0 legACC: 81.7 | time: 0.1417s
                                                                  | loss: 0.8396 Ac:  75.79 fackACC: 55.7 legACC: 80.0 | time: 0.0572s
Epoch: 0223 | loss: 0.0063 | loss: 0.7993 Ac:  78.25 fackACC: 63.0 legACC: 81.7 | time: 0.1426s
                                                                  | loss: 0.8405 Ac:  75.85 fackACC: 55.9 legACC: 80.0 | time: 0.0564s
Epoch: 0224 | loss: 0.0057 | loss: 0.7978 Ac:  78.38 fackACC: 63.3 legACC: 81.8 | time: 0.1434s
                                                                  | loss: 0.8392 Ac:  75.82 fackACC: 55.7 legACC: 80.0 | time: 0.0542s
Epoch: 0225 | loss: 0.0078 | loss: 0.7902 Ac:  78.50 fackACC: 63.2 legACC: 82.1 | time: 0.1433s
                                                                  | loss: 0.8318 Ac:  75.97 fackACC: 55.9 legACC: 80.4 | time: 0.0540s
Epoch: 0226 | loss: 0.0068 | loss: 0.7840 Ac:  78.88 fackACC: 63.9 legACC: 82.5 | time: 0.1437s
                                                                  | loss: 0.8261 Ac:  76.00 fackACC: 55.7 legACC: 80.7 | time: 0.0557s
Epoch: 0227 | loss: 0.0073 | loss: 0.7791 Ac:  79.25 fackACC: 64.4 legACC: 83.0 | time: 0.1406s
                                                                  | loss: 0.8213 Ac:  76.12 fackACC: 55.8 legACC: 81.1 | time: 0.0526s
Epoch: 0228 | loss: 0.0069 | loss: 0.7771 Ac:  79.12 fackACC: 63.6 legACC: 83.1 | time: 0.1397s
                                                                  | loss: 0.8189 Ac:  76.03 fackACC: 55.5 legACC: 81.1 | time: 0.0526s
Epoch: 0229 | loss: 0.0065 | loss: 0.7794 Ac:  79.50 fackACC: 64.8 legACC: 83.2 | time: 0.1418s
                                                                  | loss: 0.8204 Ac:  75.88 fackACC: 55.1 legACC: 81.0 | time: 0.0579s
Epoch: 0230 | loss: 0.0057 | loss: 0.7843 Ac:  79.00 fackACC: 64.1 legACC: 82.6 | time: 0.1466s
                                                                  | loss: 0.8248 Ac:  76.03 fackACC: 55.7 legACC: 80.9 | time: 0.0541s
Epoch: 0231 | loss: 0.0062 | loss: 0.7919 Ac:  78.88 fackACC: 63.9 legACC: 82.5 | time: 0.1478s
                                                                  | loss: 0.8320 Ac:  76.09 fackACC: 56.1 legACC: 80.6 | time: 0.0544s
Epoch: 0232 | loss: 0.0068 | loss: 0.7986 Ac:  78.25 fackACC: 63.0 legACC: 81.7 | time: 0.1463s
                                                                  | loss: 0.8388 Ac:  75.91 fackACC: 55.9 legACC: 80.2 | time: 0.0551s
Epoch: 0233 | loss: 0.0064 | loss: 0.8078 Ac:  78.12 fackACC: 62.8 legACC: 81.5 | time: 0.1460s
                                                                  | loss: 0.8480 Ac:  75.76 fackACC: 55.7 legACC: 79.8 | time: 0.0551s
Epoch: 0234 | loss: 0.0065 | loss: 0.8137 Ac:  77.88 fackACC: 62.2 legACC: 81.3 | time: 0.1456s
                                                                  | loss: 0.8539 Ac:  75.82 fackACC: 55.9 legACC: 79.8 | time: 0.0551s
Epoch: 0235 | loss: 0.0067 | loss: 0.8157 Ac:  78.00 fackACC: 62.7 legACC: 81.3 | time: 0.1439s
                                                                  | loss: 0.8562 Ac:  75.82 fackACC: 56.0 legACC: 79.7 | time: 0.0540s
Epoch: 0236 | loss: 0.0056 | loss: 0.8143 Ac:  77.88 fackACC: 62.2 legACC: 81.3 | time: 0.1445s
                                                                  | loss: 0.8552 Ac:  75.82 fackACC: 55.9 legACC: 79.8 | time: 0.0548s
Epoch: 0237 | loss: 0.0080 | loss: 0.8042 Ac:  78.38 fackACC: 63.3 legACC: 81.8 | time: 0.1470s
                                                                  | loss: 0.8459 Ac:  75.88 fackACC: 55.9 legACC: 80.1 | time: 0.0543s
Epoch: 0238 | loss: 0.0069 | loss: 0.7953 Ac:  78.88 fackACC: 63.9 legACC: 82.5 | time: 0.1460s
                                                                  | loss: 0.8385 Ac:  76.09 fackACC: 56.1 legACC: 80.6 | time: 0.0543s
Epoch: 0239 | loss: 0.0059 | loss: 0.7901 Ac:  78.75 fackACC: 63.5 legACC: 82.5 | time: 0.1466s
                                                                  | loss: 0.8344 Ac:  75.97 fackACC: 55.5 legACC: 80.9 | time: 0.0547s
Epoch: 0240 | loss: 0.0062 | loss: 0.7882 Ac:  78.88 fackACC: 63.7 legACC: 82.6 | time: 0.1449s
                                                                  | loss: 0.8335 Ac:  75.91 fackACC: 55.3 legACC: 80.9 | time: 0.0545s
Epoch: 0241 | loss: 0.0063 | loss: 0.7907 Ac:  78.75 fackACC: 63.5 legACC: 82.5 | time: 0.1443s
                                                                  | loss: 0.8367 Ac:  76.03 fackACC: 55.7 legACC: 80.9 | time: 0.0543s
Epoch: 0242 | loss: 0.0069 | loss: 0.7917 Ac:  78.75 fackACC: 63.5 legACC: 82.5 | time: 0.1422s
                                                                  | loss: 0.8385 Ac:  75.97 fackACC: 55.5 legACC: 80.8 | time: 0.0552s
Epoch: 0243 | loss: 0.0053 | loss: 0.7946 Ac:  78.88 fackACC: 63.9 legACC: 82.5 | time: 0.1430s
                                                                  | loss: 0.8421 Ac:  76.00 fackACC: 55.7 legACC: 80.7 | time: 0.0554s
Epoch: 0244 | loss: 0.0058 | loss: 0.8004 Ac:  78.75 fackACC: 63.6 legACC: 82.4 | time: 0.1430s
                                                                  | loss: 0.8483 Ac:  75.97 fackACC: 55.8 legACC: 80.5 | time: 0.0594s
Epoch: 0245 | loss: 0.0057 | loss: 0.8056 Ac:  78.38 fackACC: 63.1 legACC: 81.9 | time: 0.1454s
                                                                  | loss: 0.8541 Ac:  75.76 fackACC: 55.4 legACC: 80.2 | time: 0.0578s
Epoch: 0246 | loss: 0.0049 | loss: 0.8118 Ac:  78.38 fackACC: 63.3 legACC: 81.8 | time: 0.1413s
                                                                  | loss: 0.8607 Ac:  75.74 fackACC: 55.5 legACC: 80.0 | time: 0.0656s
Epoch: 0247 | loss: 0.0056 | loss: 0.8147 Ac:  78.38 fackACC: 63.3 legACC: 81.8 | time: 0.1426s
                                                                  | loss: 0.8644 Ac:  75.74 fackACC: 55.5 legACC: 79.9 | time: 0.0590s
Epoch: 0248 | loss: 0.0062 | loss: 0.8130 Ac:  78.25 fackACC: 62.8 legACC: 81.7 | time: 0.1422s
                                                                  | loss: 0.8635 Ac:  75.71 fackACC: 55.3 legACC: 80.0 | time: 0.0585s
Epoch: 0249 | loss: 0.0063 | loss: 0.8086 Ac:  78.50 fackACC: 63.2 legACC: 82.1 | time: 0.1431s
                                                                  | loss: 0.8593 Ac:  75.79 fackACC: 55.5 legACC: 80.2 | time: 0.0577s
Epoch: 0250 | loss: 0.0060 | loss: 0.8041 Ac:  78.50 fackACC: 63.0 legACC: 82.2 | time: 0.1421s
                                                                  | loss: 0.8547 Ac:  75.88 fackACC: 55.5 legACC: 80.4 | time: 0.0583s
Epoch: 0251 | loss: 0.0052 | loss: 0.8000 Ac:  78.75 fackACC: 63.5 legACC: 82.5 | time: 0.1406s
                                                                  | loss: 0.8506 Ac:  76.09 fackACC: 56.0 legACC: 80.7 | time: 0.0555s
Epoch: 0252 | loss: 0.0066 | loss: 0.7972 Ac:  78.75 fackACC: 63.3 legACC: 82.6 | time: 0.1415s
                                                                  | loss: 0.8476 Ac:  75.94 fackACC: 55.5 legACC: 80.7 | time: 0.0545s
Epoch: 0253 | loss: 0.0068 | loss: 0.7961 Ac:  79.00 fackACC: 63.9 legACC: 82.7 | time: 0.1450s
                                                                  | loss: 0.8462 Ac:  75.91 fackACC: 55.4 legACC: 80.8 | time: 0.0547s
Epoch: 0254 | loss: 0.0059 | loss: 0.7959 Ac:  79.12 fackACC: 64.2 legACC: 82.8 | time: 0.1438s
                                                                  | loss: 0.8464 Ac:  75.97 fackACC: 55.5 legACC: 80.8 | time: 0.0544s
Epoch: 0255 | loss: 0.0051 | loss: 0.7986 Ac:  79.00 fackACC: 64.1 legACC: 82.6 | time: 0.1434s
                                                                  | loss: 0.8491 Ac:  76.06 fackACC: 55.8 legACC: 80.8 | time: 0.0550s
Epoch: 0256 | loss: 0.0058 | loss: 0.8020 Ac:  78.75 fackACC: 63.6 legACC: 82.4 | time: 0.1444s
                                                                  | loss: 0.8524 Ac:  75.94 fackACC: 55.6 legACC: 80.6 | time: 0.0574s
Epoch: 0257 | loss: 0.0070 | loss: 0.8045 Ac:  78.62 fackACC: 63.4 legACC: 82.2 | time: 0.1433s
                                                                  | loss: 0.8558 Ac:  75.91 fackACC: 55.6 legACC: 80.5 | time: 0.0594s
Epoch: 0258 | loss: 0.0055 | loss: 0.8069 Ac:  78.50 fackACC: 63.0 legACC: 82.2 | time: 0.1421s
                                                                  | loss: 0.8585 Ac:  75.82 fackACC: 55.4 legACC: 80.4 | time: 0.0617s
Epoch: 0259 | loss: 0.0052 | loss: 0.8093 Ac:  78.62 fackACC: 63.4 legACC: 82.2 | time: 0.1421s
                                                                  | loss: 0.8608 Ac:  75.76 fackACC: 55.3 legACC: 80.3 | time: 0.0568s
Epoch: 0260 | loss: 0.0050 | loss: 0.8129 Ac:  78.38 fackACC: 62.7 legACC: 82.1 | time: 0.1518s
                                                                  | loss: 0.8642 Ac:  75.85 fackACC: 55.6 legACC: 80.3 | time: 0.0555s
Epoch: 0261 | loss: 0.0060 | loss: 0.8150 Ac:  78.38 fackACC: 62.7 legACC: 82.1 | time: 0.1476s
                                                                  | loss: 0.8659 Ac:  75.85 fackACC: 55.6 legACC: 80.2 | time: 0.0544s
Epoch: 0262 | loss: 0.0064 | loss: 0.8145 Ac:  78.50 fackACC: 63.2 legACC: 82.1 | time: 0.1458s
                                                                  | loss: 0.8655 Ac:  75.91 fackACC: 55.8 legACC: 80.3 | time: 0.0550s
Epoch: 0263 | loss: 0.0050 | loss: 0.8149 Ac:  78.62 fackACC: 63.6 legACC: 82.1 | time: 0.1410s
                                                                  | loss: 0.8662 Ac:  75.85 fackACC: 55.6 legACC: 80.3 | time: 0.0580s
Epoch: 0264 | loss: 0.0056 | loss: 0.8129 Ac:  78.50 fackACC: 63.2 legACC: 82.1 | time: 0.1392s
                                                                  | loss: 0.8626 Ac:  75.91 fackACC: 55.7 legACC: 80.3 | time: 0.0556s
Epoch: 0265 | loss: 0.0132 | loss: 0.8000 Ac:  79.12 fackACC: 64.0 legACC: 82.9 | time: 0.1357s
                                                                  | loss: 0.8496 Ac:  75.79 fackACC: 55.0 legACC: 80.7 | time: 0.0555s
Epoch: 0266 | loss: 0.0058 | loss: 0.7913 Ac:  79.00 fackACC: 63.3 legACC: 83.1 | time: 0.1510s
                                                                  | loss: 0.8411 Ac:  75.59 fackACC: 54.2 legACC: 81.1 | time: 0.0551s
Epoch: 0267 | loss: 0.0053 | loss: 0.7864 Ac:  79.12 fackACC: 63.3 legACC: 83.4 | time: 0.1535s
                                                                  | loss: 0.8366 Ac:  75.62 fackACC: 54.2 legACC: 81.3 | time: 0.0569s
Epoch: 0268 | loss: 0.0054 | loss: 0.7890 Ac:  79.00 fackACC: 63.3 legACC: 83.1 | time: 0.1517s
                                                                  | loss: 0.8378 Ac:  75.79 fackACC: 54.8 legACC: 81.2 | time: 0.0558s
Epoch: 0269 | loss: 0.0058 | loss: 0.7968 Ac:  79.12 fackACC: 64.0 legACC: 82.9 | time: 0.1404s
                                                                  | loss: 0.8435 Ac:  76.06 fackACC: 55.7 legACC: 80.9 | time: 0.0589s
Epoch: 0270 | loss: 0.0060 | loss: 0.8088 Ac:  78.62 fackACC: 63.6 legACC: 82.1 | time: 0.1440s
                                                                  | loss: 0.8540 Ac:  76.03 fackACC: 56.1 legACC: 80.4 | time: 0.0542s
Epoch: 0271 | loss: 0.0068 | loss: 0.8188 Ac:  78.25 fackACC: 62.8 legACC: 81.7 | time: 0.1442s
                                                                  | loss: 0.8633 Ac:  76.00 fackACC: 56.3 legACC: 80.0 | time: 0.0546s
Epoch: 0272 | loss: 0.0052 | loss: 0.8299 Ac:  78.38 fackACC: 63.6 legACC: 81.6 | time: 0.1492s
                                                                  | loss: 0.8741 Ac:  75.76 fackACC: 55.9 legACC: 79.6 | time: 0.0535s
Epoch: 0273 | loss: 0.0065 | loss: 0.8330 Ac:  78.38 fackACC: 63.6 legACC: 81.6 | time: 0.1457s
                                                                  | loss: 0.8773 Ac:  75.74 fackACC: 55.8 legACC: 79.6 | time: 0.0564s
Epoch: 0274 | loss: 0.0061 | loss: 0.8330 Ac:  78.38 fackACC: 63.6 legACC: 81.6 | time: 0.1397s
                                                                  | loss: 0.8778 Ac:  75.68 fackACC: 55.5 legACC: 79.7 | time: 0.0537s
Epoch: 0275 | loss: 0.0062 | loss: 0.8244 Ac:  78.25 fackACC: 62.8 legACC: 81.7 | time: 0.1489s
                                                                  | loss: 0.8703 Ac:  75.94 fackACC: 56.1 legACC: 80.0 | time: 0.0549s
Epoch: 0276 | loss: 0.0059 | loss: 0.8169 Ac:  78.50 fackACC: 63.2 legACC: 82.1 | time: 0.1400s
                                                                  | loss: 0.8644 Ac:  75.85 fackACC: 55.5 legACC: 80.4 | time: 0.0535s
Epoch: 0277 | loss: 0.0060 | loss: 0.8115 Ac:  79.12 fackACC: 64.2 legACC: 82.8 | time: 0.1452s
                                                                  | loss: 0.8599 Ac:  75.91 fackACC: 55.5 legACC: 80.7 | time: 0.0537s
Epoch: 0278 | loss: 0.0068 | loss: 0.8086 Ac:  79.00 fackACC: 63.7 legACC: 82.8 | time: 0.1436s
                                                                  | loss: 0.8581 Ac:  75.82 fackACC: 55.1 legACC: 80.8 | time: 0.0551s
Epoch: 0279 | loss: 0.0069 | loss: 0.8092 Ac:  79.00 fackACC: 63.7 legACC: 82.8 | time: 0.1449s
                                                                  | loss: 0.8596 Ac:  75.76 fackACC: 54.9 legACC: 80.8 | time: 0.0548s
Epoch: 0280 | loss: 0.0054 | loss: 0.8146 Ac:  79.12 fackACC: 64.3 legACC: 82.7 | time: 0.1460s
                                                                  | loss: 0.8654 Ac:  75.94 fackACC: 55.5 legACC: 80.7 | time: 0.0559s
Epoch: 0281 | loss: 0.0059 | loss: 0.8235 Ac:  78.50 fackACC: 63.2 legACC: 82.1 | time: 0.1465s
                                                                  | loss: 0.8742 Ac:  75.91 fackACC: 55.7 legACC: 80.4 | time: 0.0537s
Epoch: 0282 | loss: 0.0063 | loss: 0.8328 Ac:  78.38 fackACC: 63.4 legACC: 81.7 | time: 0.1477s
                                                                  | loss: 0.8836 Ac:  75.74 fackACC: 55.5 legACC: 79.9 | time: 0.0659s
Epoch: 0283 | loss: 0.0068 | loss: 0.8368 Ac:  78.50 fackACC: 63.9 legACC: 81.7 | time: 0.1388s
                                                                  | loss: 0.8881 Ac:  75.68 fackACC: 55.4 legACC: 79.8 | time: 0.0529s
Epoch: 0284 | loss: 0.0055 | loss: 0.8363 Ac:  78.38 fackACC: 63.4 legACC: 81.7 | time: 0.1380s
                                                                  | loss: 0.8882 Ac:  75.65 fackACC: 55.3 legACC: 79.8 | time: 0.0529s
Epoch: 0285 | loss: 0.0047 | loss: 0.8353 Ac:  78.38 fackACC: 63.4 legACC: 81.7 | time: 0.1465s
                                                                  | loss: 0.8879 Ac:  75.76 fackACC: 55.6 legACC: 79.9 | time: 0.0541s
Epoch: 0286 | loss: 0.0046 | loss: 0.8371 Ac:  78.38 fackACC: 63.4 legACC: 81.7 | time: 0.1432s
                                                                  | loss: 0.8903 Ac:  75.74 fackACC: 55.5 legACC: 79.9 | time: 0.0544s
Epoch: 0287 | loss: 0.0060 | loss: 0.8356 Ac:  78.25 fackACC: 63.0 legACC: 81.7 | time: 0.1480s
                                                                  | loss: 0.8896 Ac:  75.71 fackACC: 55.4 legACC: 79.9 | time: 0.0541s
Epoch: 0288 | loss: 0.0046 | loss: 0.8348 Ac:  78.25 fackACC: 63.0 legACC: 81.7 | time: 0.1403s
                                                                  | loss: 0.8896 Ac:  75.71 fackACC: 55.4 legACC: 80.0 | time: 0.0541s
Epoch: 0289 | loss: 0.0053 | loss: 0.8344 Ac:  78.25 fackACC: 63.0 legACC: 81.7 | time: 0.1477s
                                                                  | loss: 0.8897 Ac:  75.65 fackACC: 55.2 legACC: 79.9 | time: 0.0538s
Epoch: 0290 | loss: 0.0064 | loss: 0.8312 Ac:  78.12 fackACC: 62.4 legACC: 81.7 | time: 0.1407s
                                                                  | loss: 0.8874 Ac:  75.56 fackACC: 54.9 legACC: 80.0 | time: 0.0537s
Epoch: 0291 | loss: 0.0051 | loss: 0.8268 Ac:  78.38 fackACC: 62.7 legACC: 82.1 | time: 0.1454s
                                                                  | loss: 0.8839 Ac:  75.65 fackACC: 54.9 legACC: 80.2 | time: 0.0545s
Epoch: 0292 | loss: 0.0057 | loss: 0.8231 Ac:  78.50 fackACC: 62.7 legACC: 82.4 | time: 0.1408s
                                                                  | loss: 0.8810 Ac:  75.65 fackACC: 54.8 legACC: 80.4 | time: 0.0534s
Epoch: 0293 | loss: 0.0069 | loss: 0.8219 Ac:  78.50 fackACC: 62.7 legACC: 82.4 | time: 0.1396s
                                                                  | loss: 0.8802 Ac:  75.62 fackACC: 54.7 legACC: 80.5 | time: 0.0551s
Epoch: 0294 | loss: 0.0052 | loss: 0.8228 Ac:  78.50 fackACC: 62.7 legACC: 82.4 | time: 0.1401s
                                                                  | loss: 0.8814 Ac:  75.53 fackACC: 54.5 legACC: 80.4 | time: 0.0553s
Epoch: 0295 | loss: 0.0047 | loss: 0.8263 Ac:  78.38 fackACC: 62.6 legACC: 82.2 | time: 0.1421s
                                                                  | loss: 0.8850 Ac:  75.38 fackACC: 54.2 legACC: 80.2 | time: 0.0548s
Epoch: 0296 | loss: 0.0050 | loss: 0.8321 Ac:  78.00 fackACC: 62.2 legACC: 81.6 | time: 0.1405s
                                                                  | loss: 0.8907 Ac:  75.41 fackACC: 54.4 legACC: 80.0 | time: 0.0556s
Epoch: 0297 | loss: 0.0049 | loss: 0.8403 Ac:  78.38 fackACC: 63.4 legACC: 81.7 | time: 0.1395s
                                                                  | loss: 0.8989 Ac:  75.65 fackACC: 55.2 legACC: 79.9 | time: 0.0547s
Epoch: 0298 | loss: 0.0051 | loss: 0.8467 Ac:  78.38 fackACC: 63.4 legACC: 81.7 | time: 0.1382s
                                                                  | loss: 0.9052 Ac:  75.56 fackACC: 55.1 legACC: 79.7 | time: 0.0572s
Epoch: 0299 | loss: 0.0054 | loss: 0.8550 Ac:  78.38 fackACC: 64.0 legACC: 81.4 | time: 0.1388s
                                                                  | loss: 0.9135 Ac:  75.44 fackACC: 54.8 legACC: 79.5 | time: 0.0546s
Epoch: 0300 | loss: 0.0055 | loss: 0.8518 Ac:  78.25 fackACC: 63.4 legACC: 81.5 | time: 0.1386s
                                                                  | loss: 0.9106 Ac:  75.47 fackACC: 54.9 legACC: 79.6 | time: 0.0528s
Optimization Finished!
Total time elapsed: 96.4265s
The best result is: ACC: 77.0294 F1: 81.6386, where epoch is 58.108108108108105




0:	vali:  80.25000	test:  ACC: 77.0294 Trueacc: 81.6386 , fakeAcc:58.1081, epoch=53
