Loading twitter dataset...
Loading text content...
../data/twitter/
twitter
text
label matrix shape: torch.Size([10000, 2])
done.
Loading topic content...
../data/twitter/
twitter
topic
done.
Loading entity content...
../data/twitter/
twitter
entity
done.
Building graph...
Num of edges: 446837
train, vali, test:  40 1000 8960
Transfer to be transductive.


No. 1 test.

30
30
[torch.Size([512, 4]), torch.Size([4]), torch.Size([512]), torch.Size([1515, 512]), torch.Size([1543, 512]), torch.Size([2787, 512]), torch.Size([512, 1]), torch.Size([512, 1]), torch.Size([512, 1]), torch.Size([512, 1]), torch.Size([512, 1]), torch.Size([512, 1]), torch.Size([100, 1]), torch.Size([50, 512]), torch.Size([50]), torch.Size([100, 1]), torch.Size([50, 512]), torch.Size([50]), torch.Size([100, 1]), torch.Size([50, 512]), torch.Size([50]), torch.Size([100, 1]), torch.Size([50, 4]), torch.Size([50]), torch.Size([100, 1]), torch.Size([50, 4]), torch.Size([50]), torch.Size([100, 1]), torch.Size([50, 4]), torch.Size([50])]
Epoch: 0001 | loss: 1.3428 | loss: 1.0304 Ac:  50.10 fackACC:100.0 legACC: 50.1 | time: 0.7954s
                                                                  | loss: 1.0292 Ac:  50.07 fackACC: 87.5 legACC: 50.0 | time: 0.0542s
Epoch: 0002 | loss: 1.0115 | loss: 0.8896 Ac:  54.70 fackACC: 57.2 legACC: 53.5 | time: 0.1390s
                                                                  | loss: 0.8882 Ac:  55.06 fackACC: 58.2 legACC: 53.7 | time: 0.0530s
Epoch: 0003 | loss: 0.9479 | loss: 0.7963 Ac:  58.10 fackACC: 54.9 legACC: 72.4 | time: 0.1375s
                                                                  | loss: 0.7949 Ac:  58.19 fackACC: 55.1 legACC: 70.9 | time: 0.0528s
Epoch: 0004 | loss: 0.8107 | loss: 0.7235 Ac:  58.40 fackACC: 55.0 legACC: 76.2 | time: 0.1386s
                                                                  | loss: 0.7232 Ac:  58.09 fackACC: 54.9 legACC: 74.2 | time: 0.0566s
Epoch: 0005 | loss: 0.7381 | loss: 0.6988 Ac:  61.60 fackACC: 60.9 legACC: 62.4 | time: 0.1462s
                                                                  | loss: 0.6993 Ac:  60.61 fackACC: 60.5 legACC: 60.7 | time: 0.0646s
Epoch: 0006 | loss: 0.6890 | loss: 0.6879 Ac:  55.50 fackACC: 72.4 legACC: 53.1 | time: 0.1525s
                                                                  | loss: 0.6898 Ac:  54.50 fackACC: 69.9 legACC: 52.5 | time: 0.0578s
Epoch: 0007 | loss: 0.5585 | loss: 0.6798 Ac:  56.30 fackACC: 75.2 legACC: 53.6 | time: 0.1519s
                                                                  | loss: 0.6823 Ac:  54.81 fackACC: 70.1 legACC: 52.7 | time: 0.0557s
Epoch: 0008 | loss: 0.7063 | loss: 0.6657 Ac:  60.40 fackACC: 65.6 legACC: 57.8 | time: 0.1340s
                                                                  | loss: 0.6683 Ac:  59.51 fackACC: 64.7 legACC: 57.0 | time: 0.0538s
Epoch: 0009 | loss: 0.5639 | loss: 0.6568 Ac:  61.10 fackACC: 59.2 legACC: 63.9 | time: 0.1344s
                                                                  | loss: 0.6593 Ac:  61.28 fackACC: 59.8 legACC: 63.3 | time: 0.0546s
Epoch: 0010 | loss: 0.4621 | loss: 0.6587 Ac:  60.90 fackACC: 57.0 legACC: 75.1 | time: 0.1341s
                                                                  | loss: 0.6611 Ac:  60.00 fackACC: 56.4 legACC: 73.0 | time: 0.0536s
Epoch: 0011 | loss: 0.4846 | loss: 0.6706 Ac:  60.20 fackACC: 56.1 legACC: 80.7 | time: 0.1375s
                                                                  | loss: 0.6728 Ac:  59.50 fackACC: 55.7 legACC: 78.2 | time: 0.0537s
Epoch: 0012 | loss: 0.4060 | loss: 0.6780 Ac:  60.10 fackACC: 56.0 legACC: 81.0 | time: 0.1341s
                                                                  | loss: 0.6804 Ac:  59.07 fackACC: 55.4 legACC: 78.3 | time: 0.0534s
Epoch: 0013 | loss: 0.4390 | loss: 0.6773 Ac:  60.30 fackACC: 56.2 legACC: 80.8 | time: 0.1337s
                                                                  | loss: 0.6804 Ac:  59.49 fackACC: 55.7 legACC: 78.0 | time: 0.0536s
Epoch: 0014 | loss: 0.3900 | loss: 0.6601 Ac:  60.60 fackACC: 56.6 legACC: 76.2 | time: 0.1342s
                                                                  | loss: 0.6645 Ac:  60.35 fackACC: 56.6 legACC: 74.4 | time: 0.0536s
Epoch: 0015 | loss: 0.3452 | loss: 0.6408 Ac:  61.40 fackACC: 58.6 legACC: 67.1 | time: 0.1360s
                                                                  | loss: 0.6471 Ac:  61.29 fackACC: 58.8 legACC: 65.8 | time: 0.0538s
Epoch: 0016 | loss: 0.3075 | loss: 0.6292 Ac:  62.70 fackACC: 61.6 legACC: 64.0 | time: 0.1340s
                                                                  | loss: 0.6382 Ac:  62.65 fackACC: 61.9 legACC: 63.5 | time: 0.0540s
Epoch: 0017 | loss: 0.2684 | loss: 0.6308 Ac:  63.00 fackACC: 65.3 legACC: 61.3 | time: 0.1415s
                                                                  | loss: 0.6428 Ac:  62.03 fackACC: 64.8 legACC: 60.1 | time: 0.0562s
Epoch: 0018 | loss: 0.2530 | loss: 0.6374 Ac:  63.20 fackACC: 67.8 legACC: 60.5 | time: 0.1352s
                                                                  | loss: 0.6516 Ac:  61.40 fackACC: 66.3 legACC: 58.8 | time: 0.0531s
Epoch: 0019 | loss: 0.2524 | loss: 0.6401 Ac:  63.20 fackACC: 68.0 legACC: 60.4 | time: 0.1380s
                                                                  | loss: 0.6557 Ac:  61.13 fackACC: 66.4 legACC: 58.4 | time: 0.0536s
Epoch: 0020 | loss: 0.2471 | loss: 0.6411 Ac:  63.50 fackACC: 68.2 legACC: 60.7 | time: 0.1355s
                                                                  | loss: 0.6572 Ac:  61.38 fackACC: 66.3 legACC: 58.7 | time: 0.0536s
Epoch: 0021 | loss: 0.2058 | loss: 0.6455 Ac:  63.10 fackACC: 66.7 legACC: 60.8 | time: 0.1323s
                                                                  | loss: 0.6623 Ac:  61.61 fackACC: 65.4 legACC: 59.3 | time: 0.0538s
Epoch: 0022 | loss: 0.1658 | loss: 0.6841 Ac:  64.40 fackACC: 67.3 legACC: 62.3 | time: 0.1352s
                                                                  | loss: 0.7060 Ac:  61.94 fackACC: 64.7 legACC: 60.1 | time: 0.0537s
Epoch: 0023 | loss: 0.2064 | loss: 0.7221 Ac:  64.10 fackACC: 65.0 legACC: 63.3 | time: 0.1549s
                                                                  | loss: 0.7444 Ac:  62.38 fackACC: 63.8 legACC: 61.2 | time: 0.0548s
Epoch: 0024 | loss: 0.2911 | loss: 0.7369 Ac:  63.20 fackACC: 62.6 legACC: 63.9 | time: 0.1361s
                                                                  | loss: 0.7585 Ac:  62.76 fackACC: 62.6 legACC: 62.9 | time: 0.0537s
Epoch: 0025 | loss: 0.1578 | loss: 0.7545 Ac:  62.40 fackACC: 61.0 legACC: 64.2 | time: 0.1339s
                                                                  | loss: 0.7760 Ac:  62.80 fackACC: 61.8 legACC: 64.0 | time: 0.0537s
Epoch: 0026 | loss: 0.1149 | loss: 0.7595 Ac:  64.40 fackACC: 61.1 legACC: 70.6 | time: 0.1338s
                                                                  | loss: 0.7810 Ac:  63.65 fackACC: 60.7 legACC: 68.8 | time: 0.0543s
Epoch: 0027 | loss: 0.1468 | loss: 0.7597 Ac:  64.50 fackACC: 60.9 legACC: 71.8 | time: 0.1337s
                                                                  | loss: 0.7822 Ac:  63.54 fackACC: 60.5 legACC: 69.2 | time: 0.0535s
Epoch: 0028 | loss: 0.1588 | loss: 0.7710 Ac:  64.50 fackACC: 60.8 legACC: 72.0 | time: 0.1394s
                                                                  | loss: 0.7945 Ac:  63.44 fackACC: 60.3 legACC: 69.4 | time: 0.0529s
Epoch: 0029 | loss: 0.1333 | loss: 0.7736 Ac:  63.80 fackACC: 60.1 legACC: 71.7 | time: 0.1361s
                                                                  | loss: 0.7980 Ac:  63.28 fackACC: 60.0 legACC: 69.7 | time: 0.0534s
Epoch: 0030 | loss: 0.1102 | loss: 0.8100 Ac:  63.50 fackACC: 59.8 legACC: 71.7 | time: 0.1365s
                                                                  | loss: 0.8339 Ac:  63.18 fackACC: 59.8 legACC: 70.0 | time: 0.0536s
Epoch: 0031 | loss: 0.1985 | loss: 0.8211 Ac:  63.00 fackACC: 59.1 legACC: 72.9 | time: 0.1356s
                                                                  | loss: 0.8460 Ac:  62.48 fackACC: 59.0 legACC: 70.4 | time: 0.0536s
Epoch: 0032 | loss: 0.0813 | loss: 0.8283 Ac:  63.00 fackACC: 59.0 legACC: 73.4 | time: 0.1344s
                                                                  | loss: 0.8542 Ac:  62.43 fackACC: 58.8 legACC: 71.0 | time: 0.0536s
Epoch: 0033 | loss: 0.0785 | loss: 0.8339 Ac:  63.20 fackACC: 59.1 legACC: 74.1 | time: 0.1336s
                                                                  | loss: 0.8609 Ac:  62.46 fackACC: 58.9 legACC: 71.0 | time: 0.0536s
Epoch: 0034 | loss: 0.1695 | loss: 0.8059 Ac:  63.30 fackACC: 59.4 legACC: 72.7 | time: 0.1337s
                                                                  | loss: 0.8354 Ac:  62.53 fackACC: 59.1 legACC: 70.0 | time: 0.0538s
Epoch: 0035 | loss: 0.1030 | loss: 0.8070 Ac:  63.80 fackACC: 60.1 legACC: 72.0 | time: 0.1353s
                                                                  | loss: 0.8371 Ac:  62.91 fackACC: 59.6 legACC: 69.6 | time: 0.0536s
Epoch: 0036 | loss: 0.1763 | loss: 0.7386 Ac:  64.20 fackACC: 61.2 legACC: 69.5 | time: 0.1338s
                                                                  | loss: 0.7696 Ac:  63.50 fackACC: 60.9 legACC: 67.7 | time: 0.0536s
Epoch: 0037 | loss: 0.1537 | loss: 0.6993 Ac:  64.60 fackACC: 62.3 legACC: 67.9 | time: 0.1332s
                                                                  | loss: 0.7252 Ac:  63.54 fackACC: 61.8 legACC: 65.8 | time: 0.0536s
Epoch: 0038 | loss: 0.1100 | loss: 0.6849 Ac:  64.10 fackACC: 62.6 legACC: 66.1 | time: 0.1464s
                                                                  | loss: 0.7078 Ac:  63.96 fackACC: 63.0 legACC: 65.0 | time: 0.0536s
Epoch: 0039 | loss: 0.0994 | loss: 0.6772 Ac:  64.30 fackACC: 63.5 legACC: 65.2 | time: 0.1361s
                                                                  | loss: 0.7020 Ac:  63.85 fackACC: 63.6 legACC: 64.1 | time: 0.0564s
Epoch: 0040 | loss: 0.1434 | loss: 0.6724 Ac:  63.60 fackACC: 64.9 legACC: 62.5 | time: 0.1349s
                                                                  | loss: 0.7000 Ac:  62.75 fackACC: 65.0 legACC: 61.1 | time: 0.0538s
Epoch: 0041 | loss: 0.1114 | loss: 0.6718 Ac:  64.10 fackACC: 65.9 legACC: 62.7 | time: 0.1437s
                                                                  | loss: 0.7011 Ac:  62.70 fackACC: 65.4 legACC: 60.8 | time: 0.0549s
Epoch: 0042 | loss: 0.1677 | loss: 0.6715 Ac:  63.90 fackACC: 65.6 legACC: 62.5 | time: 0.1348s
                                                                  | loss: 0.6999 Ac:  62.70 fackACC: 65.4 legACC: 60.8 | time: 0.0553s
Epoch: 0043 | loss: 0.1445 | loss: 0.6714 Ac:  64.00 fackACC: 65.4 legACC: 62.8 | time: 0.1368s
                                                                  | loss: 0.6987 Ac:  62.62 fackACC: 65.0 legACC: 60.9 | time: 0.0537s
Epoch: 0044 | loss: 0.0964 | loss: 0.6707 Ac:  64.60 fackACC: 63.9 legACC: 65.3 | time: 0.1352s
                                                                  | loss: 0.6968 Ac:  64.14 fackACC: 64.1 legACC: 64.2 | time: 0.0539s
Epoch: 0045 | loss: 0.1215 | loss: 0.6708 Ac:  64.40 fackACC: 63.1 legACC: 65.9 | time: 0.1359s
                                                                  | loss: 0.6959 Ac:  64.23 fackACC: 63.6 legACC: 64.9 | time: 0.0537s
Epoch: 0046 | loss: 0.1125 | loss: 0.6734 Ac:  64.00 fackACC: 62.1 legACC: 66.7 | time: 0.1356s
                                                                  | loss: 0.6965 Ac:  63.88 fackACC: 62.5 legACC: 65.7 | time: 0.0535s
Epoch: 0047 | loss: 0.1220 | loss: 0.6800 Ac:  64.20 fackACC: 61.6 legACC: 68.3 | time: 0.1369s
                                                                  | loss: 0.7010 Ac:  63.34 fackACC: 61.2 legACC: 66.5 | time: 0.0535s
Epoch: 0048 | loss: 0.0763 | loss: 0.6914 Ac:  63.70 fackACC: 60.5 legACC: 69.6 | time: 0.1333s
                                                                  | loss: 0.7104 Ac:  63.00 fackACC: 60.3 legACC: 67.7 | time: 0.0538s
Epoch: 0049 | loss: 0.1030 | loss: 0.7045 Ac:  64.00 fackACC: 60.3 legACC: 71.7 | time: 0.1334s
                                                                  | loss: 0.7220 Ac:  62.60 fackACC: 59.6 legACC: 68.5 | time: 0.0537s
Epoch: 0050 | loss: 0.1042 | loss: 0.7158 Ac:  64.00 fackACC: 60.2 legACC: 72.4 | time: 0.1331s
                                                                  | loss: 0.7326 Ac:  62.52 fackACC: 59.3 legACC: 69.1 | time: 0.0536s
Epoch: 0051 | loss: 0.1349 | loss: 0.7214 Ac:  64.00 fackACC: 60.1 legACC: 72.9 | time: 0.1334s
                                                                  | loss: 0.7386 Ac:  62.47 fackACC: 59.2 legACC: 69.3 | time: 0.0536s
Epoch: 0052 | loss: 0.1037 | loss: 0.7267 Ac:  63.90 fackACC: 60.0 legACC: 72.9 | time: 0.1358s
                                                                  | loss: 0.7443 Ac:  62.53 fackACC: 59.2 legACC: 69.5 | time: 0.0535s
Epoch: 0053 | loss: 0.1600 | loss: 0.7298 Ac:  63.80 fackACC: 59.9 legACC: 72.5 | time: 0.1346s
                                                                  | loss: 0.7469 Ac:  62.48 fackACC: 59.2 legACC: 69.2 | time: 0.0542s
Epoch: 0054 | loss: 0.1026 | loss: 0.7340 Ac:  63.70 fackACC: 59.9 legACC: 72.3 | time: 0.1446s
                                                                  | loss: 0.7499 Ac:  62.50 fackACC: 59.3 legACC: 69.1 | time: 0.0540s
Epoch: 0055 | loss: 0.0755 | loss: 0.7392 Ac:  64.20 fackACC: 60.3 legACC: 72.6 | time: 0.1344s
                                                                  | loss: 0.7529 Ac:  62.50 fackACC: 59.4 legACC: 68.8 | time: 0.0538s
Epoch: 0056 | loss: 0.0928 | loss: 0.7465 Ac:  63.90 fackACC: 60.2 legACC: 71.8 | time: 0.1369s
                                                                  | loss: 0.7580 Ac:  62.65 fackACC: 59.5 legACC: 68.8 | time: 0.0540s
Epoch: 0057 | loss: 0.0817 | loss: 0.7695 Ac:  64.60 fackACC: 60.8 legACC: 72.4 | time: 0.1421s
                                                                  | loss: 0.7740 Ac:  62.53 fackACC: 59.5 legACC: 68.4 | time: 0.0548s
Epoch: 0058 | loss: 0.1446 | loss: 0.7780 Ac:  64.40 fackACC: 60.7 legACC: 72.0 | time: 0.1385s
                                                                  | loss: 0.7801 Ac:  62.57 fackACC: 59.5 legACC: 68.4 | time: 0.0543s
Epoch: 0059 | loss: 0.1277 | loss: 0.7943 Ac:  64.50 fackACC: 60.8 legACC: 71.9 | time: 0.1352s
                                                                  | loss: 0.7930 Ac:  62.48 fackACC: 59.5 legACC: 68.1 | time: 0.0540s
Epoch: 0060 | loss: 0.1506 | loss: 0.8059 Ac:  64.20 fackACC: 60.7 legACC: 71.1 | time: 0.1369s
                                                                  | loss: 0.8024 Ac:  62.57 fackACC: 59.7 legACC: 67.9 | time: 0.0542s
Epoch: 0061 | loss: 0.0715 | loss: 0.8244 Ac:  64.00 fackACC: 60.7 legACC: 70.3 | time: 0.1383s
                                                                  | loss: 0.8183 Ac:  62.72 fackACC: 59.9 legACC: 67.8 | time: 0.0549s
Epoch: 0062 | loss: 0.0772 | loss: 0.8416 Ac:  64.10 fackACC: 60.9 legACC: 70.0 | time: 0.1367s
                                                                  | loss: 0.8345 Ac:  62.95 fackACC: 60.2 legACC: 67.6 | time: 0.0535s
Epoch: 0063 | loss: 0.2288 | loss: 0.8318 Ac:  64.20 fackACC: 61.1 legACC: 69.7 | time: 0.1351s
                                                                  | loss: 0.8229 Ac:  63.33 fackACC: 60.7 legACC: 67.6 | time: 0.0536s
Epoch: 0064 | loss: 0.0621 | loss: 0.8252 Ac:  64.30 fackACC: 61.2 legACC: 69.7 | time: 0.1394s
                                                                  | loss: 0.8150 Ac:  63.34 fackACC: 60.8 legACC: 67.5 | time: 0.0537s
Epoch: 0065 | loss: 0.0890 | loss: 0.8212 Ac:  64.00 fackACC: 60.9 legACC: 69.4 | time: 0.1358s
                                                                  | loss: 0.8094 Ac:  63.30 fackACC: 60.7 legACC: 67.5 | time: 0.0537s
Epoch: 0066 | loss: 0.1245 | loss: 0.8188 Ac:  64.10 fackACC: 61.0 legACC: 69.5 | time: 0.1358s
                                                                  | loss: 0.8058 Ac:  63.23 fackACC: 60.7 legACC: 67.4 | time: 0.0537s
Epoch: 0067 | loss: 0.1151 | loss: 0.8197 Ac:  64.00 fackACC: 60.9 legACC: 69.4 | time: 0.1332s
                                                                  | loss: 0.8057 Ac:  63.07 fackACC: 60.5 legACC: 67.4 | time: 0.0537s
Epoch: 0068 | loss: 0.0983 | loss: 0.8299 Ac:  63.90 fackACC: 60.8 legACC: 69.5 | time: 0.1336s
                                                                  | loss: 0.8141 Ac:  62.90 fackACC: 60.2 legACC: 67.5 | time: 0.0536s
Epoch: 0069 | loss: 0.0986 | loss: 0.8391 Ac:  64.00 fackACC: 60.8 legACC: 69.9 | time: 0.1335s
                                                                  | loss: 0.8220 Ac:  62.76 fackACC: 60.0 legACC: 67.5 | time: 0.0536s
Epoch: 0070 | loss: 0.0892 | loss: 0.8550 Ac:  64.10 fackACC: 60.8 legACC: 70.2 | time: 0.1343s
                                                                  | loss: 0.8374 Ac:  62.59 fackACC: 59.8 legACC: 67.7 | time: 0.0537s
Epoch: 0071 | loss: 0.0996 | loss: 0.8691 Ac:  64.00 fackACC: 60.7 legACC: 70.3 | time: 0.1363s
                                                                  | loss: 0.8520 Ac:  62.70 fackACC: 59.8 legACC: 68.0 | time: 0.0536s
Epoch: 0072 | loss: 0.0884 | loss: 0.8827 Ac:  64.00 fackACC: 60.4 legACC: 71.2 | time: 0.1336s
                                                                  | loss: 0.8653 Ac:  62.73 fackACC: 59.6 legACC: 68.7 | time: 0.0536s
Epoch: 0073 | loss: 0.1636 | loss: 0.8736 Ac:  63.90 fackACC: 60.1 legACC: 72.5 | time: 0.1334s
                                                                  | loss: 0.8548 Ac:  62.80 fackACC: 59.5 legACC: 69.5 | time: 0.0535s
Epoch: 0074 | loss: 0.1052 | loss: 0.8621 Ac:  63.60 fackACC: 59.7 legACC: 73.0 | time: 0.1337s
                                                                  | loss: 0.8443 Ac:  62.66 fackACC: 59.3 legACC: 70.0 | time: 0.0536s
Epoch: 0075 | loss: 0.0985 | loss: 0.8446 Ac:  63.60 fackACC: 59.6 legACC: 73.3 | time: 0.1362s
                                                                  | loss: 0.8324 Ac:  62.51 fackACC: 59.1 legACC: 70.2 | time: 0.0535s
Epoch: 0076 | loss: 0.0936 | loss: 0.8412 Ac:  63.10 fackACC: 59.2 legACC: 73.0 | time: 0.1335s
                                                                  | loss: 0.8315 Ac:  62.49 fackACC: 58.9 legACC: 70.8 | time: 0.0535s
Epoch: 0077 | loss: 0.0928 | loss: 0.8348 Ac:  63.30 fackACC: 59.2 legACC: 73.7 | time: 0.1358s
                                                                  | loss: 0.8278 Ac:  62.48 fackACC: 58.9 legACC: 70.9 | time: 0.0535s
Epoch: 0078 | loss: 0.1367 | loss: 0.8235 Ac:  63.30 fackACC: 59.3 legACC: 73.5 | time: 0.1330s
                                                                  | loss: 0.8190 Ac:  62.46 fackACC: 58.9 legACC: 70.8 | time: 0.0535s
Epoch: 0079 | loss: 0.1197 | loss: 0.8135 Ac:  63.20 fackACC: 59.2 legACC: 73.1 | time: 0.1335s
                                                                  | loss: 0.8115 Ac:  62.56 fackACC: 59.0 legACC: 70.6 | time: 0.0535s
Epoch: 0080 | loss: 0.1165 | loss: 0.8030 Ac:  63.80 fackACC: 59.8 legACC: 73.5 | time: 0.1332s
                                                                  | loss: 0.8031 Ac:  62.50 fackACC: 59.1 legACC: 69.9 | time: 0.0567s
Epoch: 0081 | loss: 0.0642 | loss: 0.7920 Ac:  63.70 fackACC: 59.8 legACC: 72.6 | time: 0.1346s
                                                                  | loss: 0.7941 Ac:  62.73 fackACC: 59.4 legACC: 69.7 | time: 0.0536s
Epoch: 0082 | loss: 0.1070 | loss: 0.7794 Ac:  64.40 fackACC: 60.8 legACC: 71.7 | time: 0.1358s
                                                                  | loss: 0.7830 Ac:  62.58 fackACC: 59.5 legACC: 68.5 | time: 0.0536s
Epoch: 0083 | loss: 0.0951 | loss: 0.7717 Ac:  64.50 fackACC: 61.1 legACC: 70.9 | time: 0.1333s
                                                                  | loss: 0.7762 Ac:  62.90 fackACC: 60.0 legACC: 68.0 | time: 0.0536s
Epoch: 0084 | loss: 0.1226 | loss: 0.7630 Ac:  64.30 fackACC: 61.2 legACC: 69.8 | time: 0.1365s
                                                                  | loss: 0.7689 Ac:  63.12 fackACC: 60.5 legACC: 67.4 | time: 0.0537s
Epoch: 0085 | loss: 0.1117 | loss: 0.7498 Ac:  64.40 fackACC: 61.4 legACC: 69.6 | time: 0.1350s
                                                                  | loss: 0.7585 Ac:  63.18 fackACC: 60.7 legACC: 67.2 | time: 0.0536s
Epoch: 0086 | loss: 0.1188 | loss: 0.7388 Ac:  64.10 fackACC: 61.3 legACC: 68.8 | time: 0.1338s
                                                                  | loss: 0.7497 Ac:  63.14 fackACC: 60.9 legACC: 66.5 | time: 0.0536s
Epoch: 0087 | loss: 0.1081 | loss: 0.7331 Ac:  64.10 fackACC: 61.5 legACC: 68.3 | time: 0.1359s
                                                                  | loss: 0.7453 Ac:  63.30 fackACC: 61.2 legACC: 66.4 | time: 0.0538s
Epoch: 0088 | loss: 0.1395 | loss: 0.7310 Ac:  64.20 fackACC: 61.5 legACC: 68.6 | time: 0.1349s
                                                                  | loss: 0.7438 Ac:  63.25 fackACC: 61.1 legACC: 66.4 | time: 0.0537s
Epoch: 0089 | loss: 0.0792 | loss: 0.7305 Ac:  64.10 fackACC: 61.5 legACC: 68.3 | time: 0.1331s
                                                                  | loss: 0.7440 Ac:  63.24 fackACC: 61.1 legACC: 66.4 | time: 0.0537s
Epoch: 0090 | loss: 0.0782 | loss: 0.7305 Ac:  63.80 fackACC: 61.4 legACC: 67.5 | time: 0.1352s
                                                                  | loss: 0.7448 Ac:  63.45 fackACC: 61.5 legACC: 66.2 | time: 0.0537s
Epoch: 0091 | loss: 0.1204 | loss: 0.7314 Ac:  63.70 fackACC: 61.6 legACC: 66.8 | time: 0.1334s
                                                                  | loss: 0.7463 Ac:  63.77 fackACC: 61.9 legACC: 66.3 | time: 0.0540s
Epoch: 0092 | loss: 0.0986 | loss: 0.7376 Ac:  63.40 fackACC: 61.5 legACC: 66.0 | time: 0.1348s
                                                                  | loss: 0.7523 Ac:  63.93 fackACC: 62.4 legACC: 65.9 | time: 0.0537s
Epoch: 0093 | loss: 0.0839 | loss: 0.7446 Ac:  63.60 fackACC: 61.9 legACC: 65.9 | time: 0.1357s
                                                                  | loss: 0.7587 Ac:  63.76 fackACC: 62.5 legACC: 65.3 | time: 0.0536s
Epoch: 0094 | loss: 0.0923 | loss: 0.7529 Ac:  63.80 fackACC: 62.3 legACC: 65.7 | time: 0.1333s
                                                                  | loss: 0.7665 Ac:  63.97 fackACC: 63.0 legACC: 65.1 | time: 0.0536s
Epoch: 0095 | loss: 0.0903 | loss: 0.7608 Ac:  64.00 fackACC: 62.8 legACC: 65.5 | time: 0.1357s
                                                                  | loss: 0.7736 Ac:  63.69 fackACC: 63.1 legACC: 64.4 | time: 0.0536s
Epoch: 0096 | loss: 0.1027 | loss: 0.7693 Ac:  63.80 fackACC: 62.5 legACC: 65.3 | time: 0.1367s
                                                                  | loss: 0.7802 Ac:  63.79 fackACC: 63.1 legACC: 64.6 | time: 0.0537s
Epoch: 0097 | loss: 0.0970 | loss: 0.7781 Ac:  64.00 fackACC: 62.5 legACC: 65.8 | time: 0.1359s
                                                                  | loss: 0.7875 Ac:  63.87 fackACC: 63.0 legACC: 64.8 | time: 0.0537s
Epoch: 0098 | loss: 0.1338 | loss: 0.7814 Ac:  64.10 fackACC: 62.9 legACC: 65.5 | time: 0.1361s
                                                                  | loss: 0.7905 Ac:  63.64 fackACC: 63.0 legACC: 64.3 | time: 0.0535s
Epoch: 0099 | loss: 0.0869 | loss: 0.7852 Ac:  64.30 fackACC: 63.6 legACC: 65.1 | time: 0.1334s
                                                                  | loss: 0.7940 Ac:  63.56 fackACC: 63.3 legACC: 63.8 | time: 0.0537s
Epoch: 0100 | loss: 0.1207 | loss: 0.7897 Ac:  65.10 fackACC: 65.1 legACC: 65.1 | time: 0.1359s
                                                                  | loss: 0.7978 Ac:  63.46 fackACC: 63.7 legACC: 63.2 | time: 0.0536s
Epoch: 0101 | loss: 0.0914 | loss: 0.7971 Ac:  65.10 fackACC: 65.6 legACC: 64.7 | time: 0.1372s
                                                                  | loss: 0.8048 Ac:  63.42 fackACC: 64.1 legACC: 62.8 | time: 0.0533s
Epoch: 0102 | loss: 0.0792 | loss: 0.8044 Ac:  64.90 fackACC: 65.4 legACC: 64.4 | time: 0.1346s
                                                                  | loss: 0.8117 Ac:  63.36 fackACC: 64.3 legACC: 62.6 | time: 0.0538s
Epoch: 0103 | loss: 0.1681 | loss: 0.7988 Ac:  64.70 fackACC: 65.5 legACC: 63.9 | time: 0.1335s
                                                                  | loss: 0.8067 Ac:  63.09 fackACC: 64.3 legACC: 62.0 | time: 0.0538s
Epoch: 0104 | loss: 0.0940 | loss: 0.7961 Ac:  64.50 fackACC: 65.5 legACC: 63.7 | time: 0.1358s
                                                                  | loss: 0.8046 Ac:  62.99 fackACC: 64.4 legACC: 61.8 | time: 0.0537s
Epoch: 0105 | loss: 0.1420 | loss: 0.7915 Ac:  64.50 fackACC: 65.5 legACC: 63.7 | time: 0.1358s
                                                                  | loss: 0.8007 Ac:  63.00 fackACC: 64.5 legACC: 61.8 | time: 0.0537s
Epoch: 0106 | loss: 0.0788 | loss: 0.7874 Ac:  64.60 fackACC: 65.6 legACC: 63.7 | time: 0.1334s
                                                                  | loss: 0.7972 Ac:  63.07 fackACC: 64.6 legACC: 61.9 | time: 0.0541s
Epoch: 0107 | loss: 0.0856 | loss: 0.7814 Ac:  64.60 fackACC: 65.5 legACC: 63.8 | time: 0.1357s
                                                                  | loss: 0.7922 Ac:  63.10 fackACC: 64.5 legACC: 61.9 | time: 0.0537s
Epoch: 0108 | loss: 0.1156 | loss: 0.7788 Ac:  63.60 fackACC: 67.1 legACC: 61.3 | time: 0.1371s
                                                                  | loss: 0.7904 Ac:  61.93 fackACC: 65.9 legACC: 59.6 | time: 0.0537s
Epoch: 0109 | loss: 0.1145 | loss: 0.7767 Ac:  63.30 fackACC: 66.9 legACC: 61.0 | time: 0.1358s
                                                                  | loss: 0.7890 Ac:  61.83 fackACC: 65.9 legACC: 59.4 | time: 0.0536s
Epoch: 0110 | loss: 0.1341 | loss: 0.7731 Ac:  64.30 fackACC: 67.3 legACC: 62.2 | time: 0.1334s
                                                                  | loss: 0.7847 Ac:  62.32 fackACC: 65.8 legACC: 60.1 | time: 0.0536s
Epoch: 0111 | loss: 0.0875 | loss: 0.7712 Ac:  65.30 fackACC: 65.6 legACC: 65.0 | time: 0.1339s
                                                                  | loss: 0.7816 Ac:  63.30 fackACC: 64.1 legACC: 62.6 | time: 0.0537s
Epoch: 0112 | loss: 0.1243 | loss: 0.7704 Ac:  64.60 fackACC: 64.3 legACC: 65.0 | time: 0.1396s
                                                                  | loss: 0.7794 Ac:  63.33 fackACC: 63.4 legACC: 63.3 | time: 0.0529s
Epoch: 0113 | loss: 0.1321 | loss: 0.7670 Ac:  64.80 fackACC: 63.7 legACC: 66.1 | time: 0.1361s
                                                                  | loss: 0.7760 Ac:  63.67 fackACC: 63.2 legACC: 64.2 | time: 0.0536s
Epoch: 0114 | loss: 0.1001 | loss: 0.7679 Ac:  63.80 fackACC: 62.1 legACC: 66.0 | time: 0.1334s
                                                                  | loss: 0.7760 Ac:  63.64 fackACC: 62.5 legACC: 65.1 | time: 0.0536s
Epoch: 0115 | loss: 0.0825 | loss: 0.7744 Ac:  64.10 fackACC: 61.5 legACC: 68.1 | time: 0.1333s
                                                                  | loss: 0.7809 Ac:  63.23 fackACC: 61.2 legACC: 66.2 | time: 0.0538s
Epoch: 0116 | loss: 0.0822 | loss: 0.7893 Ac:  63.90 fackACC: 60.9 legACC: 69.3 | time: 0.1333s
                                                                  | loss: 0.7935 Ac:  63.08 fackACC: 60.3 legACC: 67.8 | time: 0.0535s
Epoch: 0117 | loss: 0.0610 | loss: 0.8084 Ac:  64.10 fackACC: 60.6 legACC: 71.2 | time: 0.1336s
                                                                  | loss: 0.8105 Ac:  62.76 fackACC: 59.7 legACC: 68.7 | time: 0.0536s
Epoch: 0118 | loss: 0.1171 | loss: 0.8269 Ac:  63.50 fackACC: 59.7 legACC: 72.4 | time: 0.1335s
                                                                  | loss: 0.8274 Ac:  62.71 fackACC: 59.3 legACC: 69.9 | time: 0.0536s
Epoch: 0119 | loss: 0.0590 | loss: 0.8441 Ac:  63.20 fackACC: 59.2 legACC: 73.1 | time: 0.1332s
                                                                  | loss: 0.8424 Ac:  62.52 fackACC: 59.0 legACC: 70.6 | time: 0.0535s
Epoch: 0120 | loss: 0.0970 | loss: 0.8604 Ac:  63.10 fackACC: 59.1 legACC: 73.3 | time: 0.1337s
                                                                  | loss: 0.8557 Ac:  62.43 fackACC: 58.9 legACC: 70.8 | time: 0.0534s
Epoch: 0121 | loss: 0.1320 | loss: 0.8678 Ac:  63.30 fackACC: 59.3 legACC: 73.2 | time: 0.1336s
                                                                  | loss: 0.8614 Ac:  62.54 fackACC: 59.0 legACC: 70.7 | time: 0.0535s
Epoch: 0122 | loss: 0.1090 | loss: 0.8729 Ac:  63.60 fackACC: 59.6 legACC: 73.3 | time: 0.1335s
                                                                  | loss: 0.8642 Ac:  62.59 fackACC: 59.1 legACC: 70.2 | time: 0.0535s
Epoch: 0123 | loss: 0.1541 | loss: 0.8444 Ac:  63.10 fackACC: 59.6 legACC: 70.7 | time: 0.1337s
                                                                  | loss: 0.8358 Ac:  62.52 fackACC: 59.3 legACC: 69.0 | time: 0.0537s
Epoch: 0124 | loss: 0.0557 | loss: 0.8210 Ac:  63.90 fackACC: 60.6 legACC: 70.0 | time: 0.1336s
                                                                  | loss: 0.8129 Ac:  62.79 fackACC: 59.9 legACC: 68.0 | time: 0.0535s
Epoch: 0125 | loss: 0.0872 | loss: 0.8019 Ac:  63.60 fackACC: 60.8 legACC: 68.3 | time: 0.1333s
                                                                  | loss: 0.7951 Ac:  63.06 fackACC: 60.6 legACC: 67.0 | time: 0.0538s
Epoch: 0126 | loss: 0.1416 | loss: 0.7700 Ac:  63.60 fackACC: 61.4 legACC: 66.8 | time: 0.1384s
                                                                  | loss: 0.7703 Ac:  63.12 fackACC: 61.3 legACC: 65.7 | time: 0.0536s
Epoch: 0127 | loss: 0.0855 | loss: 0.7414 Ac:  63.70 fackACC: 62.0 legACC: 66.0 | time: 0.1336s
                                                                  | loss: 0.7474 Ac:  63.37 fackACC: 62.1 legACC: 65.0 | time: 0.0537s
Epoch: 0128 | loss: 0.0772 | loss: 0.7205 Ac:  63.60 fackACC: 62.2 legACC: 65.4 | time: 0.1356s
                                                                  | loss: 0.7297 Ac:  63.40 fackACC: 62.5 legACC: 64.4 | time: 0.0539s
Epoch: 0129 | loss: 0.0578 | loss: 0.7108 Ac:  64.10 fackACC: 62.9 legACC: 65.5 | time: 0.1332s
                                                                  | loss: 0.7205 Ac:  63.57 fackACC: 62.9 legACC: 64.3 | time: 0.0540s
Epoch: 0130 | loss: 0.0814 | loss: 0.7047 Ac:  64.10 fackACC: 63.0 legACC: 65.4 | time: 0.1340s
                                                                  | loss: 0.7158 Ac:  63.48 fackACC: 62.9 legACC: 64.1 | time: 0.0551s
Epoch: 0131 | loss: 0.1212 | loss: 0.7014 Ac:  64.10 fackACC: 63.0 legACC: 65.4 | time: 0.1337s
                                                                  | loss: 0.7135 Ac:  63.53 fackACC: 62.9 legACC: 64.2 | time: 0.0537s
Epoch: 0132 | loss: 0.0757 | loss: 0.6995 Ac:  63.70 fackACC: 62.6 legACC: 65.1 | time: 0.1337s
                                                                  | loss: 0.7120 Ac:  63.58 fackACC: 62.9 legACC: 64.3 | time: 0.0537s
Epoch: 0133 | loss: 0.1004 | loss: 0.6988 Ac:  63.60 fackACC: 62.3 legACC: 65.2 | time: 0.1336s
                                                                  | loss: 0.7109 Ac:  63.39 fackACC: 62.5 legACC: 64.4 | time: 0.0537s
Epoch: 0134 | loss: 0.1307 | loss: 0.6994 Ac:  63.40 fackACC: 61.8 legACC: 65.6 | time: 0.1337s
                                                                  | loss: 0.7102 Ac:  63.36 fackACC: 62.1 legACC: 64.9 | time: 0.0537s
Epoch: 0135 | loss: 0.0776 | loss: 0.7016 Ac:  63.50 fackACC: 61.5 legACC: 66.4 | time: 0.1333s
                                                                  | loss: 0.7109 Ac:  63.16 fackACC: 61.4 legACC: 65.5 | time: 0.0536s
Epoch: 0136 | loss: 0.1012 | loss: 0.7065 Ac:  63.70 fackACC: 61.2 legACC: 67.6 | time: 0.1351s
                                                                  | loss: 0.7137 Ac:  63.09 fackACC: 60.9 legACC: 66.4 | time: 0.0537s
Epoch: 0137 | loss: 0.0845 | loss: 0.7126 Ac:  63.20 fackACC: 60.5 legACC: 67.8 | time: 0.1339s
                                                                  | loss: 0.7181 Ac:  62.88 fackACC: 60.3 legACC: 67.1 | time: 0.0537s
Epoch: 0138 | loss: 0.0878 | loss: 0.7234 Ac:  63.90 fackACC: 60.7 legACC: 69.8 | time: 0.1338s
                                                                  | loss: 0.7265 Ac:  62.86 fackACC: 60.0 legACC: 68.1 | time: 0.0536s
Epoch: 0139 | loss: 0.1032 | loss: 0.7367 Ac:  63.30 fackACC: 59.9 legACC: 70.2 | time: 0.1334s
                                                                  | loss: 0.7370 Ac:  62.79 fackACC: 59.6 legACC: 69.0 | time: 0.0537s
Epoch: 0140 | loss: 0.0865 | loss: 0.7503 Ac:  63.10 fackACC: 59.5 legACC: 71.2 | time: 0.1335s
                                                                  | loss: 0.7479 Ac:  62.68 fackACC: 59.3 legACC: 69.7 | time: 0.0537s
Epoch: 0141 | loss: 0.0673 | loss: 0.7654 Ac:  62.90 fackACC: 59.1 legACC: 72.0 | time: 0.1358s
                                                                  | loss: 0.7595 Ac:  62.52 fackACC: 59.1 legACC: 70.3 | time: 0.0537s
Epoch: 0142 | loss: 0.1112 | loss: 0.7764 Ac:  63.10 fackACC: 59.2 legACC: 73.0 | time: 0.1350s
                                                                  | loss: 0.7672 Ac:  62.49 fackACC: 59.0 legACC: 70.6 | time: 0.0536s
Epoch: 0143 | loss: 0.0858 | loss: 0.7881 Ac:  62.90 fackACC: 58.9 legACC: 73.3 | time: 0.1336s
                                                                  | loss: 0.7764 Ac:  62.46 fackACC: 58.8 legACC: 71.2 | time: 0.0535s
Epoch: 0144 | loss: 0.1101 | loss: 0.7936 Ac:  62.80 fackACC: 58.8 legACC: 73.2 | time: 0.1345s
                                                                  | loss: 0.7799 Ac:  62.48 fackACC: 58.8 legACC: 71.2 | time: 0.0534s
Epoch: 0145 | loss: 0.0719 | loss: 0.7973 Ac:  62.70 fackACC: 58.8 legACC: 72.9 | time: 0.1332s
                                                                  | loss: 0.7809 Ac:  62.48 fackACC: 58.9 legACC: 71.1 | time: 0.0536s
Epoch: 0146 | loss: 0.0734 | loss: 0.8074 Ac:  63.00 fackACC: 59.0 legACC: 73.7 | time: 0.1357s
                                                                  | loss: 0.7880 Ac:  62.46 fackACC: 58.8 legACC: 71.4 | time: 0.0534s
Epoch: 0147 | loss: 0.1060 | loss: 0.8097 Ac:  62.80 fackACC: 58.8 legACC: 73.2 | time: 0.1334s
                                                                  | loss: 0.7880 Ac:  62.50 fackACC: 58.9 legACC: 71.2 | time: 0.0538s
Epoch: 0148 | loss: 0.1515 | loss: 0.8067 Ac:  63.00 fackACC: 59.1 legACC: 72.7 | time: 0.1365s
                                                                  | loss: 0.7835 Ac:  62.48 fackACC: 59.0 legACC: 70.5 | time: 0.0536s
Epoch: 0149 | loss: 0.0965 | loss: 0.8052 Ac:  63.00 fackACC: 59.3 legACC: 71.7 | time: 0.1328s
                                                                  | loss: 0.7804 Ac:  62.65 fackACC: 59.2 legACC: 70.1 | time: 0.0535s
Epoch: 0150 | loss: 0.0673 | loss: 0.8062 Ac:  63.40 fackACC: 59.7 legACC: 71.9 | time: 0.1337s
                                                                  | loss: 0.7792 Ac:  62.72 fackACC: 59.4 legACC: 69.9 | time: 0.0535s
Epoch: 0151 | loss: 0.0631 | loss: 0.8052 Ac:  63.10 fackACC: 59.7 legACC: 70.3 | time: 0.1337s
                                                                  | loss: 0.7760 Ac:  62.61 fackACC: 59.5 legACC: 68.9 | time: 0.0536s
Epoch: 0152 | loss: 0.0981 | loss: 0.8031 Ac:  64.00 fackACC: 60.7 legACC: 70.2 | time: 0.1362s
                                                                  | loss: 0.7720 Ac:  62.81 fackACC: 59.9 legACC: 68.2 | time: 0.0537s
Epoch: 0153 | loss: 0.0803 | loss: 0.8049 Ac:  63.70 fackACC: 60.7 legACC: 69.2 | time: 0.1333s
                                                                  | loss: 0.7722 Ac:  63.07 fackACC: 60.3 legACC: 67.7 | time: 0.0537s
Epoch: 0154 | loss: 0.0630 | loss: 0.8069 Ac:  63.50 fackACC: 60.8 legACC: 67.9 | time: 0.1347s
                                                                  | loss: 0.7730 Ac:  62.99 fackACC: 60.7 legACC: 66.6 | time: 0.0537s
Epoch: 0155 | loss: 0.1323 | loss: 0.8150 Ac:  63.60 fackACC: 61.0 legACC: 67.9 | time: 0.1331s
                                                                  | loss: 0.7799 Ac:  63.07 fackACC: 60.8 legACC: 66.6 | time: 0.0537s
Epoch: 0156 | loss: 0.1188 | loss: 0.8149 Ac:  63.70 fackACC: 61.0 legACC: 68.3 | time: 0.1354s
                                                                  | loss: 0.7793 Ac:  63.05 fackACC: 60.7 legACC: 66.8 | time: 0.0536s
Epoch: 0157 | loss: 0.1631 | loss: 0.8144 Ac:  63.80 fackACC: 61.0 legACC: 68.4 | time: 0.1343s
                                                                  | loss: 0.7786 Ac:  63.07 fackACC: 60.7 legACC: 66.8 | time: 0.0535s
Epoch: 0158 | loss: 0.1457 | loss: 0.8208 Ac:  64.10 fackACC: 61.2 legACC: 69.1 | time: 0.1333s
                                                                  | loss: 0.7839 Ac:  63.07 fackACC: 60.6 legACC: 67.1 | time: 0.0542s
Epoch: 0159 | loss: 0.0897 | loss: 0.8287 Ac:  64.10 fackACC: 61.1 legACC: 69.3 | time: 0.1355s
                                                                  | loss: 0.7906 Ac:  63.00 fackACC: 60.4 legACC: 67.3 | time: 0.0536s
Epoch: 0160 | loss: 0.0783 | loss: 0.8375 Ac:  64.10 fackACC: 61.0 legACC: 69.6 | time: 0.1331s
                                                                  | loss: 0.7984 Ac:  62.98 fackACC: 60.3 legACC: 67.7 | time: 0.0535s
Epoch: 0161 | loss: 0.1109 | loss: 0.8430 Ac:  64.10 fackACC: 60.8 legACC: 70.4 | time: 0.1343s
                                                                  | loss: 0.8031 Ac:  62.81 fackACC: 59.9 legACC: 68.2 | time: 0.0536s
Epoch: 0162 | loss: 0.0791 | loss: 0.8500 Ac:  63.40 fackACC: 60.1 legACC: 70.1 | time: 0.1359s
                                                                  | loss: 0.8093 Ac:  62.78 fackACC: 59.7 legACC: 68.8 | time: 0.0554s
Epoch: 0163 | loss: 0.0961 | loss: 0.8613 Ac:  63.60 fackACC: 59.9 legACC: 71.9 | time: 0.1332s
                                                                  | loss: 0.8196 Ac:  62.69 fackACC: 59.4 legACC: 69.7 | time: 0.0536s
Epoch: 0164 | loss: 0.1068 | loss: 0.8674 Ac:  63.30 fackACC: 59.6 legACC: 71.8 | time: 0.1350s
                                                                  | loss: 0.8251 Ac:  62.67 fackACC: 59.3 legACC: 70.0 | time: 0.0535s
Epoch: 0165 | loss: 0.1001 | loss: 0.8762 Ac:  62.80 fackACC: 59.1 legACC: 71.8 | time: 0.1368s
                                                                  | loss: 0.8331 Ac:  62.62 fackACC: 59.1 legACC: 70.5 | time: 0.0535s
Epoch: 0166 | loss: 0.0929 | loss: 0.8847 Ac:  62.80 fackACC: 59.0 legACC: 72.4 | time: 0.1335s
                                                                  | loss: 0.8410 Ac:  62.66 fackACC: 59.1 legACC: 71.0 | time: 0.0536s
Epoch: 0167 | loss: 0.0699 | loss: 0.8908 Ac:  62.80 fackACC: 58.9 legACC: 72.9 | time: 0.1334s
                                                                  | loss: 0.8467 Ac:  62.67 fackACC: 59.0 legACC: 71.2 | time: 0.0535s
Epoch: 0168 | loss: 0.0774 | loss: 0.9008 Ac:  62.50 fackACC: 58.6 legACC: 72.7 | time: 0.1337s
                                                                  | loss: 0.8563 Ac:  62.53 fackACC: 58.8 legACC: 71.6 | time: 0.0534s
Epoch: 0169 | loss: 0.0878 | loss: 0.9089 Ac:  62.80 fackACC: 58.7 legACC: 73.9 | time: 0.1338s
                                                                  | loss: 0.8642 Ac:  62.43 fackACC: 58.7 legACC: 71.9 | time: 0.0533s
Epoch: 0170 | loss: 0.0901 | loss: 0.9121 Ac:  62.60 fackACC: 58.6 legACC: 73.3 | time: 0.1371s
                                                                  | loss: 0.8671 Ac:  62.44 fackACC: 58.7 legACC: 71.9 | time: 0.0534s
Epoch: 0171 | loss: 0.0712 | loss: 0.9163 Ac:  62.60 fackACC: 58.6 legACC: 73.3 | time: 0.1328s
                                                                  | loss: 0.8711 Ac:  62.46 fackACC: 58.7 legACC: 71.9 | time: 0.0535s
Epoch: 0172 | loss: 0.0948 | loss: 0.9069 Ac:  62.70 fackACC: 58.8 legACC: 72.9 | time: 0.1335s
                                                                  | loss: 0.8621 Ac:  62.50 fackACC: 58.8 legACC: 71.6 | time: 0.0535s
Epoch: 0173 | loss: 0.0582 | loss: 0.8987 Ac:  62.80 fackACC: 58.9 legACC: 72.9 | time: 0.1333s
                                                                  | loss: 0.8541 Ac:  62.57 fackACC: 58.9 legACC: 71.3 | time: 0.0551s
Epoch: 0174 | loss: 0.0807 | loss: 0.8905 Ac:  62.80 fackACC: 59.0 legACC: 72.2 | time: 0.1344s
                                                                  | loss: 0.8459 Ac:  62.63 fackACC: 59.1 legACC: 70.9 | time: 0.0536s
Epoch: 0175 | loss: 0.1061 | loss: 0.8779 Ac:  63.50 fackACC: 59.7 legACC: 72.1 | time: 0.1336s
                                                                  | loss: 0.8337 Ac:  62.67 fackACC: 59.3 legACC: 70.1 | time: 0.0536s
Epoch: 0176 | loss: 0.0855 | loss: 0.8665 Ac:  63.50 fackACC: 60.1 legACC: 70.5 | time: 0.1336s
                                                                  | loss: 0.8228 Ac:  62.90 fackACC: 59.7 legACC: 69.3 | time: 0.0537s
Epoch: 0177 | loss: 0.1109 | loss: 0.8559 Ac:  63.90 fackACC: 60.5 legACC: 70.5 | time: 0.1335s
                                                                  | loss: 0.8126 Ac:  62.81 fackACC: 59.8 legACC: 68.4 | time: 0.0536s
Epoch: 0178 | loss: 0.0782 | loss: 0.8483 Ac:  64.10 fackACC: 60.8 legACC: 70.2 | time: 0.1349s
                                                                  | loss: 0.8053 Ac:  62.88 fackACC: 60.0 legACC: 68.0 | time: 0.0537s
Epoch: 0179 | loss: 0.1037 | loss: 0.8404 Ac:  64.00 fackACC: 60.9 legACC: 69.4 | time: 0.1334s
                                                                  | loss: 0.7975 Ac:  62.94 fackACC: 60.3 legACC: 67.4 | time: 0.0535s
Epoch: 0180 | loss: 0.1362 | loss: 0.8365 Ac:  63.80 fackACC: 60.8 legACC: 69.0 | time: 0.1335s
                                                                  | loss: 0.7937 Ac:  62.89 fackACC: 60.3 legACC: 67.1 | time: 0.0535s
Epoch: 0181 | loss: 0.0629 | loss: 0.8348 Ac:  63.80 fackACC: 60.8 legACC: 69.0 | time: 0.1357s
                                                                  | loss: 0.7917 Ac:  62.87 fackACC: 60.3 legACC: 67.0 | time: 0.0537s
Epoch: 0182 | loss: 0.1190 | loss: 0.8341 Ac:  63.80 fackACC: 60.8 legACC: 69.0 | time: 0.1335s
                                                                  | loss: 0.7907 Ac:  62.92 fackACC: 60.3 legACC: 67.3 | time: 0.0537s
Epoch: 0183 | loss: 0.1026 | loss: 0.8363 Ac:  64.00 fackACC: 60.8 legACC: 69.8 | time: 0.1333s
                                                                  | loss: 0.7924 Ac:  62.96 fackACC: 60.2 legACC: 67.9 | time: 0.0536s
Epoch: 0184 | loss: 0.0706 | loss: 0.8409 Ac:  64.10 fackACC: 60.7 legACC: 70.7 | time: 0.1336s
                                                                  | loss: 0.7965 Ac:  62.79 fackACC: 59.8 legACC: 68.2 | time: 0.0535s
Epoch: 0185 | loss: 0.1004 | loss: 0.8437 Ac:  64.00 fackACC: 60.6 legACC: 70.6 | time: 0.1373s
                                                                  | loss: 0.7992 Ac:  62.77 fackACC: 59.8 legACC: 68.4 | time: 0.0537s
Epoch: 0186 | loss: 0.1098 | loss: 0.8527 Ac:  63.90 fackACC: 60.3 legACC: 71.3 | time: 0.1355s
                                                                  | loss: 0.8076 Ac:  62.85 fackACC: 59.6 legACC: 69.3 | time: 0.0536s
Epoch: 0187 | loss: 0.0943 | loss: 0.8646 Ac:  63.60 fackACC: 59.8 legACC: 72.4 | time: 0.1337s
                                                                  | loss: 0.8189 Ac:  62.79 fackACC: 59.3 legACC: 70.4 | time: 0.0536s
Epoch: 0188 | loss: 0.0647 | loss: 0.8783 Ac:  62.80 fackACC: 58.9 legACC: 72.9 | time: 0.1335s
                                                                  | loss: 0.8321 Ac:  62.56 fackACC: 58.9 legACC: 71.2 | time: 0.0535s
Epoch: 0189 | loss: 0.1348 | loss: 0.8959 Ac:  62.60 fackACC: 58.5 legACC: 74.0 | time: 0.1345s
                                                                  | loss: 0.8492 Ac:  62.28 fackACC: 58.4 legACC: 72.5 | time: 0.0536s
Epoch: 0190 | loss: 0.1324 | loss: 0.9119 Ac:  62.00 fackACC: 57.9 legACC: 74.6 | time: 0.1336s
                                                                  | loss: 0.8651 Ac:  61.62 fackACC: 57.8 legACC: 72.8 | time: 0.0535s
Epoch: 0191 | loss: 0.1097 | loss: 0.9164 Ac:  62.10 fackACC: 58.0 legACC: 74.9 | time: 0.1333s
                                                                  | loss: 0.8697 Ac:  61.50 fackACC: 57.7 legACC: 72.9 | time: 0.0536s
Epoch: 0192 | loss: 0.1190 | loss: 0.9199 Ac:  62.00 fackACC: 57.9 legACC: 74.8 | time: 0.1334s
                                                                  | loss: 0.8734 Ac:  61.47 fackACC: 57.6 legACC: 73.1 | time: 0.0535s
Epoch: 0193 | loss: 0.1085 | loss: 0.9179 Ac:  62.00 fackACC: 57.9 legACC: 74.6 | time: 0.1334s
                                                                  | loss: 0.8715 Ac:  61.53 fackACC: 57.7 legACC: 72.9 | time: 0.0535s
Epoch: 0194 | loss: 0.0925 | loss: 0.9226 Ac:  62.00 fackACC: 58.0 legACC: 74.4 | time: 0.1331s
                                                                  | loss: 0.8774 Ac:  61.90 fackACC: 58.1 legACC: 72.7 | time: 0.0535s
Epoch: 0195 | loss: 0.0696 | loss: 0.9284 Ac:  62.00 fackACC: 58.0 legACC: 73.6 | time: 0.1333s
                                                                  | loss: 0.8831 Ac:  62.09 fackACC: 58.3 legACC: 72.3 | time: 0.0536s
Epoch: 0196 | loss: 0.1003 | loss: 0.9268 Ac:  62.40 fackACC: 58.6 legACC: 72.5 | time: 0.1359s
                                                                  | loss: 0.8817 Ac:  62.39 fackACC: 58.7 legACC: 71.5 | time: 0.0536s
Epoch: 0197 | loss: 0.0668 | loss: 0.9274 Ac:  62.70 fackACC: 58.9 legACC: 72.1 | time: 0.1334s
                                                                  | loss: 0.8816 Ac:  62.66 fackACC: 59.1 legACC: 70.7 | time: 0.0536s
Epoch: 0198 | loss: 0.0981 | loss: 0.9279 Ac:  63.50 fackACC: 59.7 legACC: 72.3 | time: 0.1341s
                                                                  | loss: 0.8814 Ac:  62.72 fackACC: 59.3 legACC: 70.4 | time: 0.0537s
Epoch: 0199 | loss: 0.1925 | loss: 0.8878 Ac:  63.10 fackACC: 59.4 legACC: 71.6 | time: 0.1357s
                                                                  | loss: 0.8437 Ac:  62.78 fackACC: 59.3 legACC: 70.4 | time: 0.0535s
Epoch: 0200 | loss: 0.0861 | loss: 0.8566 Ac:  63.10 fackACC: 59.4 legACC: 71.6 | time: 0.1335s
                                                                  | loss: 0.8111 Ac:  62.79 fackACC: 59.3 legACC: 70.4 | time: 0.0536s
Epoch: 0201 | loss: 0.0898 | loss: 0.8285 Ac:  63.00 fackACC: 59.2 legACC: 72.3 | time: 0.1333s
                                                                  | loss: 0.7858 Ac:  62.72 fackACC: 59.2 legACC: 70.7 | time: 0.0534s
Epoch: 0202 | loss: 0.0813 | loss: 0.7987 Ac:  63.10 fackACC: 59.2 legACC: 73.0 | time: 0.1332s
                                                                  | loss: 0.7683 Ac:  62.70 fackACC: 59.1 legACC: 71.2 | time: 0.0534s
Epoch: 0203 | loss: 0.1122 | loss: 0.7769 Ac:  62.90 fackACC: 58.9 legACC: 73.1 | time: 0.1347s
                                                                  | loss: 0.7623 Ac:  62.54 fackACC: 58.9 legACC: 71.5 | time: 0.0535s
Epoch: 0204 | loss: 0.1178 | loss: 0.7534 Ac:  62.90 fackACC: 58.9 legACC: 73.3 | time: 0.1336s
                                                                  | loss: 0.7531 Ac:  62.52 fackACC: 58.8 legACC: 71.5 | time: 0.0535s
Epoch: 0205 | loss: 0.0763 | loss: 0.7446 Ac:  62.70 fackACC: 58.8 legACC: 73.1 | time: 0.1335s
                                                                  | loss: 0.7494 Ac:  62.44 fackACC: 58.7 legACC: 71.6 | time: 0.0536s
Epoch: 0206 | loss: 0.1033 | loss: 0.7388 Ac:  62.80 fackACC: 58.8 legACC: 73.2 | time: 0.1333s
                                                                  | loss: 0.7456 Ac:  62.44 fackACC: 58.8 legACC: 71.5 | time: 0.0542s
Epoch: 0207 | loss: 0.0825 | loss: 0.7405 Ac:  62.60 fackACC: 58.7 legACC: 73.0 | time: 0.1336s
                                                                  | loss: 0.7464 Ac:  62.39 fackACC: 58.7 legACC: 71.6 | time: 0.0535s
Epoch: 0208 | loss: 0.0933 | loss: 0.7366 Ac:  62.80 fackACC: 58.9 legACC: 73.0 | time: 0.1370s
                                                                  | loss: 0.7417 Ac:  62.51 fackACC: 58.8 legACC: 71.4 | time: 0.0540s
Epoch: 0209 | loss: 0.1074 | loss: 0.7297 Ac:  63.10 fackACC: 59.2 legACC: 73.0 | time: 0.1378s
                                                                  | loss: 0.7344 Ac:  62.69 fackACC: 59.1 legACC: 71.0 | time: 0.0537s
Epoch: 0210 | loss: 0.0731 | loss: 0.7231 Ac:  63.10 fackACC: 59.3 legACC: 71.9 | time: 0.1333s
                                                                  | loss: 0.7277 Ac:  62.87 fackACC: 59.4 legACC: 70.6 | time: 0.0535s
Epoch: 0211 | loss: 0.1517 | loss: 0.7184 Ac:  63.10 fackACC: 59.5 legACC: 70.9 | time: 0.1330s
                                                                  | loss: 0.7230 Ac:  62.91 fackACC: 59.5 legACC: 70.0 | time: 0.0536s
Epoch: 0212 | loss: 0.0692 | loss: 0.7158 Ac:  63.30 fackACC: 59.8 legACC: 70.7 | time: 0.1334s
                                                                  | loss: 0.7205 Ac:  62.99 fackACC: 59.7 legACC: 69.7 | time: 0.0536s
Epoch: 0213 | loss: 0.0849 | loss: 0.7130 Ac:  63.40 fackACC: 60.0 legACC: 70.4 | time: 0.1353s
                                                                  | loss: 0.7179 Ac:  62.91 fackACC: 59.7 legACC: 69.2 | time: 0.0535s
Epoch: 0214 | loss: 0.0924 | loss: 0.7131 Ac:  63.30 fackACC: 59.9 legACC: 70.2 | time: 0.1345s
                                                                  | loss: 0.7180 Ac:  62.96 fackACC: 59.8 legACC: 69.2 | time: 0.0536s
Epoch: 0215 | loss: 0.0608 | loss: 0.7141 Ac:  63.40 fackACC: 60.0 legACC: 70.4 | time: 0.1361s
                                                                  | loss: 0.7190 Ac:  62.94 fackACC: 59.7 legACC: 69.2 | time: 0.0536s
Epoch: 0216 | loss: 0.1019 | loss: 0.7163 Ac:  63.40 fackACC: 59.9 legACC: 70.8 | time: 0.1336s
                                                                  | loss: 0.7215 Ac:  62.87 fackACC: 59.7 legACC: 69.3 | time: 0.0536s
Epoch: 0217 | loss: 0.1423 | loss: 0.7191 Ac:  63.30 fackACC: 59.8 legACC: 70.7 | time: 0.1332s
                                                                  | loss: 0.7246 Ac:  62.91 fackACC: 59.6 legACC: 69.6 | time: 0.0536s
Epoch: 0218 | loss: 0.0965 | loss: 0.7205 Ac:  63.30 fackACC: 59.8 legACC: 70.7 | time: 0.1333s
                                                                  | loss: 0.7265 Ac:  62.94 fackACC: 59.6 legACC: 69.6 | time: 0.0536s
Epoch: 0219 | loss: 0.1434 | loss: 0.7241 Ac:  63.20 fackACC: 59.6 legACC: 70.9 | time: 0.1333s
                                                                  | loss: 0.7304 Ac:  62.98 fackACC: 59.6 legACC: 69.9 | time: 0.0535s
Epoch: 0220 | loss: 0.0951 | loss: 0.7254 Ac:  63.20 fackACC: 59.6 legACC: 71.0 | time: 0.1336s
                                                                  | loss: 0.7325 Ac:  62.99 fackACC: 59.6 legACC: 70.0 | time: 0.0535s
Epoch: 0221 | loss: 0.1128 | loss: 0.7250 Ac:  63.30 fackACC: 59.8 legACC: 70.8 | time: 0.1334s
                                                                  | loss: 0.7328 Ac:  62.94 fackACC: 59.6 legACC: 69.7 | time: 0.0536s
Epoch: 0222 | loss: 0.0955 | loss: 0.7255 Ac:  63.40 fackACC: 59.9 legACC: 70.9 | time: 0.1335s
                                                                  | loss: 0.7340 Ac:  62.92 fackACC: 59.6 legACC: 69.6 | time: 0.0535s
Epoch: 0223 | loss: 0.1132 | loss: 0.7251 Ac:  63.20 fackACC: 59.8 legACC: 70.4 | time: 0.1335s
                                                                  | loss: 0.7339 Ac:  63.02 fackACC: 59.8 legACC: 69.5 | time: 0.0537s
Epoch: 0224 | loss: 0.1031 | loss: 0.7240 Ac:  63.30 fackACC: 60.0 legACC: 69.9 | time: 0.1337s
                                                                  | loss: 0.7329 Ac:  63.04 fackACC: 59.9 legACC: 69.0 | time: 0.0535s
Epoch: 0225 | loss: 0.1072 | loss: 0.7235 Ac:  63.20 fackACC: 60.0 legACC: 69.5 | time: 0.1333s
                                                                  | loss: 0.7326 Ac:  62.92 fackACC: 59.9 legACC: 68.5 | time: 0.0536s
Epoch: 0226 | loss: 0.1144 | loss: 0.7259 Ac:  63.10 fackACC: 59.9 legACC: 69.3 | time: 0.1333s
                                                                  | loss: 0.7348 Ac:  62.85 fackACC: 59.9 legACC: 68.3 | time: 0.0536s
Epoch: 0227 | loss: 0.1091 | loss: 0.7274 Ac:  63.30 fackACC: 60.1 legACC: 69.4 | time: 0.1336s
                                                                  | loss: 0.7363 Ac:  62.88 fackACC: 60.0 legACC: 68.1 | time: 0.0535s
Epoch: 0228 | loss: 0.0949 | loss: 0.7276 Ac:  63.50 fackACC: 60.4 legACC: 69.3 | time: 0.1340s
                                                                  | loss: 0.7366 Ac:  63.04 fackACC: 60.2 legACC: 67.9 | time: 0.0536s
Epoch: 0229 | loss: 0.1293 | loss: 0.7281 Ac:  63.50 fackACC: 60.5 legACC: 68.8 | time: 0.1361s
                                                                  | loss: 0.7374 Ac:  62.94 fackACC: 60.3 legACC: 67.5 | time: 0.0536s
Epoch: 0230 | loss: 0.0974 | loss: 0.7284 Ac:  63.60 fackACC: 60.9 legACC: 68.0 | time: 0.1337s
                                                                  | loss: 0.7378 Ac:  63.00 fackACC: 60.6 legACC: 66.7 | time: 0.0537s
Epoch: 0231 | loss: 0.0819 | loss: 0.7315 Ac:  63.30 fackACC: 61.0 legACC: 66.8 | time: 0.1334s
                                                                  | loss: 0.7399 Ac:  63.06 fackACC: 61.1 legACC: 65.8 | time: 0.0537s
Epoch: 0232 | loss: 0.0655 | loss: 0.7362 Ac:  63.00 fackACC: 61.0 legACC: 65.9 | time: 0.1337s
                                                                  | loss: 0.7433 Ac:  63.27 fackACC: 61.5 legACC: 65.6 | time: 0.0536s
Epoch: 0233 | loss: 0.0934 | loss: 0.7414 Ac:  63.00 fackACC: 61.0 legACC: 65.9 | time: 0.1334s
                                                                  | loss: 0.7472 Ac:  63.18 fackACC: 61.4 legACC: 65.6 | time: 0.0537s
Epoch: 0234 | loss: 0.1190 | loss: 0.7474 Ac:  63.30 fackACC: 60.9 legACC: 67.0 | time: 0.1351s
                                                                  | loss: 0.7515 Ac:  62.82 fackACC: 60.8 legACC: 65.8 | time: 0.0536s
Epoch: 0235 | loss: 0.1348 | loss: 0.7536 Ac:  63.40 fackACC: 60.8 legACC: 67.6 | time: 0.1382s
                                                                  | loss: 0.7565 Ac:  62.90 fackACC: 60.6 legACC: 66.5 | time: 0.0537s
Epoch: 0236 | loss: 0.1268 | loss: 0.7614 Ac:  63.70 fackACC: 60.7 legACC: 69.0 | time: 0.1339s
                                                                  | loss: 0.7630 Ac:  62.98 fackACC: 60.3 legACC: 67.4 | time: 0.0536s
Epoch: 0237 | loss: 0.1134 | loss: 0.7708 Ac:  63.30 fackACC: 60.2 legACC: 69.1 | time: 0.1334s
                                                                  | loss: 0.7711 Ac:  62.81 fackACC: 60.0 legACC: 67.9 | time: 0.0535s
Epoch: 0238 | loss: 0.1079 | loss: 0.7823 Ac:  63.10 fackACC: 59.8 legACC: 69.6 | time: 0.1337s
                                                                  | loss: 0.7804 Ac:  62.82 fackACC: 59.8 legACC: 68.5 | time: 0.0534s
Epoch: 0239 | loss: 0.1217 | loss: 0.7867 Ac:  62.90 fackACC: 59.6 legACC: 69.5 | time: 0.1336s
                                                                  | loss: 0.7838 Ac:  62.88 fackACC: 59.8 legACC: 68.9 | time: 0.0536s
Epoch: 0240 | loss: 0.0752 | loss: 0.7898 Ac:  62.90 fackACC: 59.6 legACC: 69.7 | time: 0.1333s
                                                                  | loss: 0.7864 Ac:  62.79 fackACC: 59.7 legACC: 68.9 | time: 0.0537s
Epoch: 0241 | loss: 0.0891 | loss: 0.7911 Ac:  63.00 fackACC: 59.7 legACC: 69.7 | time: 0.1346s
                                                                  | loss: 0.7873 Ac:  62.86 fackACC: 59.8 legACC: 68.9 | time: 0.0537s
Epoch: 0242 | loss: 0.1244 | loss: 0.7915 Ac:  63.00 fackACC: 59.7 legACC: 69.6 | time: 0.1362s
                                                                  | loss: 0.7875 Ac:  62.83 fackACC: 59.8 legACC: 68.6 | time: 0.0537s
Epoch: 0243 | loss: 0.1095 | loss: 0.7908 Ac:  63.00 fackACC: 59.8 legACC: 69.2 | time: 0.1334s
                                                                  | loss: 0.7867 Ac:  62.75 fackACC: 59.8 legACC: 68.3 | time: 0.0537s
Epoch: 0244 | loss: 0.0934 | loss: 0.7902 Ac:  63.30 fackACC: 60.2 legACC: 69.2 | time: 0.1333s
                                                                  | loss: 0.7860 Ac:  62.77 fackACC: 59.9 legACC: 67.9 | time: 0.0535s
Epoch: 0245 | loss: 0.0798 | loss: 0.7915 Ac:  63.30 fackACC: 60.2 legACC: 69.1 | time: 0.1334s
                                                                  | loss: 0.7870 Ac:  62.77 fackACC: 60.0 legACC: 67.8 | time: 0.0536s
Epoch: 0246 | loss: 0.0868 | loss: 0.7912 Ac:  63.20 fackACC: 60.2 legACC: 68.6 | time: 0.1333s
                                                                  | loss: 0.7867 Ac:  62.95 fackACC: 60.2 legACC: 67.7 | time: 0.0536s
Epoch: 0247 | loss: 0.1091 | loss: 0.7910 Ac:  63.70 fackACC: 60.8 legACC: 68.9 | time: 0.1333s
                                                                  | loss: 0.7863 Ac:  62.95 fackACC: 60.3 legACC: 67.3 | time: 0.0536s
Epoch: 0248 | loss: 0.0721 | loss: 0.7920 Ac:  63.60 fackACC: 60.8 legACC: 68.3 | time: 0.1333s
                                                                  | loss: 0.7874 Ac:  62.82 fackACC: 60.4 legACC: 66.8 | time: 0.0536s
Epoch: 0249 | loss: 0.1301 | loss: 0.7947 Ac:  63.60 fackACC: 60.8 legACC: 68.3 | time: 0.1336s
                                                                  | loss: 0.7898 Ac:  62.79 fackACC: 60.3 legACC: 66.8 | time: 0.0537s
Epoch: 0250 | loss: 0.0892 | loss: 0.7996 Ac:  63.70 fackACC: 60.8 legACC: 68.9 | time: 0.1344s
                                                                  | loss: 0.7941 Ac:  62.94 fackACC: 60.3 legACC: 67.3 | time: 0.0536s
Epoch: 0251 | loss: 0.0901 | loss: 0.8044 Ac:  63.40 fackACC: 60.4 legACC: 68.8 | time: 0.1334s
                                                                  | loss: 0.7978 Ac:  62.91 fackACC: 60.2 legACC: 67.5 | time: 0.0536s
Epoch: 0252 | loss: 0.0965 | loss: 0.8080 Ac:  63.40 fackACC: 60.4 legACC: 68.8 | time: 0.1334s
                                                                  | loss: 0.8005 Ac:  62.87 fackACC: 60.2 legACC: 67.5 | time: 0.0536s
Epoch: 0253 | loss: 0.0827 | loss: 0.8111 Ac:  63.40 fackACC: 60.4 legACC: 68.8 | time: 0.1356s
                                                                  | loss: 0.8024 Ac:  62.88 fackACC: 60.2 legACC: 67.5 | time: 0.0536s
Epoch: 0254 | loss: 0.0933 | loss: 0.8199 Ac:  63.40 fackACC: 60.3 legACC: 69.0 | time: 0.1332s
                                                                  | loss: 0.8087 Ac:  62.73 fackACC: 59.9 legACC: 67.8 | time: 0.0535s
Epoch: 0255 | loss: 0.0626 | loss: 0.8344 Ac:  63.00 fackACC: 59.9 legACC: 69.0 | time: 0.1332s
                                                                  | loss: 0.8183 Ac:  62.69 fackACC: 59.7 legACC: 68.2 | time: 0.0536s
Epoch: 0256 | loss: 0.0953 | loss: 0.8462 Ac:  62.80 fackACC: 59.6 legACC: 69.0 | time: 0.1352s
                                                                  | loss: 0.8251 Ac:  62.78 fackACC: 59.8 legACC: 68.5 | time: 0.0536s
Epoch: 0257 | loss: 0.0958 | loss: 0.8560 Ac:  62.80 fackACC: 59.7 legACC: 68.9 | time: 0.1333s
                                                                  | loss: 0.8294 Ac:  62.72 fackACC: 59.7 legACC: 68.3 | time: 0.0535s
Epoch: 0258 | loss: 0.1046 | loss: 0.8648 Ac:  62.80 fackACC: 59.7 legACC: 68.9 | time: 0.1333s
                                                                  | loss: 0.8332 Ac:  62.71 fackACC: 59.7 legACC: 68.3 | time: 0.0535s
Epoch: 0259 | loss: 0.1193 | loss: 0.8733 Ac:  62.80 fackACC: 59.7 legACC: 68.9 | time: 0.1353s
                                                                  | loss: 0.8362 Ac:  62.70 fackACC: 59.7 legACC: 68.3 | time: 0.0537s
Epoch: 0260 | loss: 0.0821 | loss: 0.8825 Ac:  62.80 fackACC: 59.7 legACC: 68.9 | time: 0.1358s
                                                                  | loss: 0.8397 Ac:  62.71 fackACC: 59.7 legACC: 68.3 | time: 0.0535s
Epoch: 0261 | loss: 0.0781 | loss: 0.8895 Ac:  62.80 fackACC: 59.7 legACC: 68.9 | time: 0.1345s
                                                                  | loss: 0.8428 Ac:  62.73 fackACC: 59.8 legACC: 68.3 | time: 0.0536s
Epoch: 0262 | loss: 0.0854 | loss: 0.8928 Ac:  63.10 fackACC: 60.0 legACC: 69.0 | time: 0.1332s
                                                                  | loss: 0.8432 Ac:  62.65 fackACC: 59.8 legACC: 67.8 | time: 0.0535s
Epoch: 0263 | loss: 0.1188 | loss: 0.8992 Ac:  63.20 fackACC: 60.1 legACC: 69.1 | time: 0.1331s
                                                                  | loss: 0.8469 Ac:  62.67 fackACC: 59.8 legACC: 67.9 | time: 0.0539s
Epoch: 0264 | loss: 0.0929 | loss: 0.9044 Ac:  63.20 fackACC: 60.1 legACC: 69.1 | time: 0.1359s
                                                                  | loss: 0.8496 Ac:  62.67 fackACC: 59.8 legACC: 67.8 | time: 0.0536s
Epoch: 0265 | loss: 0.1163 | loss: 0.9099 Ac:  63.20 fackACC: 60.1 legACC: 69.2 | time: 0.1346s
                                                                  | loss: 0.8531 Ac:  62.70 fackACC: 59.8 legACC: 68.0 | time: 0.0535s
Epoch: 0266 | loss: 0.1033 | loss: 0.9170 Ac:  63.00 fackACC: 59.8 legACC: 69.3 | time: 0.1373s
                                                                  | loss: 0.8588 Ac:  62.73 fackACC: 59.7 legACC: 68.4 | time: 0.0534s
Epoch: 0267 | loss: 0.1104 | loss: 0.9269 Ac:  62.80 fackACC: 59.4 legACC: 70.0 | time: 0.1337s
                                                                  | loss: 0.8677 Ac:  62.65 fackACC: 59.5 legACC: 69.1 | time: 0.0536s
Epoch: 0268 | loss: 0.0683 | loss: 0.9422 Ac:  63.40 fackACC: 59.6 legACC: 72.3 | time: 0.1350s
                                                                  | loss: 0.8822 Ac:  62.72 fackACC: 59.3 legACC: 70.4 | time: 0.0535s
Epoch: 0269 | loss: 0.0839 | loss: 0.9550 Ac:  63.20 fackACC: 59.2 legACC: 73.1 | time: 0.1335s
                                                                  | loss: 0.8952 Ac:  62.53 fackACC: 58.9 legACC: 70.9 | time: 0.0535s
Epoch: 0270 | loss: 0.0952 | loss: 0.9679 Ac:  62.70 fackACC: 58.7 legACC: 73.3 | time: 0.1335s
                                                                  | loss: 0.9089 Ac:  62.11 fackACC: 58.5 legACC: 71.2 | time: 0.0536s
Epoch: 0271 | loss: 0.1245 | loss: 0.9731 Ac:  61.80 fackACC: 58.0 legACC: 72.7 | time: 0.1360s
                                                                  | loss: 0.9135 Ac:  61.89 fackACC: 58.2 legACC: 71.4 | time: 0.0534s
Epoch: 0272 | loss: 0.0944 | loss: 0.9750 Ac:  61.60 fackACC: 57.8 legACC: 72.7 | time: 0.1334s
                                                                  | loss: 0.9149 Ac:  61.84 fackACC: 58.2 legACC: 71.6 | time: 0.0534s
Epoch: 0273 | loss: 0.1086 | loss: 0.9768 Ac:  61.80 fackACC: 57.9 legACC: 73.2 | time: 0.1333s
                                                                  | loss: 0.9164 Ac:  61.67 fackACC: 58.0 legACC: 71.8 | time: 0.0534s
Epoch: 0274 | loss: 0.1187 | loss: 0.9737 Ac:  61.70 fackACC: 57.9 legACC: 72.9 | time: 0.1358s
                                                                  | loss: 0.9132 Ac:  61.71 fackACC: 58.0 legACC: 71.7 | time: 0.0535s
Epoch: 0275 | loss: 0.0909 | loss: 0.9636 Ac:  62.10 fackACC: 58.2 legACC: 72.8 | time: 0.1336s
                                                                  | loss: 0.9030 Ac:  61.98 fackACC: 58.3 legACC: 71.4 | time: 0.0534s
Epoch: 0276 | loss: 0.1036 | loss: 0.9576 Ac:  63.10 fackACC: 59.1 legACC: 73.3 | time: 0.1333s
                                                                  | loss: 0.8980 Ac:  62.23 fackACC: 58.6 legACC: 71.0 | time: 0.0536s
Epoch: 0277 | loss: 0.0726 | loss: 0.9517 Ac:  63.00 fackACC: 59.2 legACC: 72.4 | time: 0.1336s
                                                                  | loss: 0.8933 Ac:  62.41 fackACC: 58.9 legACC: 70.6 | time: 0.0536s
Epoch: 0278 | loss: 0.0788 | loss: 0.9449 Ac:  63.20 fackACC: 59.5 legACC: 71.6 | time: 0.1332s
                                                                  | loss: 0.8877 Ac:  62.66 fackACC: 59.3 legACC: 70.0 | time: 0.0537s
Epoch: 0279 | loss: 0.0761 | loss: 0.9434 Ac:  63.00 fackACC: 59.5 legACC: 70.6 | time: 0.1335s
                                                                  | loss: 0.8885 Ac:  62.59 fackACC: 59.4 legACC: 69.2 | time: 0.0536s
Epoch: 0280 | loss: 0.1087 | loss: 0.9533 Ac:  63.10 fackACC: 59.6 legACC: 70.5 | time: 0.1339s
                                                                  | loss: 0.9012 Ac:  62.49 fackACC: 59.3 legACC: 68.9 | time: 0.0536s
Epoch: 0281 | loss: 0.0772 | loss: 0.9648 Ac:  63.10 fackACC: 59.7 legACC: 70.3 | time: 0.1334s
                                                                  | loss: 0.9144 Ac:  62.46 fackACC: 59.3 legACC: 68.8 | time: 0.0537s
Epoch: 0282 | loss: 0.1150 | loss: 0.9775 Ac:  63.00 fackACC: 59.5 legACC: 70.4 | time: 0.1334s
                                                                  | loss: 0.9283 Ac:  62.48 fackACC: 59.3 legACC: 69.1 | time: 0.0535s
Epoch: 0283 | loss: 0.0932 | loss: 0.9922 Ac:  63.10 fackACC: 59.5 legACC: 71.2 | time: 0.1357s
                                                                  | loss: 0.9444 Ac:  62.49 fackACC: 59.2 legACC: 69.6 | time: 0.0536s
Epoch: 0284 | loss: 0.0759 | loss: 1.0021 Ac:  63.30 fackACC: 59.6 legACC: 71.7 | time: 0.1334s
                                                                  | loss: 0.9561 Ac:  62.47 fackACC: 59.1 legACC: 69.7 | time: 0.0536s
Epoch: 0285 | loss: 0.0871 | loss: 1.0098 Ac:  63.20 fackACC: 59.5 legACC: 71.6 | time: 0.1349s
                                                                  | loss: 0.9652 Ac:  62.46 fackACC: 59.1 legACC: 69.7 | time: 0.0536s
Epoch: 0286 | loss: 0.0737 | loss: 1.0144 Ac:  62.90 fackACC: 59.3 legACC: 71.0 | time: 0.1338s
                                                                  | loss: 0.9715 Ac:  62.35 fackACC: 59.1 legACC: 69.4 | time: 0.0535s
Epoch: 0287 | loss: 0.0736 | loss: 1.0215 Ac:  63.10 fackACC: 59.5 legACC: 71.1 | time: 0.1335s
                                                                  | loss: 0.9801 Ac:  62.34 fackACC: 59.0 legACC: 69.4 | time: 0.0536s
Epoch: 0288 | loss: 0.1404 | loss: 0.9912 Ac:  63.20 fackACC: 59.5 legACC: 71.9 | time: 0.1337s
                                                                  | loss: 0.9431 Ac:  62.37 fackACC: 58.9 legACC: 70.1 | time: 0.0535s
Epoch: 0289 | loss: 0.0928 | loss: 0.9582 Ac:  63.10 fackACC: 59.3 legACC: 71.9 | time: 0.1336s
                                                                  | loss: 0.9079 Ac:  62.49 fackACC: 59.0 legACC: 70.4 | time: 0.0536s
Epoch: 0290 | loss: 0.1018 | loss: 0.9367 Ac:  63.00 fackACC: 59.3 legACC: 71.8 | time: 0.1334s
                                                                  | loss: 0.8825 Ac:  62.57 fackACC: 59.0 legACC: 70.7 | time: 0.0536s
Epoch: 0291 | loss: 0.1394 | loss: 0.9125 Ac:  63.00 fackACC: 59.3 legACC: 71.8 | time: 0.1337s
                                                                  | loss: 0.8613 Ac:  62.46 fackACC: 58.9 legACC: 70.6 | time: 0.0535s
Epoch: 0292 | loss: 0.1173 | loss: 0.8821 Ac:  63.10 fackACC: 59.3 legACC: 72.1 | time: 0.1353s
                                                                  | loss: 0.8458 Ac:  62.38 fackACC: 58.8 legACC: 70.6 | time: 0.0535s
Epoch: 0293 | loss: 0.0872 | loss: 0.8373 Ac:  62.80 fackACC: 59.1 legACC: 71.8 | time: 0.1334s
                                                                  | loss: 0.8248 Ac:  62.29 fackACC: 58.8 legACC: 70.5 | time: 0.0534s
Epoch: 0294 | loss: 0.1032 | loss: 0.7967 Ac:  63.00 fackACC: 59.3 legACC: 71.8 | time: 0.1378s
                                                                  | loss: 0.7977 Ac:  62.38 fackACC: 58.9 legACC: 70.5 | time: 0.0547s
Epoch: 0295 | loss: 0.1083 | loss: 0.7780 Ac:  63.10 fackACC: 59.5 legACC: 71.3 | time: 0.1339s
                                                                  | loss: 0.7767 Ac:  62.75 fackACC: 59.3 legACC: 70.2 | time: 0.0537s
Epoch: 0296 | loss: 0.0867 | loss: 0.7617 Ac:  62.60 fackACC: 59.3 legACC: 69.3 | time: 0.1340s
                                                                  | loss: 0.7625 Ac:  62.61 fackACC: 59.5 legACC: 68.9 | time: 0.0536s
Epoch: 0297 | loss: 0.1253 | loss: 0.7478 Ac:  62.50 fackACC: 59.4 legACC: 68.5 | time: 0.1337s
                                                                  | loss: 0.7519 Ac:  62.65 fackACC: 59.7 legACC: 68.2 | time: 0.0536s
Epoch: 0298 | loss: 0.0895 | loss: 0.7345 Ac:  62.50 fackACC: 59.6 legACC: 67.9 | time: 0.1348s
                                                                  | loss: 0.7427 Ac:  62.66 fackACC: 59.9 legACC: 67.6 | time: 0.0535s
Epoch: 0299 | loss: 0.0754 | loss: 0.7254 Ac:  62.80 fackACC: 59.9 legACC: 68.1 | time: 0.1338s
                                                                  | loss: 0.7359 Ac:  62.62 fackACC: 60.0 legACC: 67.0 | time: 0.0537s
Epoch: 0300 | loss: 0.1069 | loss: 0.7170 Ac:  63.60 fackACC: 60.8 legACC: 68.5 | time: 0.1338s
                                                                  | loss: 0.7287 Ac:  62.78 fackACC: 60.5 legACC: 66.4 | time: 0.0537s
Optimization Finished!
Total time elapsed: 108.8262s
The best result is: ACC: 63.3036 F1: 62.6218, where epoch is 64.06323737612081




0:	vali:  65.30000	test:  ACC: 63.3036 Trueacc: 62.6218 , fakeAcc:64.0632, epoch=111
